#
# There is insufficient memory for the Java Runtime Environment to continue.
# Native memory allocation (mmap) failed to map 190840832 bytes for Failed to commit area from 0x0000000093c00000 to 0x000000009f200000 of length 190840832.
# Possible reasons:
#   The system is out of physical RAM or swap space
#   The process is running with CompressedOops enabled, and the Java Heap may be blocking the growth of the native heap
# Possible solutions:
#   Reduce memory load on the system
#   Increase physical memory or swap space
#   Check if swap backing store is full
#   Decrease Java heap size (-Xmx/-Xms)
#   Decrease number of Java threads
#   Decrease Java thread stack sizes (-Xss)
#   Set larger code cache with -XX:ReservedCodeCacheSize=
#   JVM is running with Unscaled Compressed Oops mode in which the Java heap is
#     placed in the first 4GB address space. The Java Heap base address is the
#     maximum limit for the native heap growth. Please use -XX:HeapBaseMinAddress
#     to set the Java Heap base and to place the Java Heap above 4GB virtual address.
# This output file may be truncated or incomplete.
#
#  Out of Memory Error (./src/hotspot/os/windows/os_windows.cpp:3301), pid=10824, tid=8036
#
# JRE version: OpenJDK Runtime Environment (11.0.10) (build 11.0.10+0-b96-7249189)
# Java VM: OpenJDK 64-Bit Server VM (11.0.10+0-b96-7249189, mixed mode, tiered, compressed oops, g1 gc, windows-amd64)
# No core dump will be written. Minidumps are not enabled by default on client versions of Windows
#

---------------  S U M M A R Y ------------

Command Line: --add-opens=java.base/java.util=ALL-UNNAMED --add-opens=java.base/java.lang=ALL-UNNAMED --add-opens=java.base/java.lang.invoke=ALL-UNNAMED --add-opens=java.base/java.util=ALL-UNNAMED --add-opens=java.prefs/java.util.prefs=ALL-UNNAMED --add-opens=java.prefs/java.util.prefs=ALL-UNNAMED --add-opens=java.base/java.nio.charset=ALL-UNNAMED --add-opens=java.base/java.net=ALL-UNNAMED --add-opens=java.base/java.util.concurrent.atomic=ALL-UNNAMED -Xmx2048m -Dfile.encoding=UTF-8 -Duser.country=IN -Duser.language=en -Duser.variant org.gradle.launcher.daemon.bootstrap.GradleDaemon 7.0.2

Host: Intel(R) Core(TM) i5-8250U CPU @ 1.60GHz, 8 cores, 15G,  Windows 10 , 64 bit Build 19041 (10.0.19041.1348)
Time: Fri Jan 14 06:58:28 2022 India Standard Time elapsed time: 23.716371 seconds (0d 0h 0m 23s)

---------------  T H R E A D  ---------------

Current thread (0x000002b4a0cee800):  VMThread "VM Thread" [stack: 0x000000df14400000,0x000000df14500000] [id=8036]

Stack: [0x000000df14400000,0x000000df14500000]
[error occurred during error reporting (printing stack bounds), id 0xc0000005, EXCEPTION_ACCESS_VIOLATION (0xc0000005) at pc=0x000002b489a60f2d]

Native frames: (J=compiled Java code, j=interpreted, Vv=VM code, C=native code)
V  [jvm.dll+0x5ecfaa]
V  [jvm.dll+0x722bd5]
V  [jvm.dll+0x72412d]
V  [jvm.dll+0x724745]
V  [jvm.dll+0x7246fb]
V  [jvm.dll+0x5ec348]
V  [jvm.dll+0x5ecad8]
C  [ntdll.dll+0xa20cf]
C  [ntdll.dll+0x51454]
C  [ntdll.dll+0xa0bfe]
C  0x000002b489a60f2d

VM_Operation (0x000000df19cfea30): G1CollectForAllocation, mode: safepoint, requested by thread 0x000002b4a45ef000


---------------  P R O C E S S  ---------------

Threads class SMR info:
_java_thread_list=0x000002b4a5f02e90, length=77, elements={
0x000002b485f6d000, 0x000002b4a0cf0800, 0x000002b4a0cfb800, 0x000002b4a0d57800,
0x000002b4a0d59800, 0x000002b4a0d5c000, 0x000002b4a0d5d000, 0x000002b4a0d61800,
0x000002b4a0d91800, 0x000002b4a0ee5800, 0x000002b4a213a800, 0x000002b4a2cf4000,
0x000002b4a2cf3000, 0x000002b4a2cf2000, 0x000002b4a2cf4800, 0x000002b4a2cf5800,
0x000002b4a2954000, 0x000002b4a2cf0000, 0x000002b4a2cf6800, 0x000002b4a2cf0800,
0x000002b4a2cf1800, 0x000002b4a2fc6800, 0x000002b4a2fc3800, 0x000002b4a2fc5000,
0x000002b4a2fc6000, 0x000002b4a2fc4800, 0x000002b4a2fcb800, 0x000002b4a2fc7800,
0x000002b4a2fce000, 0x000002b4a2fcb000, 0x000002b4a2fc8800, 0x000002b4a2fca000,
0x000002b4a2fcc800, 0x000002b4a2fcf000, 0x000002b4a2fd1800, 0x000002b4a2fcf800,
0x000002b4a2fd0800, 0x000002b4a2fd2000, 0x000002b4a83ce000, 0x000002b4a83d1800,
0x000002b4a83cc800, 0x000002b4a83cd800, 0x000002b4a83cb800, 0x000002b4a83d2000,
0x000002b4a83cf000, 0x000002b4a83cf800, 0x000002b4a83d0800, 0x000002b4a83bd800,
0x000002b4a83b9800, 0x000002b4a83b7800, 0x000002b4a83bc800, 0x000002b4a83bb800,
0x000002b4a83b8800, 0x000002b4a83ba000, 0x000002b4a4731000, 0x000002b4a472e800,
0x000002b4a4732000, 0x000002b4a472c800, 0x000002b4a4733000, 0x000002b4a472e000,
0x000002b4a4730800, 0x000002b4a4734800, 0x000002b4a4735800, 0x000002b4a472f800,
0x000002b4a473a000, 0x000002b4a473b000, 0x000002b4a4737000, 0x000002b4a4737800,
0x000002b4a4b67800, 0x000002b4a4736000, 0x000002b4a4738800, 0x000002b4a4739800,
0x000002b4a45ec800, 0x000002b4a45f0800, 0x000002b4a45ed800, 0x000002b4a45ee800,
0x000002b4a45ef000
}

Java Threads: ( => current thread )
  0x000002b485f6d000 JavaThread "main" [_thread_blocked, id=11240, stack(0x000000df13e00000,0x000000df13f00000)]
  0x000002b4a0cf0800 JavaThread "Reference Handler" daemon [_thread_blocked, id=1788, stack(0x000000df14500000,0x000000df14600000)]
  0x000002b4a0cfb800 JavaThread "Finalizer" daemon [_thread_blocked, id=8324, stack(0x000000df14600000,0x000000df14700000)]
  0x000002b4a0d57800 JavaThread "Signal Dispatcher" daemon [_thread_blocked, id=12360, stack(0x000000df14700000,0x000000df14800000)]
  0x000002b4a0d59800 JavaThread "Attach Listener" daemon [_thread_blocked, id=11968, stack(0x000000df14800000,0x000000df14900000)]
  0x000002b4a0d5c000 JavaThread "Service Thread" daemon [_thread_blocked, id=1720, stack(0x000000df14900000,0x000000df14a00000)]
  0x000002b4a0d5d000 JavaThread "C2 CompilerThread0" daemon [_thread_in_native, id=8512, stack(0x000000df14a00000,0x000000df14b00000)]
  0x000002b4a0d61800 JavaThread "C1 CompilerThread0" daemon [_thread_blocked, id=9176, stack(0x000000df14b00000,0x000000df14c00000)]
  0x000002b4a0d91800 JavaThread "Sweeper thread" daemon [_thread_blocked, id=6128, stack(0x000000df14c00000,0x000000df14d00000)]
  0x000002b4a0ee5800 JavaThread "Common-Cleaner" daemon [_thread_blocked, id=14984, stack(0x000000df14d00000,0x000000df14e00000)]
  0x000002b4a213a800 JavaThread "Daemon health stats" [_thread_blocked, id=3492, stack(0x000000df15600000,0x000000df15700000)]
  0x000002b4a2cf4000 JavaThread "Incoming local TCP Connector on port 54604" [_thread_in_native, id=13776, stack(0x000000df14f00000,0x000000df15000000)]
  0x000002b4a2cf3000 JavaThread "Daemon periodic checks" [_thread_blocked, id=1288, stack(0x000000df15500000,0x000000df15600000)]
  0x000002b4a2cf2000 JavaThread "Daemon" [_thread_blocked, id=13544, stack(0x000000df15700000,0x000000df15800000)]
  0x000002b4a2cf4800 JavaThread "Handler for socket connection from /127.0.0.1:54604 to /127.0.0.1:54605" [_thread_in_native, id=9616, stack(0x000000df15800000,0x000000df15900000)]
  0x000002b4a2cf5800 JavaThread "Cancel handler" [_thread_blocked, id=260, stack(0x000000df15900000,0x000000df15a00000)]
  0x000002b4a2954000 JavaThread "C2 CompilerThread1" daemon [_thread_blocked, id=3456, stack(0x000000df15a00000,0x000000df15b00000)]
  0x000002b4a2cf0000 JavaThread "Daemon worker" [_thread_blocked, id=4952, stack(0x000000df15b00000,0x000000df15c00000)]
  0x000002b4a2cf6800 JavaThread "Asynchronous log dispatcher for DefaultDaemonConnection: socket connection from /127.0.0.1:54604 to /127.0.0.1:54605" [_thread_blocked, id=10480, stack(0x000000df15c00000,0x000000df15d00000)]
  0x000002b4a2cf0800 JavaThread "Stdin handler" [_thread_blocked, id=14864, stack(0x000000df15d00000,0x000000df15e00000)]
  0x000002b4a2cf1800 JavaThread "Daemon client event forwarder" [_thread_blocked, id=2936, stack(0x000000df15e00000,0x000000df15f00000)]
  0x000002b4a2fc6800 JavaThread "Cache worker for file hash cache (C:\Users\SK\.gradle\caches\7.0.2\fileHashes)" [_thread_blocked, id=15112, stack(0x000000df15f00000,0x000000df16000000)]
  0x000002b4a2fc3800 JavaThread "File lock request listener" [_thread_in_native, id=13052, stack(0x000000df16000000,0x000000df16100000)]
  0x000002b4a2fc5000 JavaThread "Cache worker for journal cache (C:\Users\SK\.gradle\caches\journal-1)" [_thread_blocked, id=10904, stack(0x000000df16400000,0x000000df16500000)]
  0x000002b4a2fc6000 JavaThread "Cache worker for file hash cache (C:\Users\SK\AndroidStudioProjects\ERP\.gradle\7.0.2\fileHashes)" [_thread_blocked, id=11140, stack(0x000000df16500000,0x000000df16600000)]
  0x000002b4a2fc4800 JavaThread "File watcher server" daemon [_thread_blocked, id=11608, stack(0x000000df16600000,0x000000df16700000)]
  0x000002b4a2fcb800 JavaThread "File watcher consumer" daemon [_thread_blocked, id=10664, stack(0x000000df16700000,0x000000df16800000)]
  0x000002b4a2fc7800 JavaThread "Cache worker for checksums cache (C:\Users\SK\AndroidStudioProjects\ERP\.gradle\checksums)" [_thread_blocked, id=14964, stack(0x000000df16800000,0x000000df16900000)]
  0x000002b4a2fce000 JavaThread "Cache worker for cache directory md-supplier (C:\Users\SK\.gradle\caches\7.0.2\md-supplier)" [_thread_blocked, id=15120, stack(0x000000df16900000,0x000000df16a00000)]
  0x000002b4a2fcb000 JavaThread "Cache worker for cache directory md-rule (C:\Users\SK\.gradle\caches\7.0.2\md-rule)" [_thread_blocked, id=8896, stack(0x000000df16a00000,0x000000df16b00000)]
  0x000002b4a2fc8800 JavaThread "Cache worker for execution history cache (C:\Users\SK\.gradle\caches\7.0.2\executionHistory)" [_thread_blocked, id=6212, stack(0x000000df16c00000,0x000000df16d00000)]
  0x000002b4a2fca000 JavaThread "jar transforms" [_thread_blocked, id=8296, stack(0x000000df16d00000,0x000000df16e00000)]
  0x000002b4a2fcc800 JavaThread "jar transforms Thread 2" [_thread_blocked, id=9108, stack(0x000000df16e00000,0x000000df16f00000)]
  0x000002b4a2fcf000 JavaThread "Cache worker for file content cache (C:\Users\SK\.gradle\caches\7.0.2\fileContent)" [_thread_blocked, id=9268, stack(0x000000df16f00000,0x000000df17000000)]
  0x000002b4a2fd1800 JavaThread "Cache worker for dependencies-accessors (C:\Users\SK\AndroidStudioProjects\ERP\.gradle\7.0.2\dependencies-accessors)" [_thread_blocked, id=5616, stack(0x000000df17000000,0x000000df17100000)]
  0x000002b4a2fcf800 JavaThread "jar transforms Thread 3" [_thread_blocked, id=14208, stack(0x000000df17100000,0x000000df17200000)]
  0x000002b4a2fd0800 JavaThread "Cache worker for Build Output Cleanup Cache (C:\Users\SK\AndroidStudioProjects\ERP\.gradle\buildOutputCleanup)" [_thread_blocked, id=2024, stack(0x000000df17200000,0x000000df17300000)]
  0x000002b4a2fd2000 JavaThread "Build operations" [_thread_blocked, id=3644, stack(0x000000df17300000,0x000000df17400000)]
  0x000002b4a83ce000 JavaThread "Build operations Thread 2" [_thread_blocked, id=15024, stack(0x000000df17400000,0x000000df17500000)]
  0x000002b4a83d1800 JavaThread "Build operations Thread 3" [_thread_blocked, id=14300, stack(0x000000df17500000,0x000000df17600000)]
  0x000002b4a83cc800 JavaThread "Build operations Thread 4" [_thread_blocked, id=13824, stack(0x000000df17600000,0x000000df17700000)]
  0x000002b4a83cd800 JavaThread "Build operations Thread 5" [_thread_blocked, id=9236, stack(0x000000df17700000,0x000000df17800000)]
  0x000002b4a83cb800 JavaThread "Build operations Thread 6" [_thread_blocked, id=9284, stack(0x000000df17800000,0x000000df17900000)]
  0x000002b4a83d2000 JavaThread "Build operations Thread 7" [_thread_blocked, id=10932, stack(0x000000df17900000,0x000000df17a00000)]
  0x000002b4a83cf000 JavaThread "Build operations Thread 8" [_thread_blocked, id=3748, stack(0x000000df17a00000,0x000000df17b00000)]
  0x000002b4a83cf800 JavaThread "jar transforms Thread 4" [_thread_blocked, id=11312, stack(0x000000df17b00000,0x000000df17c00000)]
  0x000002b4a83d0800 JavaThread "jar transforms Thread 5" [_thread_blocked, id=1580, stack(0x000000df17c00000,0x000000df17d00000)]
  0x000002b4a83bd800 JavaThread "jar transforms Thread 6" [_thread_blocked, id=14212, stack(0x000000df17d00000,0x000000df17e00000)]
  0x000002b4a83b9800 JavaThread "jar transforms Thread 7" [_thread_blocked, id=8508, stack(0x000000df17e00000,0x000000df17f00000)]
  0x000002b4a83b7800 JavaThread "jar transforms Thread 8" [_thread_blocked, id=2252, stack(0x000000df17f00000,0x000000df18000000)]
  0x000002b4a83bc800 JavaThread "Memory manager" [_thread_blocked, id=4080, stack(0x000000df18100000,0x000000df18200000)]
  0x000002b4a83bb800 JavaThread "build event listener" [_thread_blocked, id=5440, stack(0x000000df18200000,0x000000df18300000)]
  0x000002b4a83b8800 JavaThread "build event listener" [_thread_blocked, id=8148, stack(0x000000df18300000,0x000000df18400000)]
  0x000002b4a83ba000 JavaThread "Execution worker for ':'" [_thread_blocked, id=5108, stack(0x000000df18400000,0x000000df18500000)]
  0x000002b4a4731000 JavaThread "Execution worker for ':' Thread 2" [_thread_blocked, id=12404, stack(0x000000df18500000,0x000000df18600000)]
  0x000002b4a472e800 JavaThread "Execution worker for ':' Thread 3" [_thread_blocked, id=12104, stack(0x000000df18600000,0x000000df18700000)]
  0x000002b4a4732000 JavaThread "Execution worker for ':' Thread 4" [_thread_blocked, id=8604, stack(0x000000df18700000,0x000000df18800000)]
  0x000002b4a472c800 JavaThread "Execution worker for ':' Thread 5" [_thread_blocked, id=2260, stack(0x000000df18800000,0x000000df18900000)]
  0x000002b4a4733000 JavaThread "Execution worker for ':' Thread 6" [_thread_blocked, id=4044, stack(0x000000df18900000,0x000000df18a00000)]
  0x000002b4a472e000 JavaThread "Execution worker for ':' Thread 7" [_thread_blocked, id=7460, stack(0x000000df18a00000,0x000000df18b00000)]
  0x000002b4a4730800 JavaThread "Cache worker for execution history cache (C:\Users\SK\AndroidStudioProjects\ERP\.gradle\7.0.2\executionHistory)" [_thread_blocked, id=10632, stack(0x000000df18b00000,0x000000df18c00000)]
  0x000002b4a4734800 JavaThread "WorkerExecutor Queue" [_thread_blocked, id=12676, stack(0x000000df18c00000,0x000000df18d00000)]
  0x000002b4a4735800 JavaThread "WorkerExecutor Queue Thread 2" [_thread_blocked, id=5048, stack(0x000000df18d00000,0x000000df18e00000)]
  0x000002b4a472f800 JavaThread "WorkerExecutor Queue Thread 3" [_thread_blocked, id=12060, stack(0x000000df18e00000,0x000000df18f00000)]
  0x000002b4a473a000 JavaThread "WorkerExecutor Queue Thread 4" [_thread_blocked, id=12424, stack(0x000000df18f00000,0x000000df19000000)]
  0x000002b4a473b000 JavaThread "pool-3-thread-1" [_thread_blocked, id=12292, stack(0x000000df19000000,0x000000df19100000)]
  0x000002b4a4737000 JavaThread "stderr" [_thread_in_native, id=10044, stack(0x000000df19100000,0x000000df19200000)]
  0x000002b4a4737800 JavaThread "stdout" [_thread_in_native, id=9120, stack(0x000000df19200000,0x000000df19300000)]
  0x000002b4a4b67800 JavaThread "C2 CompilerThread2" daemon [_thread_in_native, id=12904, stack(0x000000df16b00000,0x000000df16c00000)]
  0x000002b4a4736000 JavaThread "ForkJoinPool-1-worker-3" daemon [_thread_blocked, id=2556, stack(0x000000df19500000,0x000000df19600000)]
  0x000002b4a4738800 JavaThread "ForkJoinPool-1-worker-5" daemon [_thread_blocked, id=8196, stack(0x000000df19600000,0x000000df19700000)]
  0x000002b4a4739800 JavaThread "ForkJoinPool-1-worker-7" daemon [_thread_blocked, id=3264, stack(0x000000df19700000,0x000000df19800000)]
  0x000002b4a45ec800 JavaThread "ForkJoinPool-1-worker-9" daemon [_thread_blocked, id=10916, stack(0x000000df19800000,0x000000df19900000)]
  0x000002b4a45f0800 JavaThread "ForkJoinPool-1-worker-11" daemon [_thread_blocked, id=14576, stack(0x000000df19900000,0x000000df19a00000)]
  0x000002b4a45ed800 JavaThread "ForkJoinPool-1-worker-13" daemon [_thread_blocked, id=14528, stack(0x000000df19a00000,0x000000df19b00000)]
  0x000002b4a45ee800 JavaThread "ForkJoinPool-1-worker-15" daemon [_thread_blocked, id=13540, stack(0x000000df19b00000,0x000000df19c00000)]
  0x000002b4a45ef000 JavaThread "ForkJoinPool-1-worker-1" daemon [_thread_blocked, id=15068, stack(0x000000df19c00000,0x000000df19d00000)]

Other Threads:
=>0x000002b4a0cee800 VMThread "VM Thread" [stack: 0x000000df14400000,0x000000df14500000] [id=8036]
  0x000002b4a0efc000 WatcherThread [stack: 0x000000df14e00000,0x000000df14f00000] [id=3088]
  0x000002b485f84800 GCTaskThread "GC Thread#0" [stack: 0x000000df13f00000,0x000000df14000000] [id=13576]
  0x000002b4a1bbc000 GCTaskThread "GC Thread#1" [stack: 0x000000df15000000,0x000000df15100000] [id=4996]
  0x000002b4a1bbc800 GCTaskThread "GC Thread#2" [stack: 0x000000df15100000,0x000000df15200000] [id=6584]
  0x000002b4a1ae7800 GCTaskThread "GC Thread#3" [stack: 0x000000df15200000,0x000000df15300000] [id=10340]
  0x000002b4a1ae8000 GCTaskThread "GC Thread#4" [stack: 0x000000df15300000,0x000000df15400000] [id=11288]
  0x000002b4a1af5000 GCTaskThread "GC Thread#5" [stack: 0x000000df15400000,0x000000df15500000] [id=13556]
  0x000002b4a3579800 GCTaskThread "GC Thread#6" [stack: 0x000000df16100000,0x000000df16200000] [id=4888]
  0x000002b4a263f800 GCTaskThread "GC Thread#7" [stack: 0x000000df16200000,0x000000df16300000] [id=9380]
  0x000002b485fb7800 ConcurrentGCThread "G1 Main Marker" [stack: 0x000000df14000000,0x000000df14100000] [id=9972]
  0x000002b485fb8800 ConcurrentGCThread "G1 Conc#0" [stack: 0x000000df14100000,0x000000df14200000] [id=11308]
  0x000002b4a40ff800 ConcurrentGCThread "G1 Conc#1" [stack: 0x000000df16300000,0x000000df16400000] [id=12448]
  0x000002b48604e000 ConcurrentGCThread "G1 Refine#0" [stack: 0x000000df14200000,0x000000df14300000] [id=13872]
  0x000002b4a43df800 ConcurrentGCThread "G1 Refine#1" [stack: 0x000000df18000000,0x000000df18100000] [id=14280]
  0x000002b4ab461800 ConcurrentGCThread "G1 Refine#2" [stack: 0x000000df19300000,0x000000df19400000] [id=10296]
  0x000002b4ab914000 ConcurrentGCThread "G1 Refine#3" [stack: 0x000000df19400000,0x000000df19500000] [id=2956]
  0x000002b4a33c9000 ConcurrentGCThread "G1 Refine#4" [stack: 0x000000df19d00000,0x000000df19e00000] [id=11168]
  0x000002b4a0338800 ConcurrentGCThread "G1 Young RemSet Sampling" [stack: 0x000000df14300000,0x000000df14400000] [id=8336]

Threads with active compile tasks:
C2 CompilerThread0  23755 11983       4       com.android.tools.r8.dex.j::e (654 bytes)
C1 CompilerThread0  23755 12211       2       com.android.tools.r8.code.w1::a (4137 bytes)
C2 CompilerThread1  23755 11981       4       com.android.tools.r8.dex.j$d::a (102 bytes)
C2 CompilerThread2  23755 11953 %     4       com.android.tools.r8.dex.j::a @ 44 (1038 bytes)

VM state:at safepoint (normal execution)

VM Mutex/Monitor currently owned by a thread:  ([mutex/lock_event])
[0x000002b485f69e90] Threads_lock - owner thread: 0x000002b4a0cee800
[0x000002b485f69470] Heap_lock - owner thread: 0x000002b4a45ef000

Heap address: 0x0000000080000000, size: 2048 MB, Compressed Oops mode: 32-bit
Narrow klass base: 0x0000000000000000, Narrow klass shift: 3
Compressed class space size: 1073741824 Address: 0x0000000100000000

Heap:
 garbage-first heap   total 509952K, used 255461K [0x0000000080000000, 0x0000000100000000)
  region size 1024K, 4 young (4096K), 4 survivors (4096K)
 Metaspace       used 95412K, capacity 97646K, committed 98252K, reserved 1134592K
  class space    used 12454K, capacity 13280K, committed 13516K, reserved 1048576K
Heap Regions: E=young(eden), S=young(survivor), O=old, HS=humongous(starts), HC=humongous(continues), CS=collection set, F=free, A=archive, TAMS=top-at-mark-start (previous, next)
|   0|0x0000000080000000, 0x0000000080100000, 0x0000000080100000|100%| O|  |TAMS 0x0000000080100000, 0x0000000080100000| Untracked 
|   1|0x0000000080100000, 0x0000000080200000, 0x0000000080200000|100%| O|  |TAMS 0x0000000080200000, 0x0000000080200000| Untracked 
|   2|0x0000000080200000, 0x0000000080300000, 0x0000000080300000|100%| O|  |TAMS 0x0000000080300000, 0x0000000080300000| Untracked 
|   3|0x0000000080300000, 0x0000000080400000, 0x0000000080400000|100%|HS|  |TAMS 0x0000000080400000, 0x0000000080400000| Complete 
|   4|0x0000000080400000, 0x0000000080500000, 0x0000000080500000|100%|HC|  |TAMS 0x0000000080500000, 0x0000000080500000| Complete 
|   5|0x0000000080500000, 0x0000000080600000, 0x0000000080600000|100%|HC|  |TAMS 0x0000000080600000, 0x0000000080600000| Complete 
|   6|0x0000000080600000, 0x0000000080700000, 0x0000000080700000|100%| O|  |TAMS 0x0000000080700000, 0x0000000080700000| Untracked 
|   7|0x0000000080700000, 0x0000000080800000, 0x0000000080800000|100%| O|  |TAMS 0x0000000080800000, 0x0000000080800000| Untracked 
|   8|0x0000000080800000, 0x0000000080900000, 0x0000000080900000|100%| O|  |TAMS 0x0000000080900000, 0x0000000080900000| Untracked 
|   9|0x0000000080900000, 0x0000000080a00000, 0x0000000080a00000|100%| O|  |TAMS 0x0000000080a00000, 0x0000000080a00000| Untracked 
|  10|0x0000000080a00000, 0x0000000080b00000, 0x0000000080b00000|100%| O|  |TAMS 0x0000000080b00000, 0x0000000080b00000| Untracked 
|  11|0x0000000080b00000, 0x0000000080c00000, 0x0000000080c00000|100%| O|  |TAMS 0x0000000080c00000, 0x0000000080c00000| Untracked 
|  12|0x0000000080c00000, 0x0000000080d00000, 0x0000000080d00000|100%| O|  |TAMS 0x0000000080d00000, 0x0000000080d00000| Untracked 
|  13|0x0000000080d00000, 0x0000000080e00000, 0x0000000080e00000|100%| O|  |TAMS 0x0000000080e00000, 0x0000000080e00000| Untracked 
|  14|0x0000000080e00000, 0x0000000080f00000, 0x0000000080f00000|100%| O|  |TAMS 0x0000000080f00000, 0x0000000080f00000| Untracked 
|  15|0x0000000080f00000, 0x0000000081000000, 0x0000000081000000|100%| O|  |TAMS 0x0000000081000000, 0x0000000081000000| Untracked 
|  16|0x0000000081000000, 0x0000000081100000, 0x0000000081100000|100%| O|  |TAMS 0x0000000081100000, 0x0000000081100000| Untracked 
|  17|0x0000000081100000, 0x0000000081200000, 0x0000000081200000|100%|HS|  |TAMS 0x0000000081200000, 0x0000000081200000| Complete 
|  18|0x0000000081200000, 0x0000000081300000, 0x0000000081300000|100%|HS|  |TAMS 0x0000000081300000, 0x0000000081300000| Complete 
|  19|0x0000000081300000, 0x0000000081400000, 0x0000000081400000|100%|HS|  |TAMS 0x0000000081400000, 0x0000000081400000| Complete 
|  20|0x0000000081400000, 0x0000000081500000, 0x0000000081500000|100%|HS|  |TAMS 0x0000000081500000, 0x0000000081500000| Complete 
|  21|0x0000000081500000, 0x0000000081600000, 0x0000000081600000|100%|HC|  |TAMS 0x0000000081600000, 0x0000000081600000| Complete 
|  22|0x0000000081600000, 0x0000000081700000, 0x0000000081700000|100%|HC|  |TAMS 0x0000000081700000, 0x0000000081700000| Complete 
|  23|0x0000000081700000, 0x0000000081800000, 0x0000000081800000|100%|HS|  |TAMS 0x0000000081800000, 0x0000000081800000| Complete 
|  24|0x0000000081800000, 0x0000000081900000, 0x0000000081900000|100%|HC|  |TAMS 0x0000000081900000, 0x0000000081900000| Complete 
|  25|0x0000000081900000, 0x0000000081a00000, 0x0000000081a00000|100%| O|  |TAMS 0x0000000081a00000, 0x0000000081a00000| Untracked 
|  26|0x0000000081a00000, 0x0000000081b00000, 0x0000000081b00000|100%| O|  |TAMS 0x0000000081b00000, 0x0000000081b00000| Untracked 
|  27|0x0000000081b00000, 0x0000000081c00000, 0x0000000081c00000|100%| O|  |TAMS 0x0000000081c00000, 0x0000000081c00000| Untracked 
|  28|0x0000000081c00000, 0x0000000081d00000, 0x0000000081d00000|100%| O|  |TAMS 0x0000000081d00000, 0x0000000081d00000| Untracked 
|  29|0x0000000081d00000, 0x0000000081e00000, 0x0000000081e00000|100%| O|  |TAMS 0x0000000081e00000, 0x0000000081e00000| Untracked 
|  30|0x0000000081e00000, 0x0000000081f00000, 0x0000000081f00000|100%| O|  |TAMS 0x0000000081f00000, 0x0000000081f00000| Untracked 
|  31|0x0000000081f00000, 0x0000000082000000, 0x0000000082000000|100%| O|  |TAMS 0x0000000082000000, 0x0000000082000000| Untracked 
|  32|0x0000000082000000, 0x0000000082100000, 0x0000000082100000|100%| O|  |TAMS 0x0000000082100000, 0x0000000082100000| Untracked 
|  33|0x0000000082100000, 0x0000000082200000, 0x0000000082200000|100%| O|  |TAMS 0x0000000082200000, 0x0000000082200000| Untracked 
|  34|0x0000000082200000, 0x0000000082300000, 0x0000000082300000|100%| O|  |TAMS 0x0000000082300000, 0x0000000082300000| Untracked 
|  35|0x0000000082300000, 0x0000000082400000, 0x0000000082400000|100%| O|  |TAMS 0x0000000082400000, 0x0000000082400000| Untracked 
|  36|0x0000000082400000, 0x0000000082500000, 0x0000000082500000|100%| O|  |TAMS 0x0000000082500000, 0x0000000082500000| Untracked 
|  37|0x0000000082500000, 0x0000000082600000, 0x0000000082600000|100%| O|  |TAMS 0x0000000082600000, 0x0000000082600000| Untracked 
|  38|0x0000000082600000, 0x0000000082700000, 0x0000000082700000|100%| O|  |TAMS 0x0000000082700000, 0x0000000082700000| Untracked 
|  39|0x0000000082700000, 0x0000000082800000, 0x0000000082800000|100%| O|  |TAMS 0x0000000082800000, 0x0000000082800000| Untracked 
|  40|0x0000000082800000, 0x0000000082900000, 0x0000000082900000|100%| O|  |TAMS 0x0000000082900000, 0x0000000082900000| Untracked 
|  41|0x0000000082900000, 0x0000000082a00000, 0x0000000082a00000|100%| O|  |TAMS 0x0000000082a00000, 0x0000000082a00000| Untracked 
|  42|0x0000000082a00000, 0x0000000082b00000, 0x0000000082b00000|100%| O|  |TAMS 0x0000000082b00000, 0x0000000082b00000| Untracked 
|  43|0x0000000082b00000, 0x0000000082c00000, 0x0000000082c00000|100%| O|  |TAMS 0x0000000082c00000, 0x0000000082c00000| Untracked 
|  44|0x0000000082c00000, 0x0000000082d00000, 0x0000000082d00000|100%| O|  |TAMS 0x0000000082d00000, 0x0000000082d00000| Untracked 
|  45|0x0000000082d00000, 0x0000000082e00000, 0x0000000082e00000|100%| O|  |TAMS 0x0000000082e00000, 0x0000000082e00000| Untracked 
|  46|0x0000000082e00000, 0x0000000082f00000, 0x0000000082f00000|100%| O|  |TAMS 0x0000000082f00000, 0x0000000082f00000| Untracked 
|  47|0x0000000082f00000, 0x0000000083000000, 0x0000000083000000|100%| O|  |TAMS 0x0000000083000000, 0x0000000083000000| Untracked 
|  48|0x0000000083000000, 0x0000000083100000, 0x0000000083100000|100%| O|  |TAMS 0x0000000083100000, 0x0000000083100000| Untracked 
|  49|0x0000000083100000, 0x0000000083200000, 0x0000000083200000|100%| O|  |TAMS 0x0000000083200000, 0x0000000083200000| Untracked 
|  50|0x0000000083200000, 0x0000000083300000, 0x0000000083300000|100%| O|  |TAMS 0x0000000083300000, 0x0000000083300000| Untracked 
|  51|0x0000000083300000, 0x0000000083400000, 0x0000000083400000|100%| O|  |TAMS 0x0000000083400000, 0x0000000083400000| Untracked 
|  52|0x0000000083400000, 0x0000000083500000, 0x0000000083500000|100%| O|  |TAMS 0x0000000083500000, 0x0000000083500000| Untracked 
|  53|0x0000000083500000, 0x0000000083600000, 0x0000000083600000|100%| O|  |TAMS 0x0000000083600000, 0x0000000083600000| Untracked 
|  54|0x0000000083600000, 0x0000000083700000, 0x0000000083700000|100%| O|  |TAMS 0x0000000083700000, 0x0000000083700000| Untracked 
|  55|0x0000000083700000, 0x0000000083800000, 0x0000000083800000|100%| O|  |TAMS 0x0000000083800000, 0x0000000083800000| Untracked 
|  56|0x0000000083800000, 0x0000000083900000, 0x0000000083900000|100%| O|  |TAMS 0x0000000083900000, 0x0000000083900000| Untracked 
|  57|0x0000000083900000, 0x0000000083a00000, 0x0000000083a00000|100%| O|  |TAMS 0x0000000083a00000, 0x0000000083a00000| Untracked 
|  58|0x0000000083a00000, 0x0000000083b00000, 0x0000000083b00000|100%| O|  |TAMS 0x0000000083b00000, 0x0000000083b00000| Untracked 
|  59|0x0000000083b00000, 0x0000000083c00000, 0x0000000083c00000|100%| O|  |TAMS 0x0000000083c00000, 0x0000000083c00000| Untracked 
|  60|0x0000000083c00000, 0x0000000083d00000, 0x0000000083d00000|100%| O|  |TAMS 0x0000000083d00000, 0x0000000083d00000| Untracked 
|  61|0x0000000083d00000, 0x0000000083e00000, 0x0000000083e00000|100%| O|  |TAMS 0x0000000083e00000, 0x0000000083e00000| Untracked 
|  62|0x0000000083e00000, 0x0000000083f00000, 0x0000000083f00000|100%| O|  |TAMS 0x0000000083f00000, 0x0000000083f00000| Untracked 
|  63|0x0000000083f00000, 0x0000000084000000, 0x0000000084000000|100%| O|  |TAMS 0x0000000084000000, 0x0000000084000000| Untracked 
|  64|0x0000000084000000, 0x0000000084100000, 0x0000000084100000|100%| O|  |TAMS 0x0000000084100000, 0x0000000084100000| Untracked 
|  65|0x0000000084100000, 0x0000000084200000, 0x0000000084200000|100%| O|  |TAMS 0x0000000084200000, 0x0000000084200000| Untracked 
|  66|0x0000000084200000, 0x0000000084300000, 0x0000000084300000|100%| O|  |TAMS 0x0000000084300000, 0x0000000084300000| Untracked 
|  67|0x0000000084300000, 0x0000000084400000, 0x0000000084400000|100%| O|  |TAMS 0x0000000084400000, 0x0000000084400000| Untracked 
|  68|0x0000000084400000, 0x0000000084500000, 0x0000000084500000|100%| O|  |TAMS 0x0000000084500000, 0x0000000084500000| Untracked 
|  69|0x0000000084500000, 0x0000000084600000, 0x0000000084600000|100%| O|  |TAMS 0x0000000084600000, 0x0000000084600000| Untracked 
|  70|0x0000000084600000, 0x0000000084700000, 0x0000000084700000|100%| O|  |TAMS 0x0000000084700000, 0x0000000084700000| Untracked 
|  71|0x0000000084700000, 0x0000000084800000, 0x0000000084800000|100%| O|  |TAMS 0x0000000084800000, 0x0000000084800000| Untracked 
|  72|0x0000000084800000, 0x0000000084900000, 0x0000000084900000|100%| O|  |TAMS 0x0000000084900000, 0x0000000084900000| Untracked 
|  73|0x0000000084900000, 0x0000000084a00000, 0x0000000084a00000|100%| O|  |TAMS 0x0000000084a00000, 0x0000000084a00000| Untracked 
|  74|0x0000000084a00000, 0x0000000084b00000, 0x0000000084b00000|100%| O|  |TAMS 0x0000000084b00000, 0x0000000084b00000| Untracked 
|  75|0x0000000084b00000, 0x0000000084c00000, 0x0000000084c00000|100%| O|  |TAMS 0x0000000084c00000, 0x0000000084c00000| Untracked 
|  76|0x0000000084c00000, 0x0000000084d00000, 0x0000000084d00000|100%| O|  |TAMS 0x0000000084d00000, 0x0000000084d00000| Untracked 
|  77|0x0000000084d00000, 0x0000000084e00000, 0x0000000084e00000|100%| O|  |TAMS 0x0000000084e00000, 0x0000000084e00000| Untracked 
|  78|0x0000000084e00000, 0x0000000084f00000, 0x0000000084f00000|100%| O|  |TAMS 0x0000000084f00000, 0x0000000084f00000| Untracked 
|  79|0x0000000084f00000, 0x0000000085000000, 0x0000000085000000|100%| O|  |TAMS 0x0000000085000000, 0x0000000085000000| Untracked 
|  80|0x0000000085000000, 0x0000000085100000, 0x0000000085100000|100%| O|  |TAMS 0x0000000085100000, 0x0000000085100000| Untracked 
|  81|0x0000000085100000, 0x0000000085200000, 0x0000000085200000|100%| O|  |TAMS 0x0000000085200000, 0x0000000085200000| Untracked 
|  82|0x0000000085200000, 0x0000000085300000, 0x0000000085300000|100%| O|  |TAMS 0x0000000085300000, 0x0000000085300000| Untracked 
|  83|0x0000000085300000, 0x0000000085400000, 0x0000000085400000|100%| O|  |TAMS 0x0000000085400000, 0x0000000085400000| Untracked 
|  84|0x0000000085400000, 0x0000000085500000, 0x0000000085500000|100%| O|  |TAMS 0x0000000085500000, 0x0000000085500000| Untracked 
|  85|0x0000000085500000, 0x0000000085600000, 0x0000000085600000|100%| O|  |TAMS 0x0000000085600000, 0x0000000085600000| Untracked 
|  86|0x0000000085600000, 0x0000000085700000, 0x0000000085700000|100%| O|  |TAMS 0x0000000085700000, 0x0000000085700000| Untracked 
|  87|0x0000000085700000, 0x0000000085800000, 0x0000000085800000|100%| O|  |TAMS 0x0000000085800000, 0x0000000085800000| Untracked 
|  88|0x0000000085800000, 0x0000000085900000, 0x0000000085900000|100%| O|  |TAMS 0x0000000085900000, 0x0000000085900000| Untracked 
|  89|0x0000000085900000, 0x0000000085a00000, 0x0000000085a00000|100%| O|  |TAMS 0x0000000085a00000, 0x0000000085a00000| Untracked 
|  90|0x0000000085a00000, 0x0000000085b00000, 0x0000000085b00000|100%|HS|  |TAMS 0x0000000085b00000, 0x0000000085b00000| Complete 
|  91|0x0000000085b00000, 0x0000000085c00000, 0x0000000085c00000|100%|HS|  |TAMS 0x0000000085c00000, 0x0000000085c00000| Complete 
|  92|0x0000000085c00000, 0x0000000085d00000, 0x0000000085d00000|100%|HC|  |TAMS 0x0000000085d00000, 0x0000000085d00000| Complete 
|  93|0x0000000085d00000, 0x0000000085e00000, 0x0000000085e00000|100%|HS|  |TAMS 0x0000000085e00000, 0x0000000085e00000| Complete 
|  94|0x0000000085e00000, 0x0000000085f00000, 0x0000000085f00000|100%|HC|  |TAMS 0x0000000085f00000, 0x0000000085f00000| Complete 
|  95|0x0000000085f00000, 0x0000000086000000, 0x0000000086000000|100%|HS|  |TAMS 0x0000000086000000, 0x0000000086000000| Complete 
|  96|0x0000000086000000, 0x0000000086100000, 0x0000000086100000|100%|HS|  |TAMS 0x0000000086100000, 0x0000000086100000| Complete 
|  97|0x0000000086100000, 0x0000000086200000, 0x0000000086200000|100%|HS|  |TAMS 0x0000000086200000, 0x0000000086200000| Complete 
|  98|0x0000000086200000, 0x0000000086300000, 0x0000000086300000|100%|HS|  |TAMS 0x0000000086300000, 0x0000000086300000| Complete 
|  99|0x0000000086300000, 0x0000000086400000, 0x0000000086400000|100%|HS|  |TAMS 0x0000000086400000, 0x0000000086400000| Complete 
| 100|0x0000000086400000, 0x0000000086500000, 0x0000000086500000|100%|HC|  |TAMS 0x0000000086500000, 0x0000000086500000| Complete 
| 101|0x0000000086500000, 0x0000000086600000, 0x0000000086600000|100%|HS|  |TAMS 0x0000000086600000, 0x0000000086600000| Complete 
| 102|0x0000000086600000, 0x0000000086700000, 0x0000000086700000|100%|HS|  |TAMS 0x0000000086700000, 0x0000000086700000| Complete 
| 103|0x0000000086700000, 0x0000000086800000, 0x0000000086800000|100%|HC|  |TAMS 0x0000000086800000, 0x0000000086800000| Complete 
| 104|0x0000000086800000, 0x0000000086900000, 0x0000000086900000|100%|HC|  |TAMS 0x0000000086900000, 0x0000000086900000| Complete 
| 105|0x0000000086900000, 0x0000000086a00000, 0x0000000086a00000|100%|HS|  |TAMS 0x0000000086a00000, 0x0000000086a00000| Complete 
| 106|0x0000000086a00000, 0x0000000086b00000, 0x0000000086b00000|100%|HS|  |TAMS 0x0000000086b00000, 0x0000000086b00000| Complete 
| 107|0x0000000086b00000, 0x0000000086c00000, 0x0000000086c00000|100%|HS|  |TAMS 0x0000000086c00000, 0x0000000086c00000| Complete 
| 108|0x0000000086c00000, 0x0000000086d00000, 0x0000000086d00000|100%|HC|  |TAMS 0x0000000086d00000, 0x0000000086d00000| Complete 
| 109|0x0000000086d00000, 0x0000000086e00000, 0x0000000086e00000|100%|HC|  |TAMS 0x0000000086e00000, 0x0000000086e00000| Complete 
| 110|0x0000000086e00000, 0x0000000086f00000, 0x0000000086f00000|100%|HS|  |TAMS 0x0000000086f00000, 0x0000000086f00000| Complete 
| 111|0x0000000086f00000, 0x0000000087000000, 0x0000000087000000|100%|HS|  |TAMS 0x0000000087000000, 0x0000000087000000| Complete 
| 112|0x0000000087000000, 0x0000000087100000, 0x0000000087100000|100%|HS|  |TAMS 0x0000000087100000, 0x0000000087100000| Complete 
| 113|0x0000000087100000, 0x0000000087200000, 0x0000000087200000|100%|HS|  |TAMS 0x0000000087200000, 0x0000000087200000| Complete 
| 114|0x0000000087200000, 0x0000000087300000, 0x0000000087300000|100%| O|  |TAMS 0x0000000087300000, 0x0000000087300000| Untracked 
| 115|0x0000000087300000, 0x0000000087400000, 0x0000000087400000|100%| O|  |TAMS 0x0000000087400000, 0x0000000087400000| Untracked 
| 116|0x0000000087400000, 0x0000000087500000, 0x0000000087500000|100%| O|  |TAMS 0x0000000087500000, 0x0000000087500000| Untracked 
| 117|0x0000000087500000, 0x0000000087600000, 0x0000000087600000|100%| O|  |TAMS 0x0000000087600000, 0x0000000087600000| Untracked 
| 118|0x0000000087600000, 0x0000000087700000, 0x0000000087700000|100%| O|  |TAMS 0x0000000087700000, 0x0000000087700000| Untracked 
| 119|0x0000000087700000, 0x00000000877ffff8, 0x0000000087800000| 99%| O|  |TAMS 0x00000000877ffff8, 0x00000000877ffff8| Untracked 
| 120|0x0000000087800000, 0x0000000087900000, 0x0000000087900000|100%| O|  |TAMS 0x0000000087900000, 0x0000000087900000| Untracked 
| 121|0x0000000087900000, 0x0000000087a00000, 0x0000000087a00000|100%| O|  |TAMS 0x0000000087a00000, 0x0000000087a00000| Untracked 
| 122|0x0000000087a00000, 0x0000000087b00000, 0x0000000087b00000|100%| O|  |TAMS 0x0000000087b00000, 0x0000000087b00000| Untracked 
| 123|0x0000000087b00000, 0x0000000087c00000, 0x0000000087c00000|100%| O|  |TAMS 0x0000000087c00000, 0x0000000087c00000| Untracked 
| 124|0x0000000087c00000, 0x0000000087d00000, 0x0000000087d00000|100%|HS|  |TAMS 0x0000000087d00000, 0x0000000087d00000| Complete 
| 125|0x0000000087d00000, 0x0000000087e00000, 0x0000000087e00000|100%|HC|  |TAMS 0x0000000087e00000, 0x0000000087e00000| Complete 
| 126|0x0000000087e00000, 0x0000000087f00000, 0x0000000087f00000|100%| O|  |TAMS 0x0000000087f00000, 0x0000000087f00000| Untracked 
| 127|0x0000000087f00000, 0x0000000088000000, 0x0000000088000000|100%| O|  |TAMS 0x0000000088000000, 0x0000000088000000| Untracked 
| 128|0x0000000088000000, 0x0000000088100000, 0x0000000088100000|100%|HS|  |TAMS 0x0000000088100000, 0x0000000088100000| Complete 
| 129|0x0000000088100000, 0x0000000088200000, 0x0000000088200000|100%|HC|  |TAMS 0x0000000088200000, 0x0000000088200000| Complete 
| 130|0x0000000088200000, 0x0000000088300000, 0x0000000088300000|100%|HS|  |TAMS 0x0000000088300000, 0x0000000088300000| Complete 
| 131|0x0000000088300000, 0x0000000088400000, 0x0000000088400000|100%| O|  |TAMS 0x0000000088400000, 0x0000000088400000| Untracked 
| 132|0x0000000088400000, 0x0000000088500000, 0x0000000088500000|100%|HS|  |TAMS 0x0000000088500000, 0x0000000088500000| Complete 
| 133|0x0000000088500000, 0x0000000088600000, 0x0000000088600000|100%| O|  |TAMS 0x0000000088600000, 0x0000000088600000| Untracked 
| 134|0x0000000088600000, 0x0000000088700000, 0x0000000088700000|100%|HS|  |TAMS 0x0000000088700000, 0x0000000088700000| Complete 
| 135|0x0000000088700000, 0x0000000088800000, 0x0000000088800000|100%| O|  |TAMS 0x0000000088800000, 0x0000000088800000| Untracked 
| 136|0x0000000088800000, 0x0000000088900000, 0x0000000088900000|100%|HS|  |TAMS 0x0000000088900000, 0x0000000088900000| Complete 
| 137|0x0000000088900000, 0x0000000088a00000, 0x0000000088a00000|100%| O|  |TAMS 0x0000000088a00000, 0x0000000088a00000| Untracked 
| 138|0x0000000088a00000, 0x0000000088b00000, 0x0000000088b00000|100%| O|  |TAMS 0x0000000088b00000, 0x0000000088b00000| Untracked 
| 139|0x0000000088b00000, 0x0000000088c00000, 0x0000000088c00000|100%|HS|  |TAMS 0x0000000088c00000, 0x0000000088c00000| Complete 
| 140|0x0000000088c00000, 0x0000000088d00000, 0x0000000088d00000|100%|HC|  |TAMS 0x0000000088d00000, 0x0000000088d00000| Complete 
| 141|0x0000000088d00000, 0x0000000088e00000, 0x0000000088e00000|100%| O|  |TAMS 0x0000000088e00000, 0x0000000088e00000| Untracked 
| 142|0x0000000088e00000, 0x0000000088f00000, 0x0000000088f00000|100%|HS|  |TAMS 0x0000000088f00000, 0x0000000088f00000| Complete 
| 143|0x0000000088f00000, 0x0000000089000000, 0x0000000089000000|100%| O|  |TAMS 0x0000000089000000, 0x0000000089000000| Untracked 
| 144|0x0000000089000000, 0x0000000089100000, 0x0000000089100000|100%| O|  |TAMS 0x0000000089100000, 0x0000000089100000| Untracked 
| 145|0x0000000089100000, 0x0000000089200000, 0x0000000089200000|100%| O|  |TAMS 0x0000000089200000, 0x0000000089200000| Untracked 
| 146|0x0000000089200000, 0x0000000089300000, 0x0000000089300000|100%|HS|  |TAMS 0x0000000089300000, 0x0000000089300000| Complete 
| 147|0x0000000089300000, 0x0000000089400000, 0x0000000089400000|100%|HC|  |TAMS 0x0000000089400000, 0x0000000089400000| Complete 
| 148|0x0000000089400000, 0x0000000089500000, 0x0000000089500000|100%|HC|  |TAMS 0x0000000089500000, 0x0000000089500000| Complete 
| 149|0x0000000089500000, 0x0000000089600000, 0x0000000089600000|100%| O|  |TAMS 0x0000000089600000, 0x0000000089600000| Untracked 
| 150|0x0000000089600000, 0x0000000089700000, 0x0000000089700000|100%|HS|  |TAMS 0x0000000089700000, 0x0000000089700000| Complete 
| 151|0x0000000089700000, 0x0000000089800000, 0x0000000089800000|100%| O|  |TAMS 0x0000000089743000, 0x0000000089800000| Untracked 
| 152|0x0000000089800000, 0x0000000089900000, 0x0000000089900000|100%|HS|  |TAMS 0x0000000089900000, 0x0000000089900000| Complete 
| 153|0x0000000089900000, 0x0000000089a00000, 0x0000000089a00000|100%|HS|  |TAMS 0x0000000089900000, 0x0000000089a00000| Complete 
| 154|0x0000000089a00000, 0x0000000089b00000, 0x0000000089b00000|100%|HC|  |TAMS 0x0000000089a00000, 0x0000000089b00000| Complete 
| 155|0x0000000089b00000, 0x0000000089c00000, 0x0000000089c00000|100%|HS|  |TAMS 0x0000000089b00000, 0x0000000089c00000| Complete 
| 156|0x0000000089c00000, 0x0000000089d00000, 0x0000000089d00000|100%|HS|  |TAMS 0x0000000089d00000, 0x0000000089d00000| Complete 
| 157|0x0000000089d00000, 0x0000000089e00000, 0x0000000089e00000|100%|HC|  |TAMS 0x0000000089e00000, 0x0000000089e00000| Complete 
| 158|0x0000000089e00000, 0x0000000089f00000, 0x0000000089f00000|100%|HC|  |TAMS 0x0000000089f00000, 0x0000000089f00000| Complete 
| 159|0x0000000089f00000, 0x000000008a000000, 0x000000008a000000|100%| O|  |TAMS 0x0000000089f00000, 0x000000008a000000| Untracked 
| 160|0x000000008a000000, 0x000000008a100000, 0x000000008a100000|100%|HS|  |TAMS 0x000000008a100000, 0x000000008a100000| Complete 
| 161|0x000000008a100000, 0x000000008a200000, 0x000000008a200000|100%| O|  |TAMS 0x000000008a200000, 0x000000008a200000| Untracked 
| 162|0x000000008a200000, 0x000000008a300000, 0x000000008a300000|100%| O|  |TAMS 0x000000008a300000, 0x000000008a300000| Untracked 
| 163|0x000000008a300000, 0x000000008a400000, 0x000000008a400000|100%| O|  |TAMS 0x000000008a400000, 0x000000008a400000| Untracked 
| 164|0x000000008a400000, 0x000000008a500000, 0x000000008a500000|100%| O|  |TAMS 0x000000008a500000, 0x000000008a500000| Untracked 
| 165|0x000000008a500000, 0x000000008a600000, 0x000000008a600000|100%| O|  |TAMS 0x000000008a600000, 0x000000008a600000| Untracked 
| 166|0x000000008a600000, 0x000000008a700000, 0x000000008a700000|100%| O|  |TAMS 0x000000008a700000, 0x000000008a700000| Untracked 
| 167|0x000000008a700000, 0x000000008a800000, 0x000000008a800000|100%| O|  |TAMS 0x000000008a800000, 0x000000008a800000| Untracked 
| 168|0x000000008a800000, 0x000000008a900000, 0x000000008a900000|100%| O|  |TAMS 0x000000008a900000, 0x000000008a900000| Untracked 
| 169|0x000000008a900000, 0x000000008aa00000, 0x000000008aa00000|100%| O|  |TAMS 0x000000008aa00000, 0x000000008aa00000| Untracked 
| 170|0x000000008aa00000, 0x000000008ab00000, 0x000000008ab00000|100%| O|  |TAMS 0x000000008ab00000, 0x000000008ab00000| Untracked 
| 171|0x000000008ab00000, 0x000000008ac00000, 0x000000008ac00000|100%| O|  |TAMS 0x000000008ac00000, 0x000000008ac00000| Untracked 
| 172|0x000000008ac00000, 0x000000008ad00000, 0x000000008ad00000|100%| O|  |TAMS 0x000000008ad00000, 0x000000008ad00000| Untracked 
| 173|0x000000008ad00000, 0x000000008ae00000, 0x000000008ae00000|100%| O|  |TAMS 0x000000008ae00000, 0x000000008ae00000| Untracked 
| 174|0x000000008ae00000, 0x000000008af00000, 0x000000008af00000|100%| O|  |TAMS 0x000000008af00000, 0x000000008af00000| Untracked 
| 175|0x000000008af00000, 0x000000008b000000, 0x000000008b000000|100%| O|  |TAMS 0x000000008b000000, 0x000000008b000000| Untracked 
| 176|0x000000008b000000, 0x000000008b100000, 0x000000008b100000|100%| O|  |TAMS 0x000000008b100000, 0x000000008b100000| Untracked 
| 177|0x000000008b100000, 0x000000008b200000, 0x000000008b200000|100%| O|  |TAMS 0x000000008b200000, 0x000000008b200000| Untracked 
| 178|0x000000008b200000, 0x000000008b300000, 0x000000008b300000|100%| O|  |TAMS 0x000000008b300000, 0x000000008b300000| Untracked 
| 179|0x000000008b300000, 0x000000008b400000, 0x000000008b400000|100%| O|  |TAMS 0x000000008b400000, 0x000000008b400000| Untracked 
| 180|0x000000008b400000, 0x000000008b500000, 0x000000008b500000|100%| O|  |TAMS 0x000000008b500000, 0x000000008b500000| Untracked 
| 181|0x000000008b500000, 0x000000008b600000, 0x000000008b600000|100%|HS|  |TAMS 0x000000008b500000, 0x000000008b600000| Complete 
| 182|0x000000008b600000, 0x000000008b700000, 0x000000008b700000|100%|HC|  |TAMS 0x000000008b600000, 0x000000008b700000| Complete 
| 183|0x000000008b700000, 0x000000008b800000, 0x000000008b800000|100%| O|  |TAMS 0x000000008b700000, 0x000000008b800000| Untracked 
| 184|0x000000008b800000, 0x000000008b900000, 0x000000008b900000|100%| O|  |TAMS 0x000000008b800000, 0x000000008b900000| Untracked 
| 185|0x000000008b900000, 0x000000008ba00000, 0x000000008ba00000|100%| O|  |TAMS 0x000000008b900000, 0x000000008ba00000| Untracked 
| 186|0x000000008ba00000, 0x000000008bb00000, 0x000000008bb00000|100%| O|  |TAMS 0x000000008ba00000, 0x000000008bb00000| Untracked 
| 187|0x000000008bb00000, 0x000000008bc00000, 0x000000008bc00000|100%| O|  |TAMS 0x000000008bb00000, 0x000000008bc00000| Untracked 
| 188|0x000000008bc00000, 0x000000008bd00000, 0x000000008bd00000|100%| O|  |TAMS 0x000000008bc00000, 0x000000008bd00000| Untracked 
| 189|0x000000008bd00000, 0x000000008be00000, 0x000000008be00000|100%| O|  |TAMS 0x000000008bd00000, 0x000000008be00000| Untracked 
| 190|0x000000008be00000, 0x000000008bf00000, 0x000000008bf00000|100%| O|  |TAMS 0x000000008be00000, 0x000000008bf00000| Untracked 
| 191|0x000000008bf00000, 0x000000008c000000, 0x000000008c000000|100%| O|  |TAMS 0x000000008bf00000, 0x000000008c000000| Untracked 
| 192|0x000000008c000000, 0x000000008c100000, 0x000000008c100000|100%| O|  |TAMS 0x000000008c000000, 0x000000008c100000| Untracked 
| 193|0x000000008c100000, 0x000000008c200000, 0x000000008c200000|100%| O|  |TAMS 0x000000008c100000, 0x000000008c200000| Untracked 
| 194|0x000000008c200000, 0x000000008c300000, 0x000000008c300000|100%| O|  |TAMS 0x000000008c200000, 0x000000008c300000| Untracked 
| 195|0x000000008c300000, 0x000000008c400000, 0x000000008c400000|100%| O|  |TAMS 0x000000008c300000, 0x000000008c400000| Untracked 
| 196|0x000000008c400000, 0x000000008c500000, 0x000000008c500000|100%| O|  |TAMS 0x000000008c400000, 0x000000008c500000| Untracked 
| 197|0x000000008c500000, 0x000000008c600000, 0x000000008c600000|100%| O|  |TAMS 0x000000008c500000, 0x000000008c600000| Untracked 
| 198|0x000000008c600000, 0x000000008c700000, 0x000000008c700000|100%| O|  |TAMS 0x000000008c600000, 0x000000008c700000| Untracked 
| 199|0x000000008c700000, 0x000000008c800000, 0x000000008c800000|100%| O|  |TAMS 0x000000008c700000, 0x000000008c800000| Untracked 
| 200|0x000000008c800000, 0x000000008c900000, 0x000000008c900000|100%| O|  |TAMS 0x000000008c800000, 0x000000008c900000| Untracked 
| 201|0x000000008c900000, 0x000000008ca00000, 0x000000008ca00000|100%| O|  |TAMS 0x000000008c900000, 0x000000008ca00000| Untracked 
| 202|0x000000008ca00000, 0x000000008cb00000, 0x000000008cb00000|100%| O|  |TAMS 0x000000008ca00000, 0x000000008cb00000| Untracked 
| 203|0x000000008cb00000, 0x000000008cc00000, 0x000000008cc00000|100%| O|  |TAMS 0x000000008cb00000, 0x000000008cc00000| Untracked 
| 204|0x000000008cc00000, 0x000000008cd00000, 0x000000008cd00000|100%| O|  |TAMS 0x000000008cc00000, 0x000000008cd00000| Untracked 
| 205|0x000000008cd00000, 0x000000008ce00000, 0x000000008ce00000|100%| O|  |TAMS 0x000000008cd00000, 0x000000008ce00000| Untracked 
| 206|0x000000008ce00000, 0x000000008cf00000, 0x000000008cf00000|100%| O|  |TAMS 0x000000008ce00000, 0x000000008cf00000| Untracked 
| 207|0x000000008cf00000, 0x000000008d000000, 0x000000008d000000|100%| O|  |TAMS 0x000000008cf00000, 0x000000008d000000| Untracked 
| 208|0x000000008d000000, 0x000000008d100000, 0x000000008d100000|100%| O|  |TAMS 0x000000008d000000, 0x000000008d100000| Untracked 
| 209|0x000000008d100000, 0x000000008d200000, 0x000000008d200000|100%| O|  |TAMS 0x000000008d100000, 0x000000008d200000| Untracked 
| 210|0x000000008d200000, 0x000000008d300000, 0x000000008d300000|100%| O|  |TAMS 0x000000008d200000, 0x000000008d300000| Untracked 
| 211|0x000000008d300000, 0x000000008d400000, 0x000000008d400000|100%| O|  |TAMS 0x000000008d300000, 0x000000008d400000| Untracked 
| 212|0x000000008d400000, 0x000000008d500000, 0x000000008d500000|100%| O|  |TAMS 0x000000008d400000, 0x000000008d500000| Untracked 
| 213|0x000000008d500000, 0x000000008d600000, 0x000000008d600000|100%| O|  |TAMS 0x000000008d500000, 0x000000008d600000| Untracked 
| 214|0x000000008d600000, 0x000000008d700000, 0x000000008d700000|100%| O|  |TAMS 0x000000008d600000, 0x000000008d700000| Untracked 
| 215|0x000000008d700000, 0x000000008d800000, 0x000000008d800000|100%| O|  |TAMS 0x000000008d700000, 0x000000008d800000| Untracked 
| 216|0x000000008d800000, 0x000000008d900000, 0x000000008d900000|100%| O|  |TAMS 0x000000008d800000, 0x000000008d900000| Untracked 
| 217|0x000000008d900000, 0x000000008da00000, 0x000000008da00000|100%| O|  |TAMS 0x000000008d900000, 0x000000008da00000| Untracked 
| 218|0x000000008da00000, 0x000000008db00000, 0x000000008db00000|100%| O|  |TAMS 0x000000008da00000, 0x000000008db00000| Untracked 
| 219|0x000000008db00000, 0x000000008dc00000, 0x000000008dc00000|100%| O|  |TAMS 0x000000008db00000, 0x000000008dc00000| Untracked 
| 220|0x000000008dc00000, 0x000000008dd00000, 0x000000008dd00000|100%| O|  |TAMS 0x000000008dc00000, 0x000000008dd00000| Untracked 
| 221|0x000000008dd00000, 0x000000008de00000, 0x000000008de00000|100%| O|  |TAMS 0x000000008dd00000, 0x000000008de00000| Untracked 
| 222|0x000000008de00000, 0x000000008df00000, 0x000000008df00000|100%| O|  |TAMS 0x000000008de00000, 0x000000008dedbe00| Untracked 
| 223|0x000000008df00000, 0x000000008e000000, 0x000000008e000000|100%| O|  |TAMS 0x000000008df00000, 0x000000008df00000| Untracked 
| 224|0x000000008e000000, 0x000000008e100000, 0x000000008e100000|100%| O|  |TAMS 0x000000008e000000, 0x000000008e000000| Untracked 
| 225|0x000000008e100000, 0x000000008e200000, 0x000000008e200000|100%| O|  |TAMS 0x000000008e100000, 0x000000008e100000| Untracked 
| 226|0x000000008e200000, 0x000000008e300000, 0x000000008e300000|100%| O|  |TAMS 0x000000008e200000, 0x000000008e200000| Untracked 
| 227|0x000000008e300000, 0x000000008e400000, 0x000000008e400000|100%| O|  |TAMS 0x000000008e300000, 0x000000008e300000| Untracked 
| 228|0x000000008e400000, 0x000000008e500000, 0x000000008e500000|100%| O|  |TAMS 0x000000008e400000, 0x000000008e400000| Untracked 
| 229|0x000000008e500000, 0x000000008e600000, 0x000000008e600000|100%| O|  |TAMS 0x000000008e500000, 0x000000008e500000| Untracked 
| 230|0x000000008e600000, 0x000000008e700000, 0x000000008e700000|100%| O|  |TAMS 0x000000008e600000, 0x000000008e600000| Untracked 
| 231|0x000000008e700000, 0x000000008e800000, 0x000000008e800000|100%| O|  |TAMS 0x000000008e700000, 0x000000008e700000| Untracked 
| 232|0x000000008e800000, 0x000000008e900000, 0x000000008e900000|100%| O|  |TAMS 0x000000008e800000, 0x000000008e800000| Untracked 
| 233|0x000000008e900000, 0x000000008ea00000, 0x000000008ea00000|100%| O|  |TAMS 0x000000008e900000, 0x000000008e900000| Untracked 
| 234|0x000000008ea00000, 0x000000008eb00000, 0x000000008eb00000|100%| O|  |TAMS 0x000000008ea00000, 0x000000008ea00000| Untracked 
| 235|0x000000008eb00000, 0x000000008ec00000, 0x000000008ec00000|100%| O|  |TAMS 0x000000008eb00000, 0x000000008eb00000| Untracked 
| 236|0x000000008ec00000, 0x000000008ed00000, 0x000000008ed00000|100%| O|  |TAMS 0x000000008ec00000, 0x000000008ec00000| Untracked 
| 237|0x000000008ed00000, 0x000000008ee00000, 0x000000008ee00000|100%| O|  |TAMS 0x000000008ed00000, 0x000000008ed00000| Untracked 
| 238|0x000000008ee00000, 0x000000008ee79800, 0x000000008ef00000| 47%| O|  |TAMS 0x000000008ee00000, 0x000000008ee00000| Untracked 
| 239|0x000000008ef00000, 0x000000008ef00000, 0x000000008f000000|  0%| F|  |TAMS 0x000000008ef00000, 0x000000008ef00000| Untracked 
| 240|0x000000008f000000, 0x000000008f000000, 0x000000008f100000|  0%| F|  |TAMS 0x000000008f000000, 0x000000008f000000| Untracked 
| 241|0x000000008f100000, 0x000000008f100000, 0x000000008f200000|  0%| F|  |TAMS 0x000000008f100000, 0x000000008f100000| Untracked 
| 242|0x000000008f200000, 0x000000008f200000, 0x000000008f300000|  0%| F|  |TAMS 0x000000008f200000, 0x000000008f200000| Untracked 
| 243|0x000000008f300000, 0x000000008f300000, 0x000000008f400000|  0%| F|  |TAMS 0x000000008f300000, 0x000000008f300000| Untracked 
| 244|0x000000008f400000, 0x000000008f400000, 0x000000008f500000|  0%| F|  |TAMS 0x000000008f400000, 0x000000008f400000| Untracked 
| 245|0x000000008f500000, 0x000000008f500000, 0x000000008f600000|  0%| F|  |TAMS 0x000000008f500000, 0x000000008f500000| Untracked 
| 246|0x000000008f600000, 0x000000008f600000, 0x000000008f700000|  0%| F|  |TAMS 0x000000008f600000, 0x000000008f600000| Untracked 
| 247|0x000000008f700000, 0x000000008f700000, 0x000000008f800000|  0%| F|  |TAMS 0x000000008f700000, 0x000000008f700000| Untracked 
| 248|0x000000008f800000, 0x000000008f800000, 0x000000008f900000|  0%| F|  |TAMS 0x000000008f800000, 0x000000008f800000| Untracked 
| 249|0x000000008f900000, 0x000000008f900000, 0x000000008fa00000|  0%| F|  |TAMS 0x000000008f900000, 0x000000008f900000| Untracked 
| 250|0x000000008fa00000, 0x000000008fa00000, 0x000000008fb00000|  0%| F|  |TAMS 0x000000008fa00000, 0x000000008fa00000| Untracked 
| 251|0x000000008fb00000, 0x000000008fb00000, 0x000000008fc00000|  0%| F|  |TAMS 0x000000008fb00000, 0x000000008fb00000| Untracked 
| 252|0x000000008fc00000, 0x000000008fc00000, 0x000000008fd00000|  0%| F|  |TAMS 0x000000008fc00000, 0x000000008fc00000| Untracked 
| 253|0x000000008fd00000, 0x000000008fd00000, 0x000000008fe00000|  0%| F|  |TAMS 0x000000008fd00000, 0x000000008fd00000| Untracked 
| 254|0x000000008fe00000, 0x000000008fe00000, 0x000000008ff00000|  0%| F|  |TAMS 0x000000008fe00000, 0x000000008fe00000| Untracked 
| 255|0x000000008ff00000, 0x000000008ff00000, 0x0000000090000000|  0%| F|  |TAMS 0x000000008ff00000, 0x000000008ff00000| Untracked 
| 256|0x0000000090000000, 0x0000000090100000, 0x0000000090100000|100%| O|  |TAMS 0x0000000090100000, 0x0000000090100000| Untracked 
| 257|0x0000000090100000, 0x0000000090200000, 0x0000000090200000|100%| O|  |TAMS 0x0000000090200000, 0x0000000090200000| Untracked 
| 258|0x0000000090200000, 0x0000000090300000, 0x0000000090300000|100%| O|  |TAMS 0x0000000090300000, 0x0000000090300000| Untracked 
| 259|0x0000000090300000, 0x0000000090400000, 0x0000000090400000|100%| O|  |TAMS 0x0000000090400000, 0x0000000090400000| Untracked 
| 260|0x0000000090400000, 0x0000000090500000, 0x0000000090500000|100%| O|  |TAMS 0x0000000090500000, 0x0000000090500000| Untracked 
| 261|0x0000000090500000, 0x0000000090600000, 0x0000000090600000|100%| O|  |TAMS 0x0000000090600000, 0x0000000090600000| Untracked 
| 262|0x0000000090600000, 0x0000000090700000, 0x0000000090700000|100%| O|  |TAMS 0x0000000090700000, 0x0000000090700000| Untracked 
| 263|0x0000000090700000, 0x0000000090700000, 0x0000000090800000|  0%| F|  |TAMS 0x0000000090700000, 0x0000000090700000| Untracked 
| 264|0x0000000090800000, 0x0000000090800000, 0x0000000090900000|  0%| F|  |TAMS 0x0000000090800000, 0x0000000090800000| Untracked 
| 265|0x0000000090900000, 0x0000000090900000, 0x0000000090a00000|  0%| F|  |TAMS 0x0000000090900000, 0x0000000090900000| Untracked 
| 266|0x0000000090a00000, 0x0000000090a00000, 0x0000000090b00000|  0%| F|  |TAMS 0x0000000090a00000, 0x0000000090a00000| Untracked 
| 267|0x0000000090b00000, 0x0000000090b00000, 0x0000000090c00000|  0%| F|  |TAMS 0x0000000090b00000, 0x0000000090b00000| Untracked 
| 268|0x0000000090c00000, 0x0000000090c00000, 0x0000000090d00000|  0%| F|  |TAMS 0x0000000090c00000, 0x0000000090c00000| Untracked 
| 269|0x0000000090d00000, 0x0000000090d00000, 0x0000000090e00000|  0%| F|  |TAMS 0x0000000090d00000, 0x0000000090d00000| Untracked 
| 270|0x0000000090e00000, 0x0000000090e00000, 0x0000000090f00000|  0%| F|  |TAMS 0x0000000090e00000, 0x0000000090e00000| Untracked 
| 271|0x0000000090f00000, 0x0000000090f00000, 0x0000000091000000|  0%| F|  |TAMS 0x0000000090f00000, 0x0000000090f00000| Untracked 
| 272|0x0000000091000000, 0x0000000091000000, 0x0000000091100000|  0%| F|  |TAMS 0x0000000091000000, 0x0000000091000000| Untracked 
| 273|0x0000000091100000, 0x0000000091100000, 0x0000000091200000|  0%| F|  |TAMS 0x0000000091100000, 0x0000000091100000| Untracked 
| 274|0x0000000091200000, 0x0000000091200000, 0x0000000091300000|  0%| F|  |TAMS 0x0000000091200000, 0x0000000091200000| Untracked 
| 275|0x0000000091300000, 0x0000000091300000, 0x0000000091400000|  0%| F|  |TAMS 0x0000000091300000, 0x0000000091300000| Untracked 
| 276|0x0000000091400000, 0x0000000091400000, 0x0000000091500000|  0%| F|  |TAMS 0x0000000091400000, 0x0000000091400000| Untracked 
| 277|0x0000000091500000, 0x0000000091500000, 0x0000000091600000|  0%| F|  |TAMS 0x0000000091500000, 0x0000000091500000| Untracked 
| 278|0x0000000091600000, 0x0000000091600000, 0x0000000091700000|  0%| F|  |TAMS 0x0000000091600000, 0x0000000091600000| Untracked 
| 279|0x0000000091700000, 0x0000000091700000, 0x0000000091800000|  0%| F|  |TAMS 0x0000000091700000, 0x0000000091700000| Untracked 
| 280|0x0000000091800000, 0x0000000091800000, 0x0000000091900000|  0%| F|  |TAMS 0x0000000091800000, 0x0000000091800000| Untracked 
| 281|0x0000000091900000, 0x0000000091900000, 0x0000000091a00000|  0%| F|  |TAMS 0x0000000091900000, 0x0000000091900000| Untracked 
| 282|0x0000000091a00000, 0x0000000091a00000, 0x0000000091b00000|  0%| F|  |TAMS 0x0000000091a00000, 0x0000000091a00000| Untracked 
| 283|0x0000000091b00000, 0x0000000091b00000, 0x0000000091c00000|  0%| F|  |TAMS 0x0000000091b00000, 0x0000000091b00000| Untracked 
| 284|0x0000000091c00000, 0x0000000091c00000, 0x0000000091d00000|  0%| F|  |TAMS 0x0000000091c00000, 0x0000000091c00000| Untracked 
| 285|0x0000000091d00000, 0x0000000091d00000, 0x0000000091e00000|  0%| F|  |TAMS 0x0000000091d00000, 0x0000000091d00000| Untracked 
| 286|0x0000000091e00000, 0x0000000091e00000, 0x0000000091f00000|  0%| F|  |TAMS 0x0000000091e00000, 0x0000000091e00000| Untracked 
| 287|0x0000000091f00000, 0x0000000091f00000, 0x0000000092000000|  0%| F|  |TAMS 0x0000000091f00000, 0x0000000091f00000| Untracked 
| 288|0x0000000092000000, 0x0000000092100000, 0x0000000092100000|100%| S|CS|TAMS 0x0000000092000000, 0x0000000092000000| Complete 
| 289|0x0000000092100000, 0x0000000092200000, 0x0000000092200000|100%| S|CS|TAMS 0x0000000092100000, 0x0000000092100000| Complete 
| 290|0x0000000092200000, 0x0000000092300000, 0x0000000092300000|100%| S|CS|TAMS 0x0000000092200000, 0x0000000092200000| Complete 
| 291|0x0000000092300000, 0x0000000092400000, 0x0000000092400000|100%| S|CS|TAMS 0x0000000092300000, 0x0000000092300000| Complete 
| 292|0x0000000092400000, 0x0000000092400000, 0x0000000092500000|  0%| F|  |TAMS 0x0000000092400000, 0x0000000092400000| Untracked 
| 293|0x0000000092500000, 0x0000000092500000, 0x0000000092600000|  0%| F|  |TAMS 0x0000000092500000, 0x0000000092500000| Untracked 
| 294|0x0000000092600000, 0x0000000092600000, 0x0000000092700000|  0%| F|  |TAMS 0x0000000092600000, 0x0000000092600000| Untracked 
| 295|0x0000000092700000, 0x0000000092700000, 0x0000000092800000|  0%| F|  |TAMS 0x0000000092700000, 0x0000000092700000| Untracked 
| 296|0x0000000092800000, 0x0000000092800000, 0x0000000092900000|  0%| F|  |TAMS 0x0000000092800000, 0x0000000092800000| Untracked 
| 297|0x0000000092900000, 0x0000000092900000, 0x0000000092a00000|  0%| F|  |TAMS 0x0000000092900000, 0x0000000092900000| Untracked 
| 298|0x0000000092a00000, 0x0000000092a00000, 0x0000000092b00000|  0%| F|  |TAMS 0x0000000092a00000, 0x0000000092a00000| Untracked 
| 299|0x0000000092b00000, 0x0000000092b00000, 0x0000000092c00000|  0%| F|  |TAMS 0x0000000092b00000, 0x0000000092b00000| Untracked 
| 300|0x0000000092c00000, 0x0000000092c00000, 0x0000000092d00000|  0%| F|  |TAMS 0x0000000092c00000, 0x0000000092c00000| Untracked 
| 301|0x0000000092d00000, 0x0000000092d00000, 0x0000000092e00000|  0%| F|  |TAMS 0x0000000092d00000, 0x0000000092d00000| Untracked 
| 302|0x0000000092e00000, 0x0000000092e00000, 0x0000000092f00000|  0%| F|  |TAMS 0x0000000092e00000, 0x0000000092e00000| Untracked 
| 303|0x0000000092f00000, 0x0000000092f00000, 0x0000000093000000|  0%| F|  |TAMS 0x0000000092f00000, 0x0000000092f00000| Untracked 
| 304|0x0000000093000000, 0x0000000093000000, 0x0000000093100000|  0%| F|  |TAMS 0x0000000093000000, 0x0000000093000000| Untracked 
| 305|0x0000000093100000, 0x0000000093100000, 0x0000000093200000|  0%| F|  |TAMS 0x0000000093100000, 0x0000000093100000| Untracked 
| 306|0x0000000093200000, 0x0000000093200000, 0x0000000093300000|  0%| F|  |TAMS 0x0000000093200000, 0x0000000093200000| Untracked 
| 307|0x0000000093300000, 0x0000000093300000, 0x0000000093400000|  0%| F|  |TAMS 0x0000000093300000, 0x0000000093300000| Untracked 
| 308|0x0000000093400000, 0x0000000093400000, 0x0000000093500000|  0%| F|  |TAMS 0x0000000093400000, 0x0000000093400000| Untracked 
| 309|0x0000000093500000, 0x0000000093500000, 0x0000000093600000|  0%| F|  |TAMS 0x0000000093500000, 0x0000000093500000| Untracked 
| 310|0x0000000093600000, 0x0000000093600000, 0x0000000093700000|  0%| F|  |TAMS 0x0000000093600000, 0x0000000093600000| Untracked 
| 311|0x0000000093700000, 0x0000000093700000, 0x0000000093800000|  0%| F|  |TAMS 0x0000000093700000, 0x0000000093700000| Untracked 
| 312|0x0000000093800000, 0x0000000093800000, 0x0000000093900000|  0%| F|  |TAMS 0x0000000093800000, 0x0000000093800000| Untracked 
| 313|0x0000000093900000, 0x0000000093900000, 0x0000000093a00000|  0%| F|  |TAMS 0x0000000093900000, 0x0000000093900000| Untracked 
| 314|0x0000000093a00000, 0x0000000093a00000, 0x0000000093b00000|  0%| F|  |TAMS 0x0000000093a00000, 0x0000000093a00000| Untracked 
| 315|0x0000000093b00000, 0x0000000093b00000, 0x0000000093c00000|  0%| F|  |TAMS 0x0000000093b00000, 0x0000000093b00000| Untracked 

Card table byte_map: [0x000002b4991b0000,0x000002b4995b0000] _byte_map_base: 0x000002b498db0000

Marking Bits (Prev, Next): (CMBitMap*) 0x000002b485fae960, (CMBitMap*) 0x000002b485fae928
 Prev Bits: [0x000002b49b9b0000, 0x000002b49d9b0000)
 Next Bits: [0x000002b4999b0000, 0x000002b49b9b0000)

Polling page: 0x000002b485750000

Metaspace:

Usage:
  Non-class:     82.39 MB capacity,    81.01 MB ( 98%) used,     1.12 MB (  1%) free+waste,   264.19 KB ( <1%) overhead. 
      Class:     12.97 MB capacity,    12.16 MB ( 94%) used,   707.13 KB (  5%) free+waste,   118.13 KB ( <1%) overhead. 
       Both:     95.36 MB capacity,    93.18 MB ( 98%) used,     1.81 MB (  2%) free+waste,   382.31 KB ( <1%) overhead. 

Virtual space:
  Non-class space:       84.00 MB reserved,      82.75 MB ( 99%) committed 
      Class space:        1.00 GB reserved,      13.20 MB (  1%) committed 
             Both:        1.08 GB reserved,      95.95 MB (  9%) committed 

Chunk freelists:
   Non-Class:  242.00 KB
       Class:  128.00 KB
        Both:  370.00 KB

MaxMetaspaceSize: 17179869184.00 GB
CompressedClassSpaceSize: 1.00 GB

CodeHeap 'non-profiled nmethods': size=120000Kb used=7755Kb max_used=7755Kb free=112244Kb
 bounds [0x000002b491530000, 0x000002b491cd0000, 0x000002b498a60000]
CodeHeap 'profiled nmethods': size=120000Kb used=25663Kb max_used=25663Kb free=94336Kb
 bounds [0x000002b48a000000, 0x000002b48b910000, 0x000002b491530000]
CodeHeap 'non-nmethods': size=5760Kb used=2306Kb max_used=2368Kb free=3453Kb
 bounds [0x000002b489a60000, 0x000002b489cd0000, 0x000002b48a000000]
 total_blobs=12825 nmethods=11915 adapters=821
 compilation: enabled
              stopped_count=0, restarted_count=0
 full_count=0

Compilation events (20 events):
Event: 23.575 Thread 0x000002b4a0d61800 nmethod 12177 0x000002b48b8d5b90 code [0x000002b48b8d5d40, 0x000002b48b8d5e98]
Event: 23.575 Thread 0x000002b4a0d61800 12178       2       com.android.tools.r8.code.e3::<init> (7 bytes)
Event: 23.576 Thread 0x000002b4a0d61800 nmethod 12178 0x000002b48b8d5f90 code [0x000002b48b8d6140, 0x000002b48b8d6298]
Event: 23.576 Thread 0x000002b4a0d61800 12179       2       com.android.tools.r8.code.m1::<init> (13 bytes)
Event: 23.576 Thread 0x000002b4a0d61800 nmethod 12179 0x000002b48b8d6390 code [0x000002b48b8d6540, 0x000002b48b8d6668]
Event: 23.577 Thread 0x000002b4a0d61800 12180 %     3       com.android.tools.r8.code.w1::a @ 20 (4137 bytes)
Event: 23.631 Thread 0x000002b4a2954000 nmethod 12094 0x000002b491cbfe10 code [0x000002b491cc0060, 0x000002b491cc11b8]
Event: 23.631 Thread 0x000002b4a2954000 12140   !   4       com.android.tools.r8.graph.c0::J (125 bytes)
Event: 23.653 Thread 0x000002b4a0d61800 nmethod 12180% 0x000002b48b8d6790 code [0x000002b48b8d9b40, 0x000002b48b901ba8]
Event: 23.653 Thread 0x000002b4a0d61800 12181       2       com.android.tools.r8.code.w1$a::<init> (28 bytes)
Event: 23.653 Thread 0x000002b4a2954000 nmethod 12140 0x000002b491cc1a90 code [0x000002b491cc1ca0, 0x000002b491cc22a0]
Event: 23.653 Thread 0x000002b4a0d61800 nmethod 12181 0x000002b48b90f110 code [0x000002b48b90f2c0, 0x000002b48b90f418]
Event: 23.653 Thread 0x000002b4a0d61800 12185       2       com.android.tools.r8.code.d3::<init> (7 bytes)
Event: 23.653 Thread 0x000002b4a2954000 12038       4       com.android.tools.r8.internal.jb::d (61 bytes)
Event: 23.654 Thread 0x000002b4a0d61800 nmethod 12185 0x000002b48b90f490 code [0x000002b48b90f640, 0x000002b48b90f798]
Event: 23.654 Thread 0x000002b4a0d61800 12188       2       com.android.tools.r8.code.l1::<init> (7 bytes)
Event: 23.654 Thread 0x000002b4a0d61800 nmethod 12188 0x000002b48b90f890 code [0x000002b48b90fa60, 0x000002b48b90fc28]
Event: 23.654 Thread 0x000002b4a0d61800 12211       2       com.android.tools.r8.code.w1::a (4137 bytes)
Event: 23.666 Thread 0x000002b4a2954000 nmethod 12038 0x000002b491cc2790 code [0x000002b491cc2920, 0x000002b491cc2b58]
Event: 23.667 Thread 0x000002b4a2954000 11981       4       com.android.tools.r8.dex.j$d::a (102 bytes)

GC Heap History (20 events):
Event: 14.934 GC heap after
{Heap after GC invocations=15 (full 0):
 garbage-first heap   total 262144K, used 82049K [0x0000000080000000, 0x0000000100000000)
  region size 1024K, 15 young (15360K), 15 survivors (15360K)
 Metaspace       used 84397K, capacity 86587K, committed 86604K, reserved 1124352K
  class space    used 11022K, capacity 11836K, committed 11852K, reserved 1048576K
}
Event: 15.862 GC heap before
{Heap before GC invocations=15 (full 0):
 garbage-first heap   total 262144K, used 182400K [0x0000000080000000, 0x0000000100000000)
  region size 1024K, 113 young (115712K), 15 survivors (15360K)
 Metaspace       used 85113K, capacity 87351K, committed 87372K, reserved 1124352K
  class space    used 11041K, capacity 11846K, committed 11852K, reserved 1048576K
}
Event: 15.886 GC heap after
{Heap after GC invocations=16 (full 0):
 garbage-first heap   total 262144K, used 89153K [0x0000000080000000, 0x0000000100000000)
  region size 1024K, 9 young (9216K), 9 survivors (9216K)
 Metaspace       used 85113K, capacity 87351K, committed 87372K, reserved 1124352K
  class space    used 11041K, capacity 11846K, committed 11852K, reserved 1048576K
}
Event: 16.601 GC heap before
{Heap before GC invocations=16 (full 0):
 garbage-first heap   total 262144K, used 188481K [0x0000000080000000, 0x0000000100000000)
  region size 1024K, 107 young (109568K), 9 survivors (9216K)
 Metaspace       used 85396K, capacity 87639K, committed 87756K, reserved 1124352K
  class space    used 11075K, capacity 11895K, committed 11980K, reserved 1048576K
}
Event: 16.621 GC heap after
{Heap after GC invocations=17 (full 0):
 garbage-first heap   total 262144K, used 94493K [0x0000000080000000, 0x0000000100000000)
  region size 1024K, 8 young (8192K), 8 survivors (8192K)
 Metaspace       used 85396K, capacity 87639K, committed 87756K, reserved 1124352K
  class space    used 11075K, capacity 11895K, committed 11980K, reserved 1048576K
}
Event: 17.271 GC heap before
{Heap before GC invocations=17 (full 0):
 garbage-first heap   total 262144K, used 193821K [0x0000000080000000, 0x0000000100000000)
  region size 1024K, 106 young (108544K), 8 survivors (8192K)
 Metaspace       used 87737K, capacity 90095K, committed 90444K, reserved 1128448K
  class space    used 11357K, capacity 12225K, committed 12364K, reserved 1048576K
}
Event: 17.291 GC heap after
{Heap after GC invocations=18 (full 0):
 garbage-first heap   total 262144K, used 99109K [0x0000000080000000, 0x0000000100000000)
  region size 1024K, 7 young (7168K), 7 survivors (7168K)
 Metaspace       used 87737K, capacity 90095K, committed 90444K, reserved 1128448K
  class space    used 11357K, capacity 12225K, committed 12364K, reserved 1048576K
}
Event: 17.865 GC heap before
{Heap before GC invocations=18 (full 0):
 garbage-first heap   total 262144K, used 198437K [0x0000000080000000, 0x0000000100000000)
  region size 1024K, 105 young (107520K), 7 survivors (7168K)
 Metaspace       used 89803K, capacity 92136K, committed 92364K, reserved 1128448K
  class space    used 11612K, capacity 12455K, committed 12492K, reserved 1048576K
}
Event: 17.886 GC heap after
{Heap after GC invocations=19 (full 0):
 garbage-first heap   total 262144K, used 102023K [0x0000000080000000, 0x0000000100000000)
  region size 1024K, 10 young (10240K), 10 survivors (10240K)
 Metaspace       used 89803K, capacity 92136K, committed 92364K, reserved 1128448K
  class space    used 11612K, capacity 12455K, committed 12492K, reserved 1048576K
}
Event: 20.151 GC heap before
{Heap before GC invocations=19 (full 0):
 garbage-first heap   total 262144K, used 178823K [0x0000000080000000, 0x0000000100000000)
  region size 1024K, 62 young (63488K), 10 survivors (10240K)
 Metaspace       used 93279K, capacity 95633K, committed 95948K, reserved 1132544K
  class space    used 12068K, capacity 12918K, committed 13004K, reserved 1048576K
}
Event: 20.188 GC heap after
{Heap after GC invocations=20 (full 0):
 garbage-first heap   total 262144K, used 139298K [0x0000000080000000, 0x0000000100000000)
  region size 1024K, 14 young (14336K), 14 survivors (14336K)
 Metaspace       used 93279K, capacity 95633K, committed 95948K, reserved 1132544K
  class space    used 12068K, capacity 12918K, committed 13004K, reserved 1048576K
}
Event: 20.898 GC heap before
{Heap before GC invocations=21 (full 0):
 garbage-first heap   total 262144K, used 228386K [0x0000000080000000, 0x0000000100000000)
  region size 1024K, 65 young (66560K), 14 survivors (14336K)
 Metaspace       used 93173K, capacity 95312K, committed 95948K, reserved 1132544K
  class space    used 11983K, capacity 12759K, committed 13004K, reserved 1048576K
}
Event: 21.000 GC heap after
{Heap after GC invocations=22 (full 0):
 garbage-first heap   total 323584K, used 181401K [0x0000000080000000, 0x0000000100000000)
  region size 1024K, 10 young (10240K), 10 survivors (10240K)
 Metaspace       used 93173K, capacity 95312K, committed 95948K, reserved 1132544K
  class space    used 11983K, capacity 12759K, committed 13004K, reserved 1048576K
}
Event: 21.629 GC heap before
{Heap before GC invocations=23 (full 0):
 garbage-first heap   total 323584K, used 220313K [0x0000000080000000, 0x0000000100000000)
  region size 1024K, 47 young (48128K), 10 survivors (10240K)
 Metaspace       used 93173K, capacity 95312K, committed 95948K, reserved 1132544K
  class space    used 11983K, capacity 12759K, committed 13004K, reserved 1048576K
}
Event: 21.692 GC heap after
{Heap after GC invocations=24 (full 0):
 garbage-first heap   total 323584K, used 196875K [0x0000000080000000, 0x0000000100000000)
  region size 1024K, 9 young (9216K), 9 survivors (9216K)
 Metaspace       used 93173K, capacity 95312K, committed 95948K, reserved 1132544K
  class space    used 11983K, capacity 12759K, committed 13004K, reserved 1048576K
}
Event: 22.780 GC heap before
{Heap before GC invocations=25 (full 0):
 garbage-first heap   total 323584K, used 251147K [0x0000000080000000, 0x0000000100000000)
  region size 1024K, 57 young (58368K), 9 survivors (9216K)
 Metaspace       used 95293K, capacity 97575K, committed 98252K, reserved 1134592K
  class space    used 12454K, capacity 13280K, committed 13516K, reserved 1048576K
}
Event: 22.851 GC heap after
{Heap after GC invocations=26 (full 0):
 garbage-first heap   total 323584K, used 222094K [0x0000000080000000, 0x0000000100000000)
  region size 1024K, 8 young (8192K), 8 survivors (8192K)
 Metaspace       used 95293K, capacity 97575K, committed 98252K, reserved 1134592K
  class space    used 12454K, capacity 13280K, committed 13516K, reserved 1048576K
}
Event: 23.225 GC heap before
{Heap before GC invocations=26 (full 0):
 garbage-first heap   total 323584K, used 257934K [0x0000000080000000, 0x0000000100000000)
  region size 1024K, 44 young (45056K), 8 survivors (8192K)
 Metaspace       used 95361K, capacity 97581K, committed 98252K, reserved 1134592K
  class space    used 12454K, capacity 13280K, committed 13516K, reserved 1048576K
}
Event: 23.297 GC heap after
{Heap after GC invocations=27 (full 0):
 garbage-first heap   total 323584K, used 241519K [0x0000000080000000, 0x0000000100000000)
  region size 1024K, 6 young (6144K), 6 survivors (6144K)
 Metaspace       used 95361K, capacity 97581K, committed 98252K, reserved 1134592K
  class space    used 12454K, capacity 13280K, committed 13516K, reserved 1048576K
}
Event: 23.678 GC heap before
{Heap before GC invocations=27 (full 0):
 garbage-first heap   total 323584K, used 265071K [0x0000000080000000, 0x0000000100000000)
  region size 1024K, 30 young (30720K), 6 survivors (6144K)
 Metaspace       used 95412K, capacity 97646K, committed 98252K, reserved 1134592K
  class space    used 12454K, capacity 13280K, committed 13516K, reserved 1048576K
}

Deoptimization events (20 events):
Event: 22.603 Thread 0x000002b4a4739800 DEOPT PACKING pc=0x000002b48b7e3ddf sp=0x000000df197fe760
Event: 22.604 Thread 0x000002b4a4739800 DEOPT UNPACKING pc=0x000002b489a876ce sp=0x000000df197fdcb8 mode 0
Event: 22.632 Thread 0x000002b4a45f0800 DEOPT PACKING pc=0x000002b48b7e3ddf sp=0x000000df199fea40
Event: 22.632 Thread 0x000002b4a45f0800 DEOPT UNPACKING pc=0x000002b489a876ce sp=0x000000df199fdf98 mode 0
Event: 22.894 Thread 0x000002b4a45ee800 DEOPT PACKING pc=0x000002b48b7e3ddf sp=0x000000df19bfea30
Event: 22.894 Thread 0x000002b4a45ee800 DEOPT UNPACKING pc=0x000002b489a876ce sp=0x000000df19bfdf88 mode 0
Event: 22.962 Thread 0x000002b4a45f0800 DEOPT PACKING pc=0x000002b48b7e3ddf sp=0x000000df199fea40
Event: 22.962 Thread 0x000002b4a45f0800 DEOPT UNPACKING pc=0x000002b489a876ce sp=0x000000df199fdf98 mode 0
Event: 23.109 Thread 0x000002b4a45f0800 DEOPT PACKING pc=0x000002b48b7e3ddf sp=0x000000df199fea40
Event: 23.109 Thread 0x000002b4a45f0800 DEOPT UNPACKING pc=0x000002b489a876ce sp=0x000000df199fdf98 mode 0
Event: 23.218 Thread 0x000002b4a45ec800 DEOPT PACKING pc=0x000002b48b7e3ddf sp=0x000000df198fe940
Event: 23.218 Thread 0x000002b4a45ec800 DEOPT UNPACKING pc=0x000002b489a876ce sp=0x000000df198fde98 mode 0
Event: 23.447 Thread 0x000002b4a4736000 DEOPT PACKING pc=0x000002b48b7e3ddf sp=0x000000df195fe840
Event: 23.447 Thread 0x000002b4a4736000 DEOPT UNPACKING pc=0x000002b489a876ce sp=0x000000df195fdd98 mode 0
Event: 23.537 Thread 0x000002b4a45ed800 DEOPT PACKING pc=0x000002b48b7e3ddf sp=0x000000df19afea00
Event: 23.538 Thread 0x000002b4a45ed800 DEOPT UNPACKING pc=0x000002b489a876ce sp=0x000000df19afdf58 mode 0
Event: 23.576 Thread 0x000002b4a4736000 Uncommon trap: trap_request=0xffffff4d fr.pc=0x000002b491cb9dfc relative=0x000000000000939c
Event: 23.576 Thread 0x000002b4a4736000 Uncommon trap: reason=unstable_if action=reinterpret pc=0x000002b491cb9dfc method=com.android.tools.r8.code.w1.a(Ljava/nio/ShortBuffer;IILcom/android/tools/r8/internal/av;)[Lcom/android/tools/r8/code/v1; @ 541 c2
Event: 23.576 Thread 0x000002b4a4736000 DEOPT PACKING pc=0x000002b491cb9dfc sp=0x000000df195fe940
Event: 23.576 Thread 0x000002b4a4736000 DEOPT UNPACKING pc=0x000002b489a878af sp=0x000000df195fe928 mode 2

Classes redefined (0 events):
No events

Internal exceptions (20 events):
Event: 16.846 Thread 0x000002b4a4733000 Exception <a 'java/lang/NoSuchMethodError'{0x000000008e9fa0f0}: <clinit>> (0x000000008e9fa0f0) thrown at [./src/hotspot/share/prims/jni.cpp, line 1362]
Event: 16.850 Thread 0x000002b4a4733000 Exception <a 'java/lang/NoSuchMethodError'{0x000000008e830b50}: <clinit>> (0x000000008e830b50) thrown at [./src/hotspot/share/prims/jni.cpp, line 1362]
Event: 16.855 Thread 0x000002b4a4733000 Exception <a 'java/lang/NoSuchMethodError'{0x000000008e8730f8}: <clinit>> (0x000000008e8730f8) thrown at [./src/hotspot/share/prims/jni.cpp, line 1362]
Event: 16.856 Thread 0x000002b4a4733000 Exception <a 'java/lang/NoSuchMethodError'{0x000000008e885c50}: <clinit>> (0x000000008e885c50) thrown at [./src/hotspot/share/prims/jni.cpp, line 1362]
Event: 17.154 Thread 0x000002b4a83cd800 Implicit null exception at 0x000002b491b85ccf to 0x000002b491b86590
Event: 18.884 Thread 0x000002b4a4734800 Exception <a 'java/lang/NoSuchMethodError'{0x000000008d625fa8}: 'void java.lang.invoke.DirectMethodHandle$Holder.invokeStatic(java.lang.Object, long)'> (0x000000008d625fa8) thrown at [./src/hotspot/share/interpreter/linkResolver.cpp, line 773]
Event: 18.885 Thread 0x000002b4a4734800 Exception <a 'java/lang/NoSuchMethodError'{0x000000008d62b1c0}: 'java.lang.Object java.lang.invoke.DirectMethodHandle$Holder.invokeStatic(java.lang.Object, long)'> (0x000000008d62b1c0) thrown at [./src/hotspot/share/interpreter/linkResolver.cpp, line 773]
Event: 18.889 Thread 0x000002b4a4734800 Exception <a 'java/lang/NoSuchMethodError'{0x000000008d639528}: 'java.lang.Object java.lang.invoke.DirectMethodHandle$Holder.invokeStaticInit(java.lang.Object, java.lang.Object, long, java.lang.Object)'> (0x000000008d639528) thrown at [./src/hotspot/share/interpreter/linkResolver.cpp, line 773]
Event: 18.893 Thread 0x000002b4a4734800 Exception <a 'java/lang/NoSuchMethodError'{0x000000008d63f6c0}: 'java.lang.Object java.lang.invoke.DirectMethodHandle$Holder.invokeStatic(java.lang.Object, java.lang.Object, long)'> (0x000000008d63f6c0) thrown at [./src/hotspot/share/interpreter/linkResolver.cpp, line 773]
Event: 18.894 Thread 0x000002b4a4734800 Exception <a 'java/lang/NoSuchMethodError'{0x000000008d645c38}: 'java.lang.Object java.lang.invoke.Invokers$Holder.linkToTargetMethod(java.lang.Object, long, java.lang.Object)'> (0x000000008d645c38) thrown at [./src/hotspot/share/interpreter/linkResolver.cpp, line 773]
Event: 18.904 Thread 0x000002b4a473a000 Exception <a 'sun/nio/fs/WindowsException'{0x000000008d510340}> (0x000000008d510340) thrown at [./src/hotspot/share/prims/jni.cpp, line 615]
Event: 19.761 Thread 0x000002b4a4734800 Exception <a 'java/lang/NoSuchMethodError'{0x000000008d0a3820}: 'int java.lang.invoke.DirectMethodHandle$Holder.invokeSpecialIFC(java.lang.Object, java.lang.Object, java.lang.Object)'> (0x000000008d0a3820) thrown at [./src/hotspot/share/interpreter/linkResolver.cpp, line 773]
Event: 20.130 Thread 0x000002b4a473a000 Exception <a 'java/lang/NoSuchMethodError'{0x000000008cdbd4e8}: 'java.lang.Object java.lang.invoke.DirectMethodHandle$Holder.invokeStatic(java.lang.Object, java.lang.Object, java.lang.Object, java.lang.Object, java.lang.Object, java.lang.Object, java.lang.Object, java.lang.Object, java.lang.Object, java.lang.Object, java.lang.Object, java.lang.Object, java.lang.Object, java.lang.Object, java.lang.Object, java.lang.Object, java.lang.Object, java.lang.Object, int, java.lang.Object)'> (0x000000008cdbd4e8) thr
Event: 20.130 Thread 0x000002b4a473a000 Exception <a 'java/lang/NoSuchMethodError'{0x000000008cdc2d78}: 'java.lang.Object java.lang.invoke.DirectMethodHandle$Holder.invokeStaticInit(java.lang.Object, java.lang.Object, java.lang.Object, java.lang.Object, java.lang.Object, java.lang.Object, java.lang.Object, java.lang.Object, java.lang.Object, java.lang.Object, java.lang.Object, java.lang.Object, java.lang.Object, java.lang.Object, java.lang.Object, java.lang.Object, java.lang.Object, java.lang.Object, int, java.lang.Object)'> (0x000000008cdc2d78)
Event: 22.311 Thread 0x000002b4a4739800 Exception <a 'java/lang/NoSuchMethodError'{0x0000000091bcfbd8}: 'java.lang.Object java.lang.invoke.DirectMethodHandle$Holder.newInvokeSpecial(java.lang.Object, int)'> (0x0000000091bcfbd8) thrown at [./src/hotspot/share/interpreter/linkResolver.cpp, line 773]
Event: 22.316 Thread 0x000002b4a45ef000 Exception <a 'java/lang/IncompatibleClassChangeError'{0x0000000091a6fe08}: Found class java.lang.Object, but interface was expected> (0x0000000091a6fe08) thrown at [./src/hotspot/share/interpreter/linkResolver.cpp, line 839]
Event: 22.345 Thread 0x000002b4a45ef000 Exception <a 'java/lang/IncompatibleClassChangeError'{0x0000000091a8e898}: Found class java.lang.Object, but interface was expected> (0x0000000091a8e898) thrown at [./src/hotspot/share/interpreter/linkResolver.cpp, line 839]
Event: 22.347 Thread 0x000002b4a45ef000 Exception <a 'java/lang/IncompatibleClassChangeError'{0x000000009190e860}: Found class java.lang.Object, but interface was expected> (0x000000009190e860) thrown at [./src/hotspot/share/interpreter/linkResolver.cpp, line 839]
Event: 22.356 Thread 0x000002b4a4739800 Exception <a 'java/lang/NoSuchMethodError'{0x0000000091ad68b8}: 'long java.lang.invoke.DirectMethodHandle$Holder.invokeStatic(java.lang.Object, java.lang.Object, java.lang.Object)'> (0x0000000091ad68b8) thrown at [./src/hotspot/share/interpreter/linkResolver.cpp, line 773]
Event: 22.356 Thread 0x000002b4a45ef000 Exception <a 'java/lang/NoSuchMethodError'{0x000000009193ba88}: 'long java.lang.invoke.DirectMethodHandle$Holder.invokeStatic(java.lang.Object, java.lang.Object, java.lang.Object)'> (0x000000009193ba88) thrown at [./src/hotspot/share/interpreter/linkResolver.cpp, line 773]

Events (20 events):
Event: 22.544 loading class com/android/tools/r8/internal/mu$a done
Event: 22.545 loading class com/android/tools/r8/internal/Ju
Event: 22.545 loading class com/android/tools/r8/internal/Ju done
Event: 22.545 loading class com/android/tools/r8/internal/mu$f
Event: 22.545 loading class com/android/tools/r8/internal/mu$f done
Event: 22.546 loading class com/android/tools/r8/internal/Sb$a
Event: 22.546 loading class com/android/tools/r8/internal/Sb$a done
Event: 22.547 loading class com/android/tools/r8/internal/ou
Event: 22.547 loading class com/android/tools/r8/internal/ou done
Event: 22.547 loading class com/android/tools/r8/internal/qr
Event: 22.547 loading class com/android/tools/r8/internal/qr done
Event: 22.548 loading class com/android/tools/r8/internal/mu$d
Event: 22.548 loading class com/android/tools/r8/internal/mu$d done
Event: 22.548 loading class com/android/tools/r8/internal/nu
Event: 22.548 loading class com/android/tools/r8/internal/nu done
Event: 22.708 Executing VM operation: G1CollectForAllocation
Event: 22.851 Executing VM operation: G1CollectForAllocation done
Event: 23.225 Executing VM operation: G1CollectForAllocation
Event: 23.297 Executing VM operation: G1CollectForAllocation done
Event: 23.677 Executing VM operation: G1CollectForAllocation


Dynamic libraries:
0x00007ff6b31c0000 - 0x00007ff6b31ca000 	C:\Program Files\Android\Android Studio\jre\bin\java.exe
0x00007ffb45fb0000 - 0x00007ffb461a5000 	C:\Windows\SYSTEM32\ntdll.dll
0x00007ffb44e90000 - 0x00007ffb44f4e000 	C:\Windows\System32\KERNEL32.DLL
0x00007ffb43820000 - 0x00007ffb43ae8000 	C:\Windows\System32\KERNELBASE.dll
0x00007ffb43b20000 - 0x00007ffb43c20000 	C:\Windows\System32\ucrtbase.dll
0x00007ffb1f260000 - 0x00007ffb1f279000 	C:\Program Files\Android\Android Studio\jre\bin\jli.dll
0x00007ffb1f3b0000 - 0x00007ffb1f3c7000 	C:\Program Files\Android\Android Studio\jre\bin\VCRUNTIME140.dll
0x00007ffb44470000 - 0x00007ffb44611000 	C:\Windows\System32\USER32.dll
0x00007ffb43af0000 - 0x00007ffb43b12000 	C:\Windows\System32\win32u.dll
0x00007ffb45e60000 - 0x00007ffb45e8b000 	C:\Windows\System32\GDI32.dll
0x00007ffb2d960000 - 0x00007ffb2dbfa000 	C:\Windows\WinSxS\amd64_microsoft.windows.common-controls_6595b64144ccf1df_6.0.19041.1110_none_60b5254171f9507e\COMCTL32.dll
0x00007ffb43d50000 - 0x00007ffb43e5d000 	C:\Windows\System32\gdi32full.dll
0x00007ffb45dc0000 - 0x00007ffb45e5e000 	C:\Windows\System32\msvcrt.dll
0x00007ffb43c20000 - 0x00007ffb43cbd000 	C:\Windows\System32\msvcp_win.dll
0x00007ffb45310000 - 0x00007ffb45340000 	C:\Windows\System32\IMM32.DLL
0x00007ffaf3d40000 - 0x00007ffaf3ddd000 	C:\Program Files\Android\Android Studio\jre\bin\msvcp140.dll
0x00007ffafc740000 - 0x00007ffafd20f000 	C:\Program Files\Android\Android Studio\jre\bin\server\jvm.dll
0x00007ffb44f70000 - 0x00007ffb4501c000 	C:\Windows\System32\ADVAPI32.dll
0x00007ffb44cb0000 - 0x00007ffb44d4b000 	C:\Windows\System32\sechost.dll
0x00007ffb44b00000 - 0x00007ffb44c2a000 	C:\Windows\System32\RPCRT4.dll
0x00007ffb45d50000 - 0x00007ffb45d58000 	C:\Windows\System32\PSAPI.DLL
0x00007ffb3e050000 - 0x00007ffb3e059000 	C:\Windows\SYSTEM32\WSOCK32.dll
0x00007ffb1cdf0000 - 0x00007ffb1ce17000 	C:\Windows\SYSTEM32\WINMM.dll
0x00007ffb450d0000 - 0x00007ffb4513b000 	C:\Windows\System32\WS2_32.dll
0x00007ffb3df70000 - 0x00007ffb3df7a000 	C:\Windows\SYSTEM32\VERSION.dll
0x00007ffb415b0000 - 0x00007ffb415c2000 	C:\Windows\SYSTEM32\kernel.appcore.dll
0x00007ffb3cff0000 - 0x00007ffb3d001000 	C:\Program Files\Android\Android Studio\jre\bin\verify.dll
0x00007ffb1c2b0000 - 0x00007ffb1c494000 	C:\Windows\SYSTEM32\DBGHELP.DLL
0x00007ffb1c280000 - 0x00007ffb1c2ac000 	C:\Windows\SYSTEM32\dbgcore.DLL
0x00007ffb43cc0000 - 0x00007ffb43d42000 	C:\Windows\System32\bcryptPrimitives.dll
0x00007ffb3cfc0000 - 0x00007ffb3cfe9000 	C:\Program Files\Android\Android Studio\jre\bin\java.dll
0x00007ffb3d430000 - 0x00007ffb3d43b000 	C:\Program Files\Android\Android Studio\jre\bin\jimage.dll
0x00007ffb3c660000 - 0x00007ffb3c678000 	C:\Program Files\Android\Android Studio\jre\bin\zip.dll
0x00007ffb455a0000 - 0x00007ffb45ce4000 	C:\Windows\System32\SHELL32.dll
0x00007ffb417b0000 - 0x00007ffb41f44000 	C:\Windows\SYSTEM32\windows.storage.dll
0x00007ffb447a0000 - 0x00007ffb44af5000 	C:\Windows\System32\combase.dll
0x00007ffb430a0000 - 0x00007ffb430ce000 	C:\Windows\SYSTEM32\Wldp.dll
0x00007ffb45340000 - 0x00007ffb453ed000 	C:\Windows\System32\SHCORE.dll
0x00007ffb45cf0000 - 0x00007ffb45d45000 	C:\Windows\System32\shlwapi.dll
0x00007ffb43600000 - 0x00007ffb4361f000 	C:\Windows\SYSTEM32\profapi.dll
0x00007ffb39550000 - 0x00007ffb3956a000 	C:\Program Files\Android\Android Studio\jre\bin\net.dll
0x00007ffb3af20000 - 0x00007ffb3b02c000 	C:\Windows\SYSTEM32\WINHTTP.dll
0x00007ffb42da0000 - 0x00007ffb42e0a000 	C:\Windows\system32\mswsock.dll
0x00007ffb26590000 - 0x00007ffb265a4000 	C:\Program Files\Android\Android Studio\jre\bin\nio.dll
0x00007ffb228f0000 - 0x00007ffb22917000 	C:\Users\SK\.gradle\native\8bec1ad78214c89d9ad589b4d07fe93259594b29d510b10fafb7a158f7737e5d\windows-amd64\native-platform.dll
0x00007ffb1f0b0000 - 0x00007ffb1f1ed000 	C:\Users\SK\.gradle\native\53dbd7edfb1c66fb8903c78663c9afc45aea4f116125fa6feffd364cf09443e8\windows-amd64\native-platform-file-events.dll
0x00007ffb3c870000 - 0x00007ffb3c87a000 	C:\Program Files\Android\Android Studio\jre\bin\management.dll
0x00007ffb2f520000 - 0x00007ffb2f52c000 	C:\Program Files\Android\Android Studio\jre\bin\management_ext.dll
0x00007ffb42ff0000 - 0x00007ffb43008000 	C:\Windows\SYSTEM32\CRYPTSP.dll
0x00007ffb42720000 - 0x00007ffb42754000 	C:\Windows\system32\rsaenh.dll
0x00007ffb43f70000 - 0x00007ffb43f97000 	C:\Windows\System32\bcrypt.dll
0x00007ffb435c0000 - 0x00007ffb435ee000 	C:\Windows\SYSTEM32\USERENV.dll
0x00007ffb43010000 - 0x00007ffb4301c000 	C:\Windows\SYSTEM32\CRYPTBASE.dll
0x00007ffb42a90000 - 0x00007ffb42acb000 	C:\Windows\SYSTEM32\IPHLPAPI.DLL
0x00007ffb45e90000 - 0x00007ffb45e98000 	C:\Windows\System32\NSI.dll
0x00007ffb3d410000 - 0x00007ffb3d427000 	C:\Windows\SYSTEM32\dhcpcsvc6.DLL
0x00007ffb3d1c0000 - 0x00007ffb3d1dd000 	C:\Windows\SYSTEM32\dhcpcsvc.DLL
0x00007ffb42ad0000 - 0x00007ffb42b9b000 	C:\Windows\SYSTEM32\DNSAPI.dll

dbghelp: loaded successfully - version: 4.0.5 - missing functions: none
symbol engine: initialized successfully - sym options: 0x614 - pdb path: .;C:\Program Files\Android\Android Studio\jre\bin;C:\Windows\SYSTEM32;C:\Windows\WinSxS\amd64_microsoft.windows.common-controls_6595b64144ccf1df_6.0.19041.1110_none_60b5254171f9507e;C:\Program Files\Android\Android Studio\jre\bin\server;C:\Users\SK\.gradle\native\8bec1ad78214c89d9ad589b4d07fe93259594b29d510b10fafb7a158f7737e5d\windows-amd64;C:\Users\SK\.gradle\native\53dbd7edfb1c66fb8903c78663c9afc45aea4f116125fa6feffd364cf09443e8\windows-amd64

VM Arguments:
jvm_args: --add-opens=java.base/java.util=ALL-UNNAMED --add-opens=java.base/java.lang=ALL-UNNAMED --add-opens=java.base/java.lang.invoke=ALL-UNNAMED --add-opens=java.base/java.util=ALL-UNNAMED --add-opens=java.prefs/java.util.prefs=ALL-UNNAMED --add-opens=java.prefs/java.util.prefs=ALL-UNNAMED --add-opens=java.base/java.nio.charset=ALL-UNNAMED --add-opens=java.base/java.net=ALL-UNNAMED --add-opens=java.base/java.util.concurrent.atomic=ALL-UNNAMED -Xmx2048m -Dfile.encoding=UTF-8 -Duser.country=IN -Duser.language=en -Duser.variant 
java_command: org.gradle.launcher.daemon.bootstrap.GradleDaemon 7.0.2
java_class_path (initial): C:\Users\SK\.gradle\wrapper\dists\gradle-7.0.2-bin\857tjihv64xamwrf0h14cai3r\gradle-7.0.2\lib\gradle-launcher-7.0.2.jar
Launcher Type: SUN_STANDARD

[Global flags]
     intx CICompilerCount                          = 4                                         {product} {ergonomic}
     uint ConcGCThreads                            = 2                                         {product} {ergonomic}
     uint G1ConcRefinementThreads                  = 8                                         {product} {ergonomic}
   size_t G1HeapRegionSize                         = 1048576                                   {product} {ergonomic}
    uintx GCDrainStackTargetSize                   = 64                                        {product} {ergonomic}
   size_t InitialHeapSize                          = 268435456                                 {product} {ergonomic}
   size_t MarkStackSize                            = 4194304                                   {product} {ergonomic}
   size_t MaxHeapSize                              = 2147483648                                {product} {command line}
   size_t MaxNewSize                               = 1287651328                                {product} {ergonomic}
   size_t MinHeapDeltaBytes                        = 1048576                                   {product} {ergonomic}
    uintx NonNMethodCodeHeapSize                   = 5836300                                {pd product} {ergonomic}
    uintx NonProfiledCodeHeapSize                  = 122910970                              {pd product} {ergonomic}
    uintx ProfiledCodeHeapSize                     = 122910970                              {pd product} {ergonomic}
    uintx ReservedCodeCacheSize                    = 251658240                              {pd product} {ergonomic}
     bool SegmentedCodeCache                       = true                                      {product} {ergonomic}
     bool UseCompressedClassPointers               = true                                 {lp64_product} {ergonomic}
     bool UseCompressedOops                        = true                                 {lp64_product} {ergonomic}
     bool UseG1GC                                  = true                                      {product} {ergonomic}
     bool UseLargePagesIndividualAllocation        = false                                  {pd product} {ergonomic}

Logging:
Log output configuration:
 #0: stdout all=warning uptime,level,tags
 #1: stderr all=off uptime,level,tags

Environment Variables:
PATH=C:\Program Files\Eclipse Adoptium\jdk-17.0.1.12-hotspot\bin;C:\Program Files (x86)\VMware\VMware Workstation\bin\;C:\Program Files (x86)\NVIDIA Corporation\PhysX\Common;C:\Windows\system32;C:\Windows;C:\Windows\System32\Wbem;C:\Windows\System32\WindowsPowerShell\v1.0\;C:\Windows\System32\OpenSSH\;C:\Program Files\PuTTY\;C:\Program Files\Microsoft VS Code\bin;C:\Program Files\Git\cmd;C:\Users\SK\AppData\Local\Programs\Python\Python310\Scripts\;C:\Users\SK\AppData\Local\Programs\Python\Python310\;C:\Users\SK\AppData\Local\Microsoft\WindowsApps;;C:\Program Files\JetBrains\IntelliJ IDEA Community Edition 2021.2.2\bin;
USERNAME=SK
OS=Windows_NT
PROCESSOR_IDENTIFIER=Intel64 Family 6 Model 142 Stepping 10, GenuineIntel



---------------  S Y S T E M  ---------------

OS: Windows 10 , 64 bit Build 19041 (10.0.19041.1348)
OS uptime: 1 days 8:38 hours

CPU:total 8 (initial active 8) (4 cores per cpu, 2 threads per core) family 6 model 142 stepping 10 microcode 0xb4, cmov, cx8, fxsr, mmx, sse, sse2, sse3, ssse3, sse4.1, sse4.2, popcnt, avx, avx2, aes, clmul, erms, 3dnowpref, lzcnt, ht, tsc, tscinvbit, bmi1, bmi2, adx, fma

Memory: 4k page, system-wide physical 16270M (1789M free)
TotalPageFile size 65422M (AvailPageFile size 160M)
current process WorkingSet (physical memory assigned to process): 610M, peak: 612M
current process commit charge ("private bytes"): 653M, peak: 835M

vm_info: OpenJDK 64-Bit Server VM (11.0.10+0-b96-7249189) for windows-amd64 JRE (11.0.10+0-b96-7249189), built on Mar 31 2021 21:44:00 by "builder" with MS VC++ 14.0 (VS2015)

END.
