#
# There is insufficient memory for the Java Runtime Environment to continue.
# Native memory allocation (malloc) failed to allocate 2225456 bytes for Chunk::new
# Possible reasons:
#   The system is out of physical RAM or swap space
#   The process is running with CompressedOops enabled, and the Java Heap may be blocking the growth of the native heap
# Possible solutions:
#   Reduce memory load on the system
#   Increase physical memory or swap space
#   Check if swap backing store is full
#   Decrease Java heap size (-Xmx/-Xms)
#   Decrease number of Java threads
#   Decrease Java thread stack sizes (-Xss)
#   Set larger code cache with -XX:ReservedCodeCacheSize=
#   JVM is running with Unscaled Compressed Oops mode in which the Java heap is
#     placed in the first 4GB address space. The Java Heap base address is the
#     maximum limit for the native heap growth. Please use -XX:HeapBaseMinAddress
#     to set the Java Heap base and to place the Java Heap above 4GB virtual address.
# This output file may be truncated or incomplete.
#
#  Out of Memory Error (./src/hotspot/share/memory/arena.cpp:197), pid=7768, tid=13140
#
# JRE version: OpenJDK Runtime Environment (11.0.10) (build 11.0.10+0-b96-7249189)
# Java VM: OpenJDK 64-Bit Server VM (11.0.10+0-b96-7249189, mixed mode, tiered, compressed oops, g1 gc, windows-amd64)
# No core dump will be written. Minidumps are not enabled by default on client versions of Windows
#

---------------  S U M M A R Y ------------

Command Line: --add-opens=java.base/java.util=ALL-UNNAMED --add-opens=java.base/java.lang=ALL-UNNAMED --add-opens=java.base/java.lang.invoke=ALL-UNNAMED --add-opens=java.base/java.util=ALL-UNNAMED --add-opens=java.prefs/java.util.prefs=ALL-UNNAMED --add-opens=java.prefs/java.util.prefs=ALL-UNNAMED --add-opens=java.base/java.nio.charset=ALL-UNNAMED --add-opens=java.base/java.net=ALL-UNNAMED --add-opens=java.base/java.util.concurrent.atomic=ALL-UNNAMED -Xmx2048m -Dfile.encoding=UTF-8 -Duser.country=IN -Duser.language=en -Duser.variant org.gradle.launcher.daemon.bootstrap.GradleDaemon 7.0.2

Host: Intel(R) Core(TM) i5-8250U CPU @ 1.60GHz, 8 cores, 15G,  Windows 10 , 64 bit Build 19041 (10.0.19041.1348)
Time: Tue Nov 16 14:31:51 2021 India Standard Time elapsed time: 30.350070 seconds (0d 0h 0m 30s)

---------------  T H R E A D  ---------------

Current thread (0x0000025488f90000):  JavaThread "C2 CompilerThread1" daemon [_thread_in_native, id=13140, stack(0x000000c373a00000,0x000000c373b00000)]


Current CompileTask:
C2:  30350 13825   !   4       com.sun.tools.javac.jvm.ClassReader::classSigToType (498 bytes)

Stack: [0x000000c373a00000,0x000000c373b00000]
Native frames: (J=compiled Java code, j=interpreted, Vv=VM code, C=native code)
V  [jvm.dll+0x5ecfaa]
V  [jvm.dll+0x722bd5]
V  [jvm.dll+0x72412d]
V  [jvm.dll+0x7247e3]
V  [jvm.dll+0x242928]
V  [jvm.dll+0xbc4fc]
V  [jvm.dll+0xbca0c]
V  [jvm.dll+0x352d3b]
V  [jvm.dll+0x320ad3]
V  [jvm.dll+0x31ffca]
V  [jvm.dll+0x1fb602]
V  [jvm.dll+0x1fa7f4]
V  [jvm.dll+0x18354c]
V  [jvm.dll+0x208ee7]
V  [jvm.dll+0x207731]
V  [jvm.dll+0x6eb1cf]
V  [jvm.dll+0x6e3d45]
V  [jvm.dll+0x5ebe96]
C  [ucrtbase.dll+0x21bb2]
C  [KERNEL32.DLL+0x17034]
C  [ntdll.dll+0x52651]


---------------  P R O C E S S  ---------------

Threads class SMR info:
_java_thread_list=0x0000025489e6d6c0, length=73, elements={
0x00000254ecbfd000, 0x00000254879a0000, 0x00000254879ab000, 0x0000025487a03800,
0x0000025487a06000, 0x0000025487a08000, 0x0000025487a0a800, 0x0000025487a13800,
0x0000025487a1b800, 0x0000025487b88000, 0x000002548985a800, 0x0000025487f0b000,
0x00000254891af000, 0x0000025489038000, 0x000002548a222000, 0x0000025489ed3000,
0x0000025489f32000, 0x0000025488237800, 0x00000254891ba000, 0x0000025489bfe000,
0x0000025489c00000, 0x0000025489c01800, 0x0000025489c03000, 0x0000025489bff000,
0x0000025489c00800, 0x0000025489c02800, 0x0000025489bfd800, 0x0000025489c04000,
0x000002548d359800, 0x000002548d35c000, 0x000002548d35c800, 0x000002548d35b000,
0x000002548d357000, 0x000002548d35e800, 0x000002548d358800, 0x000002548d363000,
0x000002548d360800, 0x000002548d364000, 0x000002548d365000, 0x000002548d360000,
0x000002548d35f000, 0x000002548d361800, 0x000002548d362800, 0x000002548b9ca800,
0x000002548b9cc800, 0x000002548b9cf800, 0x000002548b9ce800, 0x000002548b9ca000,
0x000002548b9d0800, 0x000002548b9cb800, 0x000002548b9d3800, 0x000002548b9d3000,
0x000002548b9ce000, 0x000002548b9d4800, 0x000002548b9d5000, 0x000002548b9d6000,
0x000002548b9d7000, 0x000002548b9d7800, 0x000002548b9d8800, 0x0000025488840800,
0x000002548883b800, 0x0000025488841000, 0x000002548883d000, 0x0000025488842000,
0x000002548883e000, 0x0000025488f8b800, 0x0000025488f8e000, 0x0000025488f8c000,
0x0000025488f8e800, 0x0000025488f90000, 0x0000025488f91000, 0x0000025488f92800,
0x0000025488f8f800
}

Java Threads: ( => current thread )
  0x00000254ecbfd000 JavaThread "main" [_thread_blocked, id=8280, stack(0x000000c371400000,0x000000c371500000)]
  0x00000254879a0000 JavaThread "Reference Handler" daemon [_thread_blocked, id=712, stack(0x000000c371b00000,0x000000c371c00000)]
  0x00000254879ab000 JavaThread "Finalizer" daemon [_thread_blocked, id=5040, stack(0x000000c371c00000,0x000000c371d00000)]
  0x0000025487a03800 JavaThread "Signal Dispatcher" daemon [_thread_blocked, id=13024, stack(0x000000c371d00000,0x000000c371e00000)]
  0x0000025487a06000 JavaThread "Attach Listener" daemon [_thread_blocked, id=7756, stack(0x000000c371e00000,0x000000c371f00000)]
  0x0000025487a08000 JavaThread "Service Thread" daemon [_thread_blocked, id=6800, stack(0x000000c371f00000,0x000000c372000000)]
  0x0000025487a0a800 JavaThread "C2 CompilerThread0" daemon [_thread_blocked, id=9844, stack(0x000000c372000000,0x000000c372100000)]
  0x0000025487a13800 JavaThread "C1 CompilerThread0" daemon [_thread_in_native, id=14148, stack(0x000000c372100000,0x000000c372200000)]
  0x0000025487a1b800 JavaThread "Sweeper thread" daemon [_thread_blocked, id=10772, stack(0x000000c372200000,0x000000c372300000)]
  0x0000025487b88000 JavaThread "Common-Cleaner" daemon [_thread_blocked, id=6524, stack(0x000000c372300000,0x000000c372400000)]
  0x000002548985a800 JavaThread "Daemon health stats" [_thread_blocked, id=2540, stack(0x000000c372c00000,0x000000c372d00000)]
  0x0000025487f0b000 JavaThread "Incoming local TCP Connector on port 60575" [_thread_in_native, id=5496, stack(0x000000c372500000,0x000000c372600000)]
  0x00000254891af000 JavaThread "Daemon periodic checks" [_thread_blocked, id=6364, stack(0x000000c372b00000,0x000000c372c00000)]
  0x0000025489038000 JavaThread "Daemon" [_thread_blocked, id=9104, stack(0x000000c372d00000,0x000000c372e00000)]
  0x000002548a222000 JavaThread "Handler for socket connection from /127.0.0.1:60575 to /127.0.0.1:60576" [_thread_in_native, id=14060, stack(0x000000c372e00000,0x000000c372f00000)]
  0x0000025489ed3000 JavaThread "Cancel handler" [_thread_blocked, id=12296, stack(0x000000c372f00000,0x000000c373000000)]
  0x0000025489f32000 JavaThread "Daemon worker" [_thread_blocked, id=4040, stack(0x000000c373000000,0x000000c373100000)]
  0x0000025488237800 JavaThread "Asynchronous log dispatcher for DefaultDaemonConnection: socket connection from /127.0.0.1:60575 to /127.0.0.1:60576" [_thread_blocked, id=9828, stack(0x000000c373100000,0x000000c373200000)]
  0x00000254891ba000 JavaThread "Stdin handler" [_thread_blocked, id=10912, stack(0x000000c373200000,0x000000c373300000)]
  0x0000025489bfe000 JavaThread "Daemon client event forwarder" [_thread_blocked, id=5096, stack(0x000000c373300000,0x000000c373400000)]
  0x0000025489c00000 JavaThread "Cache worker for file hash cache (C:\Users\SK\.gradle\caches\7.0.2\fileHashes)" [_thread_blocked, id=5384, stack(0x000000c373400000,0x000000c373500000)]
  0x0000025489c01800 JavaThread "File lock request listener" [_thread_in_native, id=14132, stack(0x000000c373500000,0x000000c373600000)]
  0x0000025489c03000 JavaThread "Cache worker for journal cache (C:\Users\SK\.gradle\caches\journal-1)" [_thread_blocked, id=11232, stack(0x000000c373900000,0x000000c373a00000)]
  0x0000025489bff000 JavaThread "Cache worker for file hash cache (C:\Users\SK\AndroidStudioProjects\FirebaseAuth\.gradle\7.0.2\fileHashes)" [_thread_blocked, id=11492, stack(0x000000c373b00000,0x000000c373c00000)]
  0x0000025489c00800 JavaThread "File watcher server" daemon [_thread_in_native, id=9516, stack(0x000000c373c00000,0x000000c373d00000)]
  0x0000025489c02800 JavaThread "File watcher consumer" daemon [_thread_blocked, id=7368, stack(0x000000c373d00000,0x000000c373e00000)]
  0x0000025489bfd800 JavaThread "Cache worker for checksums cache (C:\Users\SK\AndroidStudioProjects\FirebaseAuth\.gradle\checksums)" [_thread_blocked, id=9036, stack(0x000000c373e00000,0x000000c373f00000)]
  0x0000025489c04000 JavaThread "Cache worker for cache directory md-supplier (C:\Users\SK\.gradle\caches\7.0.2\md-supplier)" [_thread_blocked, id=1124, stack(0x000000c373f00000,0x000000c374000000)]
  0x000002548d359800 JavaThread "Cache worker for cache directory md-rule (C:\Users\SK\.gradle\caches\7.0.2\md-rule)" [_thread_blocked, id=8584, stack(0x000000c374000000,0x000000c374100000)]
  0x000002548d35c000 JavaThread "Cache worker for execution history cache (C:\Users\SK\.gradle\caches\7.0.2\executionHistory)" [_thread_blocked, id=2072, stack(0x000000c374200000,0x000000c374300000)]
  0x000002548d35c800 JavaThread "jar transforms" [_thread_blocked, id=12920, stack(0x000000c374300000,0x000000c374400000)]
  0x000002548d35b000 JavaThread "jar transforms Thread 2" [_thread_blocked, id=13584, stack(0x000000c374400000,0x000000c374500000)]
  0x000002548d357000 JavaThread "Cache worker for file content cache (C:\Users\SK\.gradle\caches\7.0.2\fileContent)" [_thread_blocked, id=13268, stack(0x000000c374500000,0x000000c374600000)]
  0x000002548d35e800 JavaThread "Cache worker for dependencies-accessors (C:\Users\SK\AndroidStudioProjects\FirebaseAuth\.gradle\7.0.2\dependencies-accessors)" [_thread_blocked, id=7808, stack(0x000000c374600000,0x000000c374700000)]
  0x000002548d358800 JavaThread "jar transforms Thread 3" [_thread_blocked, id=11372, stack(0x000000c374700000,0x000000c374800000)]
  0x000002548d363000 JavaThread "Cache worker for Build Output Cleanup Cache (C:\Users\SK\AndroidStudioProjects\FirebaseAuth\.gradle\buildOutputCleanup)" [_thread_blocked, id=3228, stack(0x000000c374800000,0x000000c374900000)]
  0x000002548d360800 JavaThread "Build operations" [_thread_blocked, id=3892, stack(0x000000c374900000,0x000000c374a00000)]
  0x000002548d364000 JavaThread "Build operations Thread 2" [_thread_blocked, id=10396, stack(0x000000c374a00000,0x000000c374b00000)]
  0x000002548d365000 JavaThread "Build operations Thread 3" [_thread_blocked, id=9060, stack(0x000000c374b00000,0x000000c374c00000)]
  0x000002548d360000 JavaThread "Build operations Thread 4" [_thread_blocked, id=7100, stack(0x000000c374c00000,0x000000c374d00000)]
  0x000002548d35f000 JavaThread "Build operations Thread 5" [_thread_blocked, id=13316, stack(0x000000c374d00000,0x000000c374e00000)]
  0x000002548d361800 JavaThread "Build operations Thread 6" [_thread_blocked, id=3268, stack(0x000000c374e00000,0x000000c374f00000)]
  0x000002548d362800 JavaThread "Build operations Thread 7" [_thread_blocked, id=14000, stack(0x000000c374f00000,0x000000c375000000)]
  0x000002548b9ca800 JavaThread "Build operations Thread 8" [_thread_blocked, id=11096, stack(0x000000c375000000,0x000000c375100000)]
  0x000002548b9cc800 JavaThread "jar transforms Thread 4" [_thread_blocked, id=13348, stack(0x000000c375100000,0x000000c375200000)]
  0x000002548b9cf800 JavaThread "jar transforms Thread 5" [_thread_blocked, id=8088, stack(0x000000c375200000,0x000000c375300000)]
  0x000002548b9ce800 JavaThread "jar transforms Thread 6" [_thread_blocked, id=12028, stack(0x000000c375300000,0x000000c375400000)]
  0x000002548b9ca000 JavaThread "jar transforms Thread 7" [_thread_blocked, id=14036, stack(0x000000c375400000,0x000000c375500000)]
  0x000002548b9d0800 JavaThread "jar transforms Thread 8" [_thread_blocked, id=13260, stack(0x000000c375500000,0x000000c375600000)]
  0x000002548b9cb800 JavaThread "Memory manager" [_thread_blocked, id=11288, stack(0x000000c375600000,0x000000c375700000)]
  0x000002548b9d3800 JavaThread "build event listener" [_thread_blocked, id=7124, stack(0x000000c375700000,0x000000c375800000)]
  0x000002548b9d3000 JavaThread "Execution worker for ':'" [_thread_blocked, id=5816, stack(0x000000c375800000,0x000000c375900000)]
  0x000002548b9ce000 JavaThread "Execution worker for ':' Thread 2" [_thread_in_Java, id=8472, stack(0x000000c375900000,0x000000c375a00000)]
  0x000002548b9d4800 JavaThread "Execution worker for ':' Thread 3" [_thread_blocked, id=13760, stack(0x000000c375a00000,0x000000c375b00000)]
  0x000002548b9d5000 JavaThread "Execution worker for ':' Thread 4" [_thread_blocked, id=3816, stack(0x000000c375b00000,0x000000c375c00000)]
  0x000002548b9d6000 JavaThread "Execution worker for ':' Thread 5" [_thread_blocked, id=12724, stack(0x000000c375c00000,0x000000c375d00000)]
  0x000002548b9d7000 JavaThread "Execution worker for ':' Thread 6" [_thread_blocked, id=7568, stack(0x000000c375d00000,0x000000c375e00000)]
  0x000002548b9d7800 JavaThread "Execution worker for ':' Thread 7" [_thread_blocked, id=11276, stack(0x000000c375e00000,0x000000c375f00000)]
  0x000002548b9d8800 JavaThread "Cache worker for execution history cache (C:\Users\SK\AndroidStudioProjects\FirebaseAuth\.gradle\7.0.2\executionHistory)" [_thread_blocked, id=9808, stack(0x000000c375f00000,0x000000c376000000)]
  0x0000025488840800 JavaThread "WorkerExecutor Queue" [_thread_blocked, id=10512, stack(0x000000c376400000,0x000000c376500000)]
  0x000002548883b800 JavaThread "WorkerExecutor Queue Thread 2" [_thread_blocked, id=7832, stack(0x000000c376500000,0x000000c376600000)]
  0x0000025488841000 JavaThread "pool-3-thread-1" [_thread_blocked, id=13092, stack(0x000000c376600000,0x000000c376700000)]
  0x000002548883d000 JavaThread "stderr" [_thread_in_native, id=3272, stack(0x000000c376700000,0x000000c376800000)]
  0x0000025488842000 JavaThread "stdout" [_thread_in_native, id=11412, stack(0x000000c376800000,0x000000c376900000)]
  0x000002548883e000 JavaThread "RMI Scheduler(0)" daemon [_thread_blocked, id=5372, stack(0x000000c376900000,0x000000c376a00000)]
  0x0000025488f8b800 JavaThread "RMI GC Daemon" daemon [_thread_blocked, id=8984, stack(0x000000c376b00000,0x000000c376c00000)]
  0x0000025488f8e000 JavaThread "RMI TCP Accept-0" daemon [_thread_in_native, id=10828, stack(0x000000c376c00000,0x000000c376d00000)]
  0x0000025488f8c000 JavaThread "RMI Reaper" [_thread_blocked, id=11356, stack(0x000000c376d00000,0x000000c376e00000)]
  0x0000025488f8e800 JavaThread "RMI TCP Connection(1)-127.0.0.1" daemon [_thread_in_native, id=11644, stack(0x000000c376e00000,0x000000c376f00000)]
=>0x0000025488f90000 JavaThread "C2 CompilerThread1" daemon [_thread_in_native, id=13140, stack(0x000000c373a00000,0x000000c373b00000)]
  0x0000025488f91000 JavaThread "Cache worker for Java compile cache (C:\Users\SK\.gradle\caches\7.0.2\javaCompile)" [_thread_blocked, id=10088, stack(0x000000c376f00000,0x000000c377000000)]
  0x0000025488f92800 JavaThread "Cache worker for Java compile cache (C:\Users\SK\AndroidStudioProjects\FirebaseAuth\.gradle\7.0.2\javaCompile)" [_thread_blocked, id=32, stack(0x000000c377000000,0x000000c377100000)]
  0x0000025488f8f800 JavaThread "C2 CompilerThread2" daemon [_thread_in_native, id=12164, stack(0x000000c374100000,0x000000c374200000)]

Other Threads:
  0x000002548799b800 VMThread "VM Thread" [stack: 0x000000c371a00000,0x000000c371b00000] [id=11572]
  0x0000025487b8c800 WatcherThread [stack: 0x000000c372400000,0x000000c372500000] [id=12728]
  0x00000254ecc14800 GCTaskThread "GC Thread#0" [stack: 0x000000c371500000,0x000000c371600000] [id=13728]
  0x00000254885bf000 GCTaskThread "GC Thread#1" [stack: 0x000000c372600000,0x000000c372700000] [id=10172]
  0x0000025488d16000 GCTaskThread "GC Thread#2" [stack: 0x000000c372700000,0x000000c372800000] [id=7232]
  0x0000025488d17000 GCTaskThread "GC Thread#3" [stack: 0x000000c372800000,0x000000c372900000] [id=7144]
  0x0000025488d17800 GCTaskThread "GC Thread#4" [stack: 0x000000c372900000,0x000000c372a00000] [id=2712]
  0x0000025488d14000 GCTaskThread "GC Thread#5" [stack: 0x000000c372a00000,0x000000c372b00000] [id=2120]
  0x0000025488d13800 GCTaskThread "GC Thread#6" [stack: 0x000000c373600000,0x000000c373700000] [id=11292]
  0x0000025488d1a000 GCTaskThread "GC Thread#7" [stack: 0x000000c373700000,0x000000c373800000] [id=7652]
  0x00000254ecc47800 ConcurrentGCThread "G1 Main Marker" [stack: 0x000000c371600000,0x000000c371700000] [id=7388]
  0x00000254ecc48800 ConcurrentGCThread "G1 Conc#0" [stack: 0x000000c371700000,0x000000c371800000] [id=13832]
  0x0000025488d14800 ConcurrentGCThread "G1 Conc#1" [stack: 0x000000c373800000,0x000000c373900000] [id=13384]
  0x0000025486feb000 ConcurrentGCThread "G1 Refine#0" [stack: 0x000000c371800000,0x000000c371900000] [id=5820]
  0x00000254890bc000 ConcurrentGCThread "G1 Refine#1" [stack: 0x000000c376000000,0x000000c376100000] [id=5980]
  0x00000254890c2800 ConcurrentGCThread "G1 Refine#2" [stack: 0x000000c376100000,0x000000c376200000] [id=8588]
  0x00000254890c3800 ConcurrentGCThread "G1 Refine#3" [stack: 0x000000c376200000,0x000000c376300000] [id=2272]
  0x00000254890bd000 ConcurrentGCThread "G1 Refine#4" [stack: 0x000000c376300000,0x000000c376400000] [id=10656]
  0x0000025486fec000 ConcurrentGCThread "G1 Young RemSet Sampling" [stack: 0x000000c371900000,0x000000c371a00000] [id=11468]

Threads with active compile tasks:
C2 CompilerThread0  30395 14207       4       com.sun.tools.javac.code.Symbol::<init> (45 bytes)
C1 CompilerThread0  30395 14208       3       com.sun.tools.javac.code.Types::isConvertible (128 bytes)
C2 CompilerThread1  30395 13825   !   4       com.sun.tools.javac.jvm.ClassReader::classSigToType (498 bytes)
C2 CompilerThread2  30395 14129   !   4       com.sun.tools.javac.code.Symbol$ClassSymbol::complete (52 bytes)

VM state:not at safepoint (normal execution)

VM Mutex/Monitor currently owned by a thread:  ([mutex/lock_event])
[0x00000254ecbf7df0] CodeCache_lock - owner thread: 0x0000025487a13800
[0x00000254ecbf8350] Compile_lock - owner thread: 0x0000000000000000

Heap address: 0x0000000080000000, size: 2048 MB, Compressed Oops mode: 32-bit
Narrow klass base: 0x0000000000000000, Narrow klass shift: 3
Compressed class space size: 1073741824 Address: 0x0000000100000000

Heap:
 garbage-first heap   total 262144K, used 170837K [0x0000000080000000, 0x0000000100000000)
  region size 1024K, 55 young (56320K), 12 survivors (12288K)
 Metaspace       used 109114K, capacity 111843K, committed 112128K, reserved 1146880K
  class space    used 13965K, capacity 14981K, committed 15104K, reserved 1048576K
Heap Regions: E=young(eden), S=young(survivor), O=old, HS=humongous(starts), HC=humongous(continues), CS=collection set, F=free, A=archive, TAMS=top-at-mark-start (previous, next)
|   0|0x0000000080000000, 0x0000000080100000, 0x0000000080100000|100%| O|  |TAMS 0x0000000080100000, 0x0000000080000000| Untracked 
|   1|0x0000000080100000, 0x0000000080200000, 0x0000000080200000|100%| O|  |TAMS 0x0000000080200000, 0x0000000080100000| Untracked 
|   2|0x0000000080200000, 0x0000000080300000, 0x0000000080300000|100%| O|  |TAMS 0x0000000080300000, 0x0000000080200000| Untracked 
|   3|0x0000000080300000, 0x0000000080400000, 0x0000000080400000|100%|HS|  |TAMS 0x0000000080400000, 0x0000000080300000| Complete 
|   4|0x0000000080400000, 0x0000000080500000, 0x0000000080500000|100%|HC|  |TAMS 0x0000000080500000, 0x0000000080400000| Complete 
|   5|0x0000000080500000, 0x0000000080600000, 0x0000000080600000|100%|HC|  |TAMS 0x0000000080600000, 0x0000000080500000| Complete 
|   6|0x0000000080600000, 0x0000000080700000, 0x0000000080700000|100%| O|  |TAMS 0x0000000080700000, 0x0000000080600000| Untracked 
|   7|0x0000000080700000, 0x0000000080800000, 0x0000000080800000|100%| O|  |TAMS 0x0000000080800000, 0x0000000080700000| Untracked 
|   8|0x0000000080800000, 0x0000000080900000, 0x0000000080900000|100%| O|  |TAMS 0x0000000080900000, 0x0000000080800000| Untracked 
|   9|0x0000000080900000, 0x0000000080a00000, 0x0000000080a00000|100%| O|  |TAMS 0x0000000080a00000, 0x0000000080900000| Untracked 
|  10|0x0000000080a00000, 0x0000000080b00000, 0x0000000080b00000|100%| O|  |TAMS 0x0000000080b00000, 0x0000000080a00000| Untracked 
|  11|0x0000000080b00000, 0x0000000080c00000, 0x0000000080c00000|100%| O|  |TAMS 0x0000000080c00000, 0x0000000080b00000| Untracked 
|  12|0x0000000080c00000, 0x0000000080d00000, 0x0000000080d00000|100%| O|  |TAMS 0x0000000080d00000, 0x0000000080c00000| Untracked 
|  13|0x0000000080d00000, 0x0000000080e00000, 0x0000000080e00000|100%| O|  |TAMS 0x0000000080e00000, 0x0000000080d00000| Untracked 
|  14|0x0000000080e00000, 0x0000000080f00000, 0x0000000080f00000|100%| O|  |TAMS 0x0000000080f00000, 0x0000000080e00000| Untracked 
|  15|0x0000000080f00000, 0x0000000081000000, 0x0000000081000000|100%| O|  |TAMS 0x0000000081000000, 0x0000000080f00000| Untracked 
|  16|0x0000000081000000, 0x0000000081100000, 0x0000000081100000|100%| O|  |TAMS 0x0000000081100000, 0x0000000081000000| Untracked 
|  17|0x0000000081100000, 0x0000000081200000, 0x0000000081200000|100%|HS|  |TAMS 0x0000000081200000, 0x0000000081100000| Complete 
|  18|0x0000000081200000, 0x0000000081300000, 0x0000000081300000|100%|HS|  |TAMS 0x0000000081300000, 0x0000000081200000| Complete 
|  19|0x0000000081300000, 0x0000000081400000, 0x0000000081400000|100%|HS|  |TAMS 0x0000000081400000, 0x0000000081300000| Complete 
|  20|0x0000000081400000, 0x0000000081500000, 0x0000000081500000|100%|HS|  |TAMS 0x0000000081500000, 0x0000000081400000| Complete 
|  21|0x0000000081500000, 0x0000000081600000, 0x0000000081600000|100%|HC|  |TAMS 0x0000000081600000, 0x0000000081500000| Complete 
|  22|0x0000000081600000, 0x0000000081700000, 0x0000000081700000|100%|HC|  |TAMS 0x0000000081700000, 0x0000000081600000| Complete 
|  23|0x0000000081700000, 0x0000000081800000, 0x0000000081800000|100%|HS|  |TAMS 0x0000000081800000, 0x0000000081700000| Complete 
|  24|0x0000000081800000, 0x0000000081900000, 0x0000000081900000|100%|HC|  |TAMS 0x0000000081900000, 0x0000000081800000| Complete 
|  25|0x0000000081900000, 0x0000000081a00000, 0x0000000081a00000|100%| O|  |TAMS 0x0000000081a00000, 0x0000000081900000| Untracked 
|  26|0x0000000081a00000, 0x0000000081b00000, 0x0000000081b00000|100%| O|  |TAMS 0x0000000081b00000, 0x0000000081a00000| Untracked 
|  27|0x0000000081b00000, 0x0000000081c00000, 0x0000000081c00000|100%| O|  |TAMS 0x0000000081c00000, 0x0000000081b00000| Untracked 
|  28|0x0000000081c00000, 0x0000000081d00000, 0x0000000081d00000|100%| O|  |TAMS 0x0000000081d00000, 0x0000000081c00000| Untracked 
|  29|0x0000000081d00000, 0x0000000081e00000, 0x0000000081e00000|100%| O|  |TAMS 0x0000000081e00000, 0x0000000081d00000| Untracked 
|  30|0x0000000081e00000, 0x0000000081f00000, 0x0000000081f00000|100%| O|  |TAMS 0x0000000081f00000, 0x0000000081e00000| Untracked 
|  31|0x0000000081f00000, 0x0000000082000000, 0x0000000082000000|100%| O|  |TAMS 0x0000000082000000, 0x0000000081f00000| Untracked 
|  32|0x0000000082000000, 0x0000000082100000, 0x0000000082100000|100%| O|  |TAMS 0x0000000082100000, 0x0000000082000000| Untracked 
|  33|0x0000000082100000, 0x0000000082200000, 0x0000000082200000|100%| O|  |TAMS 0x0000000082200000, 0x0000000082100000| Untracked 
|  34|0x0000000082200000, 0x0000000082300000, 0x0000000082300000|100%| O|  |TAMS 0x0000000082300000, 0x0000000082200000| Untracked 
|  35|0x0000000082300000, 0x0000000082400000, 0x0000000082400000|100%| O|  |TAMS 0x0000000082400000, 0x0000000082300000| Untracked 
|  36|0x0000000082400000, 0x0000000082500000, 0x0000000082500000|100%| O|  |TAMS 0x0000000082500000, 0x0000000082400000| Untracked 
|  37|0x0000000082500000, 0x0000000082600000, 0x0000000082600000|100%| O|  |TAMS 0x0000000082600000, 0x0000000082500000| Untracked 
|  38|0x0000000082600000, 0x0000000082700000, 0x0000000082700000|100%| O|  |TAMS 0x0000000082700000, 0x0000000082600000| Untracked 
|  39|0x0000000082700000, 0x0000000082800000, 0x0000000082800000|100%| O|  |TAMS 0x0000000082800000, 0x0000000082700000| Untracked 
|  40|0x0000000082800000, 0x0000000082900000, 0x0000000082900000|100%| O|  |TAMS 0x0000000082900000, 0x0000000082800000| Untracked 
|  41|0x0000000082900000, 0x0000000082a00000, 0x0000000082a00000|100%| O|  |TAMS 0x0000000082a00000, 0x0000000082900000| Untracked 
|  42|0x0000000082a00000, 0x0000000082b00000, 0x0000000082b00000|100%| O|  |TAMS 0x0000000082b00000, 0x0000000082a00000| Untracked 
|  43|0x0000000082b00000, 0x0000000082c00000, 0x0000000082c00000|100%| O|  |TAMS 0x0000000082c00000, 0x0000000082b00000| Untracked 
|  44|0x0000000082c00000, 0x0000000082d00000, 0x0000000082d00000|100%| O|  |TAMS 0x0000000082d00000, 0x0000000082c00000| Untracked 
|  45|0x0000000082d00000, 0x0000000082e00000, 0x0000000082e00000|100%| O|  |TAMS 0x0000000082e00000, 0x0000000082d00000| Untracked 
|  46|0x0000000082e00000, 0x0000000082f00000, 0x0000000082f00000|100%| O|  |TAMS 0x0000000082f00000, 0x0000000082e00000| Untracked 
|  47|0x0000000082f00000, 0x0000000083000000, 0x0000000083000000|100%| O|  |TAMS 0x0000000082fad200, 0x0000000082f00000| Untracked 
|  48|0x0000000083000000, 0x0000000083100000, 0x0000000083100000|100%| O|  |TAMS 0x0000000083000000, 0x0000000083000000| Untracked 
|  49|0x0000000083100000, 0x0000000083200000, 0x0000000083200000|100%| O|  |TAMS 0x0000000083100000, 0x0000000083100000| Untracked 
|  50|0x0000000083200000, 0x0000000083300000, 0x0000000083300000|100%| O|  |TAMS 0x0000000083200000, 0x0000000083200000| Untracked 
|  51|0x0000000083300000, 0x0000000083400000, 0x0000000083400000|100%| O|  |TAMS 0x0000000083300000, 0x0000000083300000| Untracked 
|  52|0x0000000083400000, 0x0000000083500000, 0x0000000083500000|100%| O|  |TAMS 0x0000000083400000, 0x0000000083400000| Untracked 
|  53|0x0000000083500000, 0x0000000083600000, 0x0000000083600000|100%| O|  |TAMS 0x0000000083500000, 0x0000000083500000| Untracked 
|  54|0x0000000083600000, 0x0000000083700000, 0x0000000083700000|100%| O|  |TAMS 0x0000000083600000, 0x0000000083600000| Untracked 
|  55|0x0000000083700000, 0x0000000083800000, 0x0000000083800000|100%| O|  |TAMS 0x0000000083700000, 0x0000000083700000| Untracked 
|  56|0x0000000083800000, 0x0000000083900000, 0x0000000083900000|100%| O|  |TAMS 0x0000000083800000, 0x0000000083800000| Untracked 
|  57|0x0000000083900000, 0x0000000083a00000, 0x0000000083a00000|100%| O|  |TAMS 0x0000000083900000, 0x0000000083900000| Untracked 
|  58|0x0000000083a00000, 0x0000000083b00000, 0x0000000083b00000|100%| O|  |TAMS 0x0000000083a00000, 0x0000000083a00000| Untracked 
|  59|0x0000000083b00000, 0x0000000083c00000, 0x0000000083c00000|100%| O|  |TAMS 0x0000000083b00000, 0x0000000083b00000| Untracked 
|  60|0x0000000083c00000, 0x0000000083d00000, 0x0000000083d00000|100%| O|  |TAMS 0x0000000083c00000, 0x0000000083c00000| Untracked 
|  61|0x0000000083d00000, 0x0000000083e00000, 0x0000000083e00000|100%| O|  |TAMS 0x0000000083d00000, 0x0000000083d00000| Untracked 
|  62|0x0000000083e00000, 0x0000000083f00000, 0x0000000083f00000|100%| O|  |TAMS 0x0000000083e00000, 0x0000000083e00000| Untracked 
|  63|0x0000000083f00000, 0x0000000084000000, 0x0000000084000000|100%| O|  |TAMS 0x0000000083f00000, 0x0000000083f00000| Untracked 
|  64|0x0000000084000000, 0x0000000084100000, 0x0000000084100000|100%| O|  |TAMS 0x0000000084000000, 0x0000000084000000| Untracked 
|  65|0x0000000084100000, 0x0000000084200000, 0x0000000084200000|100%| O|  |TAMS 0x0000000084100000, 0x0000000084100000| Untracked 
|  66|0x0000000084200000, 0x0000000084300000, 0x0000000084300000|100%| O|  |TAMS 0x0000000084200000, 0x0000000084200000| Untracked 
|  67|0x0000000084300000, 0x0000000084400000, 0x0000000084400000|100%| O|  |TAMS 0x0000000084300000, 0x0000000084300000| Untracked 
|  68|0x0000000084400000, 0x0000000084500000, 0x0000000084500000|100%| O|  |TAMS 0x0000000084400000, 0x0000000084400000| Untracked 
|  69|0x0000000084500000, 0x0000000084600000, 0x0000000084600000|100%| O|  |TAMS 0x0000000084500000, 0x0000000084500000| Untracked 
|  70|0x0000000084600000, 0x0000000084700000, 0x0000000084700000|100%| O|  |TAMS 0x0000000084600000, 0x0000000084600000| Untracked 
|  71|0x0000000084700000, 0x0000000084800000, 0x0000000084800000|100%| O|  |TAMS 0x0000000084700000, 0x0000000084700000| Untracked 
|  72|0x0000000084800000, 0x0000000084900000, 0x0000000084900000|100%| O|  |TAMS 0x0000000084800000, 0x0000000084800000| Untracked 
|  73|0x0000000084900000, 0x0000000084a00000, 0x0000000084a00000|100%| O|  |TAMS 0x0000000084900000, 0x0000000084900000| Untracked 
|  74|0x0000000084a00000, 0x0000000084b00000, 0x0000000084b00000|100%| O|  |TAMS 0x0000000084a00000, 0x0000000084a00000| Untracked 
|  75|0x0000000084b00000, 0x0000000084c00000, 0x0000000084c00000|100%| O|  |TAMS 0x0000000084b00000, 0x0000000084b00000| Untracked 
|  76|0x0000000084c00000, 0x0000000084d00000, 0x0000000084d00000|100%| O|  |TAMS 0x0000000084c00000, 0x0000000084c00000| Untracked 
|  77|0x0000000084d00000, 0x0000000084e00000, 0x0000000084e00000|100%| O|  |TAMS 0x0000000084d00000, 0x0000000084d00000| Untracked 
|  78|0x0000000084e00000, 0x0000000084f00000, 0x0000000084f00000|100%| O|  |TAMS 0x0000000084e00000, 0x0000000084e00000| Untracked 
|  79|0x0000000084f00000, 0x0000000085000000, 0x0000000085000000|100%| O|  |TAMS 0x0000000084f00000, 0x0000000084f00000| Untracked 
|  80|0x0000000085000000, 0x0000000085100000, 0x0000000085100000|100%| O|  |TAMS 0x0000000085000000, 0x0000000085000000| Untracked 
|  81|0x0000000085100000, 0x0000000085200000, 0x0000000085200000|100%| O|  |TAMS 0x0000000085100000, 0x0000000085100000| Untracked 
|  82|0x0000000085200000, 0x0000000085300000, 0x0000000085300000|100%| O|  |TAMS 0x0000000085200000, 0x0000000085200000| Untracked 
|  83|0x0000000085300000, 0x0000000085400000, 0x0000000085400000|100%| O|  |TAMS 0x0000000085300000, 0x0000000085300000| Untracked 
|  84|0x0000000085400000, 0x0000000085500000, 0x0000000085500000|100%| O|  |TAMS 0x0000000085400000, 0x0000000085400000| Untracked 
|  85|0x0000000085500000, 0x0000000085600000, 0x0000000085600000|100%| O|  |TAMS 0x0000000085500000, 0x0000000085500000| Untracked 
|  86|0x0000000085600000, 0x0000000085700000, 0x0000000085700000|100%| O|  |TAMS 0x0000000085600000, 0x0000000085600000| Untracked 
|  87|0x0000000085700000, 0x0000000085800000, 0x0000000085800000|100%| O|  |TAMS 0x0000000085700000, 0x0000000085700000| Untracked 
|  88|0x0000000085800000, 0x0000000085900000, 0x0000000085900000|100%| O|  |TAMS 0x0000000085800000, 0x0000000085800000| Untracked 
|  89|0x0000000085900000, 0x0000000085a00000, 0x0000000085a00000|100%| O|  |TAMS 0x0000000085900000, 0x0000000085900000| Untracked 
|  90|0x0000000085a00000, 0x0000000085b00000, 0x0000000085b00000|100%| O|  |TAMS 0x0000000085a00000, 0x0000000085a00000| Untracked 
|  91|0x0000000085b00000, 0x0000000085c00000, 0x0000000085c00000|100%| O|  |TAMS 0x0000000085b00000, 0x0000000085b00000| Untracked 
|  92|0x0000000085c00000, 0x0000000085d00000, 0x0000000085d00000|100%| O|  |TAMS 0x0000000085c00000, 0x0000000085c00000| Untracked 
|  93|0x0000000085d00000, 0x0000000085e00000, 0x0000000085e00000|100%| O|  |TAMS 0x0000000085d00000, 0x0000000085d00000| Untracked 
|  94|0x0000000085e00000, 0x0000000085f00000, 0x0000000085f00000|100%| O|  |TAMS 0x0000000085e00000, 0x0000000085e00000| Untracked 
|  95|0x0000000085f00000, 0x0000000086000000, 0x0000000086000000|100%| O|  |TAMS 0x0000000085f00000, 0x0000000085f00000| Untracked 
|  96|0x0000000086000000, 0x0000000086100000, 0x0000000086100000|100%| O|  |TAMS 0x0000000086000000, 0x0000000086000000| Untracked 
|  97|0x0000000086100000, 0x0000000086200000, 0x0000000086200000|100%| O|  |TAMS 0x0000000086100000, 0x0000000086100000| Untracked 
|  98|0x0000000086200000, 0x0000000086300000, 0x0000000086300000|100%| O|  |TAMS 0x0000000086200000, 0x0000000086200000| Untracked 
|  99|0x0000000086300000, 0x0000000086400000, 0x0000000086400000|100%| O|  |TAMS 0x0000000086300000, 0x0000000086300000| Untracked 
| 100|0x0000000086400000, 0x0000000086500000, 0x0000000086500000|100%| O|  |TAMS 0x0000000086400000, 0x0000000086400000| Untracked 
| 101|0x0000000086500000, 0x0000000086600000, 0x0000000086600000|100%| O|  |TAMS 0x0000000086500000, 0x0000000086500000| Untracked 
| 102|0x0000000086600000, 0x0000000086700000, 0x0000000086700000|100%| O|  |TAMS 0x0000000086600000, 0x0000000086600000| Untracked 
| 103|0x0000000086700000, 0x0000000086800000, 0x0000000086800000|100%| O|  |TAMS 0x0000000086700000, 0x0000000086700000| Untracked 
| 104|0x0000000086800000, 0x0000000086900000, 0x0000000086900000|100%| O|  |TAMS 0x0000000086800000, 0x0000000086800000| Untracked 
| 105|0x0000000086900000, 0x0000000086a00000, 0x0000000086a00000|100%| O|  |TAMS 0x0000000086900000, 0x0000000086900000| Untracked 
| 106|0x0000000086a00000, 0x0000000086b00000, 0x0000000086b00000|100%| O|  |TAMS 0x0000000086a00000, 0x0000000086a00000| Untracked 
| 107|0x0000000086b00000, 0x0000000086c00000, 0x0000000086c00000|100%| O|  |TAMS 0x0000000086b00000, 0x0000000086b00000| Untracked 
| 108|0x0000000086c00000, 0x0000000086d00000, 0x0000000086d00000|100%| O|  |TAMS 0x0000000086c00000, 0x0000000086c00000| Untracked 
| 109|0x0000000086d00000, 0x0000000086e00000, 0x0000000086e00000|100%| O|  |TAMS 0x0000000086d00000, 0x0000000086d00000| Untracked 
| 110|0x0000000086e00000, 0x0000000086ed5600, 0x0000000086f00000| 83%| O|  |TAMS 0x0000000086e00000, 0x0000000086e00000| Untracked 
| 111|0x0000000086f00000, 0x0000000087000000, 0x0000000087000000|100%|HS|  |TAMS 0x0000000086f00000, 0x0000000086f00000| Complete 
| 112|0x0000000087000000, 0x0000000087100000, 0x0000000087100000|100%|HC|  |TAMS 0x0000000087000000, 0x0000000087000000| Complete 
| 113|0x0000000087100000, 0x0000000087100000, 0x0000000087200000|  0%| F|  |TAMS 0x0000000087100000, 0x0000000087100000| Untracked 
| 114|0x0000000087200000, 0x0000000087200000, 0x0000000087300000|  0%| F|  |TAMS 0x0000000087200000, 0x0000000087200000| Untracked 
| 115|0x0000000087300000, 0x0000000087300000, 0x0000000087400000|  0%| F|  |TAMS 0x0000000087300000, 0x0000000087300000| Untracked 
| 116|0x0000000087400000, 0x0000000087400000, 0x0000000087500000|  0%| F|  |TAMS 0x0000000087400000, 0x0000000087400000| Untracked 
| 117|0x0000000087500000, 0x0000000087500000, 0x0000000087600000|  0%| F|  |TAMS 0x0000000087500000, 0x0000000087500000| Untracked 
| 118|0x0000000087600000, 0x0000000087600000, 0x0000000087700000|  0%| F|  |TAMS 0x0000000087600000, 0x0000000087600000| Untracked 
| 119|0x0000000087700000, 0x0000000087700000, 0x0000000087800000|  0%| F|  |TAMS 0x0000000087700000, 0x0000000087700000| Untracked 
| 120|0x0000000087800000, 0x0000000087800000, 0x0000000087900000|  0%| F|  |TAMS 0x0000000087800000, 0x0000000087800000| Untracked 
| 121|0x0000000087900000, 0x0000000087900000, 0x0000000087a00000|  0%| F|  |TAMS 0x0000000087900000, 0x0000000087900000| Untracked 
| 122|0x0000000087a00000, 0x0000000087a00000, 0x0000000087b00000|  0%| F|  |TAMS 0x0000000087a00000, 0x0000000087a00000| Untracked 
| 123|0x0000000087b00000, 0x0000000087b00000, 0x0000000087c00000|  0%| F|  |TAMS 0x0000000087b00000, 0x0000000087b00000| Untracked 
| 124|0x0000000087c00000, 0x0000000087c00000, 0x0000000087d00000|  0%| F|  |TAMS 0x0000000087c00000, 0x0000000087c00000| Untracked 
| 125|0x0000000087d00000, 0x0000000087d00000, 0x0000000087e00000|  0%| F|  |TAMS 0x0000000087d00000, 0x0000000087d00000| Untracked 
| 126|0x0000000087e00000, 0x0000000087e00000, 0x0000000087f00000|  0%| F|  |TAMS 0x0000000087e00000, 0x0000000087e00000| Untracked 
| 127|0x0000000087f00000, 0x0000000087f00000, 0x0000000088000000|  0%| F|  |TAMS 0x0000000087f00000, 0x0000000087f00000| Untracked 
| 128|0x0000000088000000, 0x0000000088000000, 0x0000000088100000|  0%| F|  |TAMS 0x0000000088000000, 0x0000000088000000| Untracked 
| 129|0x0000000088100000, 0x0000000088100000, 0x0000000088200000|  0%| F|  |TAMS 0x0000000088100000, 0x0000000088100000| Untracked 
| 130|0x0000000088200000, 0x0000000088200000, 0x0000000088300000|  0%| F|  |TAMS 0x0000000088200000, 0x0000000088200000| Untracked 
| 131|0x0000000088300000, 0x0000000088300000, 0x0000000088400000|  0%| F|  |TAMS 0x0000000088300000, 0x0000000088300000| Untracked 
| 132|0x0000000088400000, 0x0000000088400000, 0x0000000088500000|  0%| F|  |TAMS 0x0000000088400000, 0x0000000088400000| Untracked 
| 133|0x0000000088500000, 0x0000000088500000, 0x0000000088600000|  0%| F|  |TAMS 0x0000000088500000, 0x0000000088500000| Untracked 
| 134|0x0000000088600000, 0x0000000088600000, 0x0000000088700000|  0%| F|  |TAMS 0x0000000088600000, 0x0000000088600000| Untracked 
| 135|0x0000000088700000, 0x0000000088700000, 0x0000000088800000|  0%| F|  |TAMS 0x0000000088700000, 0x0000000088700000| Untracked 
| 136|0x0000000088800000, 0x0000000088800000, 0x0000000088900000|  0%| F|  |TAMS 0x0000000088800000, 0x0000000088800000| Untracked 
| 137|0x0000000088900000, 0x0000000088900000, 0x0000000088a00000|  0%| F|  |TAMS 0x0000000088900000, 0x0000000088900000| Untracked 
| 138|0x0000000088a00000, 0x0000000088a00000, 0x0000000088b00000|  0%| F|  |TAMS 0x0000000088a00000, 0x0000000088a00000| Untracked 
| 139|0x0000000088b00000, 0x0000000088b00000, 0x0000000088c00000|  0%| F|  |TAMS 0x0000000088b00000, 0x0000000088b00000| Untracked 
| 140|0x0000000088c00000, 0x0000000088c00000, 0x0000000088d00000|  0%| F|  |TAMS 0x0000000088c00000, 0x0000000088c00000| Untracked 
| 141|0x0000000088d00000, 0x0000000088d00000, 0x0000000088e00000|  0%| F|  |TAMS 0x0000000088d00000, 0x0000000088d00000| Untracked 
| 142|0x0000000088e00000, 0x0000000088e00000, 0x0000000088f00000|  0%| F|  |TAMS 0x0000000088e00000, 0x0000000088e00000| Untracked 
| 143|0x0000000088f00000, 0x0000000088f00000, 0x0000000089000000|  0%| F|  |TAMS 0x0000000088f00000, 0x0000000088f00000| Untracked 
| 144|0x0000000089000000, 0x0000000089000000, 0x0000000089100000|  0%| F|  |TAMS 0x0000000089000000, 0x0000000089000000| Untracked 
| 145|0x0000000089100000, 0x0000000089100000, 0x0000000089200000|  0%| F|  |TAMS 0x0000000089100000, 0x0000000089100000| Untracked 
| 146|0x0000000089200000, 0x0000000089200000, 0x0000000089300000|  0%| F|  |TAMS 0x0000000089200000, 0x0000000089200000| Untracked 
| 147|0x0000000089300000, 0x0000000089300000, 0x0000000089400000|  0%| F|  |TAMS 0x0000000089300000, 0x0000000089300000| Untracked 
| 148|0x0000000089400000, 0x0000000089400000, 0x0000000089500000|  0%| F|  |TAMS 0x0000000089400000, 0x0000000089400000| Untracked 
| 149|0x0000000089500000, 0x0000000089600000, 0x0000000089600000|100%| S|CS|TAMS 0x0000000089500000, 0x0000000089500000| Complete 
| 150|0x0000000089600000, 0x0000000089700000, 0x0000000089700000|100%| S|CS|TAMS 0x0000000089600000, 0x0000000089600000| Complete 
| 151|0x0000000089700000, 0x0000000089800000, 0x0000000089800000|100%| S|CS|TAMS 0x0000000089700000, 0x0000000089700000| Complete 
| 152|0x0000000089800000, 0x0000000089900000, 0x0000000089900000|100%| S|CS|TAMS 0x0000000089800000, 0x0000000089800000| Complete 
| 153|0x0000000089900000, 0x0000000089a00000, 0x0000000089a00000|100%| S|CS|TAMS 0x0000000089900000, 0x0000000089900000| Complete 
| 154|0x0000000089a00000, 0x0000000089b00000, 0x0000000089b00000|100%| S|CS|TAMS 0x0000000089a00000, 0x0000000089a00000| Complete 
| 155|0x0000000089b00000, 0x0000000089c00000, 0x0000000089c00000|100%| S|CS|TAMS 0x0000000089b00000, 0x0000000089b00000| Complete 
| 156|0x0000000089c00000, 0x0000000089d00000, 0x0000000089d00000|100%| S|CS|TAMS 0x0000000089c00000, 0x0000000089c00000| Complete 
| 157|0x0000000089d00000, 0x0000000089e00000, 0x0000000089e00000|100%| S|CS|TAMS 0x0000000089d00000, 0x0000000089d00000| Complete 
| 158|0x0000000089e00000, 0x0000000089f00000, 0x0000000089f00000|100%| S|CS|TAMS 0x0000000089e00000, 0x0000000089e00000| Complete 
| 159|0x0000000089f00000, 0x000000008a000000, 0x000000008a000000|100%| S|CS|TAMS 0x0000000089f00000, 0x0000000089f00000| Complete 
| 160|0x000000008a000000, 0x000000008a100000, 0x000000008a100000|100%| S|CS|TAMS 0x000000008a000000, 0x000000008a000000| Complete 
| 161|0x000000008a100000, 0x000000008a100000, 0x000000008a200000|  0%| F|  |TAMS 0x000000008a100000, 0x000000008a100000| Untracked 
| 162|0x000000008a200000, 0x000000008a200000, 0x000000008a300000|  0%| F|  |TAMS 0x000000008a200000, 0x000000008a200000| Untracked 
| 163|0x000000008a300000, 0x000000008a300000, 0x000000008a400000|  0%| F|  |TAMS 0x000000008a300000, 0x000000008a300000| Untracked 
| 164|0x000000008a400000, 0x000000008a400000, 0x000000008a500000|  0%| F|  |TAMS 0x000000008a400000, 0x000000008a400000| Untracked 
| 165|0x000000008a500000, 0x000000008a500000, 0x000000008a600000|  0%| F|  |TAMS 0x000000008a500000, 0x000000008a500000| Untracked 
| 166|0x000000008a600000, 0x000000008a600000, 0x000000008a700000|  0%| F|  |TAMS 0x000000008a600000, 0x000000008a600000| Untracked 
| 167|0x000000008a700000, 0x000000008a700000, 0x000000008a800000|  0%| F|  |TAMS 0x000000008a700000, 0x000000008a700000| Untracked 
| 168|0x000000008a800000, 0x000000008a800000, 0x000000008a900000|  0%| F|  |TAMS 0x000000008a800000, 0x000000008a800000| Untracked 
| 169|0x000000008a900000, 0x000000008a900000, 0x000000008aa00000|  0%| F|  |TAMS 0x000000008a900000, 0x000000008a900000| Untracked 
| 170|0x000000008aa00000, 0x000000008aa00000, 0x000000008ab00000|  0%| F|  |TAMS 0x000000008aa00000, 0x000000008aa00000| Untracked 
| 171|0x000000008ab00000, 0x000000008ab00000, 0x000000008ac00000|  0%| F|  |TAMS 0x000000008ab00000, 0x000000008ab00000| Untracked 
| 172|0x000000008ac00000, 0x000000008ac00000, 0x000000008ad00000|  0%| F|  |TAMS 0x000000008ac00000, 0x000000008ac00000| Untracked 
| 173|0x000000008ad00000, 0x000000008ad00000, 0x000000008ae00000|  0%| F|  |TAMS 0x000000008ad00000, 0x000000008ad00000| Untracked 
| 174|0x000000008ae00000, 0x000000008ae00000, 0x000000008af00000|  0%| F|  |TAMS 0x000000008ae00000, 0x000000008ae00000| Untracked 
| 175|0x000000008af00000, 0x000000008af00000, 0x000000008b000000|  0%| F|  |TAMS 0x000000008af00000, 0x000000008af00000| Untracked 
| 176|0x000000008b000000, 0x000000008b000000, 0x000000008b100000|  0%| F|  |TAMS 0x000000008b000000, 0x000000008b000000| Untracked 
| 177|0x000000008b100000, 0x000000008b100000, 0x000000008b200000|  0%| F|  |TAMS 0x000000008b100000, 0x000000008b100000| Untracked 
| 178|0x000000008b200000, 0x000000008b200000, 0x000000008b300000|  0%| F|  |TAMS 0x000000008b200000, 0x000000008b200000| Untracked 
| 179|0x000000008b300000, 0x000000008b300000, 0x000000008b400000|  0%| F|  |TAMS 0x000000008b300000, 0x000000008b300000| Untracked 
| 180|0x000000008b400000, 0x000000008b400000, 0x000000008b500000|  0%| F|  |TAMS 0x000000008b400000, 0x000000008b400000| Untracked 
| 181|0x000000008b500000, 0x000000008b500000, 0x000000008b600000|  0%| F|  |TAMS 0x000000008b500000, 0x000000008b500000| Untracked 
| 182|0x000000008b600000, 0x000000008b600000, 0x000000008b700000|  0%| F|  |TAMS 0x000000008b600000, 0x000000008b600000| Untracked 
| 183|0x000000008b700000, 0x000000008b700000, 0x000000008b800000|  0%| F|  |TAMS 0x000000008b700000, 0x000000008b700000| Untracked 
| 184|0x000000008b800000, 0x000000008b800000, 0x000000008b900000|  0%| F|  |TAMS 0x000000008b800000, 0x000000008b800000| Untracked 
| 185|0x000000008b900000, 0x000000008b900000, 0x000000008ba00000|  0%| F|  |TAMS 0x000000008b900000, 0x000000008b900000| Untracked 
| 186|0x000000008ba00000, 0x000000008ba00000, 0x000000008bb00000|  0%| F|  |TAMS 0x000000008ba00000, 0x000000008ba00000| Untracked 
| 187|0x000000008bb00000, 0x000000008bb00000, 0x000000008bc00000|  0%| F|  |TAMS 0x000000008bb00000, 0x000000008bb00000| Untracked 
| 188|0x000000008bc00000, 0x000000008bc00000, 0x000000008bd00000|  0%| F|  |TAMS 0x000000008bc00000, 0x000000008bc00000| Untracked 
| 189|0x000000008bd00000, 0x000000008bd00000, 0x000000008be00000|  0%| F|  |TAMS 0x000000008bd00000, 0x000000008bd00000| Untracked 
| 190|0x000000008be00000, 0x000000008be00000, 0x000000008bf00000|  0%| F|  |TAMS 0x000000008be00000, 0x000000008be00000| Untracked 
| 191|0x000000008bf00000, 0x000000008bf00000, 0x000000008c000000|  0%| F|  |TAMS 0x000000008bf00000, 0x000000008bf00000| Untracked 
| 192|0x000000008c000000, 0x000000008c000000, 0x000000008c100000|  0%| F|  |TAMS 0x000000008c000000, 0x000000008c000000| Untracked 
| 193|0x000000008c100000, 0x000000008c100000, 0x000000008c200000|  0%| F|  |TAMS 0x000000008c100000, 0x000000008c100000| Untracked 
| 194|0x000000008c200000, 0x000000008c200000, 0x000000008c300000|  0%| F|  |TAMS 0x000000008c200000, 0x000000008c200000| Untracked 
| 195|0x000000008c300000, 0x000000008c300000, 0x000000008c400000|  0%| F|  |TAMS 0x000000008c300000, 0x000000008c300000| Untracked 
| 196|0x000000008c400000, 0x000000008c400000, 0x000000008c500000|  0%| F|  |TAMS 0x000000008c400000, 0x000000008c400000| Untracked 
| 197|0x000000008c500000, 0x000000008c500000, 0x000000008c600000|  0%| F|  |TAMS 0x000000008c500000, 0x000000008c500000| Untracked 
| 198|0x000000008c600000, 0x000000008c600000, 0x000000008c700000|  0%| F|  |TAMS 0x000000008c600000, 0x000000008c600000| Untracked 
| 199|0x000000008c700000, 0x000000008c700000, 0x000000008c800000|  0%| F|  |TAMS 0x000000008c700000, 0x000000008c700000| Untracked 
| 200|0x000000008c800000, 0x000000008c800000, 0x000000008c900000|  0%| F|  |TAMS 0x000000008c800000, 0x000000008c800000| Untracked 
| 201|0x000000008c900000, 0x000000008c900000, 0x000000008ca00000|  0%| F|  |TAMS 0x000000008c900000, 0x000000008c900000| Untracked 
| 202|0x000000008ca00000, 0x000000008ca00000, 0x000000008cb00000|  0%| F|  |TAMS 0x000000008ca00000, 0x000000008ca00000| Untracked 
| 203|0x000000008cb00000, 0x000000008cb00000, 0x000000008cc00000|  0%| F|  |TAMS 0x000000008cb00000, 0x000000008cb00000| Untracked 
| 204|0x000000008cc00000, 0x000000008cc00000, 0x000000008cd00000|  0%| F|  |TAMS 0x000000008cc00000, 0x000000008cc00000| Untracked 
| 205|0x000000008cd00000, 0x000000008cd00000, 0x000000008ce00000|  0%| F|  |TAMS 0x000000008cd00000, 0x000000008cd00000| Untracked 
| 206|0x000000008ce00000, 0x000000008ce00000, 0x000000008cf00000|  0%| F|  |TAMS 0x000000008ce00000, 0x000000008ce00000| Untracked 
| 207|0x000000008cf00000, 0x000000008cf00000, 0x000000008d000000|  0%| F|  |TAMS 0x000000008cf00000, 0x000000008cf00000| Untracked 
| 208|0x000000008d000000, 0x000000008d000000, 0x000000008d100000|  0%| F|  |TAMS 0x000000008d000000, 0x000000008d000000| Untracked 
| 209|0x000000008d100000, 0x000000008d100000, 0x000000008d200000|  0%| F|  |TAMS 0x000000008d100000, 0x000000008d100000| Untracked 
| 210|0x000000008d200000, 0x000000008d200000, 0x000000008d300000|  0%| F|  |TAMS 0x000000008d200000, 0x000000008d200000| Untracked 
| 211|0x000000008d300000, 0x000000008d300000, 0x000000008d400000|  0%| F|  |TAMS 0x000000008d300000, 0x000000008d300000| Untracked 
| 212|0x000000008d400000, 0x000000008d400000, 0x000000008d500000|  0%| F|  |TAMS 0x000000008d400000, 0x000000008d400000| Untracked 
| 213|0x000000008d500000, 0x000000008d580800, 0x000000008d600000| 50%| E|  |TAMS 0x000000008d500000, 0x000000008d500000| Complete 
| 214|0x000000008d600000, 0x000000008d700000, 0x000000008d700000|100%| E|CS|TAMS 0x000000008d600000, 0x000000008d600000| Complete 
| 215|0x000000008d700000, 0x000000008d800000, 0x000000008d800000|100%| E|CS|TAMS 0x000000008d700000, 0x000000008d700000| Complete 
| 216|0x000000008d800000, 0x000000008d900000, 0x000000008d900000|100%| E|CS|TAMS 0x000000008d800000, 0x000000008d800000| Complete 
| 217|0x000000008d900000, 0x000000008da00000, 0x000000008da00000|100%| E|CS|TAMS 0x000000008d900000, 0x000000008d900000| Complete 
| 218|0x000000008da00000, 0x000000008db00000, 0x000000008db00000|100%| E|CS|TAMS 0x000000008da00000, 0x000000008da00000| Complete 
| 219|0x000000008db00000, 0x000000008dc00000, 0x000000008dc00000|100%| E|CS|TAMS 0x000000008db00000, 0x000000008db00000| Complete 
| 220|0x000000008dc00000, 0x000000008dd00000, 0x000000008dd00000|100%| E|CS|TAMS 0x000000008dc00000, 0x000000008dc00000| Complete 
| 221|0x000000008dd00000, 0x000000008de00000, 0x000000008de00000|100%| E|CS|TAMS 0x000000008dd00000, 0x000000008dd00000| Complete 
| 222|0x000000008de00000, 0x000000008df00000, 0x000000008df00000|100%| E|CS|TAMS 0x000000008de00000, 0x000000008de00000| Complete 
| 223|0x000000008df00000, 0x000000008e000000, 0x000000008e000000|100%| E|CS|TAMS 0x000000008df00000, 0x000000008df00000| Complete 
| 224|0x000000008e000000, 0x000000008e100000, 0x000000008e100000|100%| E|CS|TAMS 0x000000008e000000, 0x000000008e000000| Complete 
| 225|0x000000008e100000, 0x000000008e200000, 0x000000008e200000|100%| E|CS|TAMS 0x000000008e100000, 0x000000008e100000| Complete 
| 226|0x000000008e200000, 0x000000008e300000, 0x000000008e300000|100%| E|CS|TAMS 0x000000008e200000, 0x000000008e200000| Complete 
| 227|0x000000008e300000, 0x000000008e400000, 0x000000008e400000|100%| E|CS|TAMS 0x000000008e300000, 0x000000008e300000| Complete 
| 228|0x000000008e400000, 0x000000008e500000, 0x000000008e500000|100%| E|CS|TAMS 0x000000008e400000, 0x000000008e400000| Complete 
| 229|0x000000008e500000, 0x000000008e600000, 0x000000008e600000|100%| E|CS|TAMS 0x000000008e500000, 0x000000008e500000| Complete 
| 230|0x000000008e600000, 0x000000008e700000, 0x000000008e700000|100%| E|CS|TAMS 0x000000008e600000, 0x000000008e600000| Complete 
| 231|0x000000008e700000, 0x000000008e800000, 0x000000008e800000|100%| E|CS|TAMS 0x000000008e700000, 0x000000008e700000| Complete 
| 232|0x000000008e800000, 0x000000008e900000, 0x000000008e900000|100%| E|CS|TAMS 0x000000008e800000, 0x000000008e800000| Complete 
| 233|0x000000008e900000, 0x000000008ea00000, 0x000000008ea00000|100%| E|CS|TAMS 0x000000008e900000, 0x000000008e900000| Complete 
| 234|0x000000008ea00000, 0x000000008eb00000, 0x000000008eb00000|100%| E|CS|TAMS 0x000000008ea00000, 0x000000008ea00000| Complete 
| 235|0x000000008eb00000, 0x000000008ec00000, 0x000000008ec00000|100%| E|CS|TAMS 0x000000008eb00000, 0x000000008eb00000| Complete 
| 236|0x000000008ec00000, 0x000000008ed00000, 0x000000008ed00000|100%| E|CS|TAMS 0x000000008ec00000, 0x000000008ec00000| Complete 
| 237|0x000000008ed00000, 0x000000008ee00000, 0x000000008ee00000|100%| E|CS|TAMS 0x000000008ed00000, 0x000000008ed00000| Complete 
| 238|0x000000008ee00000, 0x000000008ef00000, 0x000000008ef00000|100%| E|CS|TAMS 0x000000008ee00000, 0x000000008ee00000| Complete 
| 239|0x000000008ef00000, 0x000000008f000000, 0x000000008f000000|100%| E|CS|TAMS 0x000000008ef00000, 0x000000008ef00000| Complete 
| 240|0x000000008f000000, 0x000000008f100000, 0x000000008f100000|100%| E|CS|TAMS 0x000000008f000000, 0x000000008f000000| Complete 
| 241|0x000000008f100000, 0x000000008f200000, 0x000000008f200000|100%| E|CS|TAMS 0x000000008f100000, 0x000000008f100000| Complete 
| 242|0x000000008f200000, 0x000000008f300000, 0x000000008f300000|100%| E|CS|TAMS 0x000000008f200000, 0x000000008f200000| Complete 
| 243|0x000000008f300000, 0x000000008f400000, 0x000000008f400000|100%| E|CS|TAMS 0x000000008f300000, 0x000000008f300000| Complete 
| 244|0x000000008f400000, 0x000000008f500000, 0x000000008f500000|100%| E|CS|TAMS 0x000000008f400000, 0x000000008f400000| Complete 
| 245|0x000000008f500000, 0x000000008f600000, 0x000000008f600000|100%| E|CS|TAMS 0x000000008f500000, 0x000000008f500000| Complete 
| 246|0x000000008f600000, 0x000000008f700000, 0x000000008f700000|100%| E|CS|TAMS 0x000000008f600000, 0x000000008f600000| Complete 
| 247|0x000000008f700000, 0x000000008f800000, 0x000000008f800000|100%| E|CS|TAMS 0x000000008f700000, 0x000000008f700000| Complete 
| 248|0x000000008f800000, 0x000000008f900000, 0x000000008f900000|100%| E|CS|TAMS 0x000000008f800000, 0x000000008f800000| Complete 
| 249|0x000000008f900000, 0x000000008fa00000, 0x000000008fa00000|100%| E|CS|TAMS 0x000000008f900000, 0x000000008f900000| Complete 
| 250|0x000000008fa00000, 0x000000008fb00000, 0x000000008fb00000|100%| E|CS|TAMS 0x000000008fa00000, 0x000000008fa00000| Complete 
| 251|0x000000008fb00000, 0x000000008fc00000, 0x000000008fc00000|100%| E|CS|TAMS 0x000000008fb00000, 0x000000008fb00000| Complete 
| 252|0x000000008fc00000, 0x000000008fd00000, 0x000000008fd00000|100%| E|CS|TAMS 0x000000008fc00000, 0x000000008fc00000| Complete 
| 253|0x000000008fd00000, 0x000000008fe00000, 0x000000008fe00000|100%| E|CS|TAMS 0x000000008fd00000, 0x000000008fd00000| Complete 
| 254|0x000000008fe00000, 0x000000008ff00000, 0x000000008ff00000|100%| E|CS|TAMS 0x000000008fe00000, 0x000000008fe00000| Complete 
| 255|0x000000008ff00000, 0x0000000090000000, 0x0000000090000000|100%| E|CS|TAMS 0x000000008ff00000, 0x000000008ff00000| Complete 

Card table byte_map: [0x0000025480000000,0x0000025480400000] _byte_map_base: 0x000002547fc00000

Marking Bits (Prev, Next): (CMBitMap*) 0x00000254ecc3ea98, (CMBitMap*) 0x00000254ecc3ead0
 Prev Bits: [0x0000025480800000, 0x0000025482800000)
 Next Bits: [0x0000025482800000, 0x0000025484800000)

Polling page: 0x00000254eabc0000

Metaspace:

Usage:
  Non-class:     94.66 MB capacity,    92.95 MB ( 98%) used,     1.39 MB (  1%) free+waste,   332.69 KB ( <1%) overhead. 
      Class:     14.63 MB capacity,    13.64 MB ( 93%) used,   864.30 KB (  6%) free+waste,   150.75 KB (  1%) overhead. 
       Both:    109.29 MB capacity,   106.58 MB ( 98%) used,     2.23 MB (  2%) free+waste,   483.44 KB ( <1%) overhead. 

Virtual space:
  Non-class space:       96.00 MB reserved,      94.75 MB ( 99%) committed 
      Class space:        1.00 GB reserved,      14.75 MB (  1%) committed 
             Both:        1.09 GB reserved,     109.50 MB ( 10%) committed 

Chunk freelists:
   Non-Class:  32.00 KB
       Class:  0 bytes
        Both:  32.00 KB

MaxMetaspaceSize: 17179869184.00 GB
CompressedClassSpaceSize: 1.00 GB

CodeHeap 'non-profiled nmethods': size=120000Kb used=9005Kb max_used=9005Kb free=110995Kb
 bounds [0x00000254f81c0000, 0x00000254f8a90000, 0x00000254ff6f0000]
CodeHeap 'profiled nmethods': size=120000Kb used=30277Kb max_used=30277Kb free=89722Kb
 bounds [0x00000254f0c90000, 0x00000254f2a30000, 0x00000254f81c0000]
CodeHeap 'non-nmethods': size=5760Kb used=2344Kb max_used=2412Kb free=3415Kb
 bounds [0x00000254f06f0000, 0x00000254f0960000, 0x00000254f0c90000]
 total_blobs=14930 nmethods=13957 adapters=881
 compilation: enabled
              stopped_count=0, restarted_count=0
 full_count=0

Compilation events (20 events):
Event: 30.345 Thread 0x0000025487a13800 14118       3       com.sun.tools.javac.code.Types::asSuper (35 bytes)
Event: 30.345 Thread 0x0000025487a13800 nmethod 14118 0x00000254f29d6090 code [0x00000254f29d6260, 0x00000254f29d65e8]
Event: 30.345 Thread 0x0000025487a13800 14119       3       com.sun.tools.javac.util.ListBuffer$1::hasNext (16 bytes)
Event: 30.345 Thread 0x0000025487a13800 nmethod 14119 0x00000254f29d6790 code [0x00000254f29d6960, 0x00000254f29d6b88]
Event: 30.345 Thread 0x0000025487a13800 14109       1       com.sun.tools.javac.code.Type::isSuperBound (2 bytes)
Event: 30.345 Thread 0x0000025487a13800 nmethod 14109 0x00000254f8a85c90 code [0x00000254f8a85e40, 0x00000254f8a85ef8]
Event: 30.345 Thread 0x0000025487a13800 14120       3       com.sun.tools.javac.code.Types::isSameType (16 bytes)
Event: 30.346 Thread 0x0000025487a13800 nmethod 14120 0x00000254f29d6c90 code [0x00000254f29d6e60, 0x00000254f29d71a8]
Event: 30.346 Thread 0x0000025487a13800 14121       3       com.sun.tools.javac.comp.Resolve::resolveIdent (26 bytes)
Event: 30.346 Thread 0x0000025487a13800 nmethod 14121 0x00000254f29d7310 code [0x00000254f29d7520, 0x00000254f29d7948]
Event: 30.346 Thread 0x0000025487a13800 14125       3       com.sun.tools.javac.code.Lint::isEnabled (9 bytes)
Event: 30.346 Thread 0x0000025487a13800 nmethod 14125 0x00000254f29d7c10 code [0x00000254f29d7dc0, 0x00000254f29d7f88]
Event: 30.346 Thread 0x0000025487a13800 14124       3       com.sun.tools.javac.code.Type$MethodType::getTag (4 bytes)
Event: 30.346 Thread 0x0000025487a13800 nmethod 14124 0x00000254f29d8090 code [0x00000254f29d8240, 0x00000254f29d8358]
Event: 30.346 Thread 0x0000025487a13800 14122       3       com.sun.tools.javac.comp.Resolve::findIdent (13 bytes)
Event: 30.347 Thread 0x0000025487a13800 nmethod 14122 0x00000254f29d8410 code [0x00000254f29d85e0, 0x00000254f29d8758]
Event: 30.347 Thread 0x0000025487a13800 14123       3       com.sun.tools.javac.comp.Resolve::findIdentInternal (102 bytes)
Event: 30.348 Thread 0x0000025487a13800 nmethod 14123 0x00000254f29d8810 code [0x00000254f29d8aa0, 0x00000254f29d95e8]
Event: 30.348 Thread 0x0000025487a13800 14127       3       com.sun.tools.javac.code.Types$12::visitClassType (144 bytes)
Event: 30.348 Thread 0x0000025488f8f800 14129   !   4       com.sun.tools.javac.code.Symbol$ClassSymbol::complete (52 bytes)

GC Heap History (20 events):
Event: 10.388 GC heap before
{Heap before GC invocations=8 (full 0):
 garbage-first heap   total 262144K, used 78179K [0x0000000080000000, 0x0000000100000000)
  region size 1024K, 48 young (49152K), 18 survivors (18432K)
 Metaspace       used 58527K, capacity 60048K, committed 60160K, reserved 1101824K
  class space    used 7429K, capacity 8000K, committed 8064K, reserved 1048576K
}
Event: 10.424 GC heap after
{Heap after GC invocations=9 (full 0):
 garbage-first heap   total 262144K, used 52565K [0x0000000080000000, 0x0000000100000000)
  region size 1024K, 4 young (4096K), 4 survivors (4096K)
 Metaspace       used 58527K, capacity 60048K, committed 60160K, reserved 1101824K
  class space    used 7429K, capacity 8000K, committed 8064K, reserved 1048576K
}
Event: 12.000 GC heap before
{Heap before GC invocations=10 (full 0):
 garbage-first heap   total 262144K, used 158037K [0x0000000080000000, 0x0000000100000000)
  region size 1024K, 107 young (109568K), 4 survivors (4096K)
 Metaspace       used 65929K, capacity 67489K, committed 67712K, reserved 1107968K
  class space    used 8379K, capacity 8966K, committed 9088K, reserved 1048576K
}
Event: 12.020 GC heap after
{Heap after GC invocations=11 (full 0):
 garbage-first heap   total 262144K, used 58715K [0x0000000080000000, 0x0000000100000000)
  region size 1024K, 10 young (10240K), 10 survivors (10240K)
 Metaspace       used 65929K, capacity 67489K, committed 67712K, reserved 1107968K
  class space    used 8379K, capacity 8966K, committed 9088K, reserved 1048576K
}
Event: 13.784 GC heap before
{Heap before GC invocations=12 (full 0):
 garbage-first heap   total 262144K, used 168283K [0x0000000080000000, 0x0000000100000000)
  region size 1024K, 117 young (119808K), 10 survivors (10240K)
 Metaspace       used 73667K, capacity 75414K, committed 75520K, reserved 1114112K
  class space    used 9543K, capacity 10170K, committed 10240K, reserved 1048576K
}
Event: 13.808 GC heap after
{Heap after GC invocations=13 (full 0):
 garbage-first heap   total 262144K, used 66352K [0x0000000080000000, 0x0000000100000000)
  region size 1024K, 8 young (8192K), 8 survivors (8192K)
 Metaspace       used 73667K, capacity 75414K, committed 75520K, reserved 1114112K
  class space    used 9543K, capacity 10170K, committed 10240K, reserved 1048576K
}
Event: 15.913 GC heap before
{Heap before GC invocations=13 (full 0):
 garbage-first heap   total 262144K, used 177968K [0x0000000080000000, 0x0000000100000000)
  region size 1024K, 117 young (119808K), 8 survivors (8192K)
 Metaspace       used 82642K, capacity 84825K, committed 84864K, reserved 1122304K
  class space    used 10821K, capacity 11612K, committed 11648K, reserved 1048576K
}
Event: 15.934 GC heap after
{Heap after GC invocations=14 (full 0):
 garbage-first heap   total 262144K, used 74752K [0x0000000080000000, 0x0000000100000000)
  region size 1024K, 15 young (15360K), 15 survivors (15360K)
 Metaspace       used 82642K, capacity 84825K, committed 84864K, reserved 1122304K
  class space    used 10821K, capacity 11612K, committed 11648K, reserved 1048576K
}
Event: 17.607 GC heap before
{Heap before GC invocations=14 (full 0):
 garbage-first heap   total 262144K, used 187392K [0x0000000080000000, 0x0000000100000000)
  region size 1024K, 124 young (126976K), 15 survivors (15360K)
 Metaspace       used 85414K, capacity 87701K, committed 87808K, reserved 1124352K
  class space    used 11088K, capacity 11938K, committed 12032K, reserved 1048576K
}
Event: 17.645 GC heap after
{Heap after GC invocations=15 (full 0):
 garbage-first heap   total 262144K, used 93340K [0x0000000080000000, 0x0000000100000000)
  region size 1024K, 16 young (16384K), 16 survivors (16384K)
 Metaspace       used 85414K, capacity 87701K, committed 87808K, reserved 1124352K
  class space    used 11088K, capacity 11938K, committed 12032K, reserved 1048576K
}
Event: 18.845 GC heap before
{Heap before GC invocations=15 (full 0):
 garbage-first heap   total 262144K, used 201884K [0x0000000080000000, 0x0000000100000000)
  region size 1024K, 108 young (110592K), 16 survivors (16384K)
 Metaspace       used 90179K, capacity 92492K, committed 92672K, reserved 1130496K
  class space    used 11613K, capacity 12463K, committed 12544K, reserved 1048576K
}
Event: 18.873 GC heap after
{Heap after GC invocations=16 (full 0):
 garbage-first heap   total 262144K, used 102449K [0x0000000080000000, 0x0000000100000000)
  region size 1024K, 8 young (8192K), 8 survivors (8192K)
 Metaspace       used 90179K, capacity 92492K, committed 92672K, reserved 1130496K
  class space    used 11613K, capacity 12463K, committed 12544K, reserved 1048576K
}
Event: 19.694 GC heap before
{Heap before GC invocations=16 (full 0):
 garbage-first heap   total 262144K, used 193585K [0x0000000080000000, 0x0000000100000000)
  region size 1024K, 98 young (100352K), 8 survivors (8192K)
 Metaspace       used 92541K, capacity 94965K, committed 94976K, reserved 1132544K
  class space    used 11913K, capacity 12800K, committed 12800K, reserved 1048576K
}
Event: 19.716 GC heap after
{Heap after GC invocations=17 (full 0):
 garbage-first heap   total 262144K, used 105626K [0x0000000080000000, 0x0000000100000000)
  region size 1024K, 11 young (11264K), 11 survivors (11264K)
 Metaspace       used 92541K, capacity 94965K, committed 94976K, reserved 1132544K
  class space    used 11913K, capacity 12800K, committed 12800K, reserved 1048576K
}
Event: 22.420 GC heap before
{Heap before GC invocations=17 (full 0):
 garbage-first heap   total 262144K, used 198810K [0x0000000080000000, 0x0000000100000000)
  region size 1024K, 103 young (105472K), 11 survivors (11264K)
 Metaspace       used 95104K, capacity 97527K, committed 97664K, reserved 1134592K
  class space    used 12203K, capacity 13080K, committed 13184K, reserved 1048576K
}
Event: 22.437 GC heap after
{Heap after GC invocations=18 (full 0):
 garbage-first heap   total 262144K, used 114783K [0x0000000080000000, 0x0000000100000000)
  region size 1024K, 13 young (13312K), 13 survivors (13312K)
 Metaspace       used 95104K, capacity 97527K, committed 97664K, reserved 1134592K
  class space    used 12203K, capacity 13080K, committed 13184K, reserved 1048576K
}
Event: 23.906 GC heap before
{Heap before GC invocations=18 (full 0):
 garbage-first heap   total 262144K, used 203871K [0x0000000080000000, 0x0000000100000000)
  region size 1024K, 101 young (103424K), 13 survivors (13312K)
 Metaspace       used 99709K, capacity 102216K, committed 102400K, reserved 1138688K
  class space    used 12805K, capacity 13724K, committed 13824K, reserved 1048576K
}
Event: 23.923 GC heap after
{Heap after GC invocations=19 (full 0):
 garbage-first heap   total 262144K, used 117445K [0x0000000080000000, 0x0000000100000000)
  region size 1024K, 6 young (6144K), 6 survivors (6144K)
 Metaspace       used 99709K, capacity 102216K, committed 102400K, reserved 1138688K
  class space    used 12805K, capacity 13724K, committed 13824K, reserved 1048576K
}
Event: 28.939 GC heap before
{Heap before GC invocations=19 (full 0):
 garbage-first heap   total 262144K, used 207557K [0x0000000080000000, 0x0000000100000000)
  region size 1024K, 95 young (97280K), 6 survivors (6144K)
 Metaspace       used 104888K, capacity 107536K, committed 107776K, reserved 1142784K
  class space    used 13497K, capacity 14485K, committed 14592K, reserved 1048576K
}
Event: 28.955 GC heap after
{Heap after GC invocations=20 (full 0):
 garbage-first heap   total 262144K, used 125781K [0x0000000080000000, 0x0000000100000000)
  region size 1024K, 12 young (12288K), 12 survivors (12288K)
 Metaspace       used 104888K, capacity 107536K, committed 107776K, reserved 1142784K
  class space    used 13497K, capacity 14485K, committed 14592K, reserved 1048576K
}

Deoptimization events (20 events):
Event: 30.047 Thread 0x000002548b9ce000 DEOPT PACKING pc=0x00000254f2098b8f sp=0x000000c3759f8650
Event: 30.047 Thread 0x000002548b9ce000 DEOPT UNPACKING pc=0x00000254f07176ce sp=0x000000c3759f7b58 mode 0
Event: 30.060 Thread 0x000002548b9ce000 DEOPT PACKING pc=0x00000254f2098b8f sp=0x000000c3759f8980
Event: 30.060 Thread 0x000002548b9ce000 DEOPT UNPACKING pc=0x00000254f07176ce sp=0x000000c3759f7e88 mode 0
Event: 30.063 Thread 0x000002548b9ce000 Uncommon trap: trap_request=0xffffff4d fr.pc=0x00000254f8a626bc relative=0x000000000000021c
Event: 30.063 Thread 0x000002548b9ce000 Uncommon trap: reason=unstable_if action=reinterpret pc=0x00000254f8a626bc method=com.sun.tools.javac.util.Name$Table.equals([BI[BII)Z @ 22 c2
Event: 30.063 Thread 0x000002548b9ce000 DEOPT PACKING pc=0x00000254f8a626bc sp=0x000000c3759f7e90
Event: 30.063 Thread 0x000002548b9ce000 DEOPT UNPACKING pc=0x00000254f07178af sp=0x000000c3759f7e08 mode 2
Event: 30.285 Thread 0x000002548b9cb800 Uncommon trap: trap_request=0xffffffde fr.pc=0x00000254f8a26944 relative=0x0000000000000184
Event: 30.285 Thread 0x000002548b9cb800 Uncommon trap: reason=class_check action=maybe_recompile pc=0x00000254f8a26944 method=java.util.concurrent.locks.ReentrantReadWriteLock$Sync.tryAcquireShared(I)I @ 33 c2
Event: 30.285 Thread 0x000002548b9cb800 DEOPT PACKING pc=0x00000254f8a26944 sp=0x000000c3756fea90
Event: 30.285 Thread 0x000002548b9cb800 DEOPT UNPACKING pc=0x00000254f07178af sp=0x000000c3756fea30 mode 2
Event: 30.285 Thread 0x000002548b9cb800 Uncommon trap: trap_request=0xffffffde fr.pc=0x00000254f8a26944 relative=0x0000000000000184
Event: 30.285 Thread 0x000002548b9cb800 Uncommon trap: reason=class_check action=maybe_recompile pc=0x00000254f8a26944 method=java.util.concurrent.locks.ReentrantReadWriteLock$Sync.tryAcquireShared(I)I @ 33 c2
Event: 30.285 Thread 0x000002548b9cb800 DEOPT PACKING pc=0x00000254f8a26944 sp=0x000000c3756fea90
Event: 30.285 Thread 0x000002548b9cb800 DEOPT UNPACKING pc=0x00000254f07178af sp=0x000000c3756fea30 mode 2
Event: 30.314 Thread 0x000002548b9ce000 Uncommon trap: trap_request=0xffffffc6 fr.pc=0x00000254f8766690 relative=0x0000000000000d90
Event: 30.314 Thread 0x000002548b9ce000 Uncommon trap: reason=bimorphic_or_optimized_type_check action=maybe_recompile pc=0x00000254f8766690 method=java.util.HashMap.removeNode(ILjava/lang/Object;Ljava/lang/Object;ZZ)Ljava/util/HashMap$Node; @ 68 c2
Event: 30.314 Thread 0x000002548b9ce000 DEOPT PACKING pc=0x00000254f8766690 sp=0x000000c3759f7fc0
Event: 30.314 Thread 0x000002548b9ce000 DEOPT UNPACKING pc=0x00000254f07178af sp=0x000000c3759f7f58 mode 2

Classes redefined (0 events):
No events

Internal exceptions (20 events):
Event: 30.224 Thread 0x000002548b9ce000 Exception <a 'sun/nio/fs/WindowsException'{0x000000008d91dff8}> (0x000000008d91dff8) thrown at [./src/hotspot/share/prims/jni.cpp, line 615]
Event: 30.225 Thread 0x000002548b9ce000 Exception <a 'sun/nio/fs/WindowsException'{0x000000008d91e960}> (0x000000008d91e960) thrown at [./src/hotspot/share/prims/jni.cpp, line 615]
Event: 30.225 Thread 0x000002548b9ce000 Exception <a 'sun/nio/fs/WindowsException'{0x000000008d91fba8}> (0x000000008d91fba8) thrown at [./src/hotspot/share/prims/jni.cpp, line 615]
Event: 30.226 Thread 0x000002548b9ce000 Exception <a 'sun/nio/fs/WindowsException'{0x000000008d920e00}> (0x000000008d920e00) thrown at [./src/hotspot/share/prims/jni.cpp, line 615]
Event: 30.226 Thread 0x000002548b9ce000 Exception <a 'sun/nio/fs/WindowsException'{0x000000008d922018}> (0x000000008d922018) thrown at [./src/hotspot/share/prims/jni.cpp, line 615]
Event: 30.226 Thread 0x000002548b9ce000 Exception <a 'sun/nio/fs/WindowsException'{0x000000008d922178}> (0x000000008d922178) thrown at [./src/hotspot/share/prims/jni.cpp, line 615]
Event: 30.226 Thread 0x000002548b9ce000 Exception <a 'sun/nio/fs/WindowsException'{0x000000008d924398}> (0x000000008d924398) thrown at [./src/hotspot/share/prims/jni.cpp, line 615]
Event: 30.226 Thread 0x000002548b9ce000 Exception <a 'sun/nio/fs/WindowsException'{0x000000008d9244e8}> (0x000000008d9244e8) thrown at [./src/hotspot/share/prims/jni.cpp, line 615]
Event: 30.227 Thread 0x000002548b9ce000 Exception <a 'sun/nio/fs/WindowsException'{0x000000008d926700}> (0x000000008d926700) thrown at [./src/hotspot/share/prims/jni.cpp, line 615]
Event: 30.244 Thread 0x000002548b9ce000 Exception <a 'sun/nio/fs/WindowsException'{0x000000008d967958}> (0x000000008d967958) thrown at [./src/hotspot/share/prims/jni.cpp, line 615]
Event: 30.244 Thread 0x000002548b9ce000 Exception <a 'sun/nio/fs/WindowsException'{0x000000008d967aa8}> (0x000000008d967aa8) thrown at [./src/hotspot/share/prims/jni.cpp, line 615]
Event: 30.249 Thread 0x000002548b9ce000 Exception <a 'sun/nio/fs/WindowsException'{0x000000008d9a8648}> (0x000000008d9a8648) thrown at [./src/hotspot/share/prims/jni.cpp, line 615]
Event: 30.249 Thread 0x000002548b9ce000 Exception <a 'sun/nio/fs/WindowsException'{0x000000008d9a87b0}> (0x000000008d9a87b0) thrown at [./src/hotspot/share/prims/jni.cpp, line 615]
Event: 30.254 Thread 0x000002548b9ce000 Exception <a 'sun/nio/fs/WindowsException'{0x000000008d8010f8}> (0x000000008d8010f8) thrown at [./src/hotspot/share/prims/jni.cpp, line 615]
Event: 30.254 Thread 0x000002548b9ce000 Exception <a 'sun/nio/fs/WindowsException'{0x000000008d801260}> (0x000000008d801260) thrown at [./src/hotspot/share/prims/jni.cpp, line 615]
Event: 30.269 Thread 0x000002548b9ce000 Exception <a 'java/lang/NoSuchMethodError'{0x000000008d859c98}: 'int java.lang.invoke.DirectMethodHandle$Holder.invokeVirtual(java.lang.Object, java.lang.Object, java.lang.Object, java.lang.Object)'> (0x000000008d859c98) thrown at [./src/hotspot/share/interpreter/linkResolver.cpp, line 773]
Event: 30.301 Thread 0x000002548b9ce000 Exception <a 'sun/nio/fs/WindowsException'{0x000000008d759320}> (0x000000008d759320) thrown at [./src/hotspot/share/prims/jni.cpp, line 615]
Event: 30.301 Thread 0x000002548b9ce000 Exception <a 'sun/nio/fs/WindowsException'{0x000000008d759480}> (0x000000008d759480) thrown at [./src/hotspot/share/prims/jni.cpp, line 615]
Event: 30.339 Thread 0x000002548b9ce000 Exception <a 'sun/nio/fs/WindowsException'{0x000000008d663cc8}> (0x000000008d663cc8) thrown at [./src/hotspot/share/prims/jni.cpp, line 615]
Event: 30.339 Thread 0x000002548b9ce000 Exception <a 'sun/nio/fs/WindowsException'{0x000000008d664f30}> (0x000000008d664f30) thrown at [./src/hotspot/share/prims/jni.cpp, line 615]

Events (20 events):
Event: 30.306 loading class com/sun/tools/javac/tree/JCTree$JCExpression
Event: 30.306 loading class com/sun/tools/javac/tree/JCTree$JCExpression done
Event: 30.306 loading class com/sun/tools/javac/comp/ArgumentAttr$ArgumentType
Event: 30.306 loading class com/sun/tools/javac/comp/ArgumentAttr$ArgumentType done
Event: 30.306 loading class com/sun/tools/javac/comp/ArgumentAttr
Event: 30.306 loading class com/sun/tools/javac/comp/ArgumentAttr done
Event: 30.306 loading class com/sun/tools/javac/tree/JCTree
Event: 30.306 loading class com/sun/tools/javac/tree/JCTree done
Event: 30.306 loading class com/sun/tools/javac/tree/JCTree
Event: 30.306 loading class com/sun/tools/javac/tree/JCTree done
Event: 30.306 loading class com/sun/tools/javac/comp/DeferredAttr
Event: 30.306 loading class com/sun/tools/javac/comp/DeferredAttr done
Event: 30.307 loading class com/sun/tools/javac/tree/JCTree
Event: 30.307 loading class com/sun/tools/javac/tree/JCTree done
Event: 30.307 loading class com/sun/tools/javac/util/JCDiagnostic
Event: 30.307 loading class com/sun/tools/javac/util/JCDiagnostic done
Event: 30.307 loading class com/sun/tools/javac/tree/JCTree
Event: 30.307 loading class com/sun/tools/javac/tree/JCTree done
Event: 30.313 loading class com/sun/tools/javac/tree/JCTree
Event: 30.313 loading class com/sun/tools/javac/tree/JCTree done


Dynamic libraries:
0x00007ff626680000 - 0x00007ff62668a000 	C:\Program Files\Android\Android Studio\jre\bin\java.exe
0x00007fffa03b0000 - 0x00007fffa05a5000 	C:\Windows\SYSTEM32\ntdll.dll
0x00007fff9e8b0000 - 0x00007fff9e96e000 	C:\Windows\System32\KERNEL32.DLL
0x00007fff9e050000 - 0x00007fff9e318000 	C:\Windows\System32\KERNELBASE.dll
0x00007fff9dad0000 - 0x00007fff9dbd0000 	C:\Windows\System32\ucrtbase.dll
0x00007fff922d0000 - 0x00007fff922e9000 	C:\Program Files\Android\Android Studio\jre\bin\jli.dll
0x00007fff921f0000 - 0x00007fff92207000 	C:\Program Files\Android\Android Studio\jre\bin\VCRUNTIME140.dll
0x00007fff9f150000 - 0x00007fff9f2f1000 	C:\Windows\System32\USER32.dll
0x00007fff9e320000 - 0x00007fff9e342000 	C:\Windows\System32\win32u.dll
0x00007fff885e0000 - 0x00007fff8887a000 	C:\Windows\WinSxS\amd64_microsoft.windows.common-controls_6595b64144ccf1df_6.0.19041.1110_none_60b5254171f9507e\COMCTL32.dll
0x00007fff9f5c0000 - 0x00007fff9f5eb000 	C:\Windows\System32\GDI32.dll
0x00007fff9e970000 - 0x00007fff9ea0e000 	C:\Windows\System32\msvcrt.dll
0x00007fff9dc80000 - 0x00007fff9dd8b000 	C:\Windows\System32\gdi32full.dll
0x00007fff9df80000 - 0x00007fff9e01d000 	C:\Windows\System32\msvcp_win.dll
0x00007fffa0260000 - 0x00007fffa0290000 	C:\Windows\System32\IMM32.DLL
0x00007fff7f300000 - 0x00007fff7f39d000 	C:\Program Files\Android\Android Studio\jre\bin\msvcp140.dll
0x00007fff65ac0000 - 0x00007fff6658f000 	C:\Program Files\Android\Android Studio\jre\bin\server\jvm.dll
0x00007fff9f460000 - 0x00007fff9f50c000 	C:\Windows\System32\ADVAPI32.dll
0x00007fffa0010000 - 0x00007fffa00ab000 	C:\Windows\System32\sechost.dll
0x00007fff9e6a0000 - 0x00007fff9e7ca000 	C:\Windows\System32\RPCRT4.dll
0x00007fffa0000000 - 0x00007fffa0008000 	C:\Windows\System32\PSAPI.DLL
0x00007fff98c50000 - 0x00007fff98c77000 	C:\Windows\SYSTEM32\WINMM.dll
0x00007fff99960000 - 0x00007fff99969000 	C:\Windows\SYSTEM32\WSOCK32.dll
0x00007fff97d20000 - 0x00007fff97d2a000 	C:\Windows\SYSTEM32\VERSION.dll
0x00007fff9f3f0000 - 0x00007fff9f45b000 	C:\Windows\System32\WS2_32.dll
0x00007fff9b9d0000 - 0x00007fff9b9e2000 	C:\Windows\SYSTEM32\kernel.appcore.dll
0x00007fff98d70000 - 0x00007fff98d81000 	C:\Program Files\Android\Android Studio\jre\bin\verify.dll
0x00007fff7e070000 - 0x00007fff7e254000 	C:\Windows\SYSTEM32\DBGHELP.DLL
0x00007fff88130000 - 0x00007fff8815c000 	C:\Windows\SYSTEM32\dbgcore.DLL
0x00007fff9def0000 - 0x00007fff9df73000 	C:\Windows\System32\bcryptPrimitives.dll
0x00007fff98be0000 - 0x00007fff98c09000 	C:\Program Files\Android\Android Studio\jre\bin\java.dll
0x00007fff99950000 - 0x00007fff9995b000 	C:\Program Files\Android\Android Studio\jre\bin\jimage.dll
0x00007fff98b90000 - 0x00007fff98ba8000 	C:\Program Files\Android\Android Studio\jre\bin\zip.dll
0x00007fff9ea10000 - 0x00007fff9f14f000 	C:\Windows\System32\SHELL32.dll
0x00007fff9bbd0000 - 0x00007fff9c360000 	C:\Windows\SYSTEM32\windows.storage.dll
0x00007fff9fb80000 - 0x00007fff9fed5000 	C:\Windows\System32\combase.dll
0x00007fff9d4b0000 - 0x00007fff9d4de000 	C:\Windows\SYSTEM32\Wldp.dll
0x00007fff9f510000 - 0x00007fff9f5bd000 	C:\Windows\System32\SHCORE.dll
0x00007fffa00b0000 - 0x00007fffa0105000 	C:\Windows\System32\shlwapi.dll
0x00007fff9da10000 - 0x00007fff9da2f000 	C:\Windows\SYSTEM32\profapi.dll
0x00007fff986e0000 - 0x00007fff986fa000 	C:\Program Files\Android\Android Studio\jre\bin\net.dll
0x00007fff94750000 - 0x00007fff9485c000 	C:\Windows\SYSTEM32\WINHTTP.dll
0x00007fff9d1b0000 - 0x00007fff9d21a000 	C:\Windows\system32\mswsock.dll
0x00007fff985b0000 - 0x00007fff985c4000 	C:\Program Files\Android\Android Studio\jre\bin\nio.dll
0x00007fff96af0000 - 0x00007fff96b17000 	C:\Users\SK\.gradle\native\8bec1ad78214c89d9ad589b4d07fe93259594b29d510b10fafb7a158f7737e5d\windows-amd64\native-platform.dll
0x00007fff69680000 - 0x00007fff697bd000 	C:\Users\SK\.gradle\native\53dbd7edfb1c66fb8903c78663c9afc45aea4f116125fa6feffd364cf09443e8\windows-amd64\native-platform-file-events.dll
0x00007fff998c0000 - 0x00007fff998ca000 	C:\Program Files\Android\Android Studio\jre\bin\management.dll
0x00007fff991e0000 - 0x00007fff991ec000 	C:\Program Files\Android\Android Studio\jre\bin\management_ext.dll
0x00007fff9d400000 - 0x00007fff9d418000 	C:\Windows\SYSTEM32\CRYPTSP.dll
0x00007fff9cb30000 - 0x00007fff9cb64000 	C:\Windows\system32\rsaenh.dll
0x00007fff9e020000 - 0x00007fff9e047000 	C:\Windows\System32\bcrypt.dll
0x00007fff9d9d0000 - 0x00007fff9d9fe000 	C:\Windows\SYSTEM32\USERENV.dll
0x00007fff9d420000 - 0x00007fff9d42c000 	C:\Windows\SYSTEM32\CRYPTBASE.dll
0x00007fff9cea0000 - 0x00007fff9cedb000 	C:\Windows\SYSTEM32\IPHLPAPI.DLL
0x00007fffa0240000 - 0x00007fffa0248000 	C:\Windows\System32\NSI.dll
0x00007fff961e0000 - 0x00007fff961f7000 	C:\Windows\SYSTEM32\dhcpcsvc6.DLL
0x00007fff971a0000 - 0x00007fff971bd000 	C:\Windows\SYSTEM32\dhcpcsvc.DLL
0x00007fff9cee0000 - 0x00007fff9cfab000 	C:\Windows\SYSTEM32\DNSAPI.dll
0x00007fff922c0000 - 0x00007fff922c8000 	C:\Program Files\Android\Android Studio\jre\bin\rmi.dll

dbghelp: loaded successfully - version: 4.0.5 - missing functions: none
symbol engine: initialized successfully - sym options: 0x614 - pdb path: .;C:\Program Files\Android\Android Studio\jre\bin;C:\Windows\SYSTEM32;C:\Windows\WinSxS\amd64_microsoft.windows.common-controls_6595b64144ccf1df_6.0.19041.1110_none_60b5254171f9507e;C:\Program Files\Android\Android Studio\jre\bin\server;C:\Users\SK\.gradle\native\8bec1ad78214c89d9ad589b4d07fe93259594b29d510b10fafb7a158f7737e5d\windows-amd64;C:\Users\SK\.gradle\native\53dbd7edfb1c66fb8903c78663c9afc45aea4f116125fa6feffd364cf09443e8\windows-amd64

VM Arguments:
jvm_args: --add-opens=java.base/java.util=ALL-UNNAMED --add-opens=java.base/java.lang=ALL-UNNAMED --add-opens=java.base/java.lang.invoke=ALL-UNNAMED --add-opens=java.base/java.util=ALL-UNNAMED --add-opens=java.prefs/java.util.prefs=ALL-UNNAMED --add-opens=java.prefs/java.util.prefs=ALL-UNNAMED --add-opens=java.base/java.nio.charset=ALL-UNNAMED --add-opens=java.base/java.net=ALL-UNNAMED --add-opens=java.base/java.util.concurrent.atomic=ALL-UNNAMED -Xmx2048m -Dfile.encoding=UTF-8 -Duser.country=IN -Duser.language=en -Duser.variant 
java_command: org.gradle.launcher.daemon.bootstrap.GradleDaemon 7.0.2
java_class_path (initial): C:\Users\SK\.gradle\wrapper\dists\gradle-7.0.2-bin\857tjihv64xamwrf0h14cai3r\gradle-7.0.2\lib\gradle-launcher-7.0.2.jar
Launcher Type: SUN_STANDARD

[Global flags]
     intx CICompilerCount                          = 4                                         {product} {ergonomic}
     uint ConcGCThreads                            = 2                                         {product} {ergonomic}
     uint G1ConcRefinementThreads                  = 8                                         {product} {ergonomic}
   size_t G1HeapRegionSize                         = 1048576                                   {product} {ergonomic}
    uintx GCDrainStackTargetSize                   = 64                                        {product} {ergonomic}
   size_t InitialHeapSize                          = 268435456                                 {product} {ergonomic}
   size_t MarkStackSize                            = 4194304                                   {product} {ergonomic}
   size_t MaxHeapSize                              = 2147483648                                {product} {command line}
   size_t MaxNewSize                               = 1287651328                                {product} {ergonomic}
   size_t MinHeapDeltaBytes                        = 1048576                                   {product} {ergonomic}
    uintx NonNMethodCodeHeapSize                   = 5836300                                {pd product} {ergonomic}
    uintx NonProfiledCodeHeapSize                  = 122910970                              {pd product} {ergonomic}
    uintx ProfiledCodeHeapSize                     = 122910970                              {pd product} {ergonomic}
    uintx ReservedCodeCacheSize                    = 251658240                              {pd product} {ergonomic}
     bool SegmentedCodeCache                       = true                                      {product} {ergonomic}
     bool UseCompressedClassPointers               = true                                 {lp64_product} {ergonomic}
     bool UseCompressedOops                        = true                                 {lp64_product} {ergonomic}
     bool UseG1GC                                  = true                                      {product} {ergonomic}
     bool UseLargePagesIndividualAllocation        = false                                  {pd product} {ergonomic}

Logging:
Log output configuration:
 #0: stdout all=warning uptime,level,tags
 #1: stderr all=off uptime,level,tags

Environment Variables:
PATH=C:\Program Files (x86)\NVIDIA Corporation\PhysX\Common;C:\Windows\system32;C:\Windows;C:\Windows\System32\Wbem;C:\Windows\System32\WindowsPowerShell\v1.0\;C:\Windows\System32\OpenSSH\;C:\Program Files\PuTTY\;C:\Program Files\Microsoft VS Code\bin;C:\Users\SK\AppData\Local\Microsoft\WindowsApps;;C:\Program Files\JetBrains\IntelliJ IDEA Community Edition 2021.2.2\bin;
USERNAME=SK
OS=Windows_NT
PROCESSOR_IDENTIFIER=Intel64 Family 6 Model 142 Stepping 10, GenuineIntel



---------------  S Y S T E M  ---------------

OS: Windows 10 , 64 bit Build 19041 (10.0.19041.1348)
OS uptime: 0 days 20:58 hours

CPU:total 8 (initial active 8) (4 cores per cpu, 2 threads per core) family 6 model 142 stepping 10 microcode 0xb4, cmov, cx8, fxsr, mmx, sse, sse2, sse3, ssse3, sse4.1, sse4.2, popcnt, avx, avx2, aes, clmul, erms, 3dnowpref, lzcnt, ht, tsc, tscinvbit, bmi1, bmi2, adx, fma

Memory: 4k page, system-wide physical 16270M (3086M free)
TotalPageFile size 44809M (AvailPageFile size 5M)
current process WorkingSet (physical memory assigned to process): 571M, peak: 571M
current process commit charge ("private bytes"): 605M, peak: 606M

vm_info: OpenJDK 64-Bit Server VM (11.0.10+0-b96-7249189) for windows-amd64 JRE (11.0.10+0-b96-7249189), built on Mar 31 2021 21:44:00 by "builder" with MS VC++ 14.0 (VS2015)

END.
