#
# There is insufficient memory for the Java Runtime Environment to continue.
# Native memory allocation (malloc) failed to allocate 1265696 bytes for Chunk::new
# Possible reasons:
#   The system is out of physical RAM or swap space
#   The process is running with CompressedOops enabled, and the Java Heap may be blocking the growth of the native heap
# Possible solutions:
#   Reduce memory load on the system
#   Increase physical memory or swap space
#   Check if swap backing store is full
#   Decrease Java heap size (-Xmx/-Xms)
#   Decrease number of Java threads
#   Decrease Java thread stack sizes (-Xss)
#   Set larger code cache with -XX:ReservedCodeCacheSize=
#   JVM is running with Unscaled Compressed Oops mode in which the Java heap is
#     placed in the first 4GB address space. The Java Heap base address is the
#     maximum limit for the native heap growth. Please use -XX:HeapBaseMinAddress
#     to set the Java Heap base and to place the Java Heap above 4GB virtual address.
# This output file may be truncated or incomplete.
#
#  Out of Memory Error (./src/hotspot/share/memory/arena.cpp:197), pid=12848, tid=6664
#
# JRE version: OpenJDK Runtime Environment (11.0.10) (build 11.0.10+0-b96-7249189)
# Java VM: OpenJDK 64-Bit Server VM (11.0.10+0-b96-7249189, mixed mode, tiered, compressed oops, g1 gc, windows-amd64)
# No core dump will be written. Minidumps are not enabled by default on client versions of Windows
#

---------------  S U M M A R Y ------------

Command Line: --add-opens=java.base/java.util=ALL-UNNAMED --add-opens=java.base/java.lang=ALL-UNNAMED --add-opens=java.base/java.lang.invoke=ALL-UNNAMED --add-opens=java.base/java.util=ALL-UNNAMED --add-opens=java.prefs/java.util.prefs=ALL-UNNAMED --add-opens=java.prefs/java.util.prefs=ALL-UNNAMED --add-opens=java.base/java.nio.charset=ALL-UNNAMED --add-opens=java.base/java.net=ALL-UNNAMED --add-opens=java.base/java.util.concurrent.atomic=ALL-UNNAMED -Xmx2048m -Dfile.encoding=UTF-8 -Duser.country=IN -Duser.language=en -Duser.variant org.gradle.launcher.daemon.bootstrap.GradleDaemon 7.0.2

Host: Intel(R) Core(TM) i5-8250U CPU @ 1.60GHz, 8 cores, 15G,  Windows 10 , 64 bit Build 19041 (10.0.19041.1348)
Time: Tue Nov 16 14:32:47 2021 India Standard Time elapsed time: 13.170714 seconds (0d 0h 0m 13s)

---------------  T H R E A D  ---------------

Current thread (0x000002143965d800):  JavaThread "C2 CompilerThread1" daemon [_thread_in_native, id=6664, stack(0x000000f758800000,0x000000f758900000)]


Current CompileTask:
C2:  13170 7187 %     4       org.gradle.internal.instantiation.generator.AbstractClassGenerator::inspectType @ 163 (560 bytes)

Stack: [0x000000f758800000,0x000000f758900000]
Native frames: (J=compiled Java code, j=interpreted, Vv=VM code, C=native code)
V  [jvm.dll+0x5ecfaa]
V  [jvm.dll+0x722bd5]
V  [jvm.dll+0x72412d]
V  [jvm.dll+0x7247e3]
V  [jvm.dll+0x242928]
V  [jvm.dll+0xbc4fc]
V  [jvm.dll+0xbca0c]
V  [jvm.dll+0x2b4fd4]
V  [jvm.dll+0x506028]
V  [jvm.dll+0x1fcdfd]
V  [jvm.dll+0x1fa77f]
V  [jvm.dll+0x18354c]
V  [jvm.dll+0x208ee7]
V  [jvm.dll+0x207731]
V  [jvm.dll+0x6eb1cf]
V  [jvm.dll+0x6e3d45]
V  [jvm.dll+0x5ebe96]
C  [ucrtbase.dll+0x21bb2]
C  [KERNEL32.DLL+0x17034]
C  [ntdll.dll+0x52651]


---------------  P R O C E S S  ---------------

Threads class SMR info:
_java_thread_list=0x000002143d717300, length=51, elements={
0x000002141bfdc000, 0x0000021436cc1800, 0x0000021436ccb000, 0x0000021436d23800,
0x0000021436d26000, 0x0000021436d28000, 0x0000021436d2c000, 0x0000021436d30800,
0x0000021436d3f800, 0x0000021436e9c000, 0x0000021438c43000, 0x000002143954c800,
0x000002143954f000, 0x000002143954e800, 0x0000021439551000, 0x000002143954b000,
0x000002143954d800, 0x0000021439550000, 0x0000021439551800, 0x000002143954c000,
0x0000021439178800, 0x0000021439179000, 0x000002143917a000, 0x000002143965d800,
0x000002143917b000, 0x0000021439175000, 0x000002143917b800, 0x0000021439176000,
0x000002143917c800, 0x0000021439177000, 0x000002143917d800, 0x0000021439184000,
0x0000021439180800, 0x000002143917e000, 0x0000021439182000, 0x0000021439183000,
0x0000021437f5d800, 0x0000021437f59800, 0x0000021437f5a800, 0x0000021437f59000,
0x0000021437f5b800, 0x0000021437f5c000, 0x0000021437f58000, 0x0000021437f5d000,
0x0000021437f63800, 0x0000021437f5e800, 0x0000021437f60000, 0x0000021437f5f800,
0x0000021437f61000, 0x0000021437f65000, 0x0000021437f62000
}

Java Threads: ( => current thread )
  0x000002141bfdc000 JavaThread "main" [_thread_blocked, id=988, stack(0x000000f756200000,0x000000f756300000)]
  0x0000021436cc1800 JavaThread "Reference Handler" daemon [_thread_blocked, id=13912, stack(0x000000f756900000,0x000000f756a00000)]
  0x0000021436ccb000 JavaThread "Finalizer" daemon [_thread_blocked, id=8760, stack(0x000000f756a00000,0x000000f756b00000)]
  0x0000021436d23800 JavaThread "Signal Dispatcher" daemon [_thread_blocked, id=11172, stack(0x000000f756b00000,0x000000f756c00000)]
  0x0000021436d26000 JavaThread "Attach Listener" daemon [_thread_blocked, id=10336, stack(0x000000f756c00000,0x000000f756d00000)]
  0x0000021436d28000 JavaThread "Service Thread" daemon [_thread_blocked, id=6348, stack(0x000000f756d00000,0x000000f756e00000)]
  0x0000021436d2c000 JavaThread "C2 CompilerThread0" daemon [_thread_in_native, id=12200, stack(0x000000f756e00000,0x000000f756f00000)]
  0x0000021436d30800 JavaThread "C1 CompilerThread0" daemon [_thread_blocked, id=11004, stack(0x000000f756f00000,0x000000f757000000)]
  0x0000021436d3f800 JavaThread "Sweeper thread" daemon [_thread_blocked, id=10708, stack(0x000000f757000000,0x000000f757100000)]
  0x0000021436e9c000 JavaThread "Common-Cleaner" daemon [_thread_blocked, id=5620, stack(0x000000f757100000,0x000000f757200000)]
  0x0000021438c43000 JavaThread "Daemon health stats" [_thread_blocked, id=10736, stack(0x000000f757a00000,0x000000f757b00000)]
  0x000002143954c800 JavaThread "Incoming local TCP Connector on port 60610" [_thread_in_native, id=7560, stack(0x000000f757300000,0x000000f757400000)]
  0x000002143954f000 JavaThread "Daemon periodic checks" [_thread_blocked, id=11420, stack(0x000000f757900000,0x000000f757a00000)]
  0x000002143954e800 JavaThread "Daemon" [_thread_blocked, id=11824, stack(0x000000f757b00000,0x000000f757c00000)]
  0x0000021439551000 JavaThread "Handler for socket connection from /127.0.0.1:60610 to /127.0.0.1:60611" [_thread_in_native, id=12320, stack(0x000000f757c00000,0x000000f757d00000)]
  0x000002143954b000 JavaThread "Cancel handler" [_thread_blocked, id=1228, stack(0x000000f757d00000,0x000000f757e00000)]
  0x000002143954d800 JavaThread "Daemon worker" [_thread_in_vm, id=11812, stack(0x000000f757e00000,0x000000f757f00000)]
  0x0000021439550000 JavaThread "Asynchronous log dispatcher for DefaultDaemonConnection: socket connection from /127.0.0.1:60610 to /127.0.0.1:60611" [_thread_blocked, id=11536, stack(0x000000f757f00000,0x000000f758000000)]
  0x0000021439551800 JavaThread "Stdin handler" [_thread_blocked, id=11760, stack(0x000000f758000000,0x000000f758100000)]
  0x000002143954c000 JavaThread "Daemon client event forwarder" [_thread_blocked, id=11064, stack(0x000000f758100000,0x000000f758200000)]
  0x0000021439178800 JavaThread "Cache worker for file hash cache (C:\Users\SK\.gradle\caches\7.0.2\fileHashes)" [_thread_blocked, id=1140, stack(0x000000f758200000,0x000000f758300000)]
  0x0000021439179000 JavaThread "File lock request listener" [_thread_in_native, id=11008, stack(0x000000f758300000,0x000000f758400000)]
  0x000002143917a000 JavaThread "Cache worker for journal cache (C:\Users\SK\.gradle\caches\journal-1)" [_thread_blocked, id=10680, stack(0x000000f758700000,0x000000f758800000)]
=>0x000002143965d800 JavaThread "C2 CompilerThread1" daemon [_thread_in_native, id=6664, stack(0x000000f758800000,0x000000f758900000)]
  0x000002143917b000 JavaThread "Cache worker for file hash cache (C:\Users\SK\AndroidStudioProjects\FirebaseAuth\.gradle\7.0.2\fileHashes)" [_thread_blocked, id=5364, stack(0x000000f758900000,0x000000f758a00000)]
  0x0000021439175000 JavaThread "File watcher server" daemon [_thread_in_native, id=11960, stack(0x000000f758a00000,0x000000f758b00000)]
  0x000002143917b800 JavaThread "File watcher consumer" daemon [_thread_blocked, id=3240, stack(0x000000f758b00000,0x000000f758c00000)]
  0x0000021439176000 JavaThread "Cache worker for checksums cache (C:\Users\SK\AndroidStudioProjects\FirebaseAuth\.gradle\checksums)" [_thread_blocked, id=8068, stack(0x000000f758c00000,0x000000f758d00000)]
  0x000002143917c800 JavaThread "Cache worker for cache directory md-supplier (C:\Users\SK\.gradle\caches\7.0.2\md-supplier)" [_thread_blocked, id=8520, stack(0x000000f758d00000,0x000000f758e00000)]
  0x0000021439177000 JavaThread "Cache worker for cache directory md-rule (C:\Users\SK\.gradle\caches\7.0.2\md-rule)" [_thread_blocked, id=4048, stack(0x000000f758e00000,0x000000f758f00000)]
  0x000002143917d800 JavaThread "Cache worker for execution history cache (C:\Users\SK\.gradle\caches\7.0.2\executionHistory)" [_thread_blocked, id=6808, stack(0x000000f759000000,0x000000f759100000)]
  0x0000021439184000 JavaThread "jar transforms" [_thread_blocked, id=5356, stack(0x000000f759100000,0x000000f759200000)]
  0x0000021439180800 JavaThread "jar transforms Thread 2" [_thread_blocked, id=6668, stack(0x000000f759200000,0x000000f759300000)]
  0x000002143917e000 JavaThread "Cache worker for file content cache (C:\Users\SK\.gradle\caches\7.0.2\fileContent)" [_thread_blocked, id=4144, stack(0x000000f759300000,0x000000f759400000)]
  0x0000021439182000 JavaThread "Cache worker for dependencies-accessors (C:\Users\SK\AndroidStudioProjects\FirebaseAuth\.gradle\7.0.2\dependencies-accessors)" [_thread_blocked, id=11400, stack(0x000000f759400000,0x000000f759500000)]
  0x0000021439183000 JavaThread "jar transforms Thread 3" [_thread_blocked, id=11928, stack(0x000000f759500000,0x000000f759600000)]
  0x0000021437f5d800 JavaThread "Cache worker for Build Output Cleanup Cache (C:\Users\SK\AndroidStudioProjects\FirebaseAuth\.gradle\buildOutputCleanup)" [_thread_blocked, id=8800, stack(0x000000f759600000,0x000000f759700000)]
  0x0000021437f59800 JavaThread "Build operations" [_thread_blocked, id=7880, stack(0x000000f759700000,0x000000f759800000)]
  0x0000021437f5a800 JavaThread "Build operations Thread 2" [_thread_blocked, id=8648, stack(0x000000f759800000,0x000000f759900000)]
  0x0000021437f59000 JavaThread "Build operations Thread 3" [_thread_blocked, id=13036, stack(0x000000f759900000,0x000000f759a00000)]
  0x0000021437f5b800 JavaThread "Build operations Thread 4" [_thread_blocked, id=10164, stack(0x000000f759a00000,0x000000f759b00000)]
  0x0000021437f5c000 JavaThread "Build operations Thread 5" [_thread_blocked, id=2536, stack(0x000000f759b00000,0x000000f759c00000)]
  0x0000021437f58000 JavaThread "Build operations Thread 6" [_thread_blocked, id=3408, stack(0x000000f759c00000,0x000000f759d00000)]
  0x0000021437f5d000 JavaThread "Build operations Thread 7" [_thread_blocked, id=8656, stack(0x000000f759d00000,0x000000f759e00000)]
  0x0000021437f63800 JavaThread "Build operations Thread 8" [_thread_blocked, id=14284, stack(0x000000f759e00000,0x000000f759f00000)]
  0x0000021437f5e800 JavaThread "jar transforms Thread 4" [_thread_blocked, id=11944, stack(0x000000f759f00000,0x000000f75a000000)]
  0x0000021437f60000 JavaThread "jar transforms Thread 5" [_thread_blocked, id=13228, stack(0x000000f75a000000,0x000000f75a100000)]
  0x0000021437f5f800 JavaThread "jar transforms Thread 6" [_thread_blocked, id=12308, stack(0x000000f75a100000,0x000000f75a200000)]
  0x0000021437f61000 JavaThread "jar transforms Thread 7" [_thread_blocked, id=14320, stack(0x000000f75a200000,0x000000f75a300000)]
  0x0000021437f65000 JavaThread "jar transforms Thread 8" [_thread_blocked, id=13824, stack(0x000000f75a300000,0x000000f75a400000)]
  0x0000021437f62000 JavaThread "Memory manager" [_thread_blocked, id=4016, stack(0x000000f75a400000,0x000000f75a500000)]

Other Threads:
  0x0000021436cbf800 VMThread "VM Thread" [stack: 0x000000f756800000,0x000000f756900000] [id=7180]
  0x0000021436ec3000 WatcherThread [stack: 0x000000f757200000,0x000000f757300000] [id=10480]
  0x000002141bff4800 GCTaskThread "GC Thread#0" [stack: 0x000000f756300000,0x000000f756400000] [id=5116]
  0x0000021437de8000 GCTaskThread "GC Thread#1" [stack: 0x000000f757400000,0x000000f757500000] [id=11588]
  0x0000021437e87000 GCTaskThread "GC Thread#2" [stack: 0x000000f757500000,0x000000f757600000] [id=4244]
  0x0000021437389800 GCTaskThread "GC Thread#3" [stack: 0x000000f757600000,0x000000f757700000] [id=5144]
  0x00000214372b8800 GCTaskThread "GC Thread#4" [stack: 0x000000f757700000,0x000000f757800000] [id=13264]
  0x000002143807d800 GCTaskThread "GC Thread#5" [stack: 0x000000f757800000,0x000000f757900000] [id=9960]
  0x00000214386e2800 GCTaskThread "GC Thread#6" [stack: 0x000000f758400000,0x000000f758500000] [id=2788]
  0x0000021436f95800 GCTaskThread "GC Thread#7" [stack: 0x000000f758500000,0x000000f758600000] [id=11788]
  0x000002141c028000 ConcurrentGCThread "G1 Main Marker" [stack: 0x000000f756400000,0x000000f756500000] [id=10456]
  0x000002141c02a000 ConcurrentGCThread "G1 Conc#0" [stack: 0x000000f756500000,0x000000f756600000] [id=2820]
  0x0000021437afc000 ConcurrentGCThread "G1 Conc#1" [stack: 0x000000f758600000,0x000000f758700000] [id=13800]
  0x0000021436308800 ConcurrentGCThread "G1 Refine#0" [stack: 0x000000f756600000,0x000000f756700000] [id=8892]
  0x0000021436309000 ConcurrentGCThread "G1 Young RemSet Sampling" [stack: 0x000000f756700000,0x000000f756800000] [id=1428]

Threads with active compile tasks:
C2 CompilerThread0  13218 7265       4       sun.net.www.ParseUtil::canonizeString (38 bytes)
C2 CompilerThread1  13218 7187 %     4       org.gradle.internal.instantiation.generator.AbstractClassGenerator::inspectType @ 163 (560 bytes)

VM state:not at safepoint (normal execution)

VM Mutex/Monitor currently owned by a thread: None

Heap address: 0x0000000080000000, size: 2048 MB, Compressed Oops mode: 32-bit
Narrow klass base: 0x0000000000000000, Narrow klass shift: 3
Compressed class space size: 1073741824 Address: 0x0000000100000000

Heap:
 garbage-first heap   total 262144K, used 151747K [0x0000000080000000, 0x0000000100000000)
  region size 1024K, 101 young (103424K), 12 survivors (12288K)
 Metaspace       used 75042K, capacity 76739K, committed 77004K, reserved 1116160K
  class space    used 9775K, capacity 10420K, committed 10444K, reserved 1048576K
Heap Regions: E=young(eden), S=young(survivor), O=old, HS=humongous(starts), HC=humongous(continues), CS=collection set, F=free, A=archive, TAMS=top-at-mark-start (previous, next)
|   0|0x0000000080000000, 0x0000000080100000, 0x0000000080100000|100%| O|  |TAMS 0x0000000080100000, 0x0000000080000000| Untracked 
|   1|0x0000000080100000, 0x0000000080200000, 0x0000000080200000|100%| O|  |TAMS 0x0000000080200000, 0x0000000080100000| Untracked 
|   2|0x0000000080200000, 0x0000000080300000, 0x0000000080300000|100%| O|  |TAMS 0x0000000080300000, 0x0000000080200000| Untracked 
|   3|0x0000000080300000, 0x0000000080400000, 0x0000000080400000|100%|HS|  |TAMS 0x0000000080400000, 0x0000000080300000| Complete 
|   4|0x0000000080400000, 0x0000000080500000, 0x0000000080500000|100%|HC|  |TAMS 0x0000000080500000, 0x0000000080400000| Complete 
|   5|0x0000000080500000, 0x0000000080600000, 0x0000000080600000|100%|HC|  |TAMS 0x0000000080600000, 0x0000000080500000| Complete 
|   6|0x0000000080600000, 0x0000000080700000, 0x0000000080700000|100%| O|  |TAMS 0x0000000080700000, 0x0000000080600000| Untracked 
|   7|0x0000000080700000, 0x0000000080800000, 0x0000000080800000|100%| O|  |TAMS 0x0000000080800000, 0x0000000080700000| Untracked 
|   8|0x0000000080800000, 0x0000000080900000, 0x0000000080900000|100%| O|  |TAMS 0x0000000080900000, 0x0000000080800000| Untracked 
|   9|0x0000000080900000, 0x0000000080a00000, 0x0000000080a00000|100%| O|  |TAMS 0x0000000080a00000, 0x0000000080900000| Untracked 
|  10|0x0000000080a00000, 0x0000000080b00000, 0x0000000080b00000|100%| O|  |TAMS 0x0000000080b00000, 0x0000000080a00000| Untracked 
|  11|0x0000000080b00000, 0x0000000080c00000, 0x0000000080c00000|100%| O|  |TAMS 0x0000000080c00000, 0x0000000080b00000| Untracked 
|  12|0x0000000080c00000, 0x0000000080d00000, 0x0000000080d00000|100%| O|  |TAMS 0x0000000080d00000, 0x0000000080c00000| Untracked 
|  13|0x0000000080d00000, 0x0000000080e00000, 0x0000000080e00000|100%| O|  |TAMS 0x0000000080e00000, 0x0000000080d00000| Untracked 
|  14|0x0000000080e00000, 0x0000000080f00000, 0x0000000080f00000|100%| O|  |TAMS 0x0000000080f00000, 0x0000000080e00000| Untracked 
|  15|0x0000000080f00000, 0x0000000081000000, 0x0000000081000000|100%| O|  |TAMS 0x0000000081000000, 0x0000000080f00000| Untracked 
|  16|0x0000000081000000, 0x0000000081100000, 0x0000000081100000|100%| O|  |TAMS 0x0000000081100000, 0x0000000081000000| Untracked 
|  17|0x0000000081100000, 0x0000000081200000, 0x0000000081200000|100%|HS|  |TAMS 0x0000000081200000, 0x0000000081100000| Complete 
|  18|0x0000000081200000, 0x0000000081300000, 0x0000000081300000|100%|HS|  |TAMS 0x0000000081300000, 0x0000000081200000| Complete 
|  19|0x0000000081300000, 0x0000000081400000, 0x0000000081400000|100%|HS|  |TAMS 0x0000000081400000, 0x0000000081300000| Complete 
|  20|0x0000000081400000, 0x0000000081500000, 0x0000000081500000|100%|HS|  |TAMS 0x0000000081500000, 0x0000000081400000| Complete 
|  21|0x0000000081500000, 0x0000000081600000, 0x0000000081600000|100%|HC|  |TAMS 0x0000000081600000, 0x0000000081500000| Complete 
|  22|0x0000000081600000, 0x0000000081700000, 0x0000000081700000|100%|HC|  |TAMS 0x0000000081700000, 0x0000000081600000| Complete 
|  23|0x0000000081700000, 0x0000000081800000, 0x0000000081800000|100%|HS|  |TAMS 0x0000000081800000, 0x0000000081700000| Complete 
|  24|0x0000000081800000, 0x0000000081900000, 0x0000000081900000|100%|HC|  |TAMS 0x0000000081900000, 0x0000000081800000| Complete 
|  25|0x0000000081900000, 0x0000000081a00000, 0x0000000081a00000|100%| O|  |TAMS 0x0000000081a00000, 0x0000000081900000| Untracked 
|  26|0x0000000081a00000, 0x0000000081b00000, 0x0000000081b00000|100%| O|  |TAMS 0x0000000081b00000, 0x0000000081a00000| Untracked 
|  27|0x0000000081b00000, 0x0000000081c00000, 0x0000000081c00000|100%| O|  |TAMS 0x0000000081c00000, 0x0000000081b00000| Untracked 
|  28|0x0000000081c00000, 0x0000000081d00000, 0x0000000081d00000|100%| O|  |TAMS 0x0000000081d00000, 0x0000000081c00000| Untracked 
|  29|0x0000000081d00000, 0x0000000081e00000, 0x0000000081e00000|100%| O|  |TAMS 0x0000000081e00000, 0x0000000081d00000| Untracked 
|  30|0x0000000081e00000, 0x0000000081e00000, 0x0000000081f00000|  0%| F|  |TAMS 0x0000000081e00000, 0x0000000081e00000| Untracked 
|  31|0x0000000081f00000, 0x0000000082000000, 0x0000000082000000|100%| O|  |TAMS 0x0000000082000000, 0x0000000081f00000| Untracked 
|  32|0x0000000082000000, 0x0000000082100000, 0x0000000082100000|100%| O|  |TAMS 0x0000000082100000, 0x0000000082000000| Untracked 
|  33|0x0000000082100000, 0x0000000082200000, 0x0000000082200000|100%| O|  |TAMS 0x0000000082200000, 0x0000000082100000| Untracked 
|  34|0x0000000082200000, 0x0000000082300000, 0x0000000082300000|100%| O|  |TAMS 0x0000000082300000, 0x0000000082200000| Untracked 
|  35|0x0000000082300000, 0x0000000082400000, 0x0000000082400000|100%| O|  |TAMS 0x0000000082400000, 0x0000000082300000| Untracked 
|  36|0x0000000082400000, 0x0000000082500000, 0x0000000082500000|100%| O|  |TAMS 0x0000000082500000, 0x0000000082400000| Untracked 
|  37|0x0000000082500000, 0x0000000082600000, 0x0000000082600000|100%| O|  |TAMS 0x0000000082600000, 0x0000000082500000| Untracked 
|  38|0x0000000082600000, 0x0000000082700000, 0x0000000082700000|100%| O|  |TAMS 0x0000000082700000, 0x0000000082600000| Untracked 
|  39|0x0000000082700000, 0x0000000082800000, 0x0000000082800000|100%| O|  |TAMS 0x0000000082800000, 0x0000000082700000| Untracked 
|  40|0x0000000082800000, 0x0000000082900000, 0x0000000082900000|100%| O|  |TAMS 0x0000000082900000, 0x0000000082800000| Untracked 
|  41|0x0000000082900000, 0x0000000082a00000, 0x0000000082a00000|100%| O|  |TAMS 0x0000000082a00000, 0x0000000082900000| Untracked 
|  42|0x0000000082a00000, 0x0000000082b00000, 0x0000000082b00000|100%| O|  |TAMS 0x0000000082b00000, 0x0000000082a00000| Untracked 
|  43|0x0000000082b00000, 0x0000000082c00000, 0x0000000082c00000|100%| O|  |TAMS 0x0000000082c00000, 0x0000000082b00000| Untracked 
|  44|0x0000000082c00000, 0x0000000082d00000, 0x0000000082d00000|100%| O|  |TAMS 0x0000000082d00000, 0x0000000082c00000| Untracked 
|  45|0x0000000082d00000, 0x0000000082e00000, 0x0000000082e00000|100%| O|  |TAMS 0x0000000082e00000, 0x0000000082d00000| Untracked 
|  46|0x0000000082e00000, 0x0000000082f00000, 0x0000000082f00000|100%| O|  |TAMS 0x0000000082f00000, 0x0000000082e00000| Untracked 
|  47|0x0000000082f00000, 0x0000000083000000, 0x0000000083000000|100%| O|  |TAMS 0x0000000083000000, 0x0000000082f00000| Untracked 
|  48|0x0000000083000000, 0x0000000083100000, 0x0000000083100000|100%| O|  |TAMS 0x0000000083100000, 0x0000000083000000| Untracked 
|  49|0x0000000083100000, 0x00000000831d3400, 0x0000000083200000| 82%| O|  |TAMS 0x00000000831d3400, 0x0000000083100000| Untracked 
|  50|0x0000000083200000, 0x0000000083200000, 0x0000000083300000|  0%| F|  |TAMS 0x0000000083200000, 0x0000000083200000| Untracked 
|  51|0x0000000083300000, 0x0000000083300000, 0x0000000083400000|  0%| F|  |TAMS 0x0000000083300000, 0x0000000083300000| Untracked 
|  52|0x0000000083400000, 0x0000000083400000, 0x0000000083500000|  0%| F|  |TAMS 0x0000000083400000, 0x0000000083400000| Untracked 
|  53|0x0000000083500000, 0x0000000083500000, 0x0000000083600000|  0%| F|  |TAMS 0x0000000083500000, 0x0000000083500000| Untracked 
|  54|0x0000000083600000, 0x0000000083600000, 0x0000000083700000|  0%| F|  |TAMS 0x0000000083600000, 0x0000000083600000| Untracked 
|  55|0x0000000083700000, 0x0000000083700000, 0x0000000083800000|  0%| F|  |TAMS 0x0000000083700000, 0x0000000083700000| Untracked 
|  56|0x0000000083800000, 0x0000000083800000, 0x0000000083900000|  0%| F|  |TAMS 0x0000000083800000, 0x0000000083800000| Untracked 
|  57|0x0000000083900000, 0x0000000083900000, 0x0000000083a00000|  0%| F|  |TAMS 0x0000000083900000, 0x0000000083900000| Untracked 
|  58|0x0000000083a00000, 0x0000000083a00000, 0x0000000083b00000|  0%| F|  |TAMS 0x0000000083a00000, 0x0000000083a00000| Untracked 
|  59|0x0000000083b00000, 0x0000000083b00000, 0x0000000083c00000|  0%| F|  |TAMS 0x0000000083b00000, 0x0000000083b00000| Untracked 
|  60|0x0000000083c00000, 0x0000000083c00000, 0x0000000083d00000|  0%| F|  |TAMS 0x0000000083c00000, 0x0000000083c00000| Untracked 
|  61|0x0000000083d00000, 0x0000000083d00000, 0x0000000083e00000|  0%| F|  |TAMS 0x0000000083d00000, 0x0000000083d00000| Untracked 
|  62|0x0000000083e00000, 0x0000000083e00000, 0x0000000083f00000|  0%| F|  |TAMS 0x0000000083e00000, 0x0000000083e00000| Untracked 
|  63|0x0000000083f00000, 0x0000000083f00000, 0x0000000084000000|  0%| F|  |TAMS 0x0000000083f00000, 0x0000000083f00000| Untracked 
|  64|0x0000000084000000, 0x0000000084000000, 0x0000000084100000|  0%| F|  |TAMS 0x0000000084000000, 0x0000000084000000| Untracked 
|  65|0x0000000084100000, 0x0000000084100000, 0x0000000084200000|  0%| F|  |TAMS 0x0000000084100000, 0x0000000084100000| Untracked 
|  66|0x0000000084200000, 0x0000000084200000, 0x0000000084300000|  0%| F|  |TAMS 0x0000000084200000, 0x0000000084200000| Untracked 
|  67|0x0000000084300000, 0x0000000084300000, 0x0000000084400000|  0%| F|  |TAMS 0x0000000084300000, 0x0000000084300000| Untracked 
|  68|0x0000000084400000, 0x0000000084400000, 0x0000000084500000|  0%| F|  |TAMS 0x0000000084400000, 0x0000000084400000| Untracked 
|  69|0x0000000084500000, 0x0000000084500000, 0x0000000084600000|  0%| F|  |TAMS 0x0000000084500000, 0x0000000084500000| Untracked 
|  70|0x0000000084600000, 0x0000000084600000, 0x0000000084700000|  0%| F|  |TAMS 0x0000000084600000, 0x0000000084600000| Untracked 
|  71|0x0000000084700000, 0x0000000084700000, 0x0000000084800000|  0%| F|  |TAMS 0x0000000084700000, 0x0000000084700000| Untracked 
|  72|0x0000000084800000, 0x0000000084800000, 0x0000000084900000|  0%| F|  |TAMS 0x0000000084800000, 0x0000000084800000| Untracked 
|  73|0x0000000084900000, 0x0000000084900000, 0x0000000084a00000|  0%| F|  |TAMS 0x0000000084900000, 0x0000000084900000| Untracked 
|  74|0x0000000084a00000, 0x0000000084a00000, 0x0000000084b00000|  0%| F|  |TAMS 0x0000000084a00000, 0x0000000084a00000| Untracked 
|  75|0x0000000084b00000, 0x0000000084b00000, 0x0000000084c00000|  0%| F|  |TAMS 0x0000000084b00000, 0x0000000084b00000| Untracked 
|  76|0x0000000084c00000, 0x0000000084c00000, 0x0000000084d00000|  0%| F|  |TAMS 0x0000000084c00000, 0x0000000084c00000| Untracked 
|  77|0x0000000084d00000, 0x0000000084d00000, 0x0000000084e00000|  0%| F|  |TAMS 0x0000000084d00000, 0x0000000084d00000| Untracked 
|  78|0x0000000084e00000, 0x0000000084e00000, 0x0000000084f00000|  0%| F|  |TAMS 0x0000000084e00000, 0x0000000084e00000| Untracked 
|  79|0x0000000084f00000, 0x0000000084f00000, 0x0000000085000000|  0%| F|  |TAMS 0x0000000084f00000, 0x0000000084f00000| Untracked 
|  80|0x0000000085000000, 0x0000000085000000, 0x0000000085100000|  0%| F|  |TAMS 0x0000000085000000, 0x0000000085000000| Untracked 
|  81|0x0000000085100000, 0x0000000085100000, 0x0000000085200000|  0%| F|  |TAMS 0x0000000085100000, 0x0000000085100000| Untracked 
|  82|0x0000000085200000, 0x0000000085200000, 0x0000000085300000|  0%| F|  |TAMS 0x0000000085200000, 0x0000000085200000| Untracked 
|  83|0x0000000085300000, 0x0000000085300000, 0x0000000085400000|  0%| F|  |TAMS 0x0000000085300000, 0x0000000085300000| Untracked 
|  84|0x0000000085400000, 0x0000000085400000, 0x0000000085500000|  0%| F|  |TAMS 0x0000000085400000, 0x0000000085400000| Untracked 
|  85|0x0000000085500000, 0x0000000085500000, 0x0000000085600000|  0%| F|  |TAMS 0x0000000085500000, 0x0000000085500000| Untracked 
|  86|0x0000000085600000, 0x0000000085600000, 0x0000000085700000|  0%| F|  |TAMS 0x0000000085600000, 0x0000000085600000| Untracked 
|  87|0x0000000085700000, 0x0000000085700000, 0x0000000085800000|  0%| F|  |TAMS 0x0000000085700000, 0x0000000085700000| Untracked 
|  88|0x0000000085800000, 0x0000000085800000, 0x0000000085900000|  0%| F|  |TAMS 0x0000000085800000, 0x0000000085800000| Untracked 
|  89|0x0000000085900000, 0x0000000085900000, 0x0000000085a00000|  0%| F|  |TAMS 0x0000000085900000, 0x0000000085900000| Untracked 
|  90|0x0000000085a00000, 0x0000000085a00000, 0x0000000085b00000|  0%| F|  |TAMS 0x0000000085a00000, 0x0000000085a00000| Untracked 
|  91|0x0000000085b00000, 0x0000000085b00000, 0x0000000085c00000|  0%| F|  |TAMS 0x0000000085b00000, 0x0000000085b00000| Untracked 
|  92|0x0000000085c00000, 0x0000000085c00000, 0x0000000085d00000|  0%| F|  |TAMS 0x0000000085c00000, 0x0000000085c00000| Untracked 
|  93|0x0000000085d00000, 0x0000000085d00000, 0x0000000085e00000|  0%| F|  |TAMS 0x0000000085d00000, 0x0000000085d00000| Untracked 
|  94|0x0000000085e00000, 0x0000000085e00000, 0x0000000085f00000|  0%| F|  |TAMS 0x0000000085e00000, 0x0000000085e00000| Untracked 
|  95|0x0000000085f00000, 0x0000000085f00000, 0x0000000086000000|  0%| F|  |TAMS 0x0000000085f00000, 0x0000000085f00000| Untracked 
|  96|0x0000000086000000, 0x0000000086000000, 0x0000000086100000|  0%| F|  |TAMS 0x0000000086000000, 0x0000000086000000| Untracked 
|  97|0x0000000086100000, 0x0000000086100000, 0x0000000086200000|  0%| F|  |TAMS 0x0000000086100000, 0x0000000086100000| Untracked 
|  98|0x0000000086200000, 0x0000000086200000, 0x0000000086300000|  0%| F|  |TAMS 0x0000000086200000, 0x0000000086200000| Untracked 
|  99|0x0000000086300000, 0x0000000086300000, 0x0000000086400000|  0%| F|  |TAMS 0x0000000086300000, 0x0000000086300000| Untracked 
| 100|0x0000000086400000, 0x0000000086400000, 0x0000000086500000|  0%| F|  |TAMS 0x0000000086400000, 0x0000000086400000| Untracked 
| 101|0x0000000086500000, 0x0000000086500000, 0x0000000086600000|  0%| F|  |TAMS 0x0000000086500000, 0x0000000086500000| Untracked 
| 102|0x0000000086600000, 0x0000000086600000, 0x0000000086700000|  0%| F|  |TAMS 0x0000000086600000, 0x0000000086600000| Untracked 
| 103|0x0000000086700000, 0x0000000086700000, 0x0000000086800000|  0%| F|  |TAMS 0x0000000086700000, 0x0000000086700000| Untracked 
| 104|0x0000000086800000, 0x0000000086800000, 0x0000000086900000|  0%| F|  |TAMS 0x0000000086800000, 0x0000000086800000| Untracked 
| 105|0x0000000086900000, 0x0000000086900000, 0x0000000086a00000|  0%| F|  |TAMS 0x0000000086900000, 0x0000000086900000| Untracked 
| 106|0x0000000086a00000, 0x0000000086a00000, 0x0000000086b00000|  0%| F|  |TAMS 0x0000000086a00000, 0x0000000086a00000| Untracked 
| 107|0x0000000086b00000, 0x0000000086b00000, 0x0000000086c00000|  0%| F|  |TAMS 0x0000000086b00000, 0x0000000086b00000| Untracked 
| 108|0x0000000086c00000, 0x0000000086c00000, 0x0000000086d00000|  0%| F|  |TAMS 0x0000000086c00000, 0x0000000086c00000| Untracked 
| 109|0x0000000086d00000, 0x0000000086d00000, 0x0000000086e00000|  0%| F|  |TAMS 0x0000000086d00000, 0x0000000086d00000| Untracked 
| 110|0x0000000086e00000, 0x0000000086e00000, 0x0000000086f00000|  0%| F|  |TAMS 0x0000000086e00000, 0x0000000086e00000| Untracked 
| 111|0x0000000086f00000, 0x0000000086f5d898, 0x0000000087000000| 36%| S|CS|TAMS 0x0000000086f00000, 0x0000000086f00000| Complete 
| 112|0x0000000087000000, 0x0000000087100000, 0x0000000087100000|100%| S|CS|TAMS 0x0000000087000000, 0x0000000087000000| Complete 
| 113|0x0000000087100000, 0x0000000087200000, 0x0000000087200000|100%| S|CS|TAMS 0x0000000087100000, 0x0000000087100000| Complete 
| 114|0x0000000087200000, 0x0000000087300000, 0x0000000087300000|100%| S|CS|TAMS 0x0000000087200000, 0x0000000087200000| Complete 
| 115|0x0000000087300000, 0x0000000087400000, 0x0000000087400000|100%| S|CS|TAMS 0x0000000087300000, 0x0000000087300000| Complete 
| 116|0x0000000087400000, 0x0000000087500000, 0x0000000087500000|100%| S|CS|TAMS 0x0000000087400000, 0x0000000087400000| Complete 
| 117|0x0000000087500000, 0x0000000087600000, 0x0000000087600000|100%| S|CS|TAMS 0x0000000087500000, 0x0000000087500000| Complete 
| 118|0x0000000087600000, 0x0000000087700000, 0x0000000087700000|100%| S|CS|TAMS 0x0000000087600000, 0x0000000087600000| Complete 
| 119|0x0000000087700000, 0x0000000087800000, 0x0000000087800000|100%| S|CS|TAMS 0x0000000087700000, 0x0000000087700000| Complete 
| 120|0x0000000087800000, 0x0000000087900000, 0x0000000087900000|100%| S|CS|TAMS 0x0000000087800000, 0x0000000087800000| Complete 
| 121|0x0000000087900000, 0x0000000087a00000, 0x0000000087a00000|100%| S|CS|TAMS 0x0000000087900000, 0x0000000087900000| Complete 
| 122|0x0000000087a00000, 0x0000000087b00000, 0x0000000087b00000|100%| S|CS|TAMS 0x0000000087a00000, 0x0000000087a00000| Complete 
| 123|0x0000000087b00000, 0x0000000087b00000, 0x0000000087c00000|  0%| F|  |TAMS 0x0000000087b00000, 0x0000000087b00000| Untracked 
| 124|0x0000000087c00000, 0x0000000087c00000, 0x0000000087d00000|  0%| F|  |TAMS 0x0000000087c00000, 0x0000000087c00000| Untracked 
| 125|0x0000000087d00000, 0x0000000087d00000, 0x0000000087e00000|  0%| F|  |TAMS 0x0000000087d00000, 0x0000000087d00000| Untracked 
| 126|0x0000000087e00000, 0x0000000087e00000, 0x0000000087f00000|  0%| F|  |TAMS 0x0000000087e00000, 0x0000000087e00000| Untracked 
| 127|0x0000000087f00000, 0x0000000087f00000, 0x0000000088000000|  0%| F|  |TAMS 0x0000000087f00000, 0x0000000087f00000| Untracked 
| 128|0x0000000088000000, 0x0000000088000000, 0x0000000088100000|  0%| F|  |TAMS 0x0000000088000000, 0x0000000088000000| Untracked 
| 129|0x0000000088100000, 0x0000000088100000, 0x0000000088200000|  0%| F|  |TAMS 0x0000000088100000, 0x0000000088100000| Untracked 
| 130|0x0000000088200000, 0x0000000088200000, 0x0000000088300000|  0%| F|  |TAMS 0x0000000088200000, 0x0000000088200000| Untracked 
| 131|0x0000000088300000, 0x0000000088300000, 0x0000000088400000|  0%| F|  |TAMS 0x0000000088300000, 0x0000000088300000| Untracked 
| 132|0x0000000088400000, 0x0000000088400000, 0x0000000088500000|  0%| F|  |TAMS 0x0000000088400000, 0x0000000088400000| Untracked 
| 133|0x0000000088500000, 0x0000000088500000, 0x0000000088600000|  0%| F|  |TAMS 0x0000000088500000, 0x0000000088500000| Untracked 
| 134|0x0000000088600000, 0x0000000088600000, 0x0000000088700000|  0%| F|  |TAMS 0x0000000088600000, 0x0000000088600000| Untracked 
| 135|0x0000000088700000, 0x0000000088700000, 0x0000000088800000|  0%| F|  |TAMS 0x0000000088700000, 0x0000000088700000| Untracked 
| 136|0x0000000088800000, 0x0000000088800000, 0x0000000088900000|  0%| F|  |TAMS 0x0000000088800000, 0x0000000088800000| Untracked 
| 137|0x0000000088900000, 0x0000000088900000, 0x0000000088a00000|  0%| F|  |TAMS 0x0000000088900000, 0x0000000088900000| Untracked 
| 138|0x0000000088a00000, 0x0000000088a00000, 0x0000000088b00000|  0%| F|  |TAMS 0x0000000088a00000, 0x0000000088a00000| Untracked 
| 139|0x0000000088b00000, 0x0000000088b00000, 0x0000000088c00000|  0%| F|  |TAMS 0x0000000088b00000, 0x0000000088b00000| Untracked 
| 140|0x0000000088c00000, 0x0000000088c00000, 0x0000000088d00000|  0%| F|  |TAMS 0x0000000088c00000, 0x0000000088c00000| Untracked 
| 141|0x0000000088d00000, 0x0000000088d00000, 0x0000000088e00000|  0%| F|  |TAMS 0x0000000088d00000, 0x0000000088d00000| Untracked 
| 142|0x0000000088e00000, 0x0000000088e00000, 0x0000000088f00000|  0%| F|  |TAMS 0x0000000088e00000, 0x0000000088e00000| Untracked 
| 143|0x0000000088f00000, 0x0000000088f00000, 0x0000000089000000|  0%| F|  |TAMS 0x0000000088f00000, 0x0000000088f00000| Untracked 
| 144|0x0000000089000000, 0x0000000089000000, 0x0000000089100000|  0%| F|  |TAMS 0x0000000089000000, 0x0000000089000000| Untracked 
| 145|0x0000000089100000, 0x0000000089100000, 0x0000000089200000|  0%| F|  |TAMS 0x0000000089100000, 0x0000000089100000| Untracked 
| 146|0x0000000089200000, 0x0000000089200000, 0x0000000089300000|  0%| F|  |TAMS 0x0000000089200000, 0x0000000089200000| Untracked 
| 147|0x0000000089300000, 0x0000000089300000, 0x0000000089400000|  0%| F|  |TAMS 0x0000000089300000, 0x0000000089300000| Untracked 
| 148|0x0000000089400000, 0x0000000089400000, 0x0000000089500000|  0%| F|  |TAMS 0x0000000089400000, 0x0000000089400000| Untracked 
| 149|0x0000000089500000, 0x0000000089500000, 0x0000000089600000|  0%| F|  |TAMS 0x0000000089500000, 0x0000000089500000| Untracked 
| 150|0x0000000089600000, 0x0000000089600000, 0x0000000089700000|  0%| F|  |TAMS 0x0000000089600000, 0x0000000089600000| Untracked 
| 151|0x0000000089700000, 0x0000000089700000, 0x0000000089800000|  0%| F|  |TAMS 0x0000000089700000, 0x0000000089700000| Untracked 
| 152|0x0000000089800000, 0x0000000089800000, 0x0000000089900000|  0%| F|  |TAMS 0x0000000089800000, 0x0000000089800000| Untracked 
| 153|0x0000000089900000, 0x0000000089900000, 0x0000000089a00000|  0%| F|  |TAMS 0x0000000089900000, 0x0000000089900000| Untracked 
| 154|0x0000000089a00000, 0x0000000089a00000, 0x0000000089b00000|  0%| F|  |TAMS 0x0000000089a00000, 0x0000000089a00000| Untracked 
| 155|0x0000000089b00000, 0x0000000089b00000, 0x0000000089c00000|  0%| F|  |TAMS 0x0000000089b00000, 0x0000000089b00000| Untracked 
| 156|0x0000000089c00000, 0x0000000089c00000, 0x0000000089d00000|  0%| F|  |TAMS 0x0000000089c00000, 0x0000000089c00000| Untracked 
| 157|0x0000000089d00000, 0x0000000089d00000, 0x0000000089e00000|  0%| F|  |TAMS 0x0000000089d00000, 0x0000000089d00000| Untracked 
| 158|0x0000000089e00000, 0x0000000089e00000, 0x0000000089f00000|  0%| F|  |TAMS 0x0000000089e00000, 0x0000000089e00000| Untracked 
| 159|0x0000000089f00000, 0x0000000089f00000, 0x000000008a000000|  0%| F|  |TAMS 0x0000000089f00000, 0x0000000089f00000| Untracked 
| 160|0x000000008a000000, 0x000000008a000000, 0x000000008a100000|  0%| F|  |TAMS 0x000000008a000000, 0x000000008a000000| Untracked 
| 161|0x000000008a100000, 0x000000008a100000, 0x000000008a200000|  0%| F|  |TAMS 0x000000008a100000, 0x000000008a100000| Untracked 
| 162|0x000000008a200000, 0x000000008a200000, 0x000000008a300000|  0%| F|  |TAMS 0x000000008a200000, 0x000000008a200000| Untracked 
| 163|0x000000008a300000, 0x000000008a300000, 0x000000008a400000|  0%| F|  |TAMS 0x000000008a300000, 0x000000008a300000| Untracked 
| 164|0x000000008a400000, 0x000000008a400000, 0x000000008a500000|  0%| F|  |TAMS 0x000000008a400000, 0x000000008a400000| Untracked 
| 165|0x000000008a500000, 0x000000008a500000, 0x000000008a600000|  0%| F|  |TAMS 0x000000008a500000, 0x000000008a500000| Untracked 
| 166|0x000000008a600000, 0x000000008a600000, 0x000000008a700000|  0%| F|  |TAMS 0x000000008a600000, 0x000000008a600000| Untracked 
| 167|0x000000008a700000, 0x000000008a800000, 0x000000008a800000|100%| E|  |TAMS 0x000000008a700000, 0x000000008a700000| Complete 
| 168|0x000000008a800000, 0x000000008a900000, 0x000000008a900000|100%| E|CS|TAMS 0x000000008a800000, 0x000000008a800000| Complete 
| 169|0x000000008a900000, 0x000000008aa00000, 0x000000008aa00000|100%| E|CS|TAMS 0x000000008a900000, 0x000000008a900000| Complete 
| 170|0x000000008aa00000, 0x000000008ab00000, 0x000000008ab00000|100%| E|CS|TAMS 0x000000008aa00000, 0x000000008aa00000| Complete 
| 171|0x000000008ab00000, 0x000000008ac00000, 0x000000008ac00000|100%| E|CS|TAMS 0x000000008ab00000, 0x000000008ab00000| Complete 
| 172|0x000000008ac00000, 0x000000008ad00000, 0x000000008ad00000|100%| E|CS|TAMS 0x000000008ac00000, 0x000000008ac00000| Complete 
| 173|0x000000008ad00000, 0x000000008ae00000, 0x000000008ae00000|100%| E|CS|TAMS 0x000000008ad00000, 0x000000008ad00000| Complete 
| 174|0x000000008ae00000, 0x000000008af00000, 0x000000008af00000|100%| E|CS|TAMS 0x000000008ae00000, 0x000000008ae00000| Complete 
| 175|0x000000008af00000, 0x000000008b000000, 0x000000008b000000|100%| E|CS|TAMS 0x000000008af00000, 0x000000008af00000| Complete 
| 176|0x000000008b000000, 0x000000008b100000, 0x000000008b100000|100%| E|CS|TAMS 0x000000008b000000, 0x000000008b000000| Complete 
| 177|0x000000008b100000, 0x000000008b200000, 0x000000008b200000|100%| E|CS|TAMS 0x000000008b100000, 0x000000008b100000| Complete 
| 178|0x000000008b200000, 0x000000008b300000, 0x000000008b300000|100%| E|CS|TAMS 0x000000008b200000, 0x000000008b200000| Complete 
| 179|0x000000008b300000, 0x000000008b400000, 0x000000008b400000|100%| E|CS|TAMS 0x000000008b300000, 0x000000008b300000| Complete 
| 180|0x000000008b400000, 0x000000008b500000, 0x000000008b500000|100%| E|CS|TAMS 0x000000008b400000, 0x000000008b400000| Complete 
| 181|0x000000008b500000, 0x000000008b600000, 0x000000008b600000|100%| E|CS|TAMS 0x000000008b500000, 0x000000008b500000| Complete 
| 182|0x000000008b600000, 0x000000008b700000, 0x000000008b700000|100%| E|CS|TAMS 0x000000008b600000, 0x000000008b600000| Complete 
| 183|0x000000008b700000, 0x000000008b800000, 0x000000008b800000|100%| E|CS|TAMS 0x000000008b700000, 0x000000008b700000| Complete 
| 184|0x000000008b800000, 0x000000008b900000, 0x000000008b900000|100%| E|CS|TAMS 0x000000008b800000, 0x000000008b800000| Complete 
| 185|0x000000008b900000, 0x000000008ba00000, 0x000000008ba00000|100%| E|CS|TAMS 0x000000008b900000, 0x000000008b900000| Complete 
| 186|0x000000008ba00000, 0x000000008bb00000, 0x000000008bb00000|100%| E|CS|TAMS 0x000000008ba00000, 0x000000008ba00000| Complete 
| 187|0x000000008bb00000, 0x000000008bc00000, 0x000000008bc00000|100%| E|CS|TAMS 0x000000008bb00000, 0x000000008bb00000| Complete 
| 188|0x000000008bc00000, 0x000000008bd00000, 0x000000008bd00000|100%| E|CS|TAMS 0x000000008bc00000, 0x000000008bc00000| Complete 
| 189|0x000000008bd00000, 0x000000008be00000, 0x000000008be00000|100%| E|CS|TAMS 0x000000008bd00000, 0x000000008bd00000| Complete 
| 190|0x000000008be00000, 0x000000008bf00000, 0x000000008bf00000|100%| E|CS|TAMS 0x000000008be00000, 0x000000008be00000| Complete 
| 191|0x000000008bf00000, 0x000000008c000000, 0x000000008c000000|100%| E|CS|TAMS 0x000000008bf00000, 0x000000008bf00000| Complete 
| 192|0x000000008c000000, 0x000000008c100000, 0x000000008c100000|100%| E|CS|TAMS 0x000000008c000000, 0x000000008c000000| Complete 
| 193|0x000000008c100000, 0x000000008c200000, 0x000000008c200000|100%| E|CS|TAMS 0x000000008c100000, 0x000000008c100000| Complete 
| 194|0x000000008c200000, 0x000000008c300000, 0x000000008c300000|100%| E|CS|TAMS 0x000000008c200000, 0x000000008c200000| Complete 
| 195|0x000000008c300000, 0x000000008c400000, 0x000000008c400000|100%| E|CS|TAMS 0x000000008c300000, 0x000000008c300000| Complete 
| 196|0x000000008c400000, 0x000000008c500000, 0x000000008c500000|100%| E|CS|TAMS 0x000000008c400000, 0x000000008c400000| Complete 
| 197|0x000000008c500000, 0x000000008c600000, 0x000000008c600000|100%| E|CS|TAMS 0x000000008c500000, 0x000000008c500000| Complete 
| 198|0x000000008c600000, 0x000000008c700000, 0x000000008c700000|100%| E|CS|TAMS 0x000000008c600000, 0x000000008c600000| Complete 
| 199|0x000000008c700000, 0x000000008c800000, 0x000000008c800000|100%| E|CS|TAMS 0x000000008c700000, 0x000000008c700000| Complete 
| 200|0x000000008c800000, 0x000000008c900000, 0x000000008c900000|100%| E|CS|TAMS 0x000000008c800000, 0x000000008c800000| Complete 
| 201|0x000000008c900000, 0x000000008ca00000, 0x000000008ca00000|100%| E|CS|TAMS 0x000000008c900000, 0x000000008c900000| Complete 
| 202|0x000000008ca00000, 0x000000008cb00000, 0x000000008cb00000|100%| E|CS|TAMS 0x000000008ca00000, 0x000000008ca00000| Complete 
| 203|0x000000008cb00000, 0x000000008cc00000, 0x000000008cc00000|100%| E|CS|TAMS 0x000000008cb00000, 0x000000008cb00000| Complete 
| 204|0x000000008cc00000, 0x000000008cd00000, 0x000000008cd00000|100%| E|CS|TAMS 0x000000008cc00000, 0x000000008cc00000| Complete 
| 205|0x000000008cd00000, 0x000000008ce00000, 0x000000008ce00000|100%| E|CS|TAMS 0x000000008cd00000, 0x000000008cd00000| Complete 
| 206|0x000000008ce00000, 0x000000008cf00000, 0x000000008cf00000|100%| E|CS|TAMS 0x000000008ce00000, 0x000000008ce00000| Complete 
| 207|0x000000008cf00000, 0x000000008d000000, 0x000000008d000000|100%| E|CS|TAMS 0x000000008cf00000, 0x000000008cf00000| Complete 
| 208|0x000000008d000000, 0x000000008d100000, 0x000000008d100000|100%| E|CS|TAMS 0x000000008d000000, 0x000000008d000000| Complete 
| 209|0x000000008d100000, 0x000000008d200000, 0x000000008d200000|100%| E|CS|TAMS 0x000000008d100000, 0x000000008d100000| Complete 
| 210|0x000000008d200000, 0x000000008d300000, 0x000000008d300000|100%| E|CS|TAMS 0x000000008d200000, 0x000000008d200000| Complete 
| 211|0x000000008d300000, 0x000000008d400000, 0x000000008d400000|100%| E|CS|TAMS 0x000000008d300000, 0x000000008d300000| Complete 
| 212|0x000000008d400000, 0x000000008d500000, 0x000000008d500000|100%| E|CS|TAMS 0x000000008d400000, 0x000000008d400000| Complete 
| 213|0x000000008d500000, 0x000000008d600000, 0x000000008d600000|100%| E|CS|TAMS 0x000000008d500000, 0x000000008d500000| Complete 
| 214|0x000000008d600000, 0x000000008d700000, 0x000000008d700000|100%| E|CS|TAMS 0x000000008d600000, 0x000000008d600000| Complete 
| 215|0x000000008d700000, 0x000000008d800000, 0x000000008d800000|100%| E|CS|TAMS 0x000000008d700000, 0x000000008d700000| Complete 
| 216|0x000000008d800000, 0x000000008d900000, 0x000000008d900000|100%| E|CS|TAMS 0x000000008d800000, 0x000000008d800000| Complete 
| 217|0x000000008d900000, 0x000000008da00000, 0x000000008da00000|100%| E|CS|TAMS 0x000000008d900000, 0x000000008d900000| Complete 
| 218|0x000000008da00000, 0x000000008db00000, 0x000000008db00000|100%| E|CS|TAMS 0x000000008da00000, 0x000000008da00000| Complete 
| 219|0x000000008db00000, 0x000000008dc00000, 0x000000008dc00000|100%| E|CS|TAMS 0x000000008db00000, 0x000000008db00000| Complete 
| 220|0x000000008dc00000, 0x000000008dd00000, 0x000000008dd00000|100%| E|CS|TAMS 0x000000008dc00000, 0x000000008dc00000| Complete 
| 221|0x000000008dd00000, 0x000000008de00000, 0x000000008de00000|100%| E|CS|TAMS 0x000000008dd00000, 0x000000008dd00000| Complete 
| 222|0x000000008de00000, 0x000000008df00000, 0x000000008df00000|100%| E|CS|TAMS 0x000000008de00000, 0x000000008de00000| Complete 
| 223|0x000000008df00000, 0x000000008e000000, 0x000000008e000000|100%| E|CS|TAMS 0x000000008df00000, 0x000000008df00000| Complete 
| 224|0x000000008e000000, 0x000000008e100000, 0x000000008e100000|100%| E|CS|TAMS 0x000000008e000000, 0x000000008e000000| Complete 
| 225|0x000000008e100000, 0x000000008e200000, 0x000000008e200000|100%| E|CS|TAMS 0x000000008e100000, 0x000000008e100000| Complete 
| 226|0x000000008e200000, 0x000000008e300000, 0x000000008e300000|100%| E|CS|TAMS 0x000000008e200000, 0x000000008e200000| Complete 
| 227|0x000000008e300000, 0x000000008e400000, 0x000000008e400000|100%| E|CS|TAMS 0x000000008e300000, 0x000000008e300000| Complete 
| 228|0x000000008e400000, 0x000000008e500000, 0x000000008e500000|100%| E|CS|TAMS 0x000000008e400000, 0x000000008e400000| Complete 
| 229|0x000000008e500000, 0x000000008e600000, 0x000000008e600000|100%| E|CS|TAMS 0x000000008e500000, 0x000000008e500000| Complete 
| 230|0x000000008e600000, 0x000000008e700000, 0x000000008e700000|100%| E|CS|TAMS 0x000000008e600000, 0x000000008e600000| Complete 
| 231|0x000000008e700000, 0x000000008e800000, 0x000000008e800000|100%| E|CS|TAMS 0x000000008e700000, 0x000000008e700000| Complete 
| 232|0x000000008e800000, 0x000000008e900000, 0x000000008e900000|100%| E|CS|TAMS 0x000000008e800000, 0x000000008e800000| Complete 
| 233|0x000000008e900000, 0x000000008ea00000, 0x000000008ea00000|100%| E|CS|TAMS 0x000000008e900000, 0x000000008e900000| Complete 
| 234|0x000000008ea00000, 0x000000008eb00000, 0x000000008eb00000|100%| E|CS|TAMS 0x000000008ea00000, 0x000000008ea00000| Complete 
| 235|0x000000008eb00000, 0x000000008ec00000, 0x000000008ec00000|100%| E|CS|TAMS 0x000000008eb00000, 0x000000008eb00000| Complete 
| 236|0x000000008ec00000, 0x000000008ed00000, 0x000000008ed00000|100%| E|CS|TAMS 0x000000008ec00000, 0x000000008ec00000| Complete 
| 237|0x000000008ed00000, 0x000000008ee00000, 0x000000008ee00000|100%| E|CS|TAMS 0x000000008ed00000, 0x000000008ed00000| Complete 
| 238|0x000000008ee00000, 0x000000008ef00000, 0x000000008ef00000|100%| E|CS|TAMS 0x000000008ee00000, 0x000000008ee00000| Complete 
| 239|0x000000008ef00000, 0x000000008f000000, 0x000000008f000000|100%| E|CS|TAMS 0x000000008ef00000, 0x000000008ef00000| Complete 
| 240|0x000000008f000000, 0x000000008f100000, 0x000000008f100000|100%| E|CS|TAMS 0x000000008f000000, 0x000000008f000000| Complete 
| 241|0x000000008f100000, 0x000000008f200000, 0x000000008f200000|100%| E|CS|TAMS 0x000000008f100000, 0x000000008f100000| Complete 
| 242|0x000000008f200000, 0x000000008f300000, 0x000000008f300000|100%| E|CS|TAMS 0x000000008f200000, 0x000000008f200000| Complete 
| 243|0x000000008f300000, 0x000000008f400000, 0x000000008f400000|100%| E|CS|TAMS 0x000000008f300000, 0x000000008f300000| Complete 
| 244|0x000000008f400000, 0x000000008f500000, 0x000000008f500000|100%| E|CS|TAMS 0x000000008f400000, 0x000000008f400000| Complete 
| 245|0x000000008f500000, 0x000000008f600000, 0x000000008f600000|100%| E|CS|TAMS 0x000000008f500000, 0x000000008f500000| Complete 
| 246|0x000000008f600000, 0x000000008f700000, 0x000000008f700000|100%| E|CS|TAMS 0x000000008f600000, 0x000000008f600000| Complete 
| 247|0x000000008f700000, 0x000000008f800000, 0x000000008f800000|100%| E|CS|TAMS 0x000000008f700000, 0x000000008f700000| Complete 
| 248|0x000000008f800000, 0x000000008f900000, 0x000000008f900000|100%| E|CS|TAMS 0x000000008f800000, 0x000000008f800000| Complete 
| 249|0x000000008f900000, 0x000000008fa00000, 0x000000008fa00000|100%| E|CS|TAMS 0x000000008f900000, 0x000000008f900000| Complete 
| 250|0x000000008fa00000, 0x000000008fb00000, 0x000000008fb00000|100%| E|CS|TAMS 0x000000008fa00000, 0x000000008fa00000| Complete 
| 251|0x000000008fb00000, 0x000000008fc00000, 0x000000008fc00000|100%| E|CS|TAMS 0x000000008fb00000, 0x000000008fb00000| Complete 
| 252|0x000000008fc00000, 0x000000008fd00000, 0x000000008fd00000|100%| E|CS|TAMS 0x000000008fc00000, 0x000000008fc00000| Complete 
| 253|0x000000008fd00000, 0x000000008fe00000, 0x000000008fe00000|100%| E|CS|TAMS 0x000000008fd00000, 0x000000008fd00000| Complete 
| 254|0x000000008fe00000, 0x000000008ff00000, 0x000000008ff00000|100%| E|CS|TAMS 0x000000008fe00000, 0x000000008fe00000| Complete 
| 255|0x000000008ff00000, 0x0000000090000000, 0x0000000090000000|100%| E|CS|TAMS 0x000000008ff00000, 0x000000008ff00000| Complete 

Card table byte_map: [0x000002142f200000,0x000002142f600000] _byte_map_base: 0x000002142ee00000

Marking Bits (Prev, Next): (CMBitMap*) 0x000002141c01ef88, (CMBitMap*) 0x000002141c01efc0
 Prev Bits: [0x000002142fa00000, 0x0000021431a00000)
 Next Bits: [0x0000021431a00000, 0x0000021433a00000)

Polling page: 0x000002141b7c0000

Metaspace:

Usage:
  Non-class:     64.83 MB capacity,    63.78 MB ( 98%) used,   887.37 KB (  1%) free+waste,   189.31 KB ( <1%) overhead. 
      Class:     10.18 MB capacity,     9.56 MB ( 94%) used,   542.02 KB (  5%) free+waste,    88.81 KB ( <1%) overhead. 
       Both:     75.00 MB capacity,    73.34 MB ( 98%) used,     1.40 MB (  2%) free+waste,   278.13 KB ( <1%) overhead. 

Virtual space:
  Non-class space:       66.00 MB reserved,      65.00 MB ( 98%) committed 
      Class space:        1.00 GB reserved,      10.20 MB ( <1%) committed 
             Both:        1.06 GB reserved,      75.20 MB (  7%) committed 

Chunk freelists:
   Non-Class:  49.00 KB
       Class:  12.00 KB
        Both:  61.00 KB

MaxMetaspaceSize: 17179869184.00 GB
CompressedClassSpaceSize: 1.00 GB

CodeHeap 'non-profiled nmethods': size=120000Kb used=4627Kb max_used=4627Kb free=115373Kb
 bounds [0x00000214275a0000, 0x0000021427a30000, 0x000002142ead0000]
CodeHeap 'profiled nmethods': size=120000Kb used=15389Kb max_used=15389Kb free=104610Kb
 bounds [0x0000021420070000, 0x0000021420f80000, 0x00000214275a0000]
CodeHeap 'non-nmethods': size=5760Kb used=2266Kb max_used=2316Kb free=3493Kb
 bounds [0x000002141fad0000, 0x000002141fd40000, 0x0000021420070000]
 total_blobs=8089 nmethods=7227 adapters=773
 compilation: enabled
              stopped_count=0, restarted_count=0
 full_count=0

Compilation events (20 events):
Event: 13.011 Thread 0x0000021436d2c000 nmethod 7246 0x0000021427a20b90 code [0x0000021427a20d20, 0x0000021427a20ff8]
Event: 13.017 Thread 0x0000021436d30800 nmethod 7252 0x0000021420f6ba90 code [0x0000021420f6c100, 0x0000021420f6f608]
Event: 13.023 Thread 0x000002143a5dd800 7253       4       jdk.internal.jimage.BasicImageReader::getAttributes (48 bytes)
Event: 13.024 Thread 0x0000021436d30800 7254       3       jdk.internal.module.Resources::toPackageName (39 bytes)
Event: 13.025 Thread 0x0000021436d30800 nmethod 7254 0x0000021420f70990 code [0x0000021420f70bc0, 0x0000021420f71238]
Event: 13.026 Thread 0x0000021436d30800 7255       3       java.lang.StackTraceElement::<init> (10 bytes)
Event: 13.026 Thread 0x0000021436d30800 nmethod 7255 0x0000021420f71490 code [0x0000021420f71640, 0x0000021420f71798]
Event: 13.026 Thread 0x0000021436d30800 7256  s!   3       java.lang.StackTraceElement::computeFormat (71 bytes)
Event: 13.027 Thread 0x0000021436d30800 nmethod 7256 0x0000021420f71890 code [0x0000021420f71ac0, 0x0000021420f723f8]
Event: 13.027 Thread 0x0000021436d30800 7257       3       java.lang.StackTraceElement::isHashedInJavaBase (31 bytes)
Event: 13.028 Thread 0x0000021436d30800 nmethod 7257 0x0000021420f72690 code [0x0000021420f728a0, 0x0000021420f72d78]
Event: 13.028 Thread 0x0000021436d30800 7258       3       java.lang.Module::getLayer (43 bytes)
Event: 13.028 Thread 0x0000021436d30800 nmethod 7258 0x0000021420f72f10 code [0x0000021420f73100, 0x0000021420f73488]
Event: 13.044 Thread 0x0000021436d30800 7259       3       java.security.CodeSource::getCertificates (98 bytes)
Event: 13.048 Thread 0x0000021436d30800 nmethod 7259 0x0000021420f73590 code [0x0000021420f73800, 0x0000021420f744c8]
Event: 13.052 Thread 0x000002143a5dd800 nmethod 7253 0x0000021427a21190 code [0x0000021427a21360, 0x0000021427a21b78]
Event: 13.085 Thread 0x0000021436d30800 7260       3       java.lang.invoke.LambdaForm$MH/0x00000001000eac40::invoke (155 bytes)
Event: 13.086 Thread 0x0000021436d30800 nmethod 7260 0x0000021420f74790 code [0x0000021420f74a20, 0x0000021420f757b8]
Event: 13.099 Thread 0x0000021436d2c000 7261       4       org.gradle.internal.util.Trie::find (135 bytes)
Event: 13.110 Thread 0x0000021436d2c000 nmethod 7261 0x0000021427a22490 code [0x0000021427a22660, 0x0000021427a22928]

GC Heap History (14 events):
Event: 0.679 GC heap before
{Heap before GC invocations=0 (full 0):
 garbage-first heap   total 262144K, used 29696K [0x0000000080000000, 0x0000000100000000)
  region size 1024K, 24 young (24576K), 0 survivors (0K)
 Metaspace       used 10185K, capacity 10363K, committed 10624K, reserved 1058816K
  class space    used 1065K, capacity 1141K, committed 1152K, reserved 1048576K
}
Event: 0.683 GC heap after
{Heap after GC invocations=1 (full 0):
 garbage-first heap   total 262144K, used 9211K [0x0000000080000000, 0x0000000100000000)
  region size 1024K, 3 young (3072K), 3 survivors (3072K)
 Metaspace       used 10185K, capacity 10363K, committed 10624K, reserved 1058816K
  class space    used 1065K, capacity 1141K, committed 1152K, reserved 1048576K
}
Event: 2.547 GC heap before
{Heap before GC invocations=1 (full 0):
 garbage-first heap   total 262144K, used 104443K [0x0000000080000000, 0x0000000100000000)
  region size 1024K, 97 young (99328K), 3 survivors (3072K)
 Metaspace       used 20614K, capacity 21124K, committed 21248K, reserved 1067008K
  class space    used 2523K, capacity 2722K, committed 2816K, reserved 1048576K
}
Event: 2.557 GC heap after
{Heap after GC invocations=2 (full 0):
 garbage-first heap   total 262144K, used 16641K [0x0000000080000000, 0x0000000100000000)
  region size 1024K, 11 young (11264K), 11 survivors (11264K)
 Metaspace       used 20614K, capacity 21124K, committed 21248K, reserved 1067008K
  class space    used 2523K, capacity 2722K, committed 2816K, reserved 1048576K
}
Event: 2.867 GC heap before
{Heap before GC invocations=3 (full 0):
 garbage-first heap   total 262144K, used 47361K [0x0000000080000000, 0x0000000100000000)
  region size 1024K, 41 young (41984K), 11 survivors (11264K)
 Metaspace       used 23518K, capacity 24151K, committed 24320K, reserved 1071104K
  class space    used 3003K, capacity 3224K, committed 3328K, reserved 1048576K
}
Event: 2.875 GC heap after
{Heap after GC invocations=4 (full 0):
 garbage-first heap   total 262144K, used 17913K [0x0000000080000000, 0x0000000100000000)
  region size 1024K, 2 young (2048K), 2 survivors (2048K)
 Metaspace       used 23518K, capacity 24151K, committed 24320K, reserved 1071104K
  class space    used 3003K, capacity 3224K, committed 3328K, reserved 1048576K
}
Event: 4.298 GC heap before
{Heap before GC invocations=4 (full 0):
 garbage-first heap   total 262144K, used 97785K [0x0000000080000000, 0x0000000100000000)
  region size 1024K, 81 young (82944K), 2 survivors (2048K)
 Metaspace       used 35014K, capacity 35830K, committed 35840K, reserved 1081344K
  class space    used 4541K, capacity 4864K, committed 4864K, reserved 1048576K
}
Event: 4.311 GC heap after
{Heap after GC invocations=5 (full 0):
 garbage-first heap   total 262144K, used 22062K [0x0000000080000000, 0x0000000100000000)
  region size 1024K, 6 young (6144K), 6 survivors (6144K)
 Metaspace       used 35014K, capacity 35830K, committed 35840K, reserved 1081344K
  class space    used 4541K, capacity 4864K, committed 4864K, reserved 1048576K
}
Event: 6.120 GC heap before
{Heap before GC invocations=6 (full 0):
 garbage-first heap   total 262144K, used 148014K [0x0000000080000000, 0x0000000100000000)
  region size 1024K, 126 young (129024K), 6 survivors (6144K)
 Metaspace       used 44814K, capacity 45998K, committed 46156K, reserved 1089536K
  class space    used 5768K, capacity 6155K, committed 6220K, reserved 1048576K
}
Event: 6.135 GC heap after
{Heap after GC invocations=7 (full 0):
 garbage-first heap   total 262144K, used 28727K [0x0000000080000000, 0x0000000100000000)
  region size 1024K, 12 young (12288K), 12 survivors (12288K)
 Metaspace       used 44814K, capacity 45998K, committed 46156K, reserved 1089536K
  class space    used 5768K, capacity 6155K, committed 6220K, reserved 1048576K
}
Event: 8.718 GC heap before
{Heap before GC invocations=7 (full 0):
 garbage-first heap   total 262144K, used 176183K [0x0000000080000000, 0x0000000100000000)
  region size 1024K, 149 young (152576K), 12 survivors (12288K)
 Metaspace       used 58685K, capacity 60163K, committed 60236K, reserved 1101824K
  class space    used 7452K, capacity 7996K, committed 8012K, reserved 1048576K
}
Event: 8.766 GC heap after
{Heap after GC invocations=8 (full 0):
 garbage-first heap   total 262144K, used 50433K [0x0000000080000000, 0x0000000100000000)
  region size 1024K, 20 young (20480K), 20 survivors (20480K)
 Metaspace       used 58685K, capacity 60163K, committed 60236K, reserved 1101824K
  class space    used 7452K, capacity 7996K, committed 8012K, reserved 1048576K
}
Event: 11.296 GC heap before
{Heap before GC invocations=9 (full 0):
 garbage-first heap   total 262144K, used 186625K [0x0000000080000000, 0x0000000100000000)
  region size 1024K, 153 young (156672K), 20 survivors (20480K)
 Metaspace       used 68323K, capacity 69909K, committed 70092K, reserved 1110016K
  class space    used 8725K, capacity 9326K, committed 9420K, reserved 1048576K
}
Event: 11.355 GC heap after
{Heap after GC invocations=10 (full 0):
 garbage-first heap   total 262144K, used 61635K [0x0000000080000000, 0x0000000100000000)
  region size 1024K, 12 young (12288K), 12 survivors (12288K)
 Metaspace       used 68323K, capacity 69909K, committed 70092K, reserved 1110016K
  class space    used 8725K, capacity 9326K, committed 9420K, reserved 1048576K
}

Deoptimization events (20 events):
Event: 12.746 Thread 0x000002143954d800 Uncommon trap: trap_request=0xffffff4d fr.pc=0x000002142790ac08 relative=0x00000000000029a8
Event: 12.746 Thread 0x000002143954d800 Uncommon trap: reason=unstable_if action=reinterpret pc=0x000002142790ac08 method=java.util.HashMap.getNode(ILjava/lang/Object;)Ljava/util/HashMap$Node; @ 84 c2
Event: 12.746 Thread 0x000002143954d800 DEOPT PACKING pc=0x000002142790ac08 sp=0x000000f757efa170
Event: 12.746 Thread 0x000002143954d800 DEOPT UNPACKING pc=0x000002141faf78af sp=0x000000f757efa068 mode 2
Event: 12.747 Thread 0x000002143954d800 Uncommon trap: trap_request=0xffffff4d fr.pc=0x000002142792fd84 relative=0x00000000000002c4
Event: 12.747 Thread 0x000002143954d800 Uncommon trap: reason=unstable_if action=reinterpret pc=0x000002142792fd84 method=java.util.HashMap.getNode(ILjava/lang/Object;)Ljava/util/HashMap$Node; @ 84 c2
Event: 12.747 Thread 0x000002143954d800 DEOPT PACKING pc=0x000002142792fd84 sp=0x000000f757efa130
Event: 12.747 Thread 0x000002143954d800 DEOPT UNPACKING pc=0x000002141faf78af sp=0x000000f757efa050 mode 2
Event: 12.747 Thread 0x000002143954d800 Uncommon trap: trap_request=0xffffff4d fr.pc=0x00000214278606e8 relative=0x00000000000001a8
Event: 12.747 Thread 0x000002143954d800 Uncommon trap: reason=unstable_if action=reinterpret pc=0x00000214278606e8 method=java.util.HashMap.getNode(ILjava/lang/Object;)Ljava/util/HashMap$Node; @ 84 c2
Event: 12.747 Thread 0x000002143954d800 DEOPT PACKING pc=0x00000214278606e8 sp=0x000000f757efa0d0
Event: 12.747 Thread 0x000002143954d800 DEOPT UNPACKING pc=0x000002141faf78af sp=0x000000f757efa058 mode 2
Event: 12.940 Thread 0x000002143954d800 Uncommon trap: trap_request=0xffffff4d fr.pc=0x000002142784e39c relative=0x0000000000001afc
Event: 12.940 Thread 0x000002143954d800 Uncommon trap: reason=unstable_if action=reinterpret pc=0x000002142784e39c method=sun.nio.fs.WindowsPathParser.normalize(Ljava/lang/StringBuilder;Ljava/lang/String;I)Ljava/lang/String; @ 172 c2
Event: 12.940 Thread 0x000002143954d800 DEOPT PACKING pc=0x000002142784e39c sp=0x000000f757ef9cf0
Event: 12.940 Thread 0x000002143954d800 DEOPT UNPACKING pc=0x000002141faf78af sp=0x000000f757ef9ce0 mode 2
Event: 13.001 Thread 0x000002143954d800 Uncommon trap: trap_request=0xffffff4d fr.pc=0x000002142773d2b8 relative=0x0000000000000838
Event: 13.001 Thread 0x000002143954d800 Uncommon trap: reason=unstable_if action=reinterpret pc=0x000002142773d2b8 method=java.util.jar.JarFile.getVersionedEntry(Ljava/lang/String;Ljava/util/jar/JarEntry;)Ljava/util/jar/JarEntry; @ 67 c2
Event: 13.001 Thread 0x000002143954d800 DEOPT PACKING pc=0x000002142773d2b8 sp=0x000000f757ef8000
Event: 13.001 Thread 0x000002143954d800 DEOPT UNPACKING pc=0x000002141faf78af sp=0x000000f757ef7fe8 mode 2

Classes redefined (0 events):
No events

Internal exceptions (20 events):
Event: 12.445 Thread 0x000002143954d800 Exception <a 'java/lang/ClassNotFoundException'{0x000000008ca13c60}: org/gradle/api/internal/artifacts/configurations/DefaultConfigurationContainerBeanInfo> (0x000000008ca13c60) thrown at [./src/hotspot/share/classfile/systemDictionary.cpp, line 231]
Event: 12.446 Thread 0x000002143954d800 Exception <a 'java/lang/ClassNotFoundException'{0x000000008ca2e380}: org/gradle/api/internal/AbstractValidatingNamedDomainObjectContainerBeanInfo> (0x000000008ca2e380) thrown at [./src/hotspot/share/classfile/systemDictionary.cpp, line 231]
Event: 12.446 Thread 0x000002143954d800 Exception <a 'java/lang/ClassNotFoundException'{0x000000008ca48c40}: org/gradle/api/internal/AbstractValidatingNamedDomainObjectContainerCustomizer> (0x000000008ca48c40) thrown at [./src/hotspot/share/classfile/systemDictionary.cpp, line 231]
Event: 12.448 Thread 0x000002143954d800 Exception <a 'java/lang/ClassNotFoundException'{0x000000008ca7e0f0}: org/gradle/api/internal/artifacts/configurations/DefaultConfigurationContainerCustomizer> (0x000000008ca7e0f0) thrown at [./src/hotspot/share/classfile/systemDictionary.cpp, line 231]
Event: 12.449 Thread 0x000002143954d800 Exception <a 'java/lang/ClassNotFoundException'{0x000000008cabebe0}: org/gradle/api/internal/artifacts/configurations/DefaultConfigurationContainer_DecoratedCustomizer> (0x000000008cabebe0) thrown at [./src/hotspot/share/classfile/systemDictionary.cpp, line 231]
Event: 12.461 Thread 0x000002143954d800 Exception <a 'java/lang/ClassNotFoundException'{0x000000008c7483e8}: org/gradle/api/internal/artifacts/configurations/DefaultConfiguration_DecoratedBeanInfo> (0x000000008c7483e8) thrown at [./src/hotspot/share/classfile/systemDictionary.cpp, line 231]
Event: 12.462 Thread 0x000002143954d800 Exception <a 'java/lang/ClassNotFoundException'{0x000000008c771d28}: org/gradle/api/internal/artifacts/configurations/DefaultConfigurationBeanInfo> (0x000000008c771d28) thrown at [./src/hotspot/share/classfile/systemDictionary.cpp, line 231]
Event: 12.463 Thread 0x000002143954d800 Exception <a 'java/lang/ClassNotFoundException'{0x000000008c78b628}: org/gradle/api/internal/file/AbstractFileCollectionBeanInfo> (0x000000008c78b628) thrown at [./src/hotspot/share/classfile/systemDictionary.cpp, line 231]
Event: 12.464 Thread 0x000002143954d800 Exception <a 'java/lang/ClassNotFoundException'{0x000000008c7a4c58}: org/gradle/api/internal/file/AbstractFileCollectionCustomizer> (0x000000008c7a4c58) thrown at [./src/hotspot/share/classfile/systemDictionary.cpp, line 231]
Event: 12.466 Thread 0x000002143954d800 Exception <a 'java/lang/ClassNotFoundException'{0x000000008c7e05e8}: org/gradle/api/internal/artifacts/configurations/DefaultConfigurationCustomizer> (0x000000008c7e05e8) thrown at [./src/hotspot/share/classfile/systemDictionary.cpp, line 231]
Event: 12.470 Thread 0x000002143954d800 Exception <a 'java/lang/ClassNotFoundException'{0x000000008c65b9a8}: org/gradle/api/internal/artifacts/configurations/DefaultConfiguration_DecoratedCustomizer> (0x000000008c65b9a8) thrown at [./src/hotspot/share/classfile/systemDictionary.cpp, line 231]
Event: 12.482 Thread 0x000002143954d800 Exception <a 'java/lang/ClassNotFoundException'{0x000000008c4e4c58}: org/codehaus/groovy/runtime/MethodClosureBeanInfo> (0x000000008c4e4c58) thrown at [./src/hotspot/share/classfile/systemDictionary.cpp, line 231]
Event: 12.485 Thread 0x000002143954d800 Exception <a 'java/lang/ClassNotFoundException'{0x000000008c2bd380}: org/codehaus/groovy/runtime/MethodClosureCustomizer> (0x000000008c2bd380) thrown at [./src/hotspot/share/classfile/systemDictionary.cpp, line 231]
Event: 12.488 Thread 0x000002143954d800 Exception <a 'java/lang/ClassNotFoundException'{0x000000008c126338}: org/gradle/api/internal/artifacts/configurations/DefaultConfiguration$ConfigurationResolvableDependencies_DecoratedBeanInfo> (0x000000008c126338) thrown at [./src/hotspot/share/classfile/systemDictionary.cpp, line 231]
Event: 12.489 Thread 0x000002143954d800 Exception <a 'java/lang/ClassNotFoundException'{0x000000008c157f58}: org/gradle/api/internal/artifacts/configurations/DefaultConfiguration$ConfigurationResolvableDependenciesBeanInfo> (0x000000008c157f58) thrown at [./src/hotspot/share/classfile/systemDictionary.cpp, line 231]
Event: 12.490 Thread 0x000002143954d800 Exception <a 'java/lang/ClassNotFoundException'{0x000000008c18b730}: org/gradle/api/internal/artifacts/configurations/DefaultConfiguration$ConfigurationResolvableDependenciesCustomizer> (0x000000008c18b730) thrown at [./src/hotspot/share/classfile/systemDictionary.cpp, line 231]
Event: 12.491 Thread 0x000002143954d800 Exception <a 'java/lang/ClassNotFoundException'{0x000000008c1d0228}: org/gradle/api/internal/artifacts/configurations/DefaultConfiguration$ConfigurationResolvableDependencies_DecoratedCustomizer> (0x000000008c1d0228) thrown at [./src/hotspot/share/classfile/systemDictionary.cpp, line 231]
Event: 12.838 Thread 0x000002143954d800 Exception <a 'sun/nio/fs/WindowsException'{0x000000008b415940}> (0x000000008b415940) thrown at [./src/hotspot/share/prims/jni.cpp, line 615]
Event: 12.839 Thread 0x000002143954d800 Exception <a 'sun/nio/fs/WindowsException'{0x000000008b415ef0}> (0x000000008b415ef0) thrown at [./src/hotspot/share/prims/jni.cpp, line 615]
Event: 13.084 Thread 0x000002143954d800 Exception <a 'java/lang/NullPointerException'{0x000000008acf50d0}> (0x000000008acf50d0) thrown at [./src/hotspot/share/interpreter/linkResolver.cpp, line 1440]

Events (20 events):
Event: 13.163 loading class com/sun/xml/bind/v2/model/annotation/LocatableAnnotation
Event: 13.163 loading class com/sun/xml/bind/v2/model/annotation/LocatableAnnotation done
Event: 13.164 loading class com/sun/xml/bind/v2/model/annotation/Init
Event: 13.164 loading class com/sun/xml/bind/v2/model/annotation/Init done
Event: 13.165 loading class com/sun/xml/bind/v2/model/annotation/Quick
Event: 13.165 loading class com/sun/xml/bind/v2/model/annotation/Quick done
Event: 13.165 loading class com/sun/xml/bind/v2/model/annotation/XmlAttributeQuick
Event: 13.165 loading class com/sun/xml/bind/v2/model/annotation/XmlAttributeQuick done
Event: 13.166 loading class javax/xml/bind/annotation/XmlAttribute
Event: 13.166 loading class javax/xml/bind/annotation/XmlAttribute done
Event: 13.166 loading class com/sun/xml/bind/v2/model/annotation/XmlElementQuick
Event: 13.166 loading class com/sun/xml/bind/v2/model/annotation/XmlElementQuick done
Event: 13.167 loading class javax/xml/bind/annotation/XmlElement
Event: 13.167 loading class javax/xml/bind/annotation/XmlElement done
Event: 13.167 loading class com/sun/xml/bind/v2/model/annotation/XmlElementDeclQuick
Event: 13.167 loading class com/sun/xml/bind/v2/model/annotation/XmlElementDeclQuick done
Event: 13.168 loading class javax/xml/bind/annotation/XmlElementDecl
Event: 13.168 loading class javax/xml/bind/annotation/XmlElementDecl done
Event: 13.168 loading class com/sun/xml/bind/v2/model/annotation/XmlElementRefQuick
Event: 13.168 loading class com/sun/xml/bind/v2/model/annotation/XmlElementRefQuick done


Dynamic libraries:
0x00007ff626680000 - 0x00007ff62668a000 	C:\Program Files\Android\Android Studio\jre\bin\java.exe
0x00007fffa03b0000 - 0x00007fffa05a5000 	C:\Windows\SYSTEM32\ntdll.dll
0x00007fff9e8b0000 - 0x00007fff9e96e000 	C:\Windows\System32\KERNEL32.DLL
0x00007fff9e050000 - 0x00007fff9e318000 	C:\Windows\System32\KERNELBASE.dll
0x00007fff9dad0000 - 0x00007fff9dbd0000 	C:\Windows\System32\ucrtbase.dll
0x00007fff922d0000 - 0x00007fff922e9000 	C:\Program Files\Android\Android Studio\jre\bin\jli.dll
0x00007fff921f0000 - 0x00007fff92207000 	C:\Program Files\Android\Android Studio\jre\bin\VCRUNTIME140.dll
0x00007fff9f150000 - 0x00007fff9f2f1000 	C:\Windows\System32\USER32.dll
0x00007fff885e0000 - 0x00007fff8887a000 	C:\Windows\WinSxS\amd64_microsoft.windows.common-controls_6595b64144ccf1df_6.0.19041.1110_none_60b5254171f9507e\COMCTL32.dll
0x00007fff9e320000 - 0x00007fff9e342000 	C:\Windows\System32\win32u.dll
0x00007fff9e970000 - 0x00007fff9ea0e000 	C:\Windows\System32\msvcrt.dll
0x00007fff9f5c0000 - 0x00007fff9f5eb000 	C:\Windows\System32\GDI32.dll
0x00007fff9dc80000 - 0x00007fff9dd8b000 	C:\Windows\System32\gdi32full.dll
0x00007fff9df80000 - 0x00007fff9e01d000 	C:\Windows\System32\msvcp_win.dll
0x00007fffa0260000 - 0x00007fffa0290000 	C:\Windows\System32\IMM32.DLL
0x00007fff7f300000 - 0x00007fff7f39d000 	C:\Program Files\Android\Android Studio\jre\bin\msvcp140.dll
0x00007fff65ac0000 - 0x00007fff6658f000 	C:\Program Files\Android\Android Studio\jre\bin\server\jvm.dll
0x00007fff9f460000 - 0x00007fff9f50c000 	C:\Windows\System32\ADVAPI32.dll
0x00007fffa0010000 - 0x00007fffa00ab000 	C:\Windows\System32\sechost.dll
0x00007fff9e6a0000 - 0x00007fff9e7ca000 	C:\Windows\System32\RPCRT4.dll
0x00007fffa0000000 - 0x00007fffa0008000 	C:\Windows\System32\PSAPI.DLL
0x00007fff98c50000 - 0x00007fff98c77000 	C:\Windows\SYSTEM32\WINMM.dll
0x00007fff97d20000 - 0x00007fff97d2a000 	C:\Windows\SYSTEM32\VERSION.dll
0x00007fff99960000 - 0x00007fff99969000 	C:\Windows\SYSTEM32\WSOCK32.dll
0x00007fff9f3f0000 - 0x00007fff9f45b000 	C:\Windows\System32\WS2_32.dll
0x00007fff9b9d0000 - 0x00007fff9b9e2000 	C:\Windows\SYSTEM32\kernel.appcore.dll
0x00007fff98d70000 - 0x00007fff98d81000 	C:\Program Files\Android\Android Studio\jre\bin\verify.dll
0x00007fff7e070000 - 0x00007fff7e254000 	C:\Windows\SYSTEM32\DBGHELP.DLL
0x00007fff88130000 - 0x00007fff8815c000 	C:\Windows\SYSTEM32\dbgcore.DLL
0x00007fff9def0000 - 0x00007fff9df73000 	C:\Windows\System32\bcryptPrimitives.dll
0x00007fff98be0000 - 0x00007fff98c09000 	C:\Program Files\Android\Android Studio\jre\bin\java.dll
0x00007fff99950000 - 0x00007fff9995b000 	C:\Program Files\Android\Android Studio\jre\bin\jimage.dll
0x00007fff98b90000 - 0x00007fff98ba8000 	C:\Program Files\Android\Android Studio\jre\bin\zip.dll
0x00007fff9ea10000 - 0x00007fff9f14f000 	C:\Windows\System32\SHELL32.dll
0x00007fff9bbd0000 - 0x00007fff9c360000 	C:\Windows\SYSTEM32\windows.storage.dll
0x00007fff9fb80000 - 0x00007fff9fed5000 	C:\Windows\System32\combase.dll
0x00007fff9d4b0000 - 0x00007fff9d4de000 	C:\Windows\SYSTEM32\Wldp.dll
0x00007fff9f510000 - 0x00007fff9f5bd000 	C:\Windows\System32\SHCORE.dll
0x00007fffa00b0000 - 0x00007fffa0105000 	C:\Windows\System32\shlwapi.dll
0x00007fff9da10000 - 0x00007fff9da2f000 	C:\Windows\SYSTEM32\profapi.dll
0x00007fff986e0000 - 0x00007fff986fa000 	C:\Program Files\Android\Android Studio\jre\bin\net.dll
0x00007fff94750000 - 0x00007fff9485c000 	C:\Windows\SYSTEM32\WINHTTP.dll
0x00007fff9d1b0000 - 0x00007fff9d21a000 	C:\Windows\system32\mswsock.dll
0x00007fff985b0000 - 0x00007fff985c4000 	C:\Program Files\Android\Android Studio\jre\bin\nio.dll
0x00007fff96af0000 - 0x00007fff96b17000 	C:\Users\SK\.gradle\native\8bec1ad78214c89d9ad589b4d07fe93259594b29d510b10fafb7a158f7737e5d\windows-amd64\native-platform.dll
0x00007fff69680000 - 0x00007fff697bd000 	C:\Users\SK\.gradle\native\53dbd7edfb1c66fb8903c78663c9afc45aea4f116125fa6feffd364cf09443e8\windows-amd64\native-platform-file-events.dll
0x00007fff998c0000 - 0x00007fff998ca000 	C:\Program Files\Android\Android Studio\jre\bin\management.dll
0x00007fff991e0000 - 0x00007fff991ec000 	C:\Program Files\Android\Android Studio\jre\bin\management_ext.dll
0x00007fff9d400000 - 0x00007fff9d418000 	C:\Windows\SYSTEM32\CRYPTSP.dll
0x00007fff9cb30000 - 0x00007fff9cb64000 	C:\Windows\system32\rsaenh.dll
0x00007fff9e020000 - 0x00007fff9e047000 	C:\Windows\System32\bcrypt.dll
0x00007fff9d9d0000 - 0x00007fff9d9fe000 	C:\Windows\SYSTEM32\USERENV.dll
0x00007fff9d420000 - 0x00007fff9d42c000 	C:\Windows\SYSTEM32\CRYPTBASE.dll
0x00007fff9cea0000 - 0x00007fff9cedb000 	C:\Windows\SYSTEM32\IPHLPAPI.DLL
0x00007fffa0240000 - 0x00007fffa0248000 	C:\Windows\System32\NSI.dll
0x00007fff961e0000 - 0x00007fff961f7000 	C:\Windows\SYSTEM32\dhcpcsvc6.DLL
0x00007fff971a0000 - 0x00007fff971bd000 	C:\Windows\SYSTEM32\dhcpcsvc.DLL
0x00007fff9cee0000 - 0x00007fff9cfab000 	C:\Windows\SYSTEM32\DNSAPI.dll

dbghelp: loaded successfully - version: 4.0.5 - missing functions: none
symbol engine: initialized successfully - sym options: 0x614 - pdb path: .;C:\Program Files\Android\Android Studio\jre\bin;C:\Windows\SYSTEM32;C:\Windows\WinSxS\amd64_microsoft.windows.common-controls_6595b64144ccf1df_6.0.19041.1110_none_60b5254171f9507e;C:\Program Files\Android\Android Studio\jre\bin\server;C:\Users\SK\.gradle\native\8bec1ad78214c89d9ad589b4d07fe93259594b29d510b10fafb7a158f7737e5d\windows-amd64;C:\Users\SK\.gradle\native\53dbd7edfb1c66fb8903c78663c9afc45aea4f116125fa6feffd364cf09443e8\windows-amd64

VM Arguments:
jvm_args: --add-opens=java.base/java.util=ALL-UNNAMED --add-opens=java.base/java.lang=ALL-UNNAMED --add-opens=java.base/java.lang.invoke=ALL-UNNAMED --add-opens=java.base/java.util=ALL-UNNAMED --add-opens=java.prefs/java.util.prefs=ALL-UNNAMED --add-opens=java.prefs/java.util.prefs=ALL-UNNAMED --add-opens=java.base/java.nio.charset=ALL-UNNAMED --add-opens=java.base/java.net=ALL-UNNAMED --add-opens=java.base/java.util.concurrent.atomic=ALL-UNNAMED -Xmx2048m -Dfile.encoding=UTF-8 -Duser.country=IN -Duser.language=en -Duser.variant 
java_command: org.gradle.launcher.daemon.bootstrap.GradleDaemon 7.0.2
java_class_path (initial): C:\Users\SK\.gradle\wrapper\dists\gradle-7.0.2-bin\857tjihv64xamwrf0h14cai3r\gradle-7.0.2\lib\gradle-launcher-7.0.2.jar
Launcher Type: SUN_STANDARD

[Global flags]
     intx CICompilerCount                          = 4                                         {product} {ergonomic}
     uint ConcGCThreads                            = 2                                         {product} {ergonomic}
     uint G1ConcRefinementThreads                  = 8                                         {product} {ergonomic}
   size_t G1HeapRegionSize                         = 1048576                                   {product} {ergonomic}
    uintx GCDrainStackTargetSize                   = 64                                        {product} {ergonomic}
   size_t InitialHeapSize                          = 268435456                                 {product} {ergonomic}
   size_t MarkStackSize                            = 4194304                                   {product} {ergonomic}
   size_t MaxHeapSize                              = 2147483648                                {product} {command line}
   size_t MaxNewSize                               = 1287651328                                {product} {ergonomic}
   size_t MinHeapDeltaBytes                        = 1048576                                   {product} {ergonomic}
    uintx NonNMethodCodeHeapSize                   = 5836300                                {pd product} {ergonomic}
    uintx NonProfiledCodeHeapSize                  = 122910970                              {pd product} {ergonomic}
    uintx ProfiledCodeHeapSize                     = 122910970                              {pd product} {ergonomic}
    uintx ReservedCodeCacheSize                    = 251658240                              {pd product} {ergonomic}
     bool SegmentedCodeCache                       = true                                      {product} {ergonomic}
     bool UseCompressedClassPointers               = true                                 {lp64_product} {ergonomic}
     bool UseCompressedOops                        = true                                 {lp64_product} {ergonomic}
     bool UseG1GC                                  = true                                      {product} {ergonomic}
     bool UseLargePagesIndividualAllocation        = false                                  {pd product} {ergonomic}

Logging:
Log output configuration:
 #0: stdout all=warning uptime,level,tags
 #1: stderr all=off uptime,level,tags

Environment Variables:
PATH=C:\Program Files (x86)\NVIDIA Corporation\PhysX\Common;C:\Windows\system32;C:\Windows;C:\Windows\System32\Wbem;C:\Windows\System32\WindowsPowerShell\v1.0\;C:\Windows\System32\OpenSSH\;C:\Program Files\PuTTY\;C:\Program Files\Microsoft VS Code\bin;C:\Users\SK\AppData\Local\Microsoft\WindowsApps;;C:\Program Files\JetBrains\IntelliJ IDEA Community Edition 2021.2.2\bin;
USERNAME=SK
OS=Windows_NT
PROCESSOR_IDENTIFIER=Intel64 Family 6 Model 142 Stepping 10, GenuineIntel



---------------  S Y S T E M  ---------------

OS: Windows 10 , 64 bit Build 19041 (10.0.19041.1348)
OS uptime: 0 days 20:58 hours

CPU:total 8 (initial active 8) (4 cores per cpu, 2 threads per core) family 6 model 142 stepping 10 microcode 0xb4, cmov, cx8, fxsr, mmx, sse, sse2, sse3, ssse3, sse4.1, sse4.2, popcnt, avx, avx2, aes, clmul, erms, 3dnowpref, lzcnt, ht, tsc, tscinvbit, bmi1, bmi2, adx, fma

Memory: 4k page, system-wide physical 16270M (3151M free)
TotalPageFile size 44809M (AvailPageFile size 20M)
current process WorkingSet (physical memory assigned to process): 459M, peak: 463M
current process commit charge ("private bytes"): 533M, peak: 539M

vm_info: OpenJDK 64-Bit Server VM (11.0.10+0-b96-7249189) for windows-amd64 JRE (11.0.10+0-b96-7249189), built on Mar 31 2021 21:44:00 by "builder" with MS VC++ 14.0 (VS2015)

END.
