#
# There is insufficient memory for the Java Runtime Environment to continue.
# Native memory allocation (malloc) failed to allocate 1183376 bytes for Chunk::new
# Possible reasons:
#   The system is out of physical RAM or swap space
#   The process is running with CompressedOops enabled, and the Java Heap may be blocking the growth of the native heap
# Possible solutions:
#   Reduce memory load on the system
#   Increase physical memory or swap space
#   Check if swap backing store is full
#   Decrease Java heap size (-Xmx/-Xms)
#   Decrease number of Java threads
#   Decrease Java thread stack sizes (-Xss)
#   Set larger code cache with -XX:ReservedCodeCacheSize=
#   JVM is running with Unscaled Compressed Oops mode in which the Java heap is
#     placed in the first 4GB address space. The Java Heap base address is the
#     maximum limit for the native heap growth. Please use -XX:HeapBaseMinAddress
#     to set the Java Heap base and to place the Java Heap above 4GB virtual address.
# This output file may be truncated or incomplete.
#
#  Out of Memory Error (./src/hotspot/share/memory/arena.cpp:197), pid=11924, tid=11612
#
# JRE version: OpenJDK Runtime Environment (11.0.10) (build 11.0.10+0-b96-7249189)
# Java VM: OpenJDK 64-Bit Server VM (11.0.10+0-b96-7249189, mixed mode, tiered, compressed oops, g1 gc, windows-amd64)
# No core dump will be written. Minidumps are not enabled by default on client versions of Windows
#

---------------  S U M M A R Y ------------

Command Line: --add-opens=java.base/java.util=ALL-UNNAMED --add-opens=java.base/java.lang=ALL-UNNAMED --add-opens=java.base/java.lang.invoke=ALL-UNNAMED --add-opens=java.base/java.util=ALL-UNNAMED --add-opens=java.prefs/java.util.prefs=ALL-UNNAMED --add-opens=java.prefs/java.util.prefs=ALL-UNNAMED --add-opens=java.base/java.nio.charset=ALL-UNNAMED --add-opens=java.base/java.net=ALL-UNNAMED --add-opens=java.base/java.util.concurrent.atomic=ALL-UNNAMED -Xmx2048m -Dfile.encoding=UTF-8 -Duser.country=IN -Duser.language=en -Duser.variant org.gradle.launcher.daemon.bootstrap.GradleDaemon 7.0.2

Host: Intel(R) Core(TM) i5-8250U CPU @ 1.60GHz, 8 cores, 15G,  Windows 10 , 64 bit Build 19041 (10.0.19041.1348)
Time: Tue Nov 16 14:30:49 2021 India Standard Time elapsed time: 2432.278075 seconds (0d 0h 40m 32s)

---------------  T H R E A D  ---------------

Current thread (0x0000024efd6c5000):  JavaThread "C2 CompilerThread0" daemon [_thread_in_native, id=11612, stack(0x000000df75900000,0x000000df75a00000)]


Current CompileTask:
C2:2432278 29636       4       org.gradle.api.internal.changedetection.state.SplitFileHasher::hash (44 bytes)

Stack: [0x000000df75900000,0x000000df75a00000]
Native frames: (J=compiled Java code, j=interpreted, Vv=VM code, C=native code)
V  [jvm.dll+0x5ecfaa]
V  [jvm.dll+0x722bd5]
V  [jvm.dll+0x72412d]
V  [jvm.dll+0x7247e3]
V  [jvm.dll+0x242928]
V  [jvm.dll+0xbc4fc]
V  [jvm.dll+0xbca0c]
V  [jvm.dll+0x352d7d]
V  [jvm.dll+0x320ad3]
V  [jvm.dll+0x31ffca]
V  [jvm.dll+0x1fb602]
V  [jvm.dll+0x1fa7f4]
V  [jvm.dll+0x18354c]
V  [jvm.dll+0x208ee7]
V  [jvm.dll+0x207731]
V  [jvm.dll+0x6eb1cf]
V  [jvm.dll+0x6e3d45]
V  [jvm.dll+0x5ebe96]
C  [ucrtbase.dll+0x21bb2]
C  [KERNEL32.DLL+0x17034]
C  [ntdll.dll+0x52651]


---------------  P R O C E S S  ---------------

Threads class SMR info:
_java_thread_list=0x0000024e8712c480, length=77, elements={
0x0000024ee218b000, 0x0000024efd651000, 0x0000024efd654000, 0x0000024efd6b7800,
0x0000024efd6ba000, 0x0000024efd6bc000, 0x0000024efd6c5000, 0x0000024efd6cf000,
0x0000024efd6de800, 0x0000024efd826800, 0x0000024eff0fe000, 0x0000024e806a9000,
0x0000024efd91e800, 0x0000024e80927800, 0x0000024e8092b000, 0x0000024e80926000,
0x0000024e8092a000, 0x0000024e80929000, 0x0000024e82d13800, 0x0000024e82d14000,
0x0000024e82d15000, 0x0000024e82d11000, 0x0000024e82d17800, 0x0000024efe62f000,
0x0000024efe62d800, 0x0000024efe62e800, 0x0000024efe630000, 0x0000024efe632800,
0x0000024efe631000, 0x0000024efe63b800, 0x0000024efdd0f800, 0x0000024efdd0b800,
0x0000024efdd11000, 0x0000024efdd0c000, 0x0000024e82d1e000, 0x0000024e82d18000,
0x0000024e82d1a000, 0x0000024efe638000, 0x0000024e851cc000, 0x0000024e851cd000,
0x0000024e851c4000, 0x0000024e851c0000, 0x0000024e851c5000, 0x0000024e851bf000,
0x0000024e851c0800, 0x0000024e851c2800, 0x0000024e851c7800, 0x0000024e851c3000,
0x0000024e851c1800, 0x0000024e851c9800, 0x0000024e851c8000, 0x0000024e851c9000,
0x0000024e851cb800, 0x0000024e851ca800, 0x0000024e851c5800, 0x0000024e851ce000,
0x0000024efdd12000, 0x0000024efdd12800, 0x0000024efdd0d000, 0x0000024efdd0e800,
0x0000024efdd13800, 0x0000024efdd0e000, 0x0000024efdd14800, 0x0000024efdd15000,
0x0000024efdd16000, 0x0000024efdd17000, 0x0000024efdd17800, 0x0000024efdd1a000,
0x0000024efdd19000, 0x0000024efe633000, 0x0000024efe634000, 0x0000024efe631800,
0x0000024efe636800, 0x0000024efe63a800, 0x0000024efe635000, 0x0000024efe635800,
0x0000024e82d11800
}

Java Threads: ( => current thread )
  0x0000024ee218b000 JavaThread "main" [_thread_blocked, id=8616, stack(0x000000df74d00000,0x000000df74e00000)]
  0x0000024efd651000 JavaThread "Reference Handler" daemon [_thread_blocked, id=13468, stack(0x000000df75400000,0x000000df75500000)]
  0x0000024efd654000 JavaThread "Finalizer" daemon [_thread_blocked, id=10808, stack(0x000000df75500000,0x000000df75600000)]
  0x0000024efd6b7800 JavaThread "Signal Dispatcher" daemon [_thread_blocked, id=4088, stack(0x000000df75600000,0x000000df75700000)]
  0x0000024efd6ba000 JavaThread "Attach Listener" daemon [_thread_blocked, id=1172, stack(0x000000df75700000,0x000000df75800000)]
  0x0000024efd6bc000 JavaThread "Service Thread" daemon [_thread_blocked, id=5844, stack(0x000000df75800000,0x000000df75900000)]
=>0x0000024efd6c5000 JavaThread "C2 CompilerThread0" daemon [_thread_in_native, id=11612, stack(0x000000df75900000,0x000000df75a00000)]
  0x0000024efd6cf000 JavaThread "C1 CompilerThread0" daemon [_thread_blocked, id=10976, stack(0x000000df75a00000,0x000000df75b00000)]
  0x0000024efd6de800 JavaThread "Sweeper thread" daemon [_thread_blocked, id=8092, stack(0x000000df75b00000,0x000000df75c00000)]
  0x0000024efd826800 JavaThread "Common-Cleaner" daemon [_thread_blocked, id=10584, stack(0x000000df75c00000,0x000000df75d00000)]
  0x0000024eff0fe000 JavaThread "Daemon health stats" [_thread_blocked, id=1368, stack(0x000000df76500000,0x000000df76600000)]
  0x0000024e806a9000 JavaThread "Incoming local TCP Connector on port 59403" [_thread_in_native, id=7884, stack(0x000000df75e00000,0x000000df75f00000)]
  0x0000024efd91e800 JavaThread "Daemon periodic checks" [_thread_blocked, id=8512, stack(0x000000df76400000,0x000000df76500000)]
  0x0000024e80927800 JavaThread "Cache worker for file hash cache (C:\Users\SK\.gradle\caches\7.0.2\fileHashes)" [_thread_blocked, id=3700, stack(0x000000df76f00000,0x000000df77000000)]
  0x0000024e8092b000 JavaThread "File lock request listener" [_thread_in_native, id=12800, stack(0x000000df77000000,0x000000df77100000)]
  0x0000024e80926000 JavaThread "Cache worker for journal cache (C:\Users\SK\.gradle\caches\journal-1)" [_thread_blocked, id=12224, stack(0x000000df77200000,0x000000df77300000)]
  0x0000024e8092a000 JavaThread "File watcher server" daemon [_thread_in_native, id=4908, stack(0x000000df77500000,0x000000df77600000)]
  0x0000024e80929000 JavaThread "File watcher consumer" daemon [_thread_blocked, id=4948, stack(0x000000df77600000,0x000000df77700000)]
  0x0000024e82d13800 JavaThread "Cache worker for execution history cache (C:\Users\SK\.gradle\caches\7.0.2\executionHistory)" [_thread_blocked, id=9680, stack(0x000000df77a00000,0x000000df77b00000)]
  0x0000024e82d14000 JavaThread "jar transforms" [_thread_blocked, id=2580, stack(0x000000df77c00000,0x000000df77d00000)]
  0x0000024e82d15000 JavaThread "jar transforms Thread 2" [_thread_blocked, id=8880, stack(0x000000df77d00000,0x000000df77e00000)]
  0x0000024e82d11000 JavaThread "Cache worker for file content cache (C:\Users\SK\.gradle\caches\7.0.2\fileContent)" [_thread_blocked, id=8348, stack(0x000000df77e00000,0x000000df77f00000)]
  0x0000024e82d17800 JavaThread "jar transforms Thread 3" [_thread_blocked, id=7700, stack(0x000000df77b00000,0x000000df77c00000)]
  0x0000024efe62f000 JavaThread "jar transforms Thread 4" [_thread_blocked, id=11672, stack(0x000000df78a00000,0x000000df78b00000)]
  0x0000024efe62d800 JavaThread "jar transforms Thread 5" [_thread_blocked, id=7004, stack(0x000000df78b00000,0x000000df78c00000)]
  0x0000024efe62e800 JavaThread "jar transforms Thread 6" [_thread_blocked, id=1920, stack(0x000000df78c00000,0x000000df78d00000)]
  0x0000024efe630000 JavaThread "jar transforms Thread 7" [_thread_blocked, id=3972, stack(0x000000df78d00000,0x000000df78e00000)]
  0x0000024efe632800 JavaThread "jar transforms Thread 8" [_thread_blocked, id=9840, stack(0x000000df78e00000,0x000000df78f00000)]
  0x0000024efe631000 JavaThread "Memory manager" [_thread_blocked, id=5088, stack(0x000000df78f00000,0x000000df79000000)]
  0x0000024efe63b800 JavaThread "RMI Scheduler(0)" daemon [_thread_blocked, id=14004, stack(0x000000df78000000,0x000000df78100000)]
  0x0000024efdd0f800 JavaThread "RMI GC Daemon" daemon [_thread_blocked, id=5760, stack(0x000000df79b00000,0x000000df79c00000)]
  0x0000024efdd0b800 JavaThread "RMI TCP Accept-0" daemon [_thread_in_native, id=12180, stack(0x000000df79c00000,0x000000df79d00000)]
  0x0000024efdd11000 JavaThread "RMI Reaper" [_thread_blocked, id=7608, stack(0x000000df79d00000,0x000000df79e00000)]
  0x0000024efdd0c000 JavaThread "Cache worker for Java compile cache (C:\Users\SK\.gradle\caches\7.0.2\javaCompile)" [_thread_blocked, id=3012, stack(0x000000df79900000,0x000000df79a00000)]
  0x0000024e82d1e000 JavaThread "ForkJoinPool.commonPool-worker-3" daemon [_thread_blocked, id=7684, stack(0x000000df7ac00000,0x000000df7ad00000)]
  0x0000024e82d18000 JavaThread "ForkJoinPool.commonPool-worker-5" daemon [_thread_blocked, id=8884, stack(0x000000df7ad00000,0x000000df7ae00000)]
  0x0000024e82d1a000 JavaThread "ForkJoinPool.commonPool-worker-7" daemon [_thread_blocked, id=13012, stack(0x000000df7ae00000,0x000000df7af00000)]
  0x0000024efe638000 JavaThread "RMI TCP Connection(idle)" daemon [_thread_blocked, id=12008, stack(0x000000df79800000,0x000000df79900000)]
  0x0000024e851cc000 JavaThread "ForkJoinPool.commonPool-worker-11" daemon [_thread_blocked, id=1120, stack(0x000000df7a600000,0x000000df7a700000)]
  0x0000024e851cd000 JavaThread "ForkJoinPool.commonPool-worker-13" daemon [_thread_blocked, id=8388, stack(0x000000df7a700000,0x000000df7a800000)]
  0x0000024e851c4000 JavaThread "Daemon Thread 10" [_thread_blocked, id=11284, stack(0x000000df74a00000,0x000000df74b00000)]
  0x0000024e851c0000 JavaThread "Handler for socket connection from /127.0.0.1:59403 to /127.0.0.1:60562" [_thread_in_native, id=7068, stack(0x000000df74b00000,0x000000df74c00000)]
  0x0000024e851c5000 JavaThread "Cancel handler" [_thread_blocked, id=7200, stack(0x000000df74c00000,0x000000df74d00000)]
  0x0000024e851bf000 JavaThread "Daemon worker Thread 10" [_thread_blocked, id=5220, stack(0x000000df76600000,0x000000df76700000)]
  0x0000024e851c0800 JavaThread "Asynchronous log dispatcher for DefaultDaemonConnection: socket connection from /127.0.0.1:59403 to /127.0.0.1:60562" [_thread_blocked, id=11652, stack(0x000000df76700000,0x000000df76800000)]
  0x0000024e851c2800 JavaThread "Stdin handler" [_thread_blocked, id=10568, stack(0x000000df76800000,0x000000df76900000)]
  0x0000024e851c7800 JavaThread "Daemon client event forwarder" [_thread_blocked, id=12816, stack(0x000000df76900000,0x000000df76a00000)]
  0x0000024e851c3000 JavaThread "Cache worker for file hash cache (C:\Users\SK\AndroidStudioProjects\FirebaseAuth\.gradle\7.0.2\fileHashes)" [_thread_blocked, id=14236, stack(0x000000df76a00000,0x000000df76b00000)]
  0x0000024e851c1800 JavaThread "Cache worker for checksums cache (C:\Users\SK\AndroidStudioProjects\FirebaseAuth\.gradle\checksums)" [_thread_blocked, id=3412, stack(0x000000df76b00000,0x000000df76c00000)]
  0x0000024e851c9800 JavaThread "Cache worker for cache directory md-supplier (C:\Users\SK\.gradle\caches\7.0.2\md-supplier)" [_thread_blocked, id=9064, stack(0x000000df76c00000,0x000000df76d00000)]
  0x0000024e851c8000 JavaThread "Cache worker for cache directory md-rule (C:\Users\SK\.gradle\caches\7.0.2\md-rule)" [_thread_blocked, id=4376, stack(0x000000df77300000,0x000000df77400000)]
  0x0000024e851c9000 JavaThread "Cache worker for dependencies-accessors (C:\Users\SK\AndroidStudioProjects\FirebaseAuth\.gradle\7.0.2\dependencies-accessors)" [_thread_blocked, id=7788, stack(0x000000df77400000,0x000000df77500000)]
  0x0000024e851cb800 JavaThread "Cache worker for Build Output Cleanup Cache (C:\Users\SK\AndroidStudioProjects\FirebaseAuth\.gradle\buildOutputCleanup)" [_thread_blocked, id=13176, stack(0x000000df77700000,0x000000df77800000)]
  0x0000024e851ca800 JavaThread "C2 CompilerThread1" daemon [_thread_blocked, id=6016, stack(0x000000df77800000,0x000000df77900000)]
  0x0000024e851c5800 JavaThread "C2 CompilerThread2" daemon [_thread_blocked, id=912, stack(0x000000df77900000,0x000000df77a00000)]
  0x0000024e851ce000 JavaThread "Build operations" [_thread_blocked, id=12964, stack(0x000000df77f00000,0x000000df78000000)]
  0x0000024efdd12000 JavaThread "Build operations Thread 2" [_thread_blocked, id=8028, stack(0x000000df78100000,0x000000df78200000)]
  0x0000024efdd12800 JavaThread "Build operations Thread 3" [_thread_blocked, id=13208, stack(0x000000df78200000,0x000000df78300000)]
  0x0000024efdd0d000 JavaThread "Build operations Thread 4" [_thread_blocked, id=3660, stack(0x000000df78300000,0x000000df78400000)]
  0x0000024efdd0e800 JavaThread "Build operations Thread 5" [_thread_blocked, id=4456, stack(0x000000df78400000,0x000000df78500000)]
  0x0000024efdd13800 JavaThread "Build operations Thread 6" [_thread_blocked, id=3008, stack(0x000000df78500000,0x000000df78600000)]
  0x0000024efdd0e000 JavaThread "Build operations Thread 7" [_thread_blocked, id=14052, stack(0x000000df78600000,0x000000df78700000)]
  0x0000024efdd14800 JavaThread "Build operations Thread 8" [_thread_blocked, id=14172, stack(0x000000df78700000,0x000000df78800000)]
  0x0000024efdd15000 JavaThread "build event listener" [_thread_blocked, id=7332, stack(0x000000df78800000,0x000000df78900000)]
  0x0000024efdd16000 JavaThread "Execution worker for ':'" [_thread_blocked, id=13360, stack(0x000000df78900000,0x000000df78a00000)]
  0x0000024efdd17000 JavaThread "Execution worker for ':' Thread 2" [_thread_blocked, id=6284, stack(0x000000df79000000,0x000000df79100000)]
  0x0000024efdd17800 JavaThread "Execution worker for ':' Thread 3" [_thread_blocked, id=9528, stack(0x000000df79100000,0x000000df79200000)]
  0x0000024efdd1a000 JavaThread "Execution worker for ':' Thread 4" [_thread_blocked, id=2576, stack(0x000000df79200000,0x000000df79300000)]
  0x0000024efdd19000 JavaThread "Execution worker for ':' Thread 5" [_thread_blocked, id=10192, stack(0x000000df79300000,0x000000df79400000)]
  0x0000024efe633000 JavaThread "Execution worker for ':' Thread 6" [_thread_blocked, id=9080, stack(0x000000df79400000,0x000000df79500000)]
  0x0000024efe634000 JavaThread "Execution worker for ':' Thread 7" [_thread_blocked, id=9688, stack(0x000000df79500000,0x000000df79600000)]
  0x0000024efe631800 JavaThread "Cache worker for execution history cache (C:\Users\SK\AndroidStudioProjects\FirebaseAuth\.gradle\7.0.2\executionHistory)" [_thread_blocked, id=12956, stack(0x000000df79600000,0x000000df79700000)]
  0x0000024efe636800 JavaThread "WorkerExecutor Queue" [_thread_blocked, id=1108, stack(0x000000df79700000,0x000000df79800000)]
  0x0000024efe63a800 JavaThread "WorkerExecutor Queue Thread 2" [_thread_blocked, id=13916, stack(0x000000df79a00000,0x000000df79b00000)]
  0x0000024efe635000 JavaThread "pool-50-thread-1" [_thread_blocked, id=716, stack(0x000000df79e00000,0x000000df79f00000)]
  0x0000024efe635800 JavaThread "stderr" [_thread_in_native, id=2480, stack(0x000000df79f00000,0x000000df7a000000)]
  0x0000024e82d11800 JavaThread "stdout" [_thread_in_native, id=13748, stack(0x000000df7a000000,0x000000df7a100000)]

Other Threads:
  0x0000024efce18800 VMThread "VM Thread" [stack: 0x000000df75300000,0x000000df75400000] [id=13548]
  0x0000024efd827800 WatcherThread [stack: 0x000000df75d00000,0x000000df75e00000] [id=5328]
  0x0000024ee21a2000 GCTaskThread "GC Thread#0" [stack: 0x000000df74e00000,0x000000df74f00000] [id=12768]
  0x0000024efd8a5800 GCTaskThread "GC Thread#1" [stack: 0x000000df75f00000,0x000000df76000000] [id=6268]
  0x0000024efd8a4000 GCTaskThread "GC Thread#2" [stack: 0x000000df76000000,0x000000df76100000] [id=7188]
  0x0000024efd8a4800 GCTaskThread "GC Thread#3" [stack: 0x000000df76100000,0x000000df76200000] [id=13864]
  0x0000024efd8a0800 GCTaskThread "GC Thread#4" [stack: 0x000000df76200000,0x000000df76300000] [id=11348]
  0x0000024efd8a6000 GCTaskThread "GC Thread#5" [stack: 0x000000df76300000,0x000000df76400000] [id=8804]
  0x0000024efd8a2800 GCTaskThread "GC Thread#6" [stack: 0x000000df76d00000,0x000000df76e00000] [id=8848]
  0x0000024efd8a7000 GCTaskThread "GC Thread#7" [stack: 0x000000df76e00000,0x000000df76f00000] [id=9568]
  0x0000024ee21d7800 ConcurrentGCThread "G1 Main Marker" [stack: 0x000000df74f00000,0x000000df75000000] [id=6336]
  0x0000024ee21d8800 ConcurrentGCThread "G1 Conc#0" [stack: 0x000000df75000000,0x000000df75100000] [id=2488]
  0x0000024efd8a7800 ConcurrentGCThread "G1 Conc#1" [stack: 0x000000df77100000,0x000000df77200000] [id=9964]
  0x0000024efcc98800 ConcurrentGCThread "G1 Refine#0" [stack: 0x000000df75100000,0x000000df75200000] [id=12928]
  0x0000024efcc99800 ConcurrentGCThread "G1 Young RemSet Sampling" [stack: 0x000000df75200000,0x000000df75300000] [id=3188]

Threads with active compile tasks:
C2 CompilerThread02432339 29636       4       org.gradle.api.internal.changedetection.state.SplitFileHasher::hash (44 bytes)

VM state:not at safepoint (normal execution)

VM Mutex/Monitor currently owned by a thread: None

Heap address: 0x0000000080000000, size: 2048 MB, Compressed Oops mode: 32-bit
Narrow klass base: 0x0000000000000000, Narrow klass shift: 3
Compressed class space size: 1073741824 Address: 0x0000000100000000

Heap:
 garbage-first heap   total 262144K, used 186708K [0x0000000080000000, 0x0000000100000000)
  region size 1024K, 54 young (55296K), 1 survivors (1024K)
 Metaspace       used 136166K, capacity 141448K, committed 141516K, reserved 1171456K
  class space    used 17016K, capacity 18847K, committed 18892K, reserved 1048576K
Heap Regions: E=young(eden), S=young(survivor), O=old, HS=humongous(starts), HC=humongous(continues), CS=collection set, F=free, A=archive, TAMS=top-at-mark-start (previous, next)
|   0|0x0000000080000000, 0x0000000080100000, 0x0000000080100000|100%| O|  |TAMS 0x0000000080100000, 0x0000000080000000| Untracked 
|   1|0x0000000080100000, 0x0000000080200000, 0x0000000080200000|100%| O|  |TAMS 0x0000000080200000, 0x0000000080100000| Untracked 
|   2|0x0000000080200000, 0x0000000080300000, 0x0000000080300000|100%| O|  |TAMS 0x0000000080300000, 0x0000000080200000| Untracked 
|   3|0x0000000080300000, 0x0000000080400000, 0x0000000080400000|100%|HS|  |TAMS 0x0000000080400000, 0x0000000080300000| Complete 
|   4|0x0000000080400000, 0x0000000080500000, 0x0000000080500000|100%|HC|  |TAMS 0x0000000080500000, 0x0000000080400000| Complete 
|   5|0x0000000080500000, 0x0000000080600000, 0x0000000080600000|100%|HC|  |TAMS 0x0000000080600000, 0x0000000080500000| Complete 
|   6|0x0000000080600000, 0x0000000080700000, 0x0000000080700000|100%| O|  |TAMS 0x0000000080700000, 0x0000000080600000| Untracked 
|   7|0x0000000080700000, 0x0000000080800000, 0x0000000080800000|100%| O|  |TAMS 0x0000000080800000, 0x0000000080700000| Untracked 
|   8|0x0000000080800000, 0x0000000080900000, 0x0000000080900000|100%| O|  |TAMS 0x0000000080900000, 0x0000000080800000| Untracked 
|   9|0x0000000080900000, 0x0000000080a00000, 0x0000000080a00000|100%| O|  |TAMS 0x0000000080a00000, 0x0000000080900000| Untracked 
|  10|0x0000000080a00000, 0x0000000080b00000, 0x0000000080b00000|100%| O|  |TAMS 0x0000000080b00000, 0x0000000080a00000| Untracked 
|  11|0x0000000080b00000, 0x0000000080c00000, 0x0000000080c00000|100%| O|  |TAMS 0x0000000080c00000, 0x0000000080b00000| Untracked 
|  12|0x0000000080c00000, 0x0000000080d00000, 0x0000000080d00000|100%| O|  |TAMS 0x0000000080d00000, 0x0000000080c00000| Untracked 
|  13|0x0000000080d00000, 0x0000000080e00000, 0x0000000080e00000|100%| O|  |TAMS 0x0000000080e00000, 0x0000000080d00000| Untracked 
|  14|0x0000000080e00000, 0x0000000080effff8, 0x0000000080f00000| 99%| O|  |TAMS 0x0000000080effff8, 0x0000000080e00000| Complete 
|  15|0x0000000080f00000, 0x0000000081000000, 0x0000000081000000|100%| O|  |TAMS 0x0000000081000000, 0x0000000080f00000| Complete 
|  16|0x0000000081000000, 0x0000000081100000, 0x0000000081100000|100%|HS|  |TAMS 0x0000000081100000, 0x0000000081000000| Complete 
|  17|0x0000000081100000, 0x0000000081200000, 0x0000000081200000|100%|HS|  |TAMS 0x0000000081200000, 0x0000000081100000| Complete 
|  18|0x0000000081200000, 0x0000000081300000, 0x0000000081300000|100%|HS|  |TAMS 0x0000000081300000, 0x0000000081200000| Complete 
|  19|0x0000000081300000, 0x0000000081400000, 0x0000000081400000|100%|HS|  |TAMS 0x0000000081400000, 0x0000000081300000| Complete 
|  20|0x0000000081400000, 0x0000000081500000, 0x0000000081500000|100%|HC|  |TAMS 0x0000000081500000, 0x0000000081400000| Complete 
|  21|0x0000000081500000, 0x0000000081600000, 0x0000000081600000|100%|HC|  |TAMS 0x0000000081600000, 0x0000000081500000| Complete 
|  22|0x0000000081600000, 0x0000000081700000, 0x0000000081700000|100%|HS|  |TAMS 0x0000000081700000, 0x0000000081600000| Complete 
|  23|0x0000000081700000, 0x0000000081800000, 0x0000000081800000|100%|HC|  |TAMS 0x0000000081800000, 0x0000000081700000| Complete 
|  24|0x0000000081800000, 0x0000000081900000, 0x0000000081900000|100%| O|  |TAMS 0x0000000081900000, 0x0000000081800000| Complete 
|  25|0x0000000081900000, 0x0000000081a00000, 0x0000000081a00000|100%| O|  |TAMS 0x0000000081a00000, 0x0000000081900000| Complete 
|  26|0x0000000081a00000, 0x0000000081b00000, 0x0000000081b00000|100%| O|  |TAMS 0x0000000081b00000, 0x0000000081a00000| Complete 
|  27|0x0000000081b00000, 0x0000000081c00000, 0x0000000081c00000|100%| O|  |TAMS 0x0000000081c00000, 0x0000000081b00000| Untracked 
|  28|0x0000000081c00000, 0x0000000081d00000, 0x0000000081d00000|100%| O|  |TAMS 0x0000000081d00000, 0x0000000081c00000| Complete 
|  29|0x0000000081d00000, 0x0000000081e00000, 0x0000000081e00000|100%| O|  |TAMS 0x0000000081e00000, 0x0000000081d00000| Untracked 
|  30|0x0000000081e00000, 0x0000000081f00000, 0x0000000081f00000|100%| O|  |TAMS 0x0000000081f00000, 0x0000000081e00000| Complete 
|  31|0x0000000081f00000, 0x0000000082000000, 0x0000000082000000|100%| O|  |TAMS 0x0000000082000000, 0x0000000081f00000| Untracked 
|  32|0x0000000082000000, 0x0000000082100000, 0x0000000082100000|100%| O|  |TAMS 0x0000000082100000, 0x0000000082000000| Untracked 
|  33|0x0000000082100000, 0x0000000082200000, 0x0000000082200000|100%| O|  |TAMS 0x0000000082200000, 0x0000000082100000| Complete 
|  34|0x0000000082200000, 0x0000000082300000, 0x0000000082300000|100%| O|  |TAMS 0x0000000082300000, 0x0000000082200000| Untracked 
|  35|0x0000000082300000, 0x0000000082400000, 0x0000000082400000|100%| O|  |TAMS 0x0000000082400000, 0x0000000082300000| Untracked 
|  36|0x0000000082400000, 0x0000000082500000, 0x0000000082500000|100%| O|  |TAMS 0x0000000082500000, 0x0000000082400000| Complete 
|  37|0x0000000082500000, 0x0000000082600000, 0x0000000082600000|100%| O|  |TAMS 0x0000000082600000, 0x0000000082500000| Complete 
|  38|0x0000000082600000, 0x0000000082700000, 0x0000000082700000|100%| O|  |TAMS 0x0000000082700000, 0x0000000082600000| Untracked 
|  39|0x0000000082700000, 0x0000000082800000, 0x0000000082800000|100%| O|  |TAMS 0x0000000082800000, 0x0000000082700000| Complete 
|  40|0x0000000082800000, 0x0000000082900000, 0x0000000082900000|100%| O|  |TAMS 0x0000000082900000, 0x0000000082800000| Untracked 
|  41|0x0000000082900000, 0x0000000082a00000, 0x0000000082a00000|100%| O|  |TAMS 0x0000000082a00000, 0x0000000082900000| Complete 
|  42|0x0000000082a00000, 0x0000000082b00000, 0x0000000082b00000|100%| O|  |TAMS 0x0000000082b00000, 0x0000000082a00000| Untracked 
|  43|0x0000000082b00000, 0x0000000082c00000, 0x0000000082c00000|100%| O|  |TAMS 0x0000000082c00000, 0x0000000082b00000| Untracked 
|  44|0x0000000082c00000, 0x0000000082d00000, 0x0000000082d00000|100%| O|  |TAMS 0x0000000082d00000, 0x0000000082c00000| Complete 
|  45|0x0000000082d00000, 0x0000000082e00000, 0x0000000082e00000|100%| O|  |TAMS 0x0000000082e00000, 0x0000000082d00000| Complete 
|  46|0x0000000082e00000, 0x0000000082f00000, 0x0000000082f00000|100%| O|  |TAMS 0x0000000082f00000, 0x0000000082e00000| Complete 
|  47|0x0000000082f00000, 0x0000000083000000, 0x0000000083000000|100%| O|  |TAMS 0x0000000083000000, 0x0000000082f00000| Complete 
|  48|0x0000000083000000, 0x0000000083100000, 0x0000000083100000|100%| O|  |TAMS 0x0000000083100000, 0x0000000083000000| Complete 
|  49|0x0000000083100000, 0x0000000083200000, 0x0000000083200000|100%| O|  |TAMS 0x0000000083200000, 0x0000000083100000| Complete 
|  50|0x0000000083200000, 0x0000000083300000, 0x0000000083300000|100%| O|  |TAMS 0x0000000083300000, 0x0000000083200000| Complete 
|  51|0x0000000083300000, 0x0000000083400000, 0x0000000083400000|100%| O|  |TAMS 0x0000000083400000, 0x0000000083300000| Complete 
|  52|0x0000000083400000, 0x0000000083500000, 0x0000000083500000|100%|HS|  |TAMS 0x0000000083400000, 0x0000000083400000| Complete 
|  53|0x0000000083500000, 0x0000000083600000, 0x0000000083600000|100%| O|  |TAMS 0x0000000083600000, 0x0000000083500000| Untracked 
|  54|0x0000000083600000, 0x0000000083700000, 0x0000000083700000|100%| O|  |TAMS 0x0000000083700000, 0x0000000083600000| Untracked 
|  55|0x0000000083700000, 0x0000000083800000, 0x0000000083800000|100%| O|  |TAMS 0x0000000083800000, 0x0000000083700000| Untracked 
|  56|0x0000000083800000, 0x0000000083900000, 0x0000000083900000|100%| O|  |TAMS 0x0000000083900000, 0x0000000083800000| Complete 
|  57|0x0000000083900000, 0x0000000083a00000, 0x0000000083a00000|100%| O|  |TAMS 0x0000000083a00000, 0x0000000083900000| Complete 
|  58|0x0000000083a00000, 0x0000000083b00000, 0x0000000083b00000|100%| O|  |TAMS 0x0000000083b00000, 0x0000000083a00000| Complete 
|  59|0x0000000083b00000, 0x0000000083c00000, 0x0000000083c00000|100%|HS|  |TAMS 0x0000000083b00000, 0x0000000083b00000| Complete 
|  60|0x0000000083c00000, 0x0000000083d00000, 0x0000000083d00000|100%|HC|  |TAMS 0x0000000083c00000, 0x0000000083c00000| Complete 
|  61|0x0000000083d00000, 0x0000000083e00000, 0x0000000083e00000|100%| O|  |TAMS 0x0000000083e00000, 0x0000000083d00000| Untracked 
|  62|0x0000000083e00000, 0x0000000083f00000, 0x0000000083f00000|100%| O|  |TAMS 0x0000000083f00000, 0x0000000083e00000| Complete 
|  63|0x0000000083f00000, 0x0000000084000000, 0x0000000084000000|100%| O|  |TAMS 0x0000000084000000, 0x0000000083f00000| Complete 
|  64|0x0000000084000000, 0x0000000084100000, 0x0000000084100000|100%| O|  |TAMS 0x0000000084100000, 0x0000000084000000| Complete 
|  65|0x0000000084100000, 0x0000000084200000, 0x0000000084200000|100%| O|  |TAMS 0x0000000084200000, 0x0000000084100000| Complete 
|  66|0x0000000084200000, 0x0000000084300000, 0x0000000084300000|100%| O|  |TAMS 0x0000000084300000, 0x0000000084200000| Complete 
|  67|0x0000000084300000, 0x0000000084300000, 0x0000000084400000|  0%| F|  |TAMS 0x0000000084300000, 0x0000000084300000| Untracked 
|  68|0x0000000084400000, 0x0000000084500000, 0x0000000084500000|100%| O|  |TAMS 0x0000000084500000, 0x0000000084400000| Complete 
|  69|0x0000000084500000, 0x0000000084500000, 0x0000000084600000|  0%| F|  |TAMS 0x0000000084500000, 0x0000000084500000| Untracked 
|  70|0x0000000084600000, 0x0000000084700000, 0x0000000084700000|100%| O|  |TAMS 0x0000000084700000, 0x0000000084600000| Complete 
|  71|0x0000000084700000, 0x0000000084800000, 0x0000000084800000|100%| O|  |TAMS 0x0000000084800000, 0x0000000084700000| Complete 
|  72|0x0000000084800000, 0x0000000084900000, 0x0000000084900000|100%| O|  |TAMS 0x0000000084900000, 0x0000000084800000| Complete 
|  73|0x0000000084900000, 0x0000000084a00000, 0x0000000084a00000|100%| O|  |TAMS 0x0000000084a00000, 0x0000000084900000| Complete 
|  74|0x0000000084a00000, 0x0000000084b00000, 0x0000000084b00000|100%| O|  |TAMS 0x0000000084b00000, 0x0000000084a00000| Complete 
|  75|0x0000000084b00000, 0x0000000084c00000, 0x0000000084c00000|100%|HS|  |TAMS 0x0000000084b00000, 0x0000000084b00000| Complete 
|  76|0x0000000084c00000, 0x0000000084d00000, 0x0000000084d00000|100%|HC|  |TAMS 0x0000000084c00000, 0x0000000084c00000| Complete 
|  77|0x0000000084d00000, 0x0000000084e00000, 0x0000000084e00000|100%| O|  |TAMS 0x0000000084e00000, 0x0000000084d00000| Untracked 
|  78|0x0000000084e00000, 0x0000000084f00000, 0x0000000084f00000|100%|HS|  |TAMS 0x0000000084e00000, 0x0000000084e00000| Complete 
|  79|0x0000000084f00000, 0x0000000085000000, 0x0000000085000000|100%|HC|  |TAMS 0x0000000084f00000, 0x0000000084f00000| Complete 
|  80|0x0000000085000000, 0x0000000085000000, 0x0000000085100000|  0%| F|  |TAMS 0x0000000085000000, 0x0000000085000000| Untracked 
|  81|0x0000000085100000, 0x0000000085200000, 0x0000000085200000|100%| O|  |TAMS 0x0000000085200000, 0x0000000085100000| Complete 
|  82|0x0000000085200000, 0x0000000085300000, 0x0000000085300000|100%| O|  |TAMS 0x0000000085300000, 0x0000000085200000| Complete 
|  83|0x0000000085300000, 0x0000000085400000, 0x0000000085400000|100%| O|  |TAMS 0x0000000085400000, 0x0000000085300000| Complete 
|  84|0x0000000085400000, 0x0000000085500000, 0x0000000085500000|100%| O|  |TAMS 0x0000000085500000, 0x0000000085400000| Complete 
|  85|0x0000000085500000, 0x0000000085600000, 0x0000000085600000|100%|HS|  |TAMS 0x0000000085500000, 0x0000000085500000| Complete 
|  86|0x0000000085600000, 0x0000000085700000, 0x0000000085700000|100%|HC|  |TAMS 0x0000000085600000, 0x0000000085600000| Complete 
|  87|0x0000000085700000, 0x0000000085800000, 0x0000000085800000|100%|HC|  |TAMS 0x0000000085700000, 0x0000000085700000| Complete 
|  88|0x0000000085800000, 0x0000000085900000, 0x0000000085900000|100%|HC|  |TAMS 0x0000000085800000, 0x0000000085800000| Complete 
|  89|0x0000000085900000, 0x0000000085a00000, 0x0000000085a00000|100%| O|  |TAMS 0x0000000085a00000, 0x0000000085900000| Untracked 
|  90|0x0000000085a00000, 0x0000000085b00000, 0x0000000085b00000|100%| O|  |TAMS 0x0000000085b00000, 0x0000000085a00000| Untracked 
|  91|0x0000000085b00000, 0x0000000085c00000, 0x0000000085c00000|100%| O|  |TAMS 0x0000000085c00000, 0x0000000085b00000| Complete 
|  92|0x0000000085c00000, 0x0000000085d00000, 0x0000000085d00000|100%| O|  |TAMS 0x0000000085d00000, 0x0000000085c00000| Untracked 
|  93|0x0000000085d00000, 0x0000000085e00000, 0x0000000085e00000|100%| O|  |TAMS 0x0000000085e00000, 0x0000000085d00000| Complete 
|  94|0x0000000085e00000, 0x0000000085f00000, 0x0000000085f00000|100%| O|  |TAMS 0x0000000085f00000, 0x0000000085e00000| Untracked 
|  95|0x0000000085f00000, 0x0000000086000000, 0x0000000086000000|100%| O|  |TAMS 0x0000000086000000, 0x0000000085f00000| Untracked 
|  96|0x0000000086000000, 0x0000000086100000, 0x0000000086100000|100%| O|  |TAMS 0x0000000086100000, 0x0000000086000000| Untracked 
|  97|0x0000000086100000, 0x0000000086200000, 0x0000000086200000|100%| O|  |TAMS 0x0000000086200000, 0x0000000086100000| Untracked 
|  98|0x0000000086200000, 0x0000000086200000, 0x0000000086300000|  0%| F|  |TAMS 0x0000000086200000, 0x0000000086200000| Untracked 
|  99|0x0000000086300000, 0x0000000086400000, 0x0000000086400000|100%| O|  |TAMS 0x0000000086400000, 0x0000000086300000| Complete 
| 100|0x0000000086400000, 0x0000000086500000, 0x0000000086500000|100%| O|  |TAMS 0x0000000086500000, 0x0000000086400000| Untracked 
| 101|0x0000000086500000, 0x0000000086600000, 0x0000000086600000|100%| O|  |TAMS 0x0000000086600000, 0x0000000086500000| Untracked 
| 102|0x0000000086600000, 0x0000000086700000, 0x0000000086700000|100%| O|  |TAMS 0x0000000086700000, 0x0000000086600000| Untracked 
| 103|0x0000000086700000, 0x0000000086800000, 0x0000000086800000|100%| O|  |TAMS 0x0000000086800000, 0x0000000086700000| Untracked 
| 104|0x0000000086800000, 0x0000000086800000, 0x0000000086900000|  0%| F|  |TAMS 0x0000000086800000, 0x0000000086800000| Untracked 
| 105|0x0000000086900000, 0x0000000086a00000, 0x0000000086a00000|100%| O|  |TAMS 0x0000000086a00000, 0x0000000086900000| Untracked 
| 106|0x0000000086a00000, 0x0000000086b00000, 0x0000000086b00000|100%| O|  |TAMS 0x0000000086b00000, 0x0000000086a00000| Untracked 
| 107|0x0000000086b00000, 0x0000000086c00000, 0x0000000086c00000|100%| O|  |TAMS 0x0000000086c00000, 0x0000000086b00000| Complete 
| 108|0x0000000086c00000, 0x0000000086d00000, 0x0000000086d00000|100%| O|  |TAMS 0x0000000086d00000, 0x0000000086c00000| Complete 
| 109|0x0000000086d00000, 0x0000000086e00000, 0x0000000086e00000|100%|HS|  |TAMS 0x0000000086d00000, 0x0000000086d00000| Complete 
| 110|0x0000000086e00000, 0x0000000086f00000, 0x0000000086f00000|100%|HC|  |TAMS 0x0000000086e00000, 0x0000000086e00000| Complete 
| 111|0x0000000086f00000, 0x0000000087000000, 0x0000000087000000|100%|HC|  |TAMS 0x0000000086f00000, 0x0000000086f00000| Complete 
| 112|0x0000000087000000, 0x0000000087000000, 0x0000000087100000|  0%| F|  |TAMS 0x0000000087000000, 0x0000000087000000| Untracked 
| 113|0x0000000087100000, 0x0000000087200000, 0x0000000087200000|100%| O|  |TAMS 0x0000000087200000, 0x0000000087100000| Untracked 
| 114|0x0000000087200000, 0x0000000087300000, 0x0000000087300000|100%| O|  |TAMS 0x0000000087300000, 0x0000000087200000| Untracked 
| 115|0x0000000087300000, 0x0000000087400000, 0x0000000087400000|100%| O|  |TAMS 0x0000000087400000, 0x0000000087300000| Untracked 
| 116|0x0000000087400000, 0x0000000087500000, 0x0000000087500000|100%| O|  |TAMS 0x0000000087500000, 0x0000000087400000| Untracked 
| 117|0x0000000087500000, 0x0000000087600000, 0x0000000087600000|100%| O|  |TAMS 0x0000000087600000, 0x0000000087500000| Untracked 
| 118|0x0000000087600000, 0x0000000087700000, 0x0000000087700000|100%| O|  |TAMS 0x0000000087700000, 0x0000000087600000| Untracked 
| 119|0x0000000087700000, 0x0000000087800000, 0x0000000087800000|100%| O|  |TAMS 0x0000000087800000, 0x0000000087700000| Complete 
| 120|0x0000000087800000, 0x0000000087900000, 0x0000000087900000|100%|HS|  |TAMS 0x0000000087800000, 0x0000000087800000| Complete 
| 121|0x0000000087900000, 0x0000000087a00000, 0x0000000087a00000|100%|HC|  |TAMS 0x0000000087900000, 0x0000000087900000| Complete 
| 122|0x0000000087a00000, 0x0000000087b00000, 0x0000000087b00000|100%|HC|  |TAMS 0x0000000087a00000, 0x0000000087a00000| Complete 
| 123|0x0000000087b00000, 0x0000000087c00000, 0x0000000087c00000|100%| O|  |TAMS 0x0000000087c00000, 0x0000000087b00000| Untracked 
| 124|0x0000000087c00000, 0x0000000087d00000, 0x0000000087d00000|100%| O|  |TAMS 0x0000000087d00000, 0x0000000087c00000| Untracked 
| 125|0x0000000087d00000, 0x0000000087e00000, 0x0000000087e00000|100%| O|  |TAMS 0x0000000087e00000, 0x0000000087d00000| Complete 
| 126|0x0000000087e00000, 0x0000000087f00000, 0x0000000087f00000|100%| O|  |TAMS 0x0000000087f00000, 0x0000000087e00000| Complete 
| 127|0x0000000087f00000, 0x0000000088000000, 0x0000000088000000|100%| O|  |TAMS 0x0000000088000000, 0x0000000087f00000| Complete 
| 128|0x0000000088000000, 0x0000000088100000, 0x0000000088100000|100%| O|  |TAMS 0x0000000088100000, 0x0000000088000000| Complete 
| 129|0x0000000088100000, 0x0000000088200000, 0x0000000088200000|100%| O|  |TAMS 0x0000000088200000, 0x0000000088100000| Untracked 
| 130|0x0000000088200000, 0x000000008827a000, 0x0000000088300000| 47%| O|  |TAMS 0x000000008827a000, 0x0000000088200000| Untracked 
| 131|0x0000000088300000, 0x0000000088300000, 0x0000000088400000|  0%| F|  |TAMS 0x0000000088300000, 0x0000000088300000| Untracked 
| 132|0x0000000088400000, 0x0000000088400000, 0x0000000088500000|  0%| F|  |TAMS 0x0000000088400000, 0x0000000088400000| Untracked 
| 133|0x0000000088500000, 0x0000000088500000, 0x0000000088600000|  0%| F|  |TAMS 0x0000000088500000, 0x0000000088500000| Untracked 
| 134|0x0000000088600000, 0x0000000088600000, 0x0000000088700000|  0%| F|  |TAMS 0x0000000088600000, 0x0000000088600000| Untracked 
| 135|0x0000000088700000, 0x0000000088700000, 0x0000000088800000|  0%| F|  |TAMS 0x0000000088700000, 0x0000000088700000| Untracked 
| 136|0x0000000088800000, 0x0000000088800000, 0x0000000088900000|  0%| F|  |TAMS 0x0000000088800000, 0x0000000088800000| Untracked 
| 137|0x0000000088900000, 0x0000000088a00000, 0x0000000088a00000|100%| O|  |TAMS 0x0000000088a00000, 0x0000000088900000| Complete 
| 138|0x0000000088a00000, 0x0000000088a00000, 0x0000000088b00000|  0%| F|  |TAMS 0x0000000088a00000, 0x0000000088a00000| Untracked 
| 139|0x0000000088b00000, 0x0000000088b00000, 0x0000000088c00000|  0%| F|  |TAMS 0x0000000088b00000, 0x0000000088b00000| Untracked 
| 140|0x0000000088c00000, 0x0000000088c00000, 0x0000000088d00000|  0%| F|  |TAMS 0x0000000088c00000, 0x0000000088c00000| Untracked 
| 141|0x0000000088d00000, 0x0000000088d00000, 0x0000000088e00000|  0%| F|  |TAMS 0x0000000088d00000, 0x0000000088d00000| Untracked 
| 142|0x0000000088e00000, 0x0000000088e00000, 0x0000000088f00000|  0%| F|  |TAMS 0x0000000088e00000, 0x0000000088e00000| Untracked 
| 143|0x0000000088f00000, 0x0000000088f00000, 0x0000000089000000|  0%| F|  |TAMS 0x0000000088f00000, 0x0000000088f00000| Untracked 
| 144|0x0000000089000000, 0x0000000089100000, 0x0000000089100000|100%| O|  |TAMS 0x0000000089100000, 0x0000000089000000| Complete 
| 145|0x0000000089100000, 0x0000000089100000, 0x0000000089200000|  0%| F|  |TAMS 0x0000000089100000, 0x0000000089100000| Untracked 
| 146|0x0000000089200000, 0x0000000089200000, 0x0000000089300000|  0%| F|  |TAMS 0x0000000089200000, 0x0000000089200000| Untracked 
| 147|0x0000000089300000, 0x0000000089300000, 0x0000000089400000|  0%| F|  |TAMS 0x0000000089300000, 0x0000000089300000| Untracked 
| 148|0x0000000089400000, 0x0000000089400000, 0x0000000089500000|  0%| F|  |TAMS 0x0000000089400000, 0x0000000089400000| Untracked 
| 149|0x0000000089500000, 0x0000000089500000, 0x0000000089600000|  0%| F|  |TAMS 0x0000000089500000, 0x0000000089500000| Untracked 
| 150|0x0000000089600000, 0x0000000089600000, 0x0000000089700000|  0%| F|  |TAMS 0x0000000089600000, 0x0000000089600000| Untracked 
| 151|0x0000000089700000, 0x0000000089800000, 0x0000000089800000|100%| O|  |TAMS 0x0000000089800000, 0x0000000089700000| Complete 
| 152|0x0000000089800000, 0x0000000089800000, 0x0000000089900000|  0%| F|  |TAMS 0x0000000089800000, 0x0000000089800000| Untracked 
| 153|0x0000000089900000, 0x0000000089a00000, 0x0000000089a00000|100%| O|  |TAMS 0x0000000089a00000, 0x0000000089900000| Complete 
| 154|0x0000000089a00000, 0x0000000089a00000, 0x0000000089b00000|  0%| F|  |TAMS 0x0000000089a00000, 0x0000000089a00000| Untracked 
| 155|0x0000000089b00000, 0x0000000089b00000, 0x0000000089c00000|  0%| F|  |TAMS 0x0000000089b00000, 0x0000000089b00000| Untracked 
| 156|0x0000000089c00000, 0x0000000089d00000, 0x0000000089d00000|100%| O|  |TAMS 0x0000000089d00000, 0x0000000089c00000| Complete 
| 157|0x0000000089d00000, 0x0000000089e00000, 0x0000000089e00000|100%| O|  |TAMS 0x0000000089e00000, 0x0000000089d00000| Complete 
| 158|0x0000000089e00000, 0x0000000089e00000, 0x0000000089f00000|  0%| F|  |TAMS 0x0000000089e00000, 0x0000000089e00000| Untracked 
| 159|0x0000000089f00000, 0x0000000089f00000, 0x000000008a000000|  0%| F|  |TAMS 0x0000000089f00000, 0x0000000089f00000| Untracked 
| 160|0x000000008a000000, 0x000000008a000000, 0x000000008a100000|  0%| F|  |TAMS 0x000000008a000000, 0x000000008a000000| Untracked 
| 161|0x000000008a100000, 0x000000008a100000, 0x000000008a200000|  0%| F|  |TAMS 0x000000008a100000, 0x000000008a100000| Untracked 
| 162|0x000000008a200000, 0x000000008a200000, 0x000000008a300000|  0%| F|  |TAMS 0x000000008a200000, 0x000000008a200000| Untracked 
| 163|0x000000008a300000, 0x000000008a300000, 0x000000008a400000|  0%| F|  |TAMS 0x000000008a300000, 0x000000008a300000| Untracked 
| 164|0x000000008a400000, 0x000000008a400000, 0x000000008a500000|  0%| F|  |TAMS 0x000000008a400000, 0x000000008a400000| Untracked 
| 165|0x000000008a500000, 0x000000008a500000, 0x000000008a600000|  0%| F|  |TAMS 0x000000008a500000, 0x000000008a500000| Untracked 
| 166|0x000000008a600000, 0x000000008a600000, 0x000000008a700000|  0%| F|  |TAMS 0x000000008a600000, 0x000000008a600000| Untracked 
| 167|0x000000008a700000, 0x000000008a700000, 0x000000008a800000|  0%| F|  |TAMS 0x000000008a700000, 0x000000008a700000| Untracked 
| 168|0x000000008a800000, 0x000000008a800000, 0x000000008a900000|  0%| F|  |TAMS 0x000000008a800000, 0x000000008a800000| Untracked 
| 169|0x000000008a900000, 0x000000008a900000, 0x000000008aa00000|  0%| F|  |TAMS 0x000000008a900000, 0x000000008a900000| Untracked 
| 170|0x000000008aa00000, 0x000000008aa00000, 0x000000008ab00000|  0%| F|  |TAMS 0x000000008aa00000, 0x000000008aa00000| Untracked 
| 171|0x000000008ab00000, 0x000000008ab00000, 0x000000008ac00000|  0%| F|  |TAMS 0x000000008ab00000, 0x000000008ab00000| Untracked 
| 172|0x000000008ac00000, 0x000000008ac00000, 0x000000008ad00000|  0%| F|  |TAMS 0x000000008ac00000, 0x000000008ac00000| Untracked 
| 173|0x000000008ad00000, 0x000000008ad00000, 0x000000008ae00000|  0%| F|  |TAMS 0x000000008ad00000, 0x000000008ad00000| Untracked 
| 174|0x000000008ae00000, 0x000000008ae00000, 0x000000008af00000|  0%| F|  |TAMS 0x000000008ae00000, 0x000000008ae00000| Untracked 
| 175|0x000000008af00000, 0x000000008af00000, 0x000000008b000000|  0%| F|  |TAMS 0x000000008af00000, 0x000000008af00000| Untracked 
| 176|0x000000008b000000, 0x000000008b000000, 0x000000008b100000|  0%| F|  |TAMS 0x000000008b000000, 0x000000008b000000| Untracked 
| 177|0x000000008b100000, 0x000000008b100000, 0x000000008b200000|  0%| F|  |TAMS 0x000000008b100000, 0x000000008b100000| Untracked 
| 178|0x000000008b200000, 0x000000008b200000, 0x000000008b300000|  0%| F|  |TAMS 0x000000008b200000, 0x000000008b200000| Untracked 
| 179|0x000000008b300000, 0x000000008b300000, 0x000000008b400000|  0%| F|  |TAMS 0x000000008b300000, 0x000000008b300000| Untracked 
| 180|0x000000008b400000, 0x000000008b400000, 0x000000008b500000|  0%| F|  |TAMS 0x000000008b400000, 0x000000008b400000| Untracked 
| 181|0x000000008b500000, 0x000000008b500000, 0x000000008b600000|  0%| F|  |TAMS 0x000000008b500000, 0x000000008b500000| Untracked 
| 182|0x000000008b600000, 0x000000008b600000, 0x000000008b700000|  0%| F|  |TAMS 0x000000008b600000, 0x000000008b600000| Untracked 
| 183|0x000000008b700000, 0x000000008b700000, 0x000000008b800000|  0%| F|  |TAMS 0x000000008b700000, 0x000000008b700000| Untracked 
| 184|0x000000008b800000, 0x000000008b800000, 0x000000008b900000|  0%| F|  |TAMS 0x000000008b800000, 0x000000008b800000| Untracked 
| 185|0x000000008b900000, 0x000000008b900000, 0x000000008ba00000|  0%| F|  |TAMS 0x000000008b900000, 0x000000008b900000| Untracked 
| 186|0x000000008ba00000, 0x000000008ba00000, 0x000000008bb00000|  0%| F|  |TAMS 0x000000008ba00000, 0x000000008ba00000| Untracked 
| 187|0x000000008bb00000, 0x000000008bb00000, 0x000000008bc00000|  0%| F|  |TAMS 0x000000008bb00000, 0x000000008bb00000| Untracked 
| 188|0x000000008bc00000, 0x000000008bc00000, 0x000000008bd00000|  0%| F|  |TAMS 0x000000008bc00000, 0x000000008bc00000| Untracked 
| 189|0x000000008bd00000, 0x000000008bd00000, 0x000000008be00000|  0%| F|  |TAMS 0x000000008bd00000, 0x000000008bd00000| Untracked 
| 190|0x000000008be00000, 0x000000008be00000, 0x000000008bf00000|  0%| F|  |TAMS 0x000000008be00000, 0x000000008be00000| Untracked 
| 191|0x000000008bf00000, 0x000000008bf00000, 0x000000008c000000|  0%| F|  |TAMS 0x000000008bf00000, 0x000000008bf00000| Untracked 
| 192|0x000000008c000000, 0x000000008c000000, 0x000000008c100000|  0%| F|  |TAMS 0x000000008c000000, 0x000000008c000000| Untracked 
| 193|0x000000008c100000, 0x000000008c100000, 0x000000008c200000|  0%| F|  |TAMS 0x000000008c100000, 0x000000008c100000| Untracked 
| 194|0x000000008c200000, 0x000000008c200000, 0x000000008c300000|  0%| F|  |TAMS 0x000000008c200000, 0x000000008c200000| Untracked 
| 195|0x000000008c300000, 0x000000008c300000, 0x000000008c400000|  0%| F|  |TAMS 0x000000008c300000, 0x000000008c300000| Untracked 
| 196|0x000000008c400000, 0x000000008c400000, 0x000000008c500000|  0%| F|  |TAMS 0x000000008c400000, 0x000000008c400000| Untracked 
| 197|0x000000008c500000, 0x000000008c500000, 0x000000008c600000|  0%| F|  |TAMS 0x000000008c500000, 0x000000008c500000| Untracked 
| 198|0x000000008c600000, 0x000000008c600000, 0x000000008c700000|  0%| F|  |TAMS 0x000000008c600000, 0x000000008c600000| Untracked 
| 199|0x000000008c700000, 0x000000008c700000, 0x000000008c800000|  0%| F|  |TAMS 0x000000008c700000, 0x000000008c700000| Untracked 
| 200|0x000000008c800000, 0x000000008c800000, 0x000000008c900000|  0%| F|  |TAMS 0x000000008c800000, 0x000000008c800000| Untracked 
| 201|0x000000008c900000, 0x000000008c900000, 0x000000008ca00000|  0%| F|  |TAMS 0x000000008c900000, 0x000000008c900000| Untracked 
| 202|0x000000008ca00000, 0x000000008caed858, 0x000000008cb00000| 92%| E|  |TAMS 0x000000008ca00000, 0x000000008ca00000| Complete 
| 203|0x000000008cb00000, 0x000000008cc00000, 0x000000008cc00000|100%| E|CS|TAMS 0x000000008cb00000, 0x000000008cb00000| Complete 
| 204|0x000000008cc00000, 0x000000008cd00000, 0x000000008cd00000|100%| E|CS|TAMS 0x000000008cc00000, 0x000000008cc00000| Complete 
| 205|0x000000008cd00000, 0x000000008ce00000, 0x000000008ce00000|100%| E|CS|TAMS 0x000000008cd00000, 0x000000008cd00000| Complete 
| 206|0x000000008ce00000, 0x000000008cf00000, 0x000000008cf00000|100%| E|  |TAMS 0x000000008ce00000, 0x000000008ce00000| Complete 
| 207|0x000000008cf00000, 0x000000008d000000, 0x000000008d000000|100%| E|CS|TAMS 0x000000008cf00000, 0x000000008cf00000| Complete 
| 208|0x000000008d000000, 0x000000008d100000, 0x000000008d100000|100%| E|CS|TAMS 0x000000008d000000, 0x000000008d000000| Complete 
| 209|0x000000008d100000, 0x000000008d200000, 0x000000008d200000|100%| E|CS|TAMS 0x000000008d100000, 0x000000008d100000| Complete 
| 210|0x000000008d200000, 0x000000008d300000, 0x000000008d300000|100%| E|CS|TAMS 0x000000008d200000, 0x000000008d200000| Complete 
| 211|0x000000008d300000, 0x000000008d400000, 0x000000008d400000|100%| E|CS|TAMS 0x000000008d300000, 0x000000008d300000| Complete 
| 212|0x000000008d400000, 0x000000008d500000, 0x000000008d500000|100%| E|CS|TAMS 0x000000008d400000, 0x000000008d400000| Complete 
| 213|0x000000008d500000, 0x000000008d600000, 0x000000008d600000|100%| E|CS|TAMS 0x000000008d500000, 0x000000008d500000| Complete 
| 214|0x000000008d600000, 0x000000008d700000, 0x000000008d700000|100%| E|CS|TAMS 0x000000008d600000, 0x000000008d600000| Complete 
| 215|0x000000008d700000, 0x000000008d800000, 0x000000008d800000|100%| E|CS|TAMS 0x000000008d700000, 0x000000008d700000| Complete 
| 216|0x000000008d800000, 0x000000008d900000, 0x000000008d900000|100%| E|CS|TAMS 0x000000008d800000, 0x000000008d800000| Complete 
| 217|0x000000008d900000, 0x000000008da00000, 0x000000008da00000|100%| E|CS|TAMS 0x000000008d900000, 0x000000008d900000| Complete 
| 218|0x000000008da00000, 0x000000008db00000, 0x000000008db00000|100%| E|CS|TAMS 0x000000008da00000, 0x000000008da00000| Complete 
| 219|0x000000008db00000, 0x000000008dc00000, 0x000000008dc00000|100%| E|CS|TAMS 0x000000008db00000, 0x000000008db00000| Complete 
| 220|0x000000008dc00000, 0x000000008dd00000, 0x000000008dd00000|100%| E|CS|TAMS 0x000000008dc00000, 0x000000008dc00000| Complete 
| 221|0x000000008dd00000, 0x000000008de00000, 0x000000008de00000|100%| E|CS|TAMS 0x000000008dd00000, 0x000000008dd00000| Complete 
| 222|0x000000008de00000, 0x000000008df00000, 0x000000008df00000|100%| E|CS|TAMS 0x000000008de00000, 0x000000008de00000| Complete 
| 223|0x000000008df00000, 0x000000008e000000, 0x000000008e000000|100%| E|CS|TAMS 0x000000008df00000, 0x000000008df00000| Complete 
| 224|0x000000008e000000, 0x000000008e100000, 0x000000008e100000|100%| E|CS|TAMS 0x000000008e000000, 0x000000008e000000| Complete 
| 225|0x000000008e100000, 0x000000008e200000, 0x000000008e200000|100%| E|CS|TAMS 0x000000008e100000, 0x000000008e100000| Complete 
| 226|0x000000008e200000, 0x000000008e300000, 0x000000008e300000|100%| E|CS|TAMS 0x000000008e200000, 0x000000008e200000| Complete 
| 227|0x000000008e300000, 0x000000008e400000, 0x000000008e400000|100%| E|CS|TAMS 0x000000008e300000, 0x000000008e300000| Complete 
| 228|0x000000008e400000, 0x000000008e500000, 0x000000008e500000|100%| E|CS|TAMS 0x000000008e400000, 0x000000008e400000| Complete 
| 229|0x000000008e500000, 0x000000008e600000, 0x000000008e600000|100%| E|CS|TAMS 0x000000008e500000, 0x000000008e500000| Complete 
| 230|0x000000008e600000, 0x000000008e700000, 0x000000008e700000|100%| E|CS|TAMS 0x000000008e600000, 0x000000008e600000| Complete 
| 231|0x000000008e700000, 0x000000008e800000, 0x000000008e800000|100%| E|CS|TAMS 0x000000008e700000, 0x000000008e700000| Complete 
| 232|0x000000008e800000, 0x000000008e900000, 0x000000008e900000|100%| E|CS|TAMS 0x000000008e800000, 0x000000008e800000| Complete 
| 233|0x000000008e900000, 0x000000008ea00000, 0x000000008ea00000|100%| E|CS|TAMS 0x000000008e900000, 0x000000008e900000| Complete 
| 234|0x000000008ea00000, 0x000000008eb00000, 0x000000008eb00000|100%| E|CS|TAMS 0x000000008ea00000, 0x000000008ea00000| Complete 
| 235|0x000000008eb00000, 0x000000008ec00000, 0x000000008ec00000|100%| E|CS|TAMS 0x000000008eb00000, 0x000000008eb00000| Complete 
| 236|0x000000008ec00000, 0x000000008ed00000, 0x000000008ed00000|100%| E|CS|TAMS 0x000000008ec00000, 0x000000008ec00000| Complete 
| 237|0x000000008ed00000, 0x000000008ee00000, 0x000000008ee00000|100%| E|CS|TAMS 0x000000008ed00000, 0x000000008ed00000| Complete 
| 238|0x000000008ee00000, 0x000000008ef00000, 0x000000008ef00000|100%| E|CS|TAMS 0x000000008ee00000, 0x000000008ee00000| Complete 
| 239|0x000000008ef00000, 0x000000008f000000, 0x000000008f000000|100%| E|CS|TAMS 0x000000008ef00000, 0x000000008ef00000| Complete 
| 240|0x000000008f000000, 0x000000008f100000, 0x000000008f100000|100%| E|CS|TAMS 0x000000008f000000, 0x000000008f000000| Complete 
| 241|0x000000008f100000, 0x000000008f200000, 0x000000008f200000|100%| E|CS|TAMS 0x000000008f100000, 0x000000008f100000| Complete 
| 242|0x000000008f200000, 0x000000008f300000, 0x000000008f300000|100%| E|CS|TAMS 0x000000008f200000, 0x000000008f200000| Complete 
| 243|0x000000008f300000, 0x000000008f400000, 0x000000008f400000|100%| E|CS|TAMS 0x000000008f300000, 0x000000008f300000| Complete 
| 244|0x000000008f400000, 0x000000008f500000, 0x000000008f500000|100%| E|CS|TAMS 0x000000008f400000, 0x000000008f400000| Complete 
| 245|0x000000008f500000, 0x000000008f600000, 0x000000008f600000|100%| E|CS|TAMS 0x000000008f500000, 0x000000008f500000| Complete 
| 246|0x000000008f600000, 0x000000008f700000, 0x000000008f700000|100%| E|CS|TAMS 0x000000008f600000, 0x000000008f600000| Complete 
| 247|0x000000008f700000, 0x000000008f800000, 0x000000008f800000|100%| E|CS|TAMS 0x000000008f700000, 0x000000008f700000| Complete 
| 248|0x000000008f800000, 0x000000008f8db0b0, 0x000000008f900000| 85%| S|CS|TAMS 0x000000008f800000, 0x000000008f800000| Complete 
| 249|0x000000008f900000, 0x000000008fa00000, 0x000000008fa00000|100%| E|CS|TAMS 0x000000008f900000, 0x000000008f900000| Complete 
| 250|0x000000008fa00000, 0x000000008fb00000, 0x000000008fb00000|100%| E|CS|TAMS 0x000000008fa00000, 0x000000008fa00000| Complete 
| 251|0x000000008fb00000, 0x000000008fc00000, 0x000000008fc00000|100%| E|CS|TAMS 0x000000008fb00000, 0x000000008fb00000| Complete 
| 252|0x000000008fc00000, 0x000000008fd00000, 0x000000008fd00000|100%| E|CS|TAMS 0x000000008fc00000, 0x000000008fc00000| Complete 
| 253|0x000000008fd00000, 0x000000008fe00000, 0x000000008fe00000|100%| E|CS|TAMS 0x000000008fd00000, 0x000000008fd00000| Complete 
| 254|0x000000008fe00000, 0x000000008ff00000, 0x000000008ff00000|100%| E|CS|TAMS 0x000000008fe00000, 0x000000008fe00000| Complete 
| 255|0x000000008ff00000, 0x0000000090000000, 0x0000000090000000|100%| E|CS|TAMS 0x000000008ff00000, 0x000000008ff00000| Complete 

Card table byte_map: [0x0000024ef5b10000,0x0000024ef5f10000] _byte_map_base: 0x0000024ef5710000

Marking Bits (Prev, Next): (CMBitMap*) 0x0000024ee21cea08, (CMBitMap*) 0x0000024ee21cea40
 Prev Bits: [0x0000024ef6310000, 0x0000024ef8310000)
 Next Bits: [0x0000024ef8310000, 0x0000024efa310000)

Polling page: 0x0000024ee5c80000

Metaspace:

Usage:
  Non-class:    119.73 MB capacity,   116.36 MB ( 97%) used,     2.79 MB (  2%) free+waste,   594.06 KB ( <1%) overhead. 
      Class:     18.41 MB capacity,    16.62 MB ( 90%) used,     1.53 MB (  8%) free+waste,   262.56 KB (  1%) overhead. 
       Both:    138.13 MB capacity,   132.98 MB ( 96%) used,     4.32 MB (  3%) free+waste,   856.63 KB ( <1%) overhead. 

Virtual space:
  Non-class space:      120.00 MB reserved,     119.75 MB (>99%) committed 
      Class space:        1.00 GB reserved,      18.45 MB (  2%) committed 
             Both:        1.12 GB reserved,     138.20 MB ( 12%) committed 

Chunk freelists:
   Non-Class:  0 bytes
       Class:  0 bytes
        Both:  0 bytes

MaxMetaspaceSize: 17179869184.00 GB
CompressedClassSpaceSize: 1.00 GB

CodeHeap 'non-profiled nmethods': size=120000Kb used=21326Kb max_used=21326Kb free=98673Kb
 bounds [0x0000024eed770000, 0x0000024eeec50000, 0x0000024ef4ca0000]
CodeHeap 'profiled nmethods': size=120000Kb used=58503Kb max_used=58503Kb free=61496Kb
 bounds [0x0000024ee6240000, 0x0000024ee9b90000, 0x0000024eed770000]
CodeHeap 'non-nmethods': size=5760Kb used=2387Kb max_used=2520Kb free=3372Kb
 bounds [0x0000024ee5ca0000, 0x0000024ee5f30000, 0x0000024ee6240000]
 total_blobs=26341 nmethods=25320 adapters=930
 compilation: enabled
              stopped_count=0, restarted_count=0
 full_count=0

Compilation events (20 events):
Event: 2432.110 Thread 0x0000024efd6cf000 29644       3       org.gradle.internal.execution.steps.CreateOutputsStep::ensureOutput (86 bytes)
Event: 2432.112 Thread 0x0000024efd6cf000 nmethod 29644 0x0000024ee9b88a10 code [0x0000024ee9b88d60, 0x0000024ee9b8a3d8]
Event: 2432.113 Thread 0x0000024efd6cf000 29646       3       org.gradle.api.internal.file.DefaultFilePropertyFactory$DefaultDirectoryVar::getFactoryId (4 bytes)
Event: 2432.113 Thread 0x0000024efd6cf000 nmethod 29646 0x0000024ee9b8ab90 code [0x0000024ee9b8ad40, 0x0000024ee9b8ae38]
Event: 2432.114 Thread 0x0000024efd6cf000 29647       3       org.gradle.api.internal.file.ManagedFactories$DirectoryPropertyManagedFactory::fromState (38 bytes)
Event: 2432.116 Thread 0x0000024efd6cf000 nmethod 29647 0x0000024ee9b8af10 code [0x0000024ee9b8b180, 0x0000024ee9b8bbe8]
Event: 2432.116 Thread 0x0000024efd6cf000 29648       3       org.gradle.internal.instantiation.generator.DefaultInstantiatorFactory::inject (14 bytes)
Event: 2432.116 Thread 0x0000024efd6cf000 nmethod 29648 0x0000024ee9b8bf90 code [0x0000024ee9b8c160, 0x0000024ee9b8c3c8]
Event: 2432.141 Thread 0x0000024efd6cf000 29650       3       com.android.build.gradle.internal.dependency.GenericTransformParameters_Decorated::getProjectName (34 bytes)
Event: 2432.142 Thread 0x0000024efd6cf000 nmethod 29650 0x0000024ee9b8c510 code [0x0000024ee9b8c740, 0x0000024ee9b8cf58]
Event: 2432.144 Thread 0x0000024efd6cf000 29651       3       com.android.build.gradle.tasks.MergeSourceSetFolders_Decorated::getOutputDir (44 bytes)
Event: 2432.146 Thread 0x0000024efd6cf000 nmethod 29651 0x0000024ee9b8d190 code [0x0000024ee9b8d440, 0x0000024ee9b8e578]
Event: 2432.192 Thread 0x0000024e851ca800 nmethod 29585% 0x0000024eeec3cb10 code [0x0000024eeec3d0e0, 0x0000024eeec40b88]
Event: 2432.193 Thread 0x0000024e851ca800 29639       4       com.google.common.collect.RegularImmutableMap$EntrySet::contains (56 bytes)
Event: 2432.205 Thread 0x0000024e851ca800 nmethod 29639 0x0000024eeec43f10 code [0x0000024eeec440e0, 0x0000024eeec44518]
Event: 2432.205 Thread 0x0000024e851ca800 29649       4       org.gradle.api.internal.tasks.properties.AbstractValidatingProperty::prepareValue (10 bytes)
Event: 2432.211 Thread 0x0000024e851ca800 nmethod 29649 0x0000024eeec44990 code [0x0000024eeec44b60, 0x0000024eeec44d88]
Event: 2432.211 Thread 0x0000024e851ca800 29645       4       org.gradle.api.internal.model.DefaultObjectFactory::directoryProperty (10 bytes)
Event: 2432.211 Thread 0x0000024e851c5800 nmethod 29638 0x0000024eeec44f90 code [0x0000024eeec45280, 0x0000024eeec46c30]
Event: 2432.233 Thread 0x0000024e851ca800 nmethod 29645 0x0000024eeec47a10 code [0x0000024eeec47be0, 0x0000024eeec484d8]

GC Heap History (20 events):
Event: 2099.848 GC heap before
{Heap before GC invocations=103 (full 0):
 garbage-first heap   total 262144K, used 187266K [0x0000000080000000, 0x0000000100000000)
  region size 1024K, 51 young (52224K), 1 survivors (1024K)
 Metaspace       used 133798K, capacity 138033K, committed 138828K, reserved 1169408K
  class space    used 16675K, capacity 18216K, committed 18508K, reserved 1048576K
}
Event: 2099.859 GC heap after
{Heap after GC invocations=104 (full 0):
 garbage-first heap   total 262144K, used 139860K [0x0000000080000000, 0x0000000100000000)
  region size 1024K, 3 young (3072K), 3 survivors (3072K)
 Metaspace       used 133798K, capacity 138033K, committed 138828K, reserved 1169408K
  class space    used 16675K, capacity 18216K, committed 18508K, reserved 1048576K
}
Event: 2100.868 GC heap before
{Heap before GC invocations=105 (full 0):
 garbage-first heap   total 262144K, used 190036K [0x0000000080000000, 0x0000000100000000)
  region size 1024K, 56 young (57344K), 3 survivors (3072K)
 Metaspace       used 133968K, capacity 138231K, committed 139084K, reserved 1169408K
  class space    used 16675K, capacity 18216K, committed 18508K, reserved 1048576K
}
Event: 2100.874 GC heap after
{Heap after GC invocations=106 (full 0):
 garbage-first heap   total 262144K, used 137028K [0x0000000080000000, 0x0000000100000000)
  region size 1024K, 7 young (7168K), 7 survivors (7168K)
 Metaspace       used 133968K, capacity 138231K, committed 139084K, reserved 1169408K
  class space    used 16675K, capacity 18216K, committed 18508K, reserved 1048576K
}
Event: 2100.894 GC heap before
{Heap before GC invocations=106 (full 0):
 garbage-first heap   total 262144K, used 141124K [0x0000000080000000, 0x0000000100000000)
  region size 1024K, 12 young (12288K), 7 survivors (7168K)
 Metaspace       used 133983K, capacity 138295K, committed 139084K, reserved 1169408K
  class space    used 16675K, capacity 18216K, committed 18508K, reserved 1048576K
}
Event: 2100.922 GC heap after
{Heap after GC invocations=107 (full 0):
 garbage-first heap   total 262144K, used 121448K [0x0000000080000000, 0x0000000100000000)
  region size 1024K, 2 young (2048K), 2 survivors (2048K)
 Metaspace       used 133983K, capacity 138295K, committed 139084K, reserved 1169408K
  class space    used 16675K, capacity 18216K, committed 18508K, reserved 1048576K
}
Event: 2101.256 GC heap before
{Heap before GC invocations=107 (full 0):
 garbage-first heap   total 262144K, used 188008K [0x0000000080000000, 0x0000000100000000)
  region size 1024K, 68 young (69632K), 2 survivors (2048K)
 Metaspace       used 134011K, capacity 138297K, committed 139084K, reserved 1169408K
  class space    used 16675K, capacity 18216K, committed 18508K, reserved 1048576K
}
Event: 2101.272 GC heap after
{Heap after GC invocations=108 (full 0):
 garbage-first heap   total 262144K, used 126000K [0x0000000080000000, 0x0000000100000000)
  region size 1024K, 7 young (7168K), 7 survivors (7168K)
 Metaspace       used 134011K, capacity 138297K, committed 139084K, reserved 1169408K
  class space    used 16675K, capacity 18216K, committed 18508K, reserved 1048576K
}
Event: 2299.417 GC heap before
{Heap before GC invocations=109 (full 0):
 garbage-first heap   total 262144K, used 216112K [0x0000000080000000, 0x0000000100000000)
  region size 1024K, 73 young (74752K), 7 survivors (7168K)
 Metaspace       used 134070K, capacity 138372K, committed 139084K, reserved 1169408K
  class space    used 16676K, capacity 18218K, committed 18508K, reserved 1048576K
}
Event: 2299.423 GC heap after
{Heap after GC invocations=110 (full 0):
 garbage-first heap   total 262144K, used 122950K [0x0000000080000000, 0x0000000100000000)
  region size 1024K, 2 young (2048K), 2 survivors (2048K)
 Metaspace       used 134070K, capacity 138372K, committed 139084K, reserved 1169408K
  class space    used 16676K, capacity 18218K, committed 18508K, reserved 1048576K
}
Event: 2299.498 GC heap before
{Heap before GC invocations=110 (full 0):
 garbage-first heap   total 262144K, used 132166K [0x0000000080000000, 0x0000000100000000)
  region size 1024K, 12 young (12288K), 2 survivors (2048K)
 Metaspace       used 134087K, capacity 138374K, committed 139084K, reserved 1169408K
  class space    used 16677K, capacity 18218K, committed 18508K, reserved 1048576K
}
Event: 2299.506 GC heap after
{Heap after GC invocations=111 (full 0):
 garbage-first heap   total 262144K, used 122184K [0x0000000080000000, 0x0000000100000000)
  region size 1024K, 1 young (1024K), 1 survivors (1024K)
 Metaspace       used 134087K, capacity 138374K, committed 139084K, reserved 1169408K
  class space    used 16677K, capacity 18218K, committed 18508K, reserved 1048576K
}
Event: 2303.487 GC heap before
{Heap before GC invocations=111 (full 0):
 garbage-first heap   total 262144K, used 195912K [0x0000000080000000, 0x0000000100000000)
  region size 1024K, 74 young (75776K), 1 survivors (1024K)
 Metaspace       used 134273K, capacity 138545K, committed 139340K, reserved 1169408K
  class space    used 16677K, capacity 18218K, committed 18508K, reserved 1048576K
}
Event: 2303.543 GC heap after
{Heap after GC invocations=112 (full 0):
 garbage-first heap   total 262144K, used 128050K [0x0000000080000000, 0x0000000100000000)
  region size 1024K, 7 young (7168K), 7 survivors (7168K)
 Metaspace       used 134273K, capacity 138545K, committed 139340K, reserved 1169408K
  class space    used 16677K, capacity 18218K, committed 18508K, reserved 1048576K
}
Event: 2431.181 GC heap before
{Heap before GC invocations=113 (full 0):
 garbage-first heap   total 262144K, used 217138K [0x0000000080000000, 0x0000000100000000)
  region size 1024K, 79 young (80896K), 7 survivors (7168K)
 Metaspace       used 136017K, capacity 141236K, committed 141516K, reserved 1171456K
  class space    used 16999K, capacity 18815K, committed 18892K, reserved 1048576K
}
Event: 2431.201 GC heap after
{Heap after GC invocations=114 (full 0):
 garbage-first heap   total 262144K, used 134094K [0x0000000080000000, 0x0000000100000000)
  region size 1024K, 7 young (7168K), 7 survivors (7168K)
 Metaspace       used 136017K, capacity 141236K, committed 141516K, reserved 1171456K
  class space    used 16999K, capacity 18815K, committed 18892K, reserved 1048576K
}
Event: 2431.236 GC heap before
{Heap before GC invocations=114 (full 0):
 garbage-first heap   total 262144K, used 138190K [0x0000000080000000, 0x0000000100000000)
  region size 1024K, 12 young (12288K), 7 survivors (7168K)
 Metaspace       used 136017K, capacity 141236K, committed 141516K, reserved 1171456K
  class space    used 16999K, capacity 18815K, committed 18892K, reserved 1048576K
}
Event: 2431.263 GC heap after
{Heap after GC invocations=115 (full 0):
 garbage-first heap   total 262144K, used 118402K [0x0000000080000000, 0x0000000100000000)
  region size 1024K, 2 young (2048K), 2 survivors (2048K)
 Metaspace       used 136017K, capacity 141236K, committed 141516K, reserved 1171456K
  class space    used 16999K, capacity 18815K, committed 18892K, reserved 1048576K
}
Event: 2431.312 GC heap before
{Heap before GC invocations=115 (full 0):
 garbage-first heap   total 262144K, used 122498K [0x0000000080000000, 0x0000000100000000)
  region size 1024K, 7 young (7168K), 2 survivors (2048K)
 Metaspace       used 136041K, capacity 141272K, committed 141516K, reserved 1171456K
  class space    used 17003K, capacity 18823K, committed 18892K, reserved 1048576K
}
Event: 2431.322 GC heap after
{Heap after GC invocations=116 (full 0):
 garbage-first heap   total 262144K, used 118100K [0x0000000080000000, 0x0000000100000000)
  region size 1024K, 1 young (1024K), 1 survivors (1024K)
 Metaspace       used 136041K, capacity 141272K, committed 141516K, reserved 1171456K
  class space    used 17003K, capacity 18823K, committed 18892K, reserved 1048576K
}

Deoptimization events (20 events):
Event: 2303.472 Thread 0x0000024efdd15000 Uncommon trap: trap_request=0xfffffff4 fr.pc=0x0000024eeeb9e318 relative=0x0000000000000158
Event: 2303.472 Thread 0x0000024efdd15000 Uncommon trap: reason=null_check action=make_not_entrant pc=0x0000024eeeb9e318 method=org.gradle.api.internal.tasks.properties.bean.AbstractNestedRuntimeBeanNode$BeanPropertyValue.isConfigurable()Z @ 9 c2
Event: 2303.472 Thread 0x0000024efdd15000 DEOPT PACKING pc=0x0000024eeeb9e318 sp=0x000000df792fdcc0
Event: 2303.472 Thread 0x0000024efdd15000 DEOPT UNPACKING pc=0x0000024ee5cc78af sp=0x000000df792fdbe8 mode 2
Event: 2304.191 Thread 0x0000024e82d1c000 DEOPT PACKING pc=0x0000024ee8b6dbc3 sp=0x000000df7a1fcbf0
Event: 2304.191 Thread 0x0000024e82d1c000 DEOPT UNPACKING pc=0x0000024ee5cc76ce sp=0x000000df7a1fc058 mode 0
Event: 2304.195 Thread 0x0000024e82d1c000 Uncommon trap: trap_request=0xffffff4d fr.pc=0x0000024eeea02468 relative=0x00000000000004a8
Event: 2304.195 Thread 0x0000024e82d1c000 Uncommon trap: reason=unstable_if action=reinterpret pc=0x0000024eeea02468 method=java.math.MutableBigInteger.mul(ILjava/math/MutableBigInteger;)V @ 12 c2
Event: 2304.195 Thread 0x0000024e82d1c000 DEOPT PACKING pc=0x0000024eeea02468 sp=0x000000df7a1fcca0
Event: 2304.195 Thread 0x0000024e82d1c000 DEOPT UNPACKING pc=0x0000024ee5cc78af sp=0x000000df7a1fcc30 mode 2
Event: 2304.195 Thread 0x0000024e82d1c000 Uncommon trap: trap_request=0xffffff4d fr.pc=0x0000024eee507480 relative=0x00000000000009a0
Event: 2304.195 Thread 0x0000024e82d1c000 Uncommon trap: reason=unstable_if action=reinterpret pc=0x0000024eee507480 method=java.math.MutableBigInteger.add(Ljava/math/MutableBigInteger;)V @ 171 c2
Event: 2304.195 Thread 0x0000024e82d1c000 DEOPT PACKING pc=0x0000024eee507480 sp=0x000000df7a1fcc80
Event: 2304.195 Thread 0x0000024e82d1c000 DEOPT UNPACKING pc=0x0000024ee5cc78af sp=0x000000df7a1fcc18 mode 2
Event: 2431.538 Thread 0x0000024efdd17800 DEOPT PACKING pc=0x0000024ee959c06b sp=0x000000df791fac40
Event: 2431.539 Thread 0x0000024efdd17800 DEOPT UNPACKING pc=0x0000024ee5cc76ce sp=0x000000df791fa1c8 mode 0
Event: 2431.622 Thread 0x0000024efdd17800 DEOPT PACKING pc=0x0000024ee961ac76 sp=0x000000df791fab20
Event: 2431.622 Thread 0x0000024efdd17800 DEOPT UNPACKING pc=0x0000024ee5cc76ce sp=0x000000df791fa0a0 mode 0
Event: 2431.630 Thread 0x0000024efdd17800 DEOPT PACKING pc=0x0000024ee7f076a2 sp=0x000000df791fad00
Event: 2431.630 Thread 0x0000024efdd17800 DEOPT UNPACKING pc=0x0000024ee5cc76ce sp=0x000000df791fa250 mode 0

Classes redefined (0 events):
No events

Internal exceptions (20 events):
Event: 2101.571 Thread 0x0000024e8d66c000 Exception <a 'sun/nio/fs/WindowsException'{0x000000008f1bc6b8}> (0x000000008f1bc6b8) thrown at [./src/hotspot/share/prims/jni.cpp, line 615]
Event: 2101.805 Thread 0x0000024e8d670800 Exception <a 'sun/nio/fs/WindowsException'{0x000000008df31ad0}> (0x000000008df31ad0) thrown at [./src/hotspot/share/prims/jni.cpp, line 615]
Event: 2299.479 Thread 0x0000024e851c1800 Exception <a 'sun/nio/fs/WindowsException'{0x000000008f76a150}> (0x000000008f76a150) thrown at [./src/hotspot/share/prims/jni.cpp, line 615]
Event: 2299.647 Thread 0x0000024e851c1800 Exception <a 'sun/nio/fs/WindowsException'{0x000000008f6612d8}> (0x000000008f6612d8) thrown at [./src/hotspot/share/prims/jni.cpp, line 615]
Event: 2299.660 Thread 0x0000024e851c1800 Exception <a 'sun/nio/fs/WindowsException'{0x000000008f4032f0}> (0x000000008f4032f0) thrown at [./src/hotspot/share/prims/jni.cpp, line 615]
Event: 2299.661 Thread 0x0000024e851c1800 Exception <a 'sun/nio/fs/WindowsException'{0x000000008f4042b0}> (0x000000008f4042b0) thrown at [./src/hotspot/share/prims/jni.cpp, line 615]
Event: 2299.661 Thread 0x0000024e851c1800 Exception <a 'sun/nio/fs/WindowsException'{0x000000008f4052c0}> (0x000000008f4052c0) thrown at [./src/hotspot/share/prims/jni.cpp, line 615]
Event: 2299.661 Thread 0x0000024e851c1800 Exception <a 'sun/nio/fs/WindowsException'{0x000000008f4062d0}> (0x000000008f4062d0) thrown at [./src/hotspot/share/prims/jni.cpp, line 615]
Event: 2300.538 Thread 0x0000024efe631800 Exception <a 'java/lang/InterruptedException'{0x000000008d000000}> (0x000000008d000000) thrown at [./src/hotspot/share/runtime/objectMonitor.cpp, line 1635]
Event: 2303.295 Thread 0x0000024efe635000 Exception <a 'sun/nio/fs/WindowsException'{0x000000008c29b018}> (0x000000008c29b018) thrown at [./src/hotspot/share/prims/jni.cpp, line 615]
Event: 2303.393 Thread 0x0000024efe635000 Exception <a 'sun/nio/fs/WindowsException'{0x000000008ba749f0}> (0x000000008ba749f0) thrown at [./src/hotspot/share/prims/jni.cpp, line 615]
Event: 2303.441 Thread 0x0000024efe634000 Exception <a 'sun/nio/fs/WindowsException'{0x000000008b867e80}> (0x000000008b867e80) thrown at [./src/hotspot/share/prims/jni.cpp, line 615]
Event: 2303.464 Thread 0x0000024efe634000 Exception <a 'sun/nio/fs/WindowsException'{0x000000008b63d610}> (0x000000008b63d610) thrown at [./src/hotspot/share/prims/jni.cpp, line 615]
Event: 2303.472 Thread 0x0000024efdd15000 Implicit null exception at 0x0000024eeeb9e1f8 to 0x0000024eeeb9e304
Event: 2430.754 Thread 0x0000024e851bf000 Exception <a 'sun/nio/fs/WindowsException'{0x000000008d3d06c8}> (0x000000008d3d06c8) thrown at [./src/hotspot/share/prims/jni.cpp, line 615]
Event: 2430.921 Thread 0x0000024e851bf000 Exception <a 'sun/nio/fs/WindowsException'{0x000000008c9eab78}> (0x000000008c9eab78) thrown at [./src/hotspot/share/prims/jni.cpp, line 615]
Event: 2430.931 Thread 0x0000024e851bf000 Exception <a 'sun/nio/fs/WindowsException'{0x000000008c894510}> (0x000000008c894510) thrown at [./src/hotspot/share/prims/jni.cpp, line 615]
Event: 2430.931 Thread 0x0000024e851bf000 Exception <a 'sun/nio/fs/WindowsException'{0x000000008c8954d0}> (0x000000008c8954d0) thrown at [./src/hotspot/share/prims/jni.cpp, line 615]
Event: 2430.931 Thread 0x0000024e851bf000 Exception <a 'sun/nio/fs/WindowsException'{0x000000008c896828}> (0x000000008c896828) thrown at [./src/hotspot/share/prims/jni.cpp, line 615]
Event: 2430.931 Thread 0x0000024e851bf000 Exception <a 'sun/nio/fs/WindowsException'{0x000000008c897838}> (0x000000008c897838) thrown at [./src/hotspot/share/prims/jni.cpp, line 615]

Events (20 events):
Event: 2432.024 Executing VM operation: RevokeBias
Event: 2432.024 Executing VM operation: RevokeBias done
Event: 2432.024 Executing VM operation: RevokeBias
Event: 2432.024 Executing VM operation: RevokeBias done
Event: 2432.077 Executing VM operation: RevokeBias
Event: 2432.078 Executing VM operation: RevokeBias done
Event: 2432.078 Executing VM operation: RevokeBias
Event: 2432.078 Executing VM operation: RevokeBias done
Event: 2432.099 Executing VM operation: RevokeBias
Event: 2432.099 Executing VM operation: RevokeBias done
Event: 2432.108 Executing VM operation: RevokeBias
Event: 2432.108 Executing VM operation: RevokeBias done
Event: 2432.108 Executing VM operation: RevokeBias
Event: 2432.109 Executing VM operation: RevokeBias done
Event: 2432.109 Executing VM operation: RevokeBias
Event: 2432.109 Executing VM operation: RevokeBias done
Event: 2432.113 Thread 0x0000024efe63a800 Thread added: 0x0000024efe63a800
Event: 2432.126 Thread 0x0000024efe635000 Thread added: 0x0000024efe635000
Event: 2432.149 Thread 0x0000024efe635800 Thread added: 0x0000024efe635800
Event: 2432.149 Thread 0x0000024e82d11800 Thread added: 0x0000024e82d11800


Dynamic libraries:
0x00007ff626680000 - 0x00007ff62668a000 	C:\Program Files\Android\Android Studio\jre\bin\java.exe
0x00007fffa03b0000 - 0x00007fffa05a5000 	C:\Windows\SYSTEM32\ntdll.dll
0x00007fff9e8b0000 - 0x00007fff9e96e000 	C:\Windows\System32\KERNEL32.DLL
0x00007fff9e050000 - 0x00007fff9e318000 	C:\Windows\System32\KERNELBASE.dll
0x00007fff9dad0000 - 0x00007fff9dbd0000 	C:\Windows\System32\ucrtbase.dll
0x00007fff922d0000 - 0x00007fff922e9000 	C:\Program Files\Android\Android Studio\jre\bin\jli.dll
0x00007fff921f0000 - 0x00007fff92207000 	C:\Program Files\Android\Android Studio\jre\bin\VCRUNTIME140.dll
0x00007fff9f150000 - 0x00007fff9f2f1000 	C:\Windows\System32\USER32.dll
0x00007fff885e0000 - 0x00007fff8887a000 	C:\Windows\WinSxS\amd64_microsoft.windows.common-controls_6595b64144ccf1df_6.0.19041.1110_none_60b5254171f9507e\COMCTL32.dll
0x00007fff9e320000 - 0x00007fff9e342000 	C:\Windows\System32\win32u.dll
0x00007fff9e970000 - 0x00007fff9ea0e000 	C:\Windows\System32\msvcrt.dll
0x00007fff9f5c0000 - 0x00007fff9f5eb000 	C:\Windows\System32\GDI32.dll
0x00007fff9dc80000 - 0x00007fff9dd8b000 	C:\Windows\System32\gdi32full.dll
0x00007fff9df80000 - 0x00007fff9e01d000 	C:\Windows\System32\msvcp_win.dll
0x00007fffa0260000 - 0x00007fffa0290000 	C:\Windows\System32\IMM32.DLL
0x00007fff7f300000 - 0x00007fff7f39d000 	C:\Program Files\Android\Android Studio\jre\bin\msvcp140.dll
0x00007fff65ac0000 - 0x00007fff6658f000 	C:\Program Files\Android\Android Studio\jre\bin\server\jvm.dll
0x00007fff9f460000 - 0x00007fff9f50c000 	C:\Windows\System32\ADVAPI32.dll
0x00007fffa0010000 - 0x00007fffa00ab000 	C:\Windows\System32\sechost.dll
0x00007fff9e6a0000 - 0x00007fff9e7ca000 	C:\Windows\System32\RPCRT4.dll
0x00007fffa0000000 - 0x00007fffa0008000 	C:\Windows\System32\PSAPI.DLL
0x00007fff99960000 - 0x00007fff99969000 	C:\Windows\SYSTEM32\WSOCK32.dll
0x00007fff98c50000 - 0x00007fff98c77000 	C:\Windows\SYSTEM32\WINMM.dll
0x00007fff9f3f0000 - 0x00007fff9f45b000 	C:\Windows\System32\WS2_32.dll
0x00007fff97d20000 - 0x00007fff97d2a000 	C:\Windows\SYSTEM32\VERSION.dll
0x00007fff9b9d0000 - 0x00007fff9b9e2000 	C:\Windows\SYSTEM32\kernel.appcore.dll
0x00007fff98d70000 - 0x00007fff98d81000 	C:\Program Files\Android\Android Studio\jre\bin\verify.dll
0x00007fff7e070000 - 0x00007fff7e254000 	C:\Windows\SYSTEM32\DBGHELP.DLL
0x00007fff88130000 - 0x00007fff8815c000 	C:\Windows\SYSTEM32\dbgcore.DLL
0x00007fff9def0000 - 0x00007fff9df73000 	C:\Windows\System32\bcryptPrimitives.dll
0x00007fff98be0000 - 0x00007fff98c09000 	C:\Program Files\Android\Android Studio\jre\bin\java.dll
0x00007fff99950000 - 0x00007fff9995b000 	C:\Program Files\Android\Android Studio\jre\bin\jimage.dll
0x00007fff98b90000 - 0x00007fff98ba8000 	C:\Program Files\Android\Android Studio\jre\bin\zip.dll
0x00007fff9ea10000 - 0x00007fff9f14f000 	C:\Windows\System32\SHELL32.dll
0x00007fff9bbd0000 - 0x00007fff9c360000 	C:\Windows\SYSTEM32\windows.storage.dll
0x00007fff9fb80000 - 0x00007fff9fed5000 	C:\Windows\System32\combase.dll
0x00007fff9d4b0000 - 0x00007fff9d4de000 	C:\Windows\SYSTEM32\Wldp.dll
0x00007fff9f510000 - 0x00007fff9f5bd000 	C:\Windows\System32\SHCORE.dll
0x00007fffa00b0000 - 0x00007fffa0105000 	C:\Windows\System32\shlwapi.dll
0x00007fff9da10000 - 0x00007fff9da2f000 	C:\Windows\SYSTEM32\profapi.dll
0x00007fff986e0000 - 0x00007fff986fa000 	C:\Program Files\Android\Android Studio\jre\bin\net.dll
0x00007fff94750000 - 0x00007fff9485c000 	C:\Windows\SYSTEM32\WINHTTP.dll
0x00007fff9d1b0000 - 0x00007fff9d21a000 	C:\Windows\system32\mswsock.dll
0x00007fff985b0000 - 0x00007fff985c4000 	C:\Program Files\Android\Android Studio\jre\bin\nio.dll
0x00007fff96af0000 - 0x00007fff96b17000 	C:\Users\SK\.gradle\native\8bec1ad78214c89d9ad589b4d07fe93259594b29d510b10fafb7a158f7737e5d\windows-amd64\native-platform.dll
0x00007fff69680000 - 0x00007fff697bd000 	C:\Users\SK\.gradle\native\53dbd7edfb1c66fb8903c78663c9afc45aea4f116125fa6feffd364cf09443e8\windows-amd64\native-platform-file-events.dll
0x00007fff998c0000 - 0x00007fff998ca000 	C:\Program Files\Android\Android Studio\jre\bin\management.dll
0x00007fff991e0000 - 0x00007fff991ec000 	C:\Program Files\Android\Android Studio\jre\bin\management_ext.dll
0x00007fff9d400000 - 0x00007fff9d418000 	C:\Windows\SYSTEM32\CRYPTSP.dll
0x00007fff9cb30000 - 0x00007fff9cb64000 	C:\Windows\system32\rsaenh.dll
0x00007fff9e020000 - 0x00007fff9e047000 	C:\Windows\System32\bcrypt.dll
0x00007fff9d9d0000 - 0x00007fff9d9fe000 	C:\Windows\SYSTEM32\USERENV.dll
0x00007fff9d420000 - 0x00007fff9d42c000 	C:\Windows\SYSTEM32\CRYPTBASE.dll
0x00007fff9cea0000 - 0x00007fff9cedb000 	C:\Windows\SYSTEM32\IPHLPAPI.DLL
0x00007fffa0240000 - 0x00007fffa0248000 	C:\Windows\System32\NSI.dll
0x00007fff961e0000 - 0x00007fff961f7000 	C:\Windows\SYSTEM32\dhcpcsvc6.DLL
0x00007fff971a0000 - 0x00007fff971bd000 	C:\Windows\SYSTEM32\dhcpcsvc.DLL
0x00007fff9cee0000 - 0x00007fff9cfab000 	C:\Windows\SYSTEM32\DNSAPI.dll
0x00007fff8d4d0000 - 0x00007fff8d4ee000 	C:\Users\SK\AppData\Local\Temp\native-platform11340905412450261808dir\native-platform.dll
0x00007fff922c0000 - 0x00007fff922c8000 	C:\Program Files\Android\Android Studio\jre\bin\rmi.dll
0x00007fff982d0000 - 0x00007fff982f7000 	C:\Program Files\Android\Android Studio\jre\bin\sunec.dll

dbghelp: loaded successfully - version: 4.0.5 - missing functions: none
symbol engine: initialized successfully - sym options: 0x614 - pdb path: .;C:\Program Files\Android\Android Studio\jre\bin;C:\Windows\SYSTEM32;C:\Windows\WinSxS\amd64_microsoft.windows.common-controls_6595b64144ccf1df_6.0.19041.1110_none_60b5254171f9507e;C:\Program Files\Android\Android Studio\jre\bin\server;C:\Users\SK\.gradle\native\8bec1ad78214c89d9ad589b4d07fe93259594b29d510b10fafb7a158f7737e5d\windows-amd64;C:\Users\SK\.gradle\native\53dbd7edfb1c66fb8903c78663c9afc45aea4f116125fa6feffd364cf09443e8\windows-amd64;C:\Users\SK\AppData\Local\Temp\native-platform11340905412450261808dir

VM Arguments:
jvm_args: --add-opens=java.base/java.util=ALL-UNNAMED --add-opens=java.base/java.lang=ALL-UNNAMED --add-opens=java.base/java.lang.invoke=ALL-UNNAMED --add-opens=java.base/java.util=ALL-UNNAMED --add-opens=java.prefs/java.util.prefs=ALL-UNNAMED --add-opens=java.prefs/java.util.prefs=ALL-UNNAMED --add-opens=java.base/java.nio.charset=ALL-UNNAMED --add-opens=java.base/java.net=ALL-UNNAMED --add-opens=java.base/java.util.concurrent.atomic=ALL-UNNAMED -Xmx2048m -Dfile.encoding=UTF-8 -Duser.country=IN -Duser.language=en -Duser.variant 
java_command: org.gradle.launcher.daemon.bootstrap.GradleDaemon 7.0.2
java_class_path (initial): C:\Users\SK\.gradle\wrapper\dists\gradle-7.0.2-bin\857tjihv64xamwrf0h14cai3r\gradle-7.0.2\lib\gradle-launcher-7.0.2.jar
Launcher Type: SUN_STANDARD

[Global flags]
     intx CICompilerCount                          = 4                                         {product} {ergonomic}
     uint ConcGCThreads                            = 2                                         {product} {ergonomic}
     uint G1ConcRefinementThreads                  = 8                                         {product} {ergonomic}
   size_t G1HeapRegionSize                         = 1048576                                   {product} {ergonomic}
    uintx GCDrainStackTargetSize                   = 64                                        {product} {ergonomic}
   size_t InitialHeapSize                          = 268435456                                 {product} {ergonomic}
   size_t MarkStackSize                            = 4194304                                   {product} {ergonomic}
   size_t MaxHeapSize                              = 2147483648                                {product} {command line}
   size_t MaxNewSize                               = 1287651328                                {product} {ergonomic}
   size_t MinHeapDeltaBytes                        = 1048576                                   {product} {ergonomic}
    uintx NonNMethodCodeHeapSize                   = 5836300                                {pd product} {ergonomic}
    uintx NonProfiledCodeHeapSize                  = 122910970                              {pd product} {ergonomic}
    uintx ProfiledCodeHeapSize                     = 122910970                              {pd product} {ergonomic}
    uintx ReservedCodeCacheSize                    = 251658240                              {pd product} {ergonomic}
     bool SegmentedCodeCache                       = true                                      {product} {ergonomic}
     bool UseCompressedClassPointers               = true                                 {lp64_product} {ergonomic}
     bool UseCompressedOops                        = true                                 {lp64_product} {ergonomic}
     bool UseG1GC                                  = true                                      {product} {ergonomic}
     bool UseLargePagesIndividualAllocation        = false                                  {pd product} {ergonomic}

Logging:
Log output configuration:
 #0: stdout all=warning uptime,level,tags
 #1: stderr all=off uptime,level,tags

Environment Variables:
PATH=C:\Program Files (x86)\NVIDIA Corporation\PhysX\Common;C:\Windows\system32;C:\Windows;C:\Windows\System32\Wbem;C:\Windows\System32\WindowsPowerShell\v1.0\;C:\Windows\System32\OpenSSH\;C:\Program Files\PuTTY\;C:\Program Files\Microsoft VS Code\bin;C:\Users\SK\AppData\Local\Microsoft\WindowsApps;;C:\Program Files\JetBrains\IntelliJ IDEA Community Edition 2021.2.2\bin;
USERNAME=SK
OS=Windows_NT
PROCESSOR_IDENTIFIER=Intel64 Family 6 Model 142 Stepping 10, GenuineIntel



---------------  S Y S T E M  ---------------

OS: Windows 10 , 64 bit Build 19041 (10.0.19041.1348)
OS uptime: 0 days 20:56 hours

CPU:total 8 (initial active 8) (4 cores per cpu, 2 threads per core) family 6 model 142 stepping 10 microcode 0xb4, cmov, cx8, fxsr, mmx, sse, sse2, sse3, ssse3, sse4.1, sse4.2, popcnt, avx, avx2, aes, clmul, erms, 3dnowpref, lzcnt, ht, tsc, tscinvbit, bmi1, bmi2, adx, fma

Memory: 4k page, system-wide physical 16270M (3200M free)
TotalPageFile size 44809M (AvailPageFile size 47M)
current process WorkingSet (physical memory assigned to process): 625M, peak: 670M
current process commit charge ("private bytes"): 705M, peak: 720M

vm_info: OpenJDK 64-Bit Server VM (11.0.10+0-b96-7249189) for windows-amd64 JRE (11.0.10+0-b96-7249189), built on Mar 31 2021 21:44:00 by "builder" with MS VC++ 14.0 (VS2015)

END.
