#
# There is insufficient memory for the Java Runtime Environment to continue.
# Native memory allocation (mmap) failed to map 67108864 bytes for Failed to commit area from 0x0000000090000000 to 0x0000000094000000 of length 67108864.
# Possible reasons:
#   The system is out of physical RAM or swap space
#   The process is running with CompressedOops enabled, and the Java Heap may be blocking the growth of the native heap
# Possible solutions:
#   Reduce memory load on the system
#   Increase physical memory or swap space
#   Check if swap backing store is full
#   Decrease Java heap size (-Xmx/-Xms)
#   Decrease number of Java threads
#   Decrease Java thread stack sizes (-Xss)
#   Set larger code cache with -XX:ReservedCodeCacheSize=
#   JVM is running with Unscaled Compressed Oops mode in which the Java heap is
#     placed in the first 4GB address space. The Java Heap base address is the
#     maximum limit for the native heap growth. Please use -XX:HeapBaseMinAddress
#     to set the Java Heap base and to place the Java Heap above 4GB virtual address.
# This output file may be truncated or incomplete.
#
#  Out of Memory Error (./src/hotspot/os/windows/os_windows.cpp:3301), pid=7864, tid=5104
#
# JRE version: OpenJDK Runtime Environment (11.0.10) (build 11.0.10+0-b96-7249189)
# Java VM: OpenJDK 64-Bit Server VM (11.0.10+0-b96-7249189, mixed mode, tiered, compressed oops, g1 gc, windows-amd64)
# No core dump will be written. Minidumps are not enabled by default on client versions of Windows
#

---------------  S U M M A R Y ------------

Command Line: --add-opens=java.base/java.util=ALL-UNNAMED --add-opens=java.base/java.lang=ALL-UNNAMED --add-opens=java.base/java.lang.invoke=ALL-UNNAMED --add-opens=java.base/java.util=ALL-UNNAMED --add-opens=java.prefs/java.util.prefs=ALL-UNNAMED --add-opens=java.prefs/java.util.prefs=ALL-UNNAMED --add-opens=java.base/java.nio.charset=ALL-UNNAMED --add-opens=java.base/java.net=ALL-UNNAMED --add-opens=java.base/java.util.concurrent.atomic=ALL-UNNAMED -Xmx2048m -Dfile.encoding=UTF-8 -Duser.country=IN -Duser.language=en -Duser.variant org.gradle.launcher.daemon.bootstrap.GradleDaemon 7.0.2

Host: Intel(R) Core(TM) i5-8250U CPU @ 1.60GHz, 8 cores, 15G,  Windows 10 , 64 bit Build 19041 (10.0.19041.1348)
Time: Fri Jan 14 07:00:17 2022 India Standard Time elapsed time: 41.015246 seconds (0d 0h 0m 41s)

---------------  T H R E A D  ---------------

Current thread (0x00000272d866c800):  VMThread "VM Thread" [stack: 0x00000096f6300000,0x00000096f6400000] [id=5104]

Stack: [0x00000096f6300000,0x00000096f6400000]
[error occurred during error reporting (printing stack bounds), id 0xc0000005, EXCEPTION_ACCESS_VIOLATION (0xc0000005) at pc=0x00000272c0d00f2d]

Native frames: (J=compiled Java code, j=interpreted, Vv=VM code, C=native code)
V  [jvm.dll+0x5ecfaa]
V  [jvm.dll+0x722bd5]
V  [jvm.dll+0x72412d]
V  [jvm.dll+0x724745]
V  [jvm.dll+0x7246fb]
V  [jvm.dll+0x5ec348]
V  [jvm.dll+0x5ecad8]
C  [ntdll.dll+0xa20cf]
C  [ntdll.dll+0x51454]
C  [ntdll.dll+0xa0bfe]
C  0x00000272c0d00f2d

VM_Operation (0x00000096f85fde10): G1CollectForAllocation, mode: safepoint, requested by thread 0x00000272dc45d000


---------------  P R O C E S S  ---------------

Threads class SMR info:
_java_thread_list=0x00000272da1fc7d0, length=71, elements={
0x00000272bd20b800, 0x00000272d866e800, 0x00000272d8679800, 0x00000272d8693800,
0x00000272d8695800, 0x00000272d8697800, 0x00000272d8699000, 0x00000272d869a000,
0x00000272d86a1000, 0x00000272d885a800, 0x00000272da53d000, 0x00000272d95f8000,
0x00000272da9c3000, 0x00000272db00d000, 0x00000272db736000, 0x00000272dbb07000,
0x00000272dbb08800, 0x00000272dbb06000, 0x00000272dc45d000, 0x00000272dc45e800,
0x00000272dc45f800, 0x00000272dc460800, 0x00000272dc461000, 0x00000272dc462000,
0x00000272dc45c800, 0x00000272dc467000, 0x00000272dc467800, 0x00000272dc464800,
0x00000272dc466000, 0x00000272dc469800, 0x00000272df058800, 0x00000272df04f800,
0x00000272df04c000, 0x00000272df04d000, 0x00000272df04d800, 0x00000272df054000,
0x00000272e0dab800, 0x00000272df04e800, 0x00000272dd8ff800, 0x00000272df051000,
0x00000272df055000, 0x00000272df056000, 0x00000272df050000, 0x00000272df057800,
0x00000272df056800, 0x00000272df051800, 0x00000272df059000, 0x00000272df05a800,
0x00000272df05a000, 0x00000272dc463800, 0x00000272dc45e000, 0x00000272dc468800,
0x00000272dc465800, 0x00000272dbb08000, 0x00000272db43b800, 0x00000272db43e000,
0x00000272db438000, 0x00000272db43d000, 0x00000272db43f000, 0x00000272db43a000,
0x00000272db439000, 0x00000272db43f800, 0x00000272db43a800, 0x00000272db441000,
0x00000272db43c800, 0x00000272db443800, 0x00000272db442000, 0x00000272db447000,
0x00000272db443000, 0x00000272db444800, 0x00000272db445800
}

Java Threads: ( => current thread )
  0x00000272bd20b800 JavaThread "main" [_thread_blocked, id=12468, stack(0x00000096f5d00000,0x00000096f5e00000)]
  0x00000272d866e800 JavaThread "Reference Handler" daemon [_thread_blocked, id=8992, stack(0x00000096f6400000,0x00000096f6500000)]
  0x00000272d8679800 JavaThread "Finalizer" daemon [_thread_blocked, id=6200, stack(0x00000096f6500000,0x00000096f6600000)]
  0x00000272d8693800 JavaThread "Signal Dispatcher" daemon [_thread_blocked, id=1584, stack(0x00000096f6600000,0x00000096f6700000)]
  0x00000272d8695800 JavaThread "Attach Listener" daemon [_thread_blocked, id=6380, stack(0x00000096f6700000,0x00000096f6800000)]
  0x00000272d8697800 JavaThread "Service Thread" daemon [_thread_blocked, id=15252, stack(0x00000096f6800000,0x00000096f6900000)]
  0x00000272d8699000 JavaThread "C2 CompilerThread0" daemon [_thread_in_native, id=14568, stack(0x00000096f6900000,0x00000096f6a00000)]
  0x00000272d869a000 JavaThread "C1 CompilerThread0" daemon [_thread_blocked, id=14832, stack(0x00000096f6a00000,0x00000096f6b00000)]
  0x00000272d86a1000 JavaThread "Sweeper thread" daemon [_thread_blocked, id=9808, stack(0x00000096f6b00000,0x00000096f6c00000)]
  0x00000272d885a800 JavaThread "Common-Cleaner" daemon [_thread_blocked, id=11316, stack(0x00000096f6c00000,0x00000096f6d00000)]
  0x00000272da53d000 JavaThread "Daemon health stats" [_thread_blocked, id=1204, stack(0x00000096f7500000,0x00000096f7600000)]
  0x00000272d95f8000 JavaThread "Incoming local TCP Connector on port 54631" [_thread_in_native, id=1176, stack(0x00000096f6e00000,0x00000096f6f00000)]
  0x00000272da9c3000 JavaThread "Daemon periodic checks" [_thread_blocked, id=14720, stack(0x00000096f7400000,0x00000096f7500000)]
  0x00000272db00d000 JavaThread "Daemon" [_thread_blocked, id=2368, stack(0x00000096f7600000,0x00000096f7700000)]
  0x00000272db736000 JavaThread "Daemon worker" [_thread_blocked, id=13820, stack(0x00000096f7a00000,0x00000096f7b00000)]
  0x00000272dbb07000 JavaThread "Cache worker for file hash cache (C:\Users\SK\.gradle\caches\7.0.2\fileHashes)" [_thread_blocked, id=8048, stack(0x00000096f7800000,0x00000096f7900000)]
  0x00000272dbb08800 JavaThread "File lock request listener" [_thread_in_native, id=2136, stack(0x00000096f7e00000,0x00000096f7f00000)]
  0x00000272dbb06000 JavaThread "Cache worker for journal cache (C:\Users\SK\.gradle\caches\journal-1)" [_thread_blocked, id=11164, stack(0x00000096f8200000,0x00000096f8300000)]
  0x00000272dc45d000 JavaThread "File watcher server" daemon [_thread_blocked, id=2896, stack(0x00000096f8500000,0x00000096f8600000)]
  0x00000272dc45e800 JavaThread "File watcher consumer" daemon [_thread_blocked, id=15280, stack(0x00000096f8600000,0x00000096f8700000)]
  0x00000272dc45f800 JavaThread "jar transforms" [_thread_blocked, id=10712, stack(0x00000096f8700000,0x00000096f8800000)]
  0x00000272dc460800 JavaThread "jar transforms Thread 2" [_thread_blocked, id=15264, stack(0x00000096f8800000,0x00000096f8900000)]
  0x00000272dc461000 JavaThread "jar transforms Thread 3" [_thread_blocked, id=7796, stack(0x00000096f8900000,0x00000096f8a00000)]
  0x00000272dc462000 JavaThread "jar transforms Thread 4" [_thread_blocked, id=13628, stack(0x00000096f8a00000,0x00000096f8b00000)]
  0x00000272dc45c800 JavaThread "jar transforms Thread 5" [_thread_blocked, id=10128, stack(0x00000096f8c00000,0x00000096f8d00000)]
  0x00000272dc467000 JavaThread "jar transforms Thread 6" [_thread_blocked, id=3284, stack(0x00000096f8d00000,0x00000096f8e00000)]
  0x00000272dc467800 JavaThread "jar transforms Thread 7" [_thread_blocked, id=12984, stack(0x00000096f8e00000,0x00000096f8f00000)]
  0x00000272dc464800 JavaThread "jar transforms Thread 8" [_thread_blocked, id=8264, stack(0x00000096f8f00000,0x00000096f9000000)]
  0x00000272dc466000 JavaThread "Cache worker for execution history cache (C:\Users\SK\.gradle\caches\7.0.2\executionHistory)" [_thread_blocked, id=12520, stack(0x00000096f9300000,0x00000096f9400000)]
  0x00000272dc469800 JavaThread "Cache worker for file content cache (C:\Users\SK\.gradle\caches\7.0.2\fileContent)" [_thread_blocked, id=3724, stack(0x00000096f9400000,0x00000096f9500000)]
  0x00000272df058800 JavaThread "Memory manager" [_thread_blocked, id=13660, stack(0x00000096fa300000,0x00000096fa400000)]
  0x00000272df04f800 JavaThread "Handler for socket connection from /127.0.0.1:54631 to /127.0.0.1:54649" [_thread_in_native, id=12140, stack(0x00000096f7700000,0x00000096f7800000)]
  0x00000272df04c000 JavaThread "Cancel handler" [_thread_blocked, id=736, stack(0x00000096f7900000,0x00000096f7a00000)]
  0x00000272df04d000 JavaThread "Asynchronous log dispatcher for DefaultDaemonConnection: socket connection from /127.0.0.1:54631 to /127.0.0.1:54649" [_thread_blocked, id=13864, stack(0x00000096f7b00000,0x00000096f7c00000)]
  0x00000272df04d800 JavaThread "Stdin handler" [_thread_blocked, id=3120, stack(0x00000096f7c00000,0x00000096f7d00000)]
  0x00000272df054000 JavaThread "Daemon client event forwarder" [_thread_blocked, id=2584, stack(0x00000096f7d00000,0x00000096f7e00000)]
  0x00000272e0dab800 JavaThread "C2 CompilerThread1" daemon [_thread_blocked, id=1704, stack(0x00000096f8300000,0x00000096f8400000)]
  0x00000272df04e800 JavaThread "Cache worker for file hash cache (C:\Users\SK\AndroidStudioProjects\ERP\.gradle\7.0.2\fileHashes)" [_thread_blocked, id=9512, stack(0x00000096f8400000,0x00000096f8500000)]
  0x00000272dd8ff800 JavaThread "C2 CompilerThread2" daemon [_thread_blocked, id=14124, stack(0x00000096f8b00000,0x00000096f8c00000)]
  0x00000272df051000 JavaThread "Cache worker for checksums cache (C:\Users\SK\AndroidStudioProjects\ERP\.gradle\checksums)" [_thread_blocked, id=2108, stack(0x00000096f9000000,0x00000096f9100000)]
  0x00000272df055000 JavaThread "Cache worker for cache directory md-supplier (C:\Users\SK\.gradle\caches\7.0.2\md-supplier)" [_thread_blocked, id=13704, stack(0x00000096f9100000,0x00000096f9200000)]
  0x00000272df056000 JavaThread "Cache worker for cache directory md-rule (C:\Users\SK\.gradle\caches\7.0.2\md-rule)" [_thread_blocked, id=11304, stack(0x00000096f9200000,0x00000096f9300000)]
  0x00000272df050000 JavaThread "Cache worker for dependencies-accessors (C:\Users\SK\AndroidStudioProjects\ERP\.gradle\7.0.2\dependencies-accessors)" [_thread_blocked, id=13804, stack(0x00000096f9600000,0x00000096f9700000)]
  0x00000272df057800 JavaThread "Cache worker for Build Output Cleanup Cache (C:\Users\SK\AndroidStudioProjects\ERP\.gradle\buildOutputCleanup)" [_thread_blocked, id=14840, stack(0x00000096f9700000,0x00000096f9800000)]
  0x00000272df056800 JavaThread "Build operations" [_thread_blocked, id=2828, stack(0x00000096f9a00000,0x00000096f9b00000)]
  0x00000272df051800 JavaThread "Build operations Thread 2" [_thread_blocked, id=8732, stack(0x00000096f9b00000,0x00000096f9c00000)]
  0x00000272df059000 JavaThread "Build operations Thread 3" [_thread_blocked, id=6432, stack(0x00000096f9c00000,0x00000096f9d00000)]
  0x00000272df05a800 JavaThread "Build operations Thread 4" [_thread_blocked, id=8524, stack(0x00000096f9d00000,0x00000096f9e00000)]
  0x00000272df05a000 JavaThread "Build operations Thread 5" [_thread_blocked, id=11228, stack(0x00000096f9e00000,0x00000096f9f00000)]
  0x00000272dc463800 JavaThread "Build operations Thread 6" [_thread_blocked, id=7908, stack(0x00000096f9f00000,0x00000096fa000000)]
  0x00000272dc45e000 JavaThread "Build operations Thread 7" [_thread_blocked, id=11548, stack(0x00000096fa500000,0x00000096fa600000)]
  0x00000272dc468800 JavaThread "Build operations Thread 8" [_thread_blocked, id=13772, stack(0x00000096fa600000,0x00000096fa700000)]
  0x00000272dc465800 JavaThread "build event listener" [_thread_blocked, id=12236, stack(0x00000096fa700000,0x00000096fa800000)]
  0x00000272dbb08000 JavaThread "build event listener" [_thread_blocked, id=10160, stack(0x00000096fa800000,0x00000096fa900000)]
  0x00000272db43b800 JavaThread "Execution worker for ':'" [_thread_blocked, id=672, stack(0x00000096fa900000,0x00000096faa00000)]
  0x00000272db43e000 JavaThread "Execution worker for ':' Thread 2" [_thread_blocked, id=4276, stack(0x00000096faa00000,0x00000096fab00000)]
  0x00000272db438000 JavaThread "Execution worker for ':' Thread 3" [_thread_blocked, id=4068, stack(0x00000096fab00000,0x00000096fac00000)]
  0x00000272db43d000 JavaThread "Execution worker for ':' Thread 4" [_thread_blocked, id=11688, stack(0x00000096fac00000,0x00000096fad00000)]
  0x00000272db43f000 JavaThread "Execution worker for ':' Thread 5" [_thread_blocked, id=8988, stack(0x00000096fad00000,0x00000096fae00000)]
  0x00000272db43a000 JavaThread "Execution worker for ':' Thread 6" [_thread_blocked, id=8692, stack(0x00000096fae00000,0x00000096faf00000)]
  0x00000272db439000 JavaThread "Execution worker for ':' Thread 7" [_thread_blocked, id=4184, stack(0x00000096faf00000,0x00000096fb000000)]
  0x00000272db43f800 JavaThread "Cache worker for execution history cache (C:\Users\SK\AndroidStudioProjects\ERP\.gradle\7.0.2\executionHistory)" [_thread_blocked, id=5820, stack(0x00000096fb000000,0x00000096fb100000)]
  0x00000272db43a800 JavaThread "WorkerExecutor Queue" [_thread_blocked, id=7044, stack(0x00000096fb100000,0x00000096fb200000)]
  0x00000272db441000 JavaThread "WorkerExecutor Queue Thread 2" [_thread_blocked, id=7732, stack(0x00000096fb200000,0x00000096fb300000)]
  0x00000272db43c800 JavaThread "WorkerExecutor Queue Thread 3" [_thread_blocked, id=14764, stack(0x00000096fb300000,0x00000096fb400000)]
  0x00000272db443800 JavaThread "WorkerExecutor Queue Thread 4" [_thread_blocked, id=8316, stack(0x00000096fb400000,0x00000096fb500000)]
  0x00000272db442000 JavaThread "WorkerExecutor Queue Thread 5" [_thread_blocked, id=5188, stack(0x00000096fb500000,0x00000096fb600000)]
  0x00000272db447000 JavaThread "Java2D Disposer" daemon [_thread_blocked, id=5476, stack(0x00000096fb600000,0x00000096fb700000)]
  0x00000272db443000 JavaThread "WorkerExecutor Queue Thread 6" [_thread_blocked, id=9956, stack(0x00000096fb700000,0x00000096fb800000)]
  0x00000272db444800 JavaThread "WorkerExecutor Queue Thread 7" [_thread_blocked, id=10396, stack(0x00000096fb800000,0x00000096fb900000)]
  0x00000272db445800 JavaThread "WorkerExecutor Queue Thread 8" [_thread_blocked, id=13712, stack(0x00000096fb900000,0x00000096fba00000)]

Other Threads:
=>0x00000272d866c800 VMThread "VM Thread" [stack: 0x00000096f6300000,0x00000096f6400000] [id=5104]
  0x00000272d8865000 WatcherThread [stack: 0x00000096f6d00000,0x00000096f6e00000] [id=10500]
  0x00000272bd223800 GCTaskThread "GC Thread#0" [stack: 0x00000096f5e00000,0x00000096f5f00000] [id=13720]
  0x00000272d9388800 GCTaskThread "GC Thread#1" [stack: 0x00000096f6f00000,0x00000096f7000000] [id=15336]
  0x00000272d88f4800 GCTaskThread "GC Thread#2" [stack: 0x00000096f7000000,0x00000096f7100000] [id=8788]
  0x00000272d9294800 GCTaskThread "GC Thread#3" [stack: 0x00000096f7100000,0x00000096f7200000] [id=8040]
  0x00000272d94c1000 GCTaskThread "GC Thread#4" [stack: 0x00000096f7200000,0x00000096f7300000] [id=7492]
  0x00000272d9ba4000 GCTaskThread "GC Thread#5" [stack: 0x00000096f7300000,0x00000096f7400000] [id=13696]
  0x00000272daa01800 GCTaskThread "GC Thread#6" [stack: 0x00000096f7f00000,0x00000096f8000000] [id=6668]
  0x00000272dabf7800 GCTaskThread "GC Thread#7" [stack: 0x00000096f8000000,0x00000096f8100000] [id=11932]
  0x00000272bd258800 ConcurrentGCThread "G1 Main Marker" [stack: 0x00000096f5f00000,0x00000096f6000000] [id=12544]
  0x00000272bd259800 ConcurrentGCThread "G1 Conc#0" [stack: 0x00000096f6000000,0x00000096f6100000] [id=5208]
  0x00000272daf06000 ConcurrentGCThread "G1 Conc#1" [stack: 0x00000096f8100000,0x00000096f8200000] [id=3232]
  0x00000272d7c8e800 ConcurrentGCThread "G1 Refine#0" [stack: 0x00000096f6100000,0x00000096f6200000] [id=6572]
  0x00000272ddf75800 ConcurrentGCThread "G1 Refine#1" [stack: 0x00000096f9500000,0x00000096f9600000] [id=10096]
  0x00000272defb3000 ConcurrentGCThread "G1 Refine#2" [stack: 0x00000096fa000000,0x00000096fa100000] [id=10116]
  0x00000272d994e800 ConcurrentGCThread "G1 Refine#3" [stack: 0x00000096fa100000,0x00000096fa200000] [id=8224]
  0x00000272dfbaf800 ConcurrentGCThread "G1 Refine#4" [stack: 0x00000096fa200000,0x00000096fa300000] [id=15080]
  0x00000272d7c8f800 ConcurrentGCThread "G1 Young RemSet Sampling" [stack: 0x00000096f6200000,0x00000096f6300000] [id=13448]

Threads with active compile tasks:
C2 CompilerThread0  41043 16880       4       com.android.utils.XmlUtils::append (647 bytes)
C2 CompilerThread1  41043 16936   !   4       org.apache.xerces.dom.CoreDocumentImpl::adoptNode (537 bytes)
C2 CompilerThread2  41044 16942       4       org.apache.xerces.dom.ParentNode::internalRemoveChild (319 bytes)

VM state:at safepoint (normal execution)

VM Mutex/Monitor currently owned by a thread:  ([mutex/lock_event])
[0x00000272bd2089d0] Threads_lock - owner thread: 0x00000272d866c800
[0x00000272bd207fb0] Heap_lock - owner thread: 0x00000272dc45d000

Heap address: 0x0000000080000000, size: 2048 MB, Compressed Oops mode: 32-bit
Narrow klass base: 0x0000000000000000, Narrow klass shift: 3
Compressed class space size: 1073741824 Address: 0x0000000100000000

Heap:
 garbage-first heap   total 327680K, used 221565K [0x0000000080000000, 0x0000000100000000)
  region size 1024K, 2 young (2048K), 2 survivors (2048K)
 Metaspace       used 123519K, capacity 126774K, committed 126976K, reserved 1159168K
  class space    used 15639K, capacity 16853K, committed 16896K, reserved 1048576K
Heap Regions: E=young(eden), S=young(survivor), O=old, HS=humongous(starts), HC=humongous(continues), CS=collection set, F=free, A=archive, TAMS=top-at-mark-start (previous, next)
|   0|0x0000000080000000, 0x0000000080100000, 0x0000000080100000|100%|HS|  |TAMS 0x0000000080100000, 0x0000000080100000| Complete 
|   1|0x0000000080100000, 0x0000000080200000, 0x0000000080200000|100%|HC|  |TAMS 0x0000000080200000, 0x0000000080200000| Complete 
|   2|0x0000000080200000, 0x0000000080300000, 0x0000000080300000|100%| O|  |TAMS 0x0000000080300000, 0x0000000080300000| Untracked 
|   3|0x0000000080300000, 0x0000000080400000, 0x0000000080400000|100%|HS|  |TAMS 0x0000000080400000, 0x0000000080400000| Complete 
|   4|0x0000000080400000, 0x0000000080500000, 0x0000000080500000|100%|HC|  |TAMS 0x0000000080500000, 0x0000000080500000| Complete 
|   5|0x0000000080500000, 0x0000000080600000, 0x0000000080600000|100%|HC|  |TAMS 0x0000000080600000, 0x0000000080600000| Complete 
|   6|0x0000000080600000, 0x0000000080700000, 0x0000000080700000|100%| O|  |TAMS 0x0000000080700000, 0x0000000080700000| Untracked 
|   7|0x0000000080700000, 0x0000000080800000, 0x0000000080800000|100%| O|  |TAMS 0x0000000080800000, 0x0000000080800000| Untracked 
|   8|0x0000000080800000, 0x0000000080900000, 0x0000000080900000|100%| O|  |TAMS 0x0000000080900000, 0x0000000080900000| Untracked 
|   9|0x0000000080900000, 0x0000000080a00000, 0x0000000080a00000|100%| O|  |TAMS 0x0000000080a00000, 0x0000000080a00000| Untracked 
|  10|0x0000000080a00000, 0x0000000080b00000, 0x0000000080b00000|100%|HS|  |TAMS 0x0000000080b00000, 0x0000000080b00000| Complete 
|  11|0x0000000080b00000, 0x0000000080c00000, 0x0000000080c00000|100%|HC|  |TAMS 0x0000000080c00000, 0x0000000080c00000| Complete 
|  12|0x0000000080c00000, 0x0000000080d00000, 0x0000000080d00000|100%|HC|  |TAMS 0x0000000080d00000, 0x0000000080d00000| Complete 
|  13|0x0000000080d00000, 0x0000000080e00000, 0x0000000080e00000|100%|HS|  |TAMS 0x0000000080e00000, 0x0000000080e00000| Complete 
|  14|0x0000000080e00000, 0x0000000080f00000, 0x0000000080f00000|100%|HC|  |TAMS 0x0000000080f00000, 0x0000000080f00000| Complete 
|  15|0x0000000080f00000, 0x0000000081000000, 0x0000000081000000|100%|HC|  |TAMS 0x0000000081000000, 0x0000000081000000| Complete 
|  16|0x0000000081000000, 0x0000000081100000, 0x0000000081100000|100%|HC|  |TAMS 0x0000000081100000, 0x0000000081100000| Complete 
|  17|0x0000000081100000, 0x0000000081200000, 0x0000000081200000|100%|HC|  |TAMS 0x0000000081200000, 0x0000000081200000| Complete 
|  18|0x0000000081200000, 0x0000000081300000, 0x0000000081300000|100%| O|  |TAMS 0x0000000081300000, 0x0000000081300000| Untracked 
|  19|0x0000000081300000, 0x0000000081400000, 0x0000000081400000|100%| O|  |TAMS 0x0000000081400000, 0x0000000081400000| Untracked 
|  20|0x0000000081400000, 0x0000000081500000, 0x0000000081500000|100%| O|  |TAMS 0x0000000081500000, 0x0000000081500000| Untracked 
|  21|0x0000000081500000, 0x0000000081600000, 0x0000000081600000|100%| O|  |TAMS 0x0000000081600000, 0x0000000081600000| Untracked 
|  22|0x0000000081600000, 0x0000000081700000, 0x0000000081700000|100%| O|  |TAMS 0x0000000081700000, 0x0000000081700000| Untracked 
|  23|0x0000000081700000, 0x0000000081800000, 0x0000000081800000|100%| O|  |TAMS 0x0000000081800000, 0x0000000081800000| Untracked 
|  24|0x0000000081800000, 0x0000000081900000, 0x0000000081900000|100%| O|  |TAMS 0x0000000081900000, 0x0000000081900000| Untracked 
|  25|0x0000000081900000, 0x0000000081a00000, 0x0000000081a00000|100%| O|  |TAMS 0x0000000081a00000, 0x0000000081a00000| Untracked 
|  26|0x0000000081a00000, 0x0000000081b00000, 0x0000000081b00000|100%| O|  |TAMS 0x0000000081b00000, 0x0000000081b00000| Untracked 
|  27|0x0000000081b00000, 0x0000000081c00000, 0x0000000081c00000|100%|HS|  |TAMS 0x0000000081c00000, 0x0000000081c00000| Complete 
|  28|0x0000000081c00000, 0x0000000081d00000, 0x0000000081d00000|100%|HS|  |TAMS 0x0000000081d00000, 0x0000000081d00000| Complete 
|  29|0x0000000081d00000, 0x0000000081e00000, 0x0000000081e00000|100%|HS|  |TAMS 0x0000000081e00000, 0x0000000081e00000| Complete 
|  30|0x0000000081e00000, 0x0000000081f00000, 0x0000000081f00000|100%|HS|  |TAMS 0x0000000081f00000, 0x0000000081f00000| Complete 
|  31|0x0000000081f00000, 0x0000000082000000, 0x0000000082000000|100%|HC|  |TAMS 0x0000000082000000, 0x0000000082000000| Complete 
|  32|0x0000000082000000, 0x0000000082100000, 0x0000000082100000|100%|HC|  |TAMS 0x0000000082100000, 0x0000000082100000| Complete 
|  33|0x0000000082100000, 0x0000000082200000, 0x0000000082200000|100%|HC|  |TAMS 0x0000000082200000, 0x0000000082200000| Complete 
|  34|0x0000000082200000, 0x0000000082300000, 0x0000000082300000|100%|HC|  |TAMS 0x0000000082300000, 0x0000000082300000| Complete 
|  35|0x0000000082300000, 0x0000000082400000, 0x0000000082400000|100%|HS|  |TAMS 0x0000000082400000, 0x0000000082400000| Complete 
|  36|0x0000000082400000, 0x0000000082500000, 0x0000000082500000|100%|HC|  |TAMS 0x0000000082500000, 0x0000000082500000| Complete 
|  37|0x0000000082500000, 0x0000000082600000, 0x0000000082600000|100%|HC|  |TAMS 0x0000000082600000, 0x0000000082600000| Complete 
|  38|0x0000000082600000, 0x0000000082700000, 0x0000000082700000|100%| O|  |TAMS 0x0000000082700000, 0x0000000082700000| Untracked 
|  39|0x0000000082700000, 0x0000000082800000, 0x0000000082800000|100%| O|  |TAMS 0x0000000082800000, 0x0000000082800000| Untracked 
|  40|0x0000000082800000, 0x0000000082900000, 0x0000000082900000|100%| O|  |TAMS 0x0000000082900000, 0x0000000082900000| Untracked 
|  41|0x0000000082900000, 0x0000000082a00000, 0x0000000082a00000|100%|HS|  |TAMS 0x0000000082a00000, 0x0000000082a00000| Complete 
|  42|0x0000000082a00000, 0x0000000082b00000, 0x0000000082b00000|100%|HC|  |TAMS 0x0000000082b00000, 0x0000000082b00000| Complete 
|  43|0x0000000082b00000, 0x0000000082c00000, 0x0000000082c00000|100%|HC|  |TAMS 0x0000000082c00000, 0x0000000082c00000| Complete 
|  44|0x0000000082c00000, 0x0000000082d00000, 0x0000000082d00000|100%|HS|  |TAMS 0x0000000082d00000, 0x0000000082d00000| Complete 
|  45|0x0000000082d00000, 0x0000000082e00000, 0x0000000082e00000|100%|HC|  |TAMS 0x0000000082e00000, 0x0000000082e00000| Complete 
|  46|0x0000000082e00000, 0x0000000082f00000, 0x0000000082f00000|100%| O|  |TAMS 0x0000000082f00000, 0x0000000082f00000| Untracked 
|  47|0x0000000082f00000, 0x0000000083000000, 0x0000000083000000|100%| O|  |TAMS 0x0000000083000000, 0x0000000083000000| Untracked 
|  48|0x0000000083000000, 0x0000000083100000, 0x0000000083100000|100%| O|  |TAMS 0x0000000083100000, 0x0000000083100000| Untracked 
|  49|0x0000000083100000, 0x0000000083200000, 0x0000000083200000|100%| O|  |TAMS 0x0000000083200000, 0x0000000083200000| Untracked 
|  50|0x0000000083200000, 0x0000000083300000, 0x0000000083300000|100%| O|  |TAMS 0x0000000083300000, 0x0000000083300000| Untracked 
|  51|0x0000000083300000, 0x0000000083400000, 0x0000000083400000|100%| O|  |TAMS 0x0000000083400000, 0x0000000083400000| Untracked 
|  52|0x0000000083400000, 0x0000000083500000, 0x0000000083500000|100%| O|  |TAMS 0x0000000083500000, 0x0000000083500000| Untracked 
|  53|0x0000000083500000, 0x0000000083600000, 0x0000000083600000|100%| O|  |TAMS 0x0000000083600000, 0x0000000083600000| Untracked 
|  54|0x0000000083600000, 0x0000000083700000, 0x0000000083700000|100%| O|  |TAMS 0x0000000083700000, 0x0000000083700000| Untracked 
|  55|0x0000000083700000, 0x0000000083800000, 0x0000000083800000|100%| O|  |TAMS 0x0000000083800000, 0x0000000083800000| Untracked 
|  56|0x0000000083800000, 0x0000000083900000, 0x0000000083900000|100%| O|  |TAMS 0x0000000083900000, 0x0000000083900000| Untracked 
|  57|0x0000000083900000, 0x0000000083a00000, 0x0000000083a00000|100%| O|  |TAMS 0x0000000083a00000, 0x0000000083a00000| Untracked 
|  58|0x0000000083a00000, 0x0000000083b00000, 0x0000000083b00000|100%| O|  |TAMS 0x0000000083b00000, 0x0000000083b00000| Untracked 
|  59|0x0000000083b00000, 0x0000000083c00000, 0x0000000083c00000|100%| O|  |TAMS 0x0000000083c00000, 0x0000000083c00000| Untracked 
|  60|0x0000000083c00000, 0x0000000083d00000, 0x0000000083d00000|100%| O|  |TAMS 0x0000000083d00000, 0x0000000083d00000| Untracked 
|  61|0x0000000083d00000, 0x0000000083e00000, 0x0000000083e00000|100%| O|  |TAMS 0x0000000083e00000, 0x0000000083e00000| Untracked 
|  62|0x0000000083e00000, 0x0000000083f00000, 0x0000000083f00000|100%| O|  |TAMS 0x0000000083f00000, 0x0000000083f00000| Untracked 
|  63|0x0000000083f00000, 0x0000000084000000, 0x0000000084000000|100%| O|  |TAMS 0x0000000084000000, 0x0000000084000000| Untracked 
|  64|0x0000000084000000, 0x0000000084100000, 0x0000000084100000|100%| O|  |TAMS 0x0000000084100000, 0x0000000084100000| Untracked 
|  65|0x0000000084100000, 0x0000000084200000, 0x0000000084200000|100%| O|  |TAMS 0x0000000084200000, 0x0000000084200000| Untracked 
|  66|0x0000000084200000, 0x0000000084300000, 0x0000000084300000|100%| O|  |TAMS 0x0000000084300000, 0x0000000084300000| Untracked 
|  67|0x0000000084300000, 0x0000000084400000, 0x0000000084400000|100%| O|  |TAMS 0x0000000084400000, 0x0000000084400000| Untracked 
|  68|0x0000000084400000, 0x0000000084500000, 0x0000000084500000|100%| O|  |TAMS 0x0000000084500000, 0x0000000084500000| Untracked 
|  69|0x0000000084500000, 0x0000000084600000, 0x0000000084600000|100%| O|  |TAMS 0x0000000084600000, 0x0000000084600000| Untracked 
|  70|0x0000000084600000, 0x0000000084700000, 0x0000000084700000|100%| O|  |TAMS 0x0000000084700000, 0x0000000084700000| Untracked 
|  71|0x0000000084700000, 0x0000000084800000, 0x0000000084800000|100%| O|  |TAMS 0x0000000084800000, 0x0000000084800000| Untracked 
|  72|0x0000000084800000, 0x0000000084900000, 0x0000000084900000|100%| O|  |TAMS 0x0000000084900000, 0x0000000084900000| Untracked 
|  73|0x0000000084900000, 0x0000000084a00000, 0x0000000084a00000|100%| O|  |TAMS 0x0000000084a00000, 0x0000000084a00000| Untracked 
|  74|0x0000000084a00000, 0x0000000084b00000, 0x0000000084b00000|100%| O|  |TAMS 0x0000000084b00000, 0x0000000084b00000| Untracked 
|  75|0x0000000084b00000, 0x0000000084c00000, 0x0000000084c00000|100%| O|  |TAMS 0x0000000084c00000, 0x0000000084c00000| Untracked 
|  76|0x0000000084c00000, 0x0000000084d00000, 0x0000000084d00000|100%| O|  |TAMS 0x0000000084d00000, 0x0000000084d00000| Untracked 
|  77|0x0000000084d00000, 0x0000000084e00000, 0x0000000084e00000|100%| O|  |TAMS 0x0000000084e00000, 0x0000000084e00000| Untracked 
|  78|0x0000000084e00000, 0x0000000084f00000, 0x0000000084f00000|100%| O|  |TAMS 0x0000000084f00000, 0x0000000084f00000| Untracked 
|  79|0x0000000084f00000, 0x0000000085000000, 0x0000000085000000|100%| O|  |TAMS 0x0000000085000000, 0x0000000085000000| Untracked 
|  80|0x0000000085000000, 0x0000000085100000, 0x0000000085100000|100%| O|  |TAMS 0x0000000085100000, 0x0000000085100000| Untracked 
|  81|0x0000000085100000, 0x0000000085200000, 0x0000000085200000|100%| O|  |TAMS 0x0000000085200000, 0x0000000085200000| Untracked 
|  82|0x0000000085200000, 0x0000000085300000, 0x0000000085300000|100%| O|  |TAMS 0x0000000085300000, 0x0000000085300000| Untracked 
|  83|0x0000000085300000, 0x0000000085400000, 0x0000000085400000|100%| O|  |TAMS 0x0000000085400000, 0x0000000085400000| Untracked 
|  84|0x0000000085400000, 0x0000000085500000, 0x0000000085500000|100%| O|  |TAMS 0x0000000085500000, 0x0000000085500000| Untracked 
|  85|0x0000000085500000, 0x0000000085600000, 0x0000000085600000|100%| O|  |TAMS 0x0000000085600000, 0x0000000085600000| Untracked 
|  86|0x0000000085600000, 0x0000000085700000, 0x0000000085700000|100%| O|  |TAMS 0x0000000085700000, 0x0000000085700000| Untracked 
|  87|0x0000000085700000, 0x0000000085800000, 0x0000000085800000|100%| O|  |TAMS 0x0000000085800000, 0x0000000085800000| Untracked 
|  88|0x0000000085800000, 0x0000000085900000, 0x0000000085900000|100%| O|  |TAMS 0x0000000085900000, 0x0000000085900000| Untracked 
|  89|0x0000000085900000, 0x0000000085a00000, 0x0000000085a00000|100%| O|  |TAMS 0x0000000085a00000, 0x0000000085a00000| Untracked 
|  90|0x0000000085a00000, 0x0000000085b00000, 0x0000000085b00000|100%| O|  |TAMS 0x0000000085b00000, 0x0000000085b00000| Untracked 
|  91|0x0000000085b00000, 0x0000000085c00000, 0x0000000085c00000|100%| O|  |TAMS 0x0000000085c00000, 0x0000000085c00000| Untracked 
|  92|0x0000000085c00000, 0x0000000085d00000, 0x0000000085d00000|100%| O|  |TAMS 0x0000000085d00000, 0x0000000085d00000| Untracked 
|  93|0x0000000085d00000, 0x0000000085e00000, 0x0000000085e00000|100%| O|  |TAMS 0x0000000085e00000, 0x0000000085e00000| Untracked 
|  94|0x0000000085e00000, 0x0000000085f00000, 0x0000000085f00000|100%| O|  |TAMS 0x0000000085e00000, 0x0000000085f00000| Untracked 
|  95|0x0000000085f00000, 0x0000000086000000, 0x0000000086000000|100%| O|  |TAMS 0x0000000086000000, 0x0000000086000000| Untracked 
|  96|0x0000000086000000, 0x0000000086100000, 0x0000000086100000|100%| O|  |TAMS 0x0000000086100000, 0x0000000086100000| Untracked 
|  97|0x0000000086100000, 0x0000000086200000, 0x0000000086200000|100%| O|  |TAMS 0x0000000086200000, 0x0000000086200000| Untracked 
|  98|0x0000000086200000, 0x0000000086300000, 0x0000000086300000|100%| O|  |TAMS 0x0000000086300000, 0x0000000086300000| Untracked 
|  99|0x0000000086300000, 0x0000000086400000, 0x0000000086400000|100%| O|  |TAMS 0x0000000086400000, 0x0000000086400000| Untracked 
| 100|0x0000000086400000, 0x0000000086500000, 0x0000000086500000|100%| O|  |TAMS 0x0000000086500000, 0x0000000086500000| Untracked 
| 101|0x0000000086500000, 0x0000000086600000, 0x0000000086600000|100%| O|  |TAMS 0x0000000086600000, 0x0000000086600000| Untracked 
| 102|0x0000000086600000, 0x0000000086700000, 0x0000000086700000|100%| O|  |TAMS 0x0000000086700000, 0x0000000086700000| Untracked 
| 103|0x0000000086700000, 0x0000000086800000, 0x0000000086800000|100%| O|  |TAMS 0x0000000086800000, 0x0000000086800000| Untracked 
| 104|0x0000000086800000, 0x0000000086900000, 0x0000000086900000|100%| O|  |TAMS 0x0000000086900000, 0x0000000086900000| Untracked 
| 105|0x0000000086900000, 0x0000000086a00000, 0x0000000086a00000|100%| O|  |TAMS 0x0000000086a00000, 0x0000000086a00000| Untracked 
| 106|0x0000000086a00000, 0x0000000086b00000, 0x0000000086b00000|100%| O|  |TAMS 0x0000000086b00000, 0x0000000086b00000| Untracked 
| 107|0x0000000086b00000, 0x0000000086c00000, 0x0000000086c00000|100%| O|  |TAMS 0x0000000086c00000, 0x0000000086c00000| Untracked 
| 108|0x0000000086c00000, 0x0000000086d00000, 0x0000000086d00000|100%| O|  |TAMS 0x0000000086d00000, 0x0000000086d00000| Untracked 
| 109|0x0000000086d00000, 0x0000000086e00000, 0x0000000086e00000|100%| O|  |TAMS 0x0000000086e00000, 0x0000000086e00000| Untracked 
| 110|0x0000000086e00000, 0x0000000086f00000, 0x0000000086f00000|100%| O|  |TAMS 0x0000000086f00000, 0x0000000086f00000| Untracked 
| 111|0x0000000086f00000, 0x0000000087000000, 0x0000000087000000|100%| O|  |TAMS 0x0000000087000000, 0x0000000087000000| Untracked 
| 112|0x0000000087000000, 0x0000000087100000, 0x0000000087100000|100%| O|  |TAMS 0x0000000087100000, 0x0000000087100000| Untracked 
| 113|0x0000000087100000, 0x0000000087200000, 0x0000000087200000|100%| O|  |TAMS 0x0000000087200000, 0x0000000087200000| Untracked 
| 114|0x0000000087200000, 0x0000000087300000, 0x0000000087300000|100%| O|  |TAMS 0x0000000087300000, 0x0000000087300000| Untracked 
| 115|0x0000000087300000, 0x0000000087400000, 0x0000000087400000|100%| O|  |TAMS 0x0000000087400000, 0x0000000087400000| Untracked 
| 116|0x0000000087400000, 0x0000000087500000, 0x0000000087500000|100%| O|  |TAMS 0x0000000087500000, 0x0000000087500000| Untracked 
| 117|0x0000000087500000, 0x0000000087600000, 0x0000000087600000|100%| O|  |TAMS 0x0000000087600000, 0x0000000087600000| Untracked 
| 118|0x0000000087600000, 0x0000000087700000, 0x0000000087700000|100%| O|  |TAMS 0x0000000087600000, 0x0000000087700000| Untracked 
| 119|0x0000000087700000, 0x0000000087800000, 0x0000000087800000|100%| O|  |TAMS 0x0000000087800000, 0x0000000087800000| Untracked 
| 120|0x0000000087800000, 0x0000000087900000, 0x0000000087900000|100%| O|  |TAMS 0x0000000087900000, 0x0000000087900000| Untracked 
| 121|0x0000000087900000, 0x0000000087a00000, 0x0000000087a00000|100%| O|  |TAMS 0x0000000087a00000, 0x0000000087a00000| Untracked 
| 122|0x0000000087a00000, 0x0000000087b00000, 0x0000000087b00000|100%| O|  |TAMS 0x0000000087b00000, 0x0000000087b00000| Untracked 
| 123|0x0000000087b00000, 0x0000000087c00000, 0x0000000087c00000|100%| O|  |TAMS 0x0000000087c00000, 0x0000000087c00000| Untracked 
| 124|0x0000000087c00000, 0x0000000087d00000, 0x0000000087d00000|100%| O|  |TAMS 0x0000000087d00000, 0x0000000087d00000| Untracked 
| 125|0x0000000087d00000, 0x0000000087e00000, 0x0000000087e00000|100%| O|  |TAMS 0x0000000087e00000, 0x0000000087e00000| Untracked 
| 126|0x0000000087e00000, 0x0000000087f00000, 0x0000000087f00000|100%| O|  |TAMS 0x0000000087f00000, 0x0000000087f00000| Untracked 
| 127|0x0000000087f00000, 0x0000000088000000, 0x0000000088000000|100%| O|  |TAMS 0x0000000088000000, 0x0000000088000000| Untracked 
| 128|0x0000000088000000, 0x0000000088100000, 0x0000000088100000|100%| O|  |TAMS 0x0000000088100000, 0x0000000088100000| Untracked 
| 129|0x0000000088100000, 0x0000000088200000, 0x0000000088200000|100%| O|  |TAMS 0x0000000088200000, 0x0000000088200000| Untracked 
| 130|0x0000000088200000, 0x0000000088300000, 0x0000000088300000|100%| O|  |TAMS 0x0000000088300000, 0x0000000088300000| Untracked 
| 131|0x0000000088300000, 0x0000000088400000, 0x0000000088400000|100%| O|  |TAMS 0x0000000088400000, 0x0000000088400000| Untracked 
| 132|0x0000000088400000, 0x0000000088500000, 0x0000000088500000|100%| O|  |TAMS 0x0000000088500000, 0x0000000088500000| Untracked 
| 133|0x0000000088500000, 0x0000000088600000, 0x0000000088600000|100%| O|  |TAMS 0x0000000088600000, 0x0000000088600000| Untracked 
| 134|0x0000000088600000, 0x0000000088700000, 0x0000000088700000|100%| O|  |TAMS 0x0000000088700000, 0x0000000088700000| Untracked 
| 135|0x0000000088700000, 0x0000000088800000, 0x0000000088800000|100%| O|  |TAMS 0x0000000088800000, 0x0000000088800000| Untracked 
| 136|0x0000000088800000, 0x0000000088900000, 0x0000000088900000|100%| O|  |TAMS 0x0000000088900000, 0x0000000088900000| Untracked 
| 137|0x0000000088900000, 0x0000000088a00000, 0x0000000088a00000|100%| O|  |TAMS 0x0000000088a00000, 0x0000000088a00000| Untracked 
| 138|0x0000000088a00000, 0x0000000088b00000, 0x0000000088b00000|100%| O|  |TAMS 0x0000000088b00000, 0x0000000088b00000| Untracked 
| 139|0x0000000088b00000, 0x0000000088c00000, 0x0000000088c00000|100%| O|  |TAMS 0x0000000088c00000, 0x0000000088c00000| Untracked 
| 140|0x0000000088c00000, 0x0000000088d00000, 0x0000000088d00000|100%| O|  |TAMS 0x0000000088d00000, 0x0000000088d00000| Untracked 
| 141|0x0000000088d00000, 0x0000000088e00000, 0x0000000088e00000|100%| O|  |TAMS 0x0000000088e00000, 0x0000000088e00000| Untracked 
| 142|0x0000000088e00000, 0x0000000088f00000, 0x0000000088f00000|100%| O|  |TAMS 0x0000000088f00000, 0x0000000088f00000| Untracked 
| 143|0x0000000088f00000, 0x0000000089000000, 0x0000000089000000|100%| O|  |TAMS 0x0000000089000000, 0x0000000089000000| Untracked 
| 144|0x0000000089000000, 0x0000000089100000, 0x0000000089100000|100%| O|  |TAMS 0x0000000089100000, 0x0000000089100000| Untracked 
| 145|0x0000000089100000, 0x0000000089200000, 0x0000000089200000|100%| O|  |TAMS 0x0000000089200000, 0x0000000089200000| Untracked 
| 146|0x0000000089200000, 0x0000000089300000, 0x0000000089300000|100%| O|  |TAMS 0x0000000089300000, 0x0000000089300000| Untracked 
| 147|0x0000000089300000, 0x0000000089400000, 0x0000000089400000|100%| O|  |TAMS 0x0000000089400000, 0x0000000089400000| Untracked 
| 148|0x0000000089400000, 0x0000000089500000, 0x0000000089500000|100%| O|  |TAMS 0x0000000089500000, 0x0000000089500000| Untracked 
| 149|0x0000000089500000, 0x0000000089600000, 0x0000000089600000|100%| O|  |TAMS 0x0000000089600000, 0x0000000089600000| Untracked 
| 150|0x0000000089600000, 0x0000000089700000, 0x0000000089700000|100%| O|  |TAMS 0x0000000089600000, 0x0000000089700000| Untracked 
| 151|0x0000000089700000, 0x0000000089800000, 0x0000000089800000|100%| O|  |TAMS 0x0000000089800000, 0x0000000089800000| Untracked 
| 152|0x0000000089800000, 0x0000000089900000, 0x0000000089900000|100%| O|  |TAMS 0x0000000089900000, 0x0000000089900000| Untracked 
| 153|0x0000000089900000, 0x0000000089a00000, 0x0000000089a00000|100%| O|  |TAMS 0x0000000089a00000, 0x0000000089a00000| Untracked 
| 154|0x0000000089a00000, 0x0000000089b00000, 0x0000000089b00000|100%| O|  |TAMS 0x0000000089b00000, 0x0000000089b00000| Untracked 
| 155|0x0000000089b00000, 0x0000000089c00000, 0x0000000089c00000|100%| O|  |TAMS 0x0000000089c00000, 0x0000000089c00000| Untracked 
| 156|0x0000000089c00000, 0x0000000089d00000, 0x0000000089d00000|100%| O|  |TAMS 0x0000000089d00000, 0x0000000089d00000| Untracked 
| 157|0x0000000089d00000, 0x0000000089e00000, 0x0000000089e00000|100%| O|  |TAMS 0x0000000089e00000, 0x0000000089e00000| Untracked 
| 158|0x0000000089e00000, 0x0000000089f00000, 0x0000000089f00000|100%| O|  |TAMS 0x0000000089f00000, 0x0000000089f00000| Untracked 
| 159|0x0000000089f00000, 0x000000008a000000, 0x000000008a000000|100%| O|  |TAMS 0x000000008a000000, 0x000000008a000000| Untracked 
| 160|0x000000008a000000, 0x000000008a100000, 0x000000008a100000|100%| O|  |TAMS 0x000000008a100000, 0x000000008a100000| Untracked 
| 161|0x000000008a100000, 0x000000008a200000, 0x000000008a200000|100%| O|  |TAMS 0x000000008a200000, 0x000000008a200000| Untracked 
| 162|0x000000008a200000, 0x000000008a300000, 0x000000008a300000|100%| O|  |TAMS 0x000000008a300000, 0x000000008a300000| Untracked 
| 163|0x000000008a300000, 0x000000008a400000, 0x000000008a400000|100%| O|  |TAMS 0x000000008a400000, 0x000000008a400000| Untracked 
| 164|0x000000008a400000, 0x000000008a500000, 0x000000008a500000|100%| O|  |TAMS 0x000000008a500000, 0x000000008a500000| Untracked 
| 165|0x000000008a500000, 0x000000008a600000, 0x000000008a600000|100%| O|  |TAMS 0x000000008a600000, 0x000000008a600000| Untracked 
| 166|0x000000008a600000, 0x000000008a700000, 0x000000008a700000|100%| O|  |TAMS 0x000000008a700000, 0x000000008a700000| Untracked 
| 167|0x000000008a700000, 0x000000008a800000, 0x000000008a800000|100%| O|  |TAMS 0x000000008a800000, 0x000000008a800000| Untracked 
| 168|0x000000008a800000, 0x000000008a900000, 0x000000008a900000|100%| O|  |TAMS 0x000000008a900000, 0x000000008a900000| Untracked 
| 169|0x000000008a900000, 0x000000008aa00000, 0x000000008aa00000|100%| O|  |TAMS 0x000000008aa00000, 0x000000008aa00000| Untracked 
| 170|0x000000008aa00000, 0x000000008ab00000, 0x000000008ab00000|100%| O|  |TAMS 0x000000008ab00000, 0x000000008ab00000| Untracked 
| 171|0x000000008ab00000, 0x000000008ac00000, 0x000000008ac00000|100%| O|  |TAMS 0x000000008ac00000, 0x000000008ac00000| Untracked 
| 172|0x000000008ac00000, 0x000000008ad00000, 0x000000008ad00000|100%| O|  |TAMS 0x000000008ac83a00, 0x000000008ad00000| Untracked 
| 173|0x000000008ad00000, 0x000000008ae00000, 0x000000008ae00000|100%| O|  |TAMS 0x000000008ae00000, 0x000000008ae00000| Untracked 
| 174|0x000000008ae00000, 0x000000008af00000, 0x000000008af00000|100%| O|  |TAMS 0x000000008af00000, 0x000000008af00000| Untracked 
| 175|0x000000008af00000, 0x000000008b000000, 0x000000008b000000|100%| O|  |TAMS 0x000000008b000000, 0x000000008b000000| Untracked 
| 176|0x000000008b000000, 0x000000008b100000, 0x000000008b100000|100%| O|  |TAMS 0x000000008b100000, 0x000000008b100000| Untracked 
| 177|0x000000008b100000, 0x000000008b200000, 0x000000008b200000|100%| O|  |TAMS 0x000000008b200000, 0x000000008b200000| Untracked 
| 178|0x000000008b200000, 0x000000008b300000, 0x000000008b300000|100%| O|  |TAMS 0x000000008b300000, 0x000000008b300000| Untracked 
| 179|0x000000008b300000, 0x000000008b400000, 0x000000008b400000|100%| O|  |TAMS 0x000000008b400000, 0x000000008b400000| Untracked 
| 180|0x000000008b400000, 0x000000008b500000, 0x000000008b500000|100%| O|  |TAMS 0x000000008b400000, 0x000000008b500000| Untracked 
| 181|0x000000008b500000, 0x000000008b600000, 0x000000008b600000|100%| O|  |TAMS 0x000000008b600000, 0x000000008b600000| Untracked 
| 182|0x000000008b600000, 0x000000008b700000, 0x000000008b700000|100%| O|  |TAMS 0x000000008b700000, 0x000000008b700000| Untracked 
| 183|0x000000008b700000, 0x000000008b800000, 0x000000008b800000|100%| O|  |TAMS 0x000000008b800000, 0x000000008b800000| Untracked 
| 184|0x000000008b800000, 0x000000008b900000, 0x000000008b900000|100%| O|  |TAMS 0x000000008b900000, 0x000000008b900000| Untracked 
| 185|0x000000008b900000, 0x000000008ba00000, 0x000000008ba00000|100%| O|  |TAMS 0x000000008ba00000, 0x000000008ba00000| Untracked 
| 186|0x000000008ba00000, 0x000000008bb00000, 0x000000008bb00000|100%| O|  |TAMS 0x000000008bb00000, 0x000000008bb00000| Untracked 
| 187|0x000000008bb00000, 0x000000008bc00000, 0x000000008bc00000|100%| O|  |TAMS 0x000000008bc00000, 0x000000008bc00000| Untracked 
| 188|0x000000008bc00000, 0x000000008bd00000, 0x000000008bd00000|100%| O|  |TAMS 0x000000008bc00000, 0x000000008bd00000| Untracked 
| 189|0x000000008bd00000, 0x000000008be00000, 0x000000008be00000|100%| O|  |TAMS 0x000000008be00000, 0x000000008be00000| Untracked 
| 190|0x000000008be00000, 0x000000008bf00000, 0x000000008bf00000|100%| O|  |TAMS 0x000000008bf00000, 0x000000008bf00000| Untracked 
| 191|0x000000008bf00000, 0x000000008c000000, 0x000000008c000000|100%|HS|  |TAMS 0x000000008c000000, 0x000000008c000000| Complete 
| 192|0x000000008c000000, 0x000000008c100000, 0x000000008c100000|100%| O|  |TAMS 0x000000008c100000, 0x000000008c100000| Untracked 
| 193|0x000000008c100000, 0x000000008c200000, 0x000000008c200000|100%| O|  |TAMS 0x000000008c200000, 0x000000008c200000| Untracked 
| 194|0x000000008c200000, 0x000000008c300000, 0x000000008c300000|100%| O|  |TAMS 0x000000008c300000, 0x000000008c300000| Untracked 
| 195|0x000000008c300000, 0x000000008c400000, 0x000000008c400000|100%| O|  |TAMS 0x000000008c400000, 0x000000008c400000| Untracked 
| 196|0x000000008c400000, 0x000000008c500000, 0x000000008c500000|100%| O|  |TAMS 0x000000008c500000, 0x000000008c500000| Untracked 
| 197|0x000000008c500000, 0x000000008c600000, 0x000000008c600000|100%| O|  |TAMS 0x000000008c600000, 0x000000008c600000| Untracked 
| 198|0x000000008c600000, 0x000000008c700000, 0x000000008c700000|100%| O|  |TAMS 0x000000008c700000, 0x000000008c700000| Untracked 
| 199|0x000000008c700000, 0x000000008c800000, 0x000000008c800000|100%| O|  |TAMS 0x000000008c800000, 0x000000008c800000| Untracked 
| 200|0x000000008c800000, 0x000000008c900000, 0x000000008c900000|100%| O|  |TAMS 0x000000008c800000, 0x000000008c900000| Untracked 
| 201|0x000000008c900000, 0x000000008ca00000, 0x000000008ca00000|100%| O|  |TAMS 0x000000008ca00000, 0x000000008ca00000| Untracked 
| 202|0x000000008ca00000, 0x000000008cb00000, 0x000000008cb00000|100%| O|  |TAMS 0x000000008cb00000, 0x000000008cb00000| Untracked 
| 203|0x000000008cb00000, 0x000000008cc00000, 0x000000008cc00000|100%| O|  |TAMS 0x000000008cc00000, 0x000000008cc00000| Untracked 
| 204|0x000000008cc00000, 0x000000008cd00000, 0x000000008cd00000|100%| O|  |TAMS 0x000000008cd00000, 0x000000008cd00000| Untracked 
| 205|0x000000008cd00000, 0x000000008cda0a00, 0x000000008ce00000| 62%| O|  |TAMS 0x000000008cd00000, 0x000000008cda0a00| Untracked 
| 206|0x000000008ce00000, 0x000000008ce00000, 0x000000008cf00000|  0%| F|  |TAMS 0x000000008ce00000, 0x000000008ce00000| Untracked 
| 207|0x000000008cf00000, 0x000000008d000000, 0x000000008d000000|100%| O|  |TAMS 0x000000008cf00000, 0x000000008d000000| Untracked 
| 208|0x000000008d000000, 0x000000008d100000, 0x000000008d100000|100%| O|  |TAMS 0x000000008d000000, 0x000000008d100000| Untracked 
| 209|0x000000008d100000, 0x000000008d200000, 0x000000008d200000|100%| O|  |TAMS 0x000000008d100000, 0x000000008d200000| Untracked 
| 210|0x000000008d200000, 0x000000008d300000, 0x000000008d300000|100%| O|  |TAMS 0x000000008d200000, 0x000000008d300000| Untracked 
| 211|0x000000008d300000, 0x000000008d300000, 0x000000008d400000|  0%| F|  |TAMS 0x000000008d300000, 0x000000008d300000| Untracked 
| 212|0x000000008d400000, 0x000000008d400000, 0x000000008d500000|  0%| F|  |TAMS 0x000000008d400000, 0x000000008d400000| Untracked 
| 213|0x000000008d500000, 0x000000008d500000, 0x000000008d600000|  0%| F|  |TAMS 0x000000008d500000, 0x000000008d500000| Untracked 
| 214|0x000000008d600000, 0x000000008d600000, 0x000000008d700000|  0%| F|  |TAMS 0x000000008d600000, 0x000000008d600000| Untracked 
| 215|0x000000008d700000, 0x000000008d700000, 0x000000008d800000|  0%| F|  |TAMS 0x000000008d700000, 0x000000008d700000| Untracked 
| 216|0x000000008d800000, 0x000000008d800000, 0x000000008d900000|  0%| F|  |TAMS 0x000000008d800000, 0x000000008d800000| Untracked 
| 217|0x000000008d900000, 0x000000008d900000, 0x000000008da00000|  0%| F|  |TAMS 0x000000008d900000, 0x000000008d900000| Untracked 
| 218|0x000000008da00000, 0x000000008da00000, 0x000000008db00000|  0%| F|  |TAMS 0x000000008da00000, 0x000000008da00000| Untracked 
| 219|0x000000008db00000, 0x000000008dc00000, 0x000000008dc00000|100%| O|  |TAMS 0x000000008db00000, 0x000000008dc00000| Untracked 
| 220|0x000000008dc00000, 0x000000008dd00000, 0x000000008dd00000|100%| O|  |TAMS 0x000000008dc00000, 0x000000008dd00000| Untracked 
| 221|0x000000008dd00000, 0x000000008de00000, 0x000000008de00000|100%| O|  |TAMS 0x000000008dd00000, 0x000000008de00000| Untracked 
| 222|0x000000008de00000, 0x000000008df00000, 0x000000008df00000|100%| O|  |TAMS 0x000000008de00000, 0x000000008df00000| Untracked 
| 223|0x000000008df00000, 0x000000008e000000, 0x000000008e000000|100%| O|  |TAMS 0x000000008df00000, 0x000000008e000000| Untracked 
| 224|0x000000008e000000, 0x000000008e000000, 0x000000008e100000|  0%| F|  |TAMS 0x000000008e000000, 0x000000008e000000| Untracked 
| 225|0x000000008e100000, 0x000000008e100000, 0x000000008e200000|  0%| F|  |TAMS 0x000000008e100000, 0x000000008e100000| Untracked 
| 226|0x000000008e200000, 0x000000008e200000, 0x000000008e300000|  0%| F|  |TAMS 0x000000008e200000, 0x000000008e200000| Untracked 
| 227|0x000000008e300000, 0x000000008e300000, 0x000000008e400000|  0%| F|  |TAMS 0x000000008e300000, 0x000000008e300000| Untracked 
| 228|0x000000008e400000, 0x000000008e400000, 0x000000008e500000|  0%| F|  |TAMS 0x000000008e400000, 0x000000008e400000| Untracked 
| 229|0x000000008e500000, 0x000000008e500000, 0x000000008e600000|  0%| F|  |TAMS 0x000000008e500000, 0x000000008e500000| Untracked 
| 230|0x000000008e600000, 0x000000008e600000, 0x000000008e700000|  0%| F|  |TAMS 0x000000008e600000, 0x000000008e600000| Untracked 
| 231|0x000000008e700000, 0x000000008e700000, 0x000000008e800000|  0%| F|  |TAMS 0x000000008e700000, 0x000000008e700000| Untracked 
| 232|0x000000008e800000, 0x000000008e800000, 0x000000008e900000|  0%| F|  |TAMS 0x000000008e800000, 0x000000008e800000| Untracked 
| 233|0x000000008e900000, 0x000000008e900000, 0x000000008ea00000|  0%| F|  |TAMS 0x000000008e900000, 0x000000008e900000| Untracked 
| 234|0x000000008ea00000, 0x000000008ea00000, 0x000000008eb00000|  0%| F|  |TAMS 0x000000008ea00000, 0x000000008ea00000| Untracked 
| 235|0x000000008eb00000, 0x000000008eb00000, 0x000000008ec00000|  0%| F|  |TAMS 0x000000008eb00000, 0x000000008eb00000| Untracked 
| 236|0x000000008ec00000, 0x000000008ec00000, 0x000000008ed00000|  0%| F|  |TAMS 0x000000008ec00000, 0x000000008ec00000| Untracked 
| 237|0x000000008ed00000, 0x000000008ed00000, 0x000000008ee00000|  0%| F|  |TAMS 0x000000008ed00000, 0x000000008ed00000| Untracked 
| 238|0x000000008ee00000, 0x000000008ee00000, 0x000000008ef00000|  0%| F|  |TAMS 0x000000008ee00000, 0x000000008ee00000| Untracked 
| 239|0x000000008ef00000, 0x000000008ef00000, 0x000000008f000000|  0%| F|  |TAMS 0x000000008ef00000, 0x000000008ef00000| Untracked 
| 240|0x000000008f000000, 0x000000008f000000, 0x000000008f100000|  0%| F|  |TAMS 0x000000008f000000, 0x000000008f000000| Untracked 
| 241|0x000000008f100000, 0x000000008f100000, 0x000000008f200000|  0%| F|  |TAMS 0x000000008f100000, 0x000000008f100000| Untracked 
| 242|0x000000008f200000, 0x000000008f2beb20, 0x000000008f300000| 74%| S|CS|TAMS 0x000000008f200000, 0x000000008f200000| Complete 
| 243|0x000000008f300000, 0x000000008f400000, 0x000000008f400000|100%| S|CS|TAMS 0x000000008f300000, 0x000000008f300000| Complete 
| 244|0x000000008f400000, 0x000000008f400000, 0x000000008f500000|  0%| F|  |TAMS 0x000000008f400000, 0x000000008f400000| Untracked 
| 245|0x000000008f500000, 0x000000008f500000, 0x000000008f600000|  0%| F|  |TAMS 0x000000008f500000, 0x000000008f500000| Untracked 
| 246|0x000000008f600000, 0x000000008f600000, 0x000000008f700000|  0%| F|  |TAMS 0x000000008f600000, 0x000000008f600000| Untracked 
| 247|0x000000008f700000, 0x000000008f700000, 0x000000008f800000|  0%| F|  |TAMS 0x000000008f700000, 0x000000008f700000| Untracked 
| 248|0x000000008f800000, 0x000000008f800000, 0x000000008f900000|  0%| F|  |TAMS 0x000000008f800000, 0x000000008f800000| Untracked 
| 249|0x000000008f900000, 0x000000008f900000, 0x000000008fa00000|  0%| F|  |TAMS 0x000000008f900000, 0x000000008f900000| Untracked 
| 250|0x000000008fa00000, 0x000000008fa00000, 0x000000008fb00000|  0%| F|  |TAMS 0x000000008fa00000, 0x000000008fa00000| Untracked 
| 251|0x000000008fb00000, 0x000000008fb00000, 0x000000008fc00000|  0%| F|  |TAMS 0x000000008fb00000, 0x000000008fb00000| Untracked 
| 252|0x000000008fc00000, 0x000000008fc00000, 0x000000008fd00000|  0%| F|  |TAMS 0x000000008fc00000, 0x000000008fc00000| Untracked 
| 253|0x000000008fd00000, 0x000000008fd00000, 0x000000008fe00000|  0%| F|  |TAMS 0x000000008fd00000, 0x000000008fd00000| Untracked 
| 254|0x000000008fe00000, 0x000000008fe00000, 0x000000008ff00000|  0%| F|  |TAMS 0x000000008fe00000, 0x000000008fe00000| Untracked 
| 255|0x000000008ff00000, 0x000000008ff00000, 0x0000000090000000|  0%| F|  |TAMS 0x000000008ff00000, 0x000000008ff00000| Untracked 

Card table byte_map: [0x00000272d0b70000,0x00000272d0f70000] _byte_map_base: 0x00000272d0770000

Marking Bits (Prev, Next): (CMBitMap*) 0x00000272bd24f728, (CMBitMap*) 0x00000272bd24f760
 Prev Bits: [0x00000272d1370000, 0x00000272d3370000)
 Next Bits: [0x00000272d3370000, 0x00000272d5370000)

Polling page: 0x00000272bb950000

Metaspace:

Usage:
  Non-class:    107.34 MB capacity,   105.35 MB ( 98%) used,     1.64 MB (  2%) free+waste,   359.50 KB ( <1%) overhead. 
      Class:     16.46 MB capacity,    15.27 MB ( 93%) used,     1.03 MB (  6%) free+waste,   162.50 KB ( <1%) overhead. 
       Both:    123.80 MB capacity,   120.62 MB ( 97%) used,     2.67 MB (  2%) free+waste,   522.00 KB ( <1%) overhead. 

Virtual space:
  Non-class space:      108.00 MB reserved,     107.50 MB (>99%) committed 
      Class space:        1.00 GB reserved,      16.50 MB (  2%) committed 
             Both:        1.11 GB reserved,     124.00 MB ( 11%) committed 

Chunk freelists:
   Non-Class:  31.00 KB
       Class:  11.00 KB
        Both:  42.00 KB

MaxMetaspaceSize: 17179869184.00 GB
CompressedClassSpaceSize: 1.00 GB

CodeHeap 'non-profiled nmethods': size=120000Kb used=11498Kb max_used=11498Kb free=108501Kb
 bounds [0x00000272c87d0000, 0x00000272c9310000, 0x00000272cfd00000]
CodeHeap 'profiled nmethods': size=120000Kb used=37548Kb max_used=37548Kb free=82451Kb
 bounds [0x00000272c12a0000, 0x00000272c3750000, 0x00000272c87d0000]
CodeHeap 'non-nmethods': size=5760Kb used=2427Kb max_used=2483Kb free=3332Kb
 bounds [0x00000272c0d00000, 0x00000272c0f80000, 0x00000272c12a0000]
 total_blobs=17705 nmethods=16617 adapters=997
 compilation: enabled
              stopped_count=0, restarted_count=0
 full_count=0

Compilation events (20 events):
Event: 40.969 Thread 0x00000272d869a000 16948       1       com.android.resources.ResourceFolderType::getName (5 bytes)
Event: 40.969 Thread 0x00000272d869a000 nmethod 16948 0x00000272c9306b90 code [0x00000272c9306d40, 0x00000272c9306df8]
Event: 40.973 Thread 0x00000272d869a000 16949       1       com.google.common.cache.LocalCache$StrongValueReference::get (5 bytes)
Event: 40.973 Thread 0x00000272d869a000 nmethod 16949 0x00000272c9306e90 code [0x00000272c9307040, 0x00000272c93070f8]
Event: 40.974 Thread 0x00000272dd8ff800 nmethod 16945 0x00000272c9307190 code [0x00000272c9307340, 0x00000272c9307538]
Event: 40.974 Thread 0x00000272dd8ff800 16932       4       com.android.ide.common.resources.NodeUtils::adoptNode (15 bytes)
Event: 40.974 Thread 0x00000272e0dab800 nmethod 16931 0x00000272c9307790 code [0x00000272c93079a0, 0x00000272c9308258]
Event: 40.974 Thread 0x00000272e0dab800 16944       4       org.apache.xerces.dom.DocumentImpl::removedNode (21 bytes)
Event: 40.975 Thread 0x00000272e0dab800 nmethod 16944 0x00000272c9308a10 code [0x00000272c9308ba0, 0x00000272c9308c38]
Event: 40.975 Thread 0x00000272e0dab800 16936   !   4       org.apache.xerces.dom.CoreDocumentImpl::adoptNode (537 bytes)
Event: 40.976 Thread 0x00000272d869a000 16950       1       java.nio.charset.CharsetEncoder::charset (5 bytes)
Event: 40.976 Thread 0x00000272dd8ff800 nmethod 16932 0x00000272c9308d10 code [0x00000272c9308ec0, 0x00000272c9308f78]
Event: 40.976 Thread 0x00000272dd8ff800 16938       4       org.apache.xerces.dom.NodeImpl::getUserDataRecord (9 bytes)
Event: 40.976 Thread 0x00000272d869a000 nmethod 16950 0x00000272c9309090 code [0x00000272c9309240, 0x00000272c93092f8]
Event: 40.978 Thread 0x00000272d869a000 16951       2       java.lang.Long::toString (139 bytes)
Event: 40.979 Thread 0x00000272d869a000 nmethod 16951 0x00000272c374aa10 code [0x00000272c374ac00, 0x00000272c374b138]
Event: 40.982 Thread 0x00000272dd8ff800 nmethod 16938 0x00000272c9309390 code [0x00000272c9309560, 0x00000272c93097b8]
Event: 40.982 Thread 0x00000272dd8ff800 16939       4       org.apache.xerces.dom.ParentNode::removeChild (7 bytes)
Event: 40.999 Thread 0x00000272dd8ff800 nmethod 16939 0x00000272c9309a90 code [0x00000272c9309c60, 0x00000272c930a438]
Event: 40.999 Thread 0x00000272dd8ff800 16942       4       org.apache.xerces.dom.ParentNode::internalRemoveChild (319 bytes)

GC Heap History (20 events):
Event: 38.823 GC heap after
{Heap after GC invocations=32 (full 0):
 garbage-first heap   total 262144K, used 197263K [0x0000000080000000, 0x0000000100000000)
  region size 1024K, 4 young (4096K), 4 survivors (4096K)
 Metaspace       used 120113K, capacity 123236K, committed 123264K, reserved 1157120K
  class space    used 15302K, capacity 16492K, committed 16512K, reserved 1048576K
}
Event: 39.041 GC heap before
{Heap before GC invocations=33 (full 0):
 garbage-first heap   total 262144K, used 222863K [0x0000000080000000, 0x0000000100000000)
  region size 1024K, 27 young (27648K), 4 survivors (4096K)
 Metaspace       used 120124K, capacity 123300K, committed 123520K, reserved 1157120K
  class space    used 15302K, capacity 16492K, committed 16512K, reserved 1048576K
}
Event: 39.059 GC heap after
{Heap after GC invocations=34 (full 0):
 garbage-first heap   total 262144K, used 208269K [0x0000000080000000, 0x0000000100000000)
  region size 1024K, 4 young (4096K), 4 survivors (4096K)
 Metaspace       used 120124K, capacity 123300K, committed 123520K, reserved 1157120K
  class space    used 15302K, capacity 16492K, committed 16512K, reserved 1048576K
}
Event: 39.146 GC heap before
{Heap before GC invocations=34 (full 0):
 garbage-first heap   total 262144K, used 216461K [0x0000000080000000, 0x0000000100000000)
  region size 1024K, 12 young (12288K), 4 survivors (4096K)
 Metaspace       used 120158K, capacity 123300K, committed 123520K, reserved 1157120K
  class space    used 15302K, capacity 16492K, committed 16512K, reserved 1048576K
}
Event: 39.162 GC heap after
{Heap after GC invocations=35 (full 0):
 garbage-first heap   total 262144K, used 209920K [0x0000000080000000, 0x0000000100000000)
  region size 1024K, 2 young (2048K), 2 survivors (2048K)
 Metaspace       used 120158K, capacity 123300K, committed 123520K, reserved 1157120K
  class space    used 15302K, capacity 16492K, committed 16512K, reserved 1048576K
}
Event: 39.342 GC heap before
{Heap before GC invocations=35 (full 0):
 garbage-first heap   total 262144K, used 222208K [0x0000000080000000, 0x0000000100000000)
  region size 1024K, 15 young (15360K), 2 survivors (2048K)
 Metaspace       used 120158K, capacity 123300K, committed 123520K, reserved 1157120K
  class space    used 15302K, capacity 16492K, committed 16512K, reserved 1048576K
}
Event: 39.348 GC heap after
{Heap after GC invocations=36 (full 0):
 garbage-first heap   total 262144K, used 212494K [0x0000000080000000, 0x0000000100000000)
  region size 1024K, 2 young (2048K), 2 survivors (2048K)
 Metaspace       used 120158K, capacity 123300K, committed 123520K, reserved 1157120K
  class space    used 15302K, capacity 16492K, committed 16512K, reserved 1048576K
}
Event: 39.539 GC heap before
{Heap before GC invocations=36 (full 0):
 garbage-first heap   total 262144K, used 224782K [0x0000000080000000, 0x0000000100000000)
  region size 1024K, 14 young (14336K), 2 survivors (2048K)
 Metaspace       used 120316K, capacity 123447K, committed 123520K, reserved 1157120K
  class space    used 15312K, capacity 16494K, committed 16512K, reserved 1048576K
}
Event: 39.545 GC heap after
{Heap after GC invocations=37 (full 0):
 garbage-first heap   total 262144K, used 213817K [0x0000000080000000, 0x0000000100000000)
  region size 1024K, 2 young (2048K), 2 survivors (2048K)
 Metaspace       used 120316K, capacity 123447K, committed 123520K, reserved 1157120K
  class space    used 15312K, capacity 16494K, committed 16512K, reserved 1048576K
}
Event: 39.755 GC heap before
{Heap before GC invocations=37 (full 0):
 garbage-first heap   total 262144K, used 224057K [0x0000000080000000, 0x0000000100000000)
  region size 1024K, 13 young (13312K), 2 survivors (2048K)
 Metaspace       used 120816K, capacity 124027K, committed 124160K, reserved 1157120K
  class space    used 15372K, capacity 16581K, committed 16640K, reserved 1048576K
}
Event: 39.764 GC heap after
{Heap after GC invocations=38 (full 0):
 garbage-first heap   total 262144K, used 214428K [0x0000000080000000, 0x0000000100000000)
  region size 1024K, 1 young (1024K), 1 survivors (1024K)
 Metaspace       used 120816K, capacity 124027K, committed 124160K, reserved 1157120K
  class space    used 15372K, capacity 16581K, committed 16640K, reserved 1048576K
}
Event: 40.313 GC heap before
{Heap before GC invocations=39 (full 0):
 garbage-first heap   total 262144K, used 225692K [0x0000000080000000, 0x0000000100000000)
  region size 1024K, 13 young (13312K), 1 survivors (1024K)
 Metaspace       used 123443K, capacity 126710K, committed 126976K, reserved 1159168K
  class space    used 15636K, capacity 16853K, committed 16896K, reserved 1048576K
}
Event: 40.319 GC heap after
{Heap after GC invocations=40 (full 0):
 garbage-first heap   total 262144K, used 217269K [0x0000000080000000, 0x0000000100000000)
  region size 1024K, 2 young (2048K), 2 survivors (2048K)
 Metaspace       used 123443K, capacity 126710K, committed 126976K, reserved 1159168K
  class space    used 15636K, capacity 16853K, committed 16896K, reserved 1048576K
}
Event: 40.537 GC heap before
{Heap before GC invocations=40 (full 0):
 garbage-first heap   total 262144K, used 234677K [0x0000000080000000, 0x0000000100000000)
  region size 1024K, 12 young (12288K), 2 survivors (2048K)
 Metaspace       used 123504K, capacity 126774K, committed 126976K, reserved 1159168K
  class space    used 15639K, capacity 16853K, committed 16896K, reserved 1048576K
}
Event: 40.551 GC heap after
{Heap after GC invocations=41 (full 0):
 garbage-first heap   total 262144K, used 215581K [0x0000000080000000, 0x0000000100000000)
  region size 1024K, 2 young (2048K), 2 survivors (2048K)
 Metaspace       used 123504K, capacity 126774K, committed 126976K, reserved 1159168K
  class space    used 15639K, capacity 16853K, committed 16896K, reserved 1048576K
}
Event: 40.717 GC heap before
{Heap before GC invocations=41 (full 0):
 garbage-first heap   total 262144K, used 225821K [0x0000000080000000, 0x0000000100000000)
  region size 1024K, 13 young (13312K), 2 survivors (2048K)
 Metaspace       used 123511K, capacity 126774K, committed 126976K, reserved 1159168K
  class space    used 15639K, capacity 16853K, committed 16896K, reserved 1048576K
}
Event: 40.728 GC heap after
{Heap after GC invocations=42 (full 0):
 garbage-first heap   total 262144K, used 217871K [0x0000000080000000, 0x0000000100000000)
  region size 1024K, 2 young (2048K), 2 survivors (2048K)
 Metaspace       used 123511K, capacity 126774K, committed 126976K, reserved 1159168K
  class space    used 15639K, capacity 16853K, committed 16896K, reserved 1048576K
}
Event: 40.851 GC heap before
{Heap before GC invocations=42 (full 0):
 garbage-first heap   total 262144K, used 228111K [0x0000000080000000, 0x0000000100000000)
  region size 1024K, 12 young (12288K), 2 survivors (2048K)
 Metaspace       used 123517K, capacity 126774K, committed 126976K, reserved 1159168K
  class space    used 15639K, capacity 16853K, committed 16896K, reserved 1048576K
}
Event: 40.863 GC heap after
{Heap after GC invocations=43 (full 0):
 garbage-first heap   total 262144K, used 219882K [0x0000000080000000, 0x0000000100000000)
  region size 1024K, 2 young (2048K), 2 survivors (2048K)
 Metaspace       used 123517K, capacity 126774K, committed 126976K, reserved 1159168K
  class space    used 15639K, capacity 16853K, committed 16896K, reserved 1048576K
}
Event: 41.001 GC heap before
{Heap before GC invocations=43 (full 0):
 garbage-first heap   total 262144K, used 229098K [0x0000000080000000, 0x0000000100000000)
  region size 1024K, 12 young (12288K), 2 survivors (2048K)
 Metaspace       used 123519K, capacity 126774K, committed 126976K, reserved 1159168K
  class space    used 15639K, capacity 16853K, committed 16896K, reserved 1048576K
}

Deoptimization events (20 events):
Event: 40.573 Thread 0x00000272db43b800 Uncommon trap: trap_request=0xffffff4d fr.pc=0x00000272c92d9138 relative=0x0000000000000938
Event: 40.573 Thread 0x00000272db43b800 Uncommon trap: reason=unstable_if action=reinterpret pc=0x00000272c92d9138 method=sun.nio.cs.UTF_8$Encoder.encodeArrayLoop(Ljava/nio/CharBuffer;Ljava/nio/ByteBuffer;)Ljava/nio/charset/CoderResult; @ 175 c2
Event: 40.573 Thread 0x00000272db43b800 DEOPT PACKING pc=0x00000272c92d9138 sp=0x00000096fa9f9b90
Event: 40.573 Thread 0x00000272db43b800 DEOPT UNPACKING pc=0x00000272c0d278af sp=0x00000096fa9f9b28 mode 2
Event: 40.595 Thread 0x00000272db43b800 DEOPT PACKING pc=0x00000272c3736b57 sp=0x00000096fa9f9ac0
Event: 40.595 Thread 0x00000272db43b800 DEOPT UNPACKING pc=0x00000272c0d276ce sp=0x00000096fa9f9028 mode 0
Event: 40.596 Thread 0x00000272db43b800 DEOPT PACKING pc=0x00000272c3736b57 sp=0x00000096fa9f9ac0
Event: 40.596 Thread 0x00000272db43b800 DEOPT UNPACKING pc=0x00000272c0d276ce sp=0x00000096fa9f9028 mode 0
Event: 40.596 Thread 0x00000272db43b800 DEOPT PACKING pc=0x00000272c3736b57 sp=0x00000096fa9f9ac0
Event: 40.596 Thread 0x00000272db43b800 DEOPT UNPACKING pc=0x00000272c0d276ce sp=0x00000096fa9f9028 mode 0
Event: 40.596 Thread 0x00000272db43b800 DEOPT PACKING pc=0x00000272c3736b57 sp=0x00000096fa9f9ac0
Event: 40.596 Thread 0x00000272db43b800 DEOPT UNPACKING pc=0x00000272c0d276ce sp=0x00000096fa9f9028 mode 0
Event: 40.604 Thread 0x00000272db43b800 DEOPT PACKING pc=0x00000272c3736b57 sp=0x00000096fa9f9ac0
Event: 40.604 Thread 0x00000272db43b800 DEOPT UNPACKING pc=0x00000272c0d276ce sp=0x00000096fa9f9028 mode 0
Event: 40.757 Thread 0x00000272db43b800 DEOPT PACKING pc=0x00000272c34b78d3 sp=0x00000096fa9f9740
Event: 40.757 Thread 0x00000272db43b800 DEOPT UNPACKING pc=0x00000272c0d276ce sp=0x00000096fa9f8c18 mode 0
Event: 40.792 Thread 0x00000272db43b800 DEOPT PACKING pc=0x00000272c3533140 sp=0x00000096fa9f9e20
Event: 40.792 Thread 0x00000272db43b800 DEOPT UNPACKING pc=0x00000272c0d276ce sp=0x00000096fa9f92a8 mode 0
Event: 40.955 Thread 0x00000272db43b800 DEOPT PACKING pc=0x00000272c3533140 sp=0x00000096fa9f9e20
Event: 40.955 Thread 0x00000272db43b800 DEOPT UNPACKING pc=0x00000272c0d276ce sp=0x00000096fa9f92a8 mode 0

Classes redefined (0 events):
No events

Internal exceptions (20 events):
Event: 38.044 Thread 0x00000272db43b800 Implicit null exception at 0x00000272c922a35c to 0x00000272c922a5ec
Event: 39.653 Thread 0x00000272db43b800 Exception <a 'java/lang/NoSuchMethodError'{0x000000008f984498}: <clinit>> (0x000000008f984498) thrown at [./src/hotspot/share/prims/jni.cpp, line 1362]
Event: 39.654 Thread 0x00000272db43b800 Exception <a 'java/lang/NoSuchMethodError'{0x000000008f994770}: <clinit>> (0x000000008f994770) thrown at [./src/hotspot/share/prims/jni.cpp, line 1362]
Event: 39.669 Thread 0x00000272db43b800 Exception <a 'java/lang/NoSuchMethodError'{0x000000008f804648}: <clinit>> (0x000000008f804648) thrown at [./src/hotspot/share/prims/jni.cpp, line 1362]
Event: 39.669 Thread 0x00000272db43b800 Exception <a 'java/lang/NoSuchMethodError'{0x000000008f807210}: <clinit>> (0x000000008f807210) thrown at [./src/hotspot/share/prims/jni.cpp, line 1362]
Event: 39.670 Thread 0x00000272db43b800 Exception <a 'java/lang/NoSuchMethodError'{0x000000008f80bbf0}: <clinit>> (0x000000008f80bbf0) thrown at [./src/hotspot/share/prims/jni.cpp, line 1362]
Event: 39.670 Thread 0x00000272db43b800 Exception <a 'java/lang/NoSuchMethodError'{0x000000008f817390}: <clinit>> (0x000000008f817390) thrown at [./src/hotspot/share/prims/jni.cpp, line 1362]
Event: 39.679 Thread 0x00000272db43b800 Exception <a 'java/lang/NoSuchMethodError'{0x000000008f863800}: <clinit>> (0x000000008f863800) thrown at [./src/hotspot/share/prims/jni.cpp, line 1362]
Event: 39.694 Thread 0x00000272db43b800 Exception <a 'java/lang/NoSuchMethodError'{0x000000008f898b80}: <clinit>> (0x000000008f898b80) thrown at [./src/hotspot/share/prims/jni.cpp, line 1362]
Event: 39.697 Thread 0x00000272db43b800 Exception <a 'java/lang/NoSuchMethodError'{0x000000008f8cad20}: <clinit>> (0x000000008f8cad20) thrown at [./src/hotspot/share/prims/jni.cpp, line 1362]
Event: 39.697 Thread 0x00000272db43b800 Exception <a 'java/lang/NoSuchMethodError'{0x000000008f8ce188}: <clinit>> (0x000000008f8ce188) thrown at [./src/hotspot/share/prims/jni.cpp, line 1362]
Event: 39.698 Thread 0x00000272db43b800 Exception <a 'java/lang/NoSuchMethodError'{0x000000008f8d0df8}: <clinit>> (0x000000008f8d0df8) thrown at [./src/hotspot/share/prims/jni.cpp, line 1362]
Event: 39.699 Thread 0x00000272db43b800 Exception <a 'java/lang/NoSuchMethodError'{0x000000008f8e9058}: <clinit>> (0x000000008f8e9058) thrown at [./src/hotspot/share/prims/jni.cpp, line 1362]
Event: 39.701 Thread 0x00000272db43b800 Exception <a 'java/lang/NoSuchMethodError'{0x000000008f700818}: <clinit>> (0x000000008f700818) thrown at [./src/hotspot/share/prims/jni.cpp, line 1362]
Event: 39.703 Thread 0x00000272db43b800 Exception <a 'java/lang/NoSuchMethodError'{0x000000008f722268}: <clinit>> (0x000000008f722268) thrown at [./src/hotspot/share/prims/jni.cpp, line 1362]
Event: 39.705 Thread 0x00000272db43b800 Exception <a 'java/lang/NoSuchMethodError'{0x000000008f734cb8}: <clinit>> (0x000000008f734cb8) thrown at [./src/hotspot/share/prims/jni.cpp, line 1362]
Event: 39.812 Thread 0x00000272db43a800 Exception <a 'java/lang/ClassNotFoundException'{0x000000008ff7a518}: sun/awt/resources/spi/awtProvider> (0x000000008ff7a518) thrown at [./src/hotspot/share/classfile/systemDictionary.cpp, line 231]
Event: 39.828 Thread 0x00000272db43a800 Exception <a 'java/io/FileNotFoundException'{0x000000008fd6ea98}> (0x000000008fd6ea98) thrown at [./src/hotspot/share/prims/jni.cpp, line 615]
Event: 39.829 Thread 0x00000272db43a800 Exception <a 'java/io/FileNotFoundException'{0x000000008fd82038}> (0x000000008fd82038) thrown at [./src/hotspot/share/prims/jni.cpp, line 615]
Event: 39.927 Thread 0x00000272db43b800 Exception <a 'java/lang/NoSuchMethodError'{0x000000008fb72318}: <clinit>> (0x000000008fb72318) thrown at [./src/hotspot/share/prims/jni.cpp, line 1362]

Events (20 events):
Event: 40.285 loading class org/apache/xerces/dom/DeferredDOMImplementationImpl done
Event: 40.313 Executing VM operation: G1CollectForAllocation
Event: 40.319 Executing VM operation: G1CollectForAllocation done
Event: 40.351 loading class com/android/utils/XmlUtils$PositionAwareStringBuilder
Event: 40.351 loading class com/android/utils/XmlUtils$PositionAwareStringBuilder done
Event: 40.458 loading class com/android/builder/internal/aapt/v2/Aapt2RenamingConventions
Event: 40.458 loading class com/android/builder/internal/aapt/v2/Aapt2RenamingConventions done
Event: 40.459 loading class com/android/builder/internal/aapt/v2/Aapt2Exception
Event: 40.459 loading class com/android/builder/internal/aapt/v2/Aapt2Exception done
Event: 40.460 loading class com/android/ide/common/blame/MergingLogPersistUtil
Event: 40.460 loading class com/android/ide/common/blame/MergingLogPersistUtil done
Event: 40.461 loading class com/android/ide/common/blame/MergingLogPersistUtil$SourcePositionsSerializer$JsonTypeAdapter
Event: 40.461 loading class com/android/ide/common/blame/MergingLogPersistUtil$SourcePositionsSerializer$JsonTypeAdapter done
Event: 40.536 Executing VM operation: G1CollectForAllocation
Event: 40.551 Executing VM operation: G1CollectForAllocation done
Event: 40.716 Executing VM operation: G1CollectForAllocation
Event: 40.728 Executing VM operation: G1CollectForAllocation done
Event: 40.851 Executing VM operation: G1CollectForAllocation
Event: 40.863 Executing VM operation: G1CollectForAllocation done
Event: 41.001 Executing VM operation: G1CollectForAllocation


Dynamic libraries:
0x00007ff6b31c0000 - 0x00007ff6b31ca000 	C:\Program Files\Android\Android Studio\jre\bin\java.exe
0x00007ffb45fb0000 - 0x00007ffb461a5000 	C:\Windows\SYSTEM32\ntdll.dll
0x00007ffb44e90000 - 0x00007ffb44f4e000 	C:\Windows\System32\KERNEL32.DLL
0x00007ffb43820000 - 0x00007ffb43ae8000 	C:\Windows\System32\KERNELBASE.dll
0x00007ffb43b20000 - 0x00007ffb43c20000 	C:\Windows\System32\ucrtbase.dll
0x00007ffb1f260000 - 0x00007ffb1f279000 	C:\Program Files\Android\Android Studio\jre\bin\jli.dll
0x00007ffb1f3b0000 - 0x00007ffb1f3c7000 	C:\Program Files\Android\Android Studio\jre\bin\VCRUNTIME140.dll
0x00007ffb44470000 - 0x00007ffb44611000 	C:\Windows\System32\USER32.dll
0x00007ffb43af0000 - 0x00007ffb43b12000 	C:\Windows\System32\win32u.dll
0x00007ffb2d960000 - 0x00007ffb2dbfa000 	C:\Windows\WinSxS\amd64_microsoft.windows.common-controls_6595b64144ccf1df_6.0.19041.1110_none_60b5254171f9507e\COMCTL32.dll
0x00007ffb45e60000 - 0x00007ffb45e8b000 	C:\Windows\System32\GDI32.dll
0x00007ffb45dc0000 - 0x00007ffb45e5e000 	C:\Windows\System32\msvcrt.dll
0x00007ffb43d50000 - 0x00007ffb43e5d000 	C:\Windows\System32\gdi32full.dll
0x00007ffb43c20000 - 0x00007ffb43cbd000 	C:\Windows\System32\msvcp_win.dll
0x00007ffb45310000 - 0x00007ffb45340000 	C:\Windows\System32\IMM32.DLL
0x00007ffaf3d40000 - 0x00007ffaf3ddd000 	C:\Program Files\Android\Android Studio\jre\bin\msvcp140.dll
0x00007ffafc740000 - 0x00007ffafd20f000 	C:\Program Files\Android\Android Studio\jre\bin\server\jvm.dll
0x00007ffb44f70000 - 0x00007ffb4501c000 	C:\Windows\System32\ADVAPI32.dll
0x00007ffb44cb0000 - 0x00007ffb44d4b000 	C:\Windows\System32\sechost.dll
0x00007ffb44b00000 - 0x00007ffb44c2a000 	C:\Windows\System32\RPCRT4.dll
0x00007ffb45d50000 - 0x00007ffb45d58000 	C:\Windows\System32\PSAPI.DLL
0x00007ffb3e050000 - 0x00007ffb3e059000 	C:\Windows\SYSTEM32\WSOCK32.dll
0x00007ffb3df70000 - 0x00007ffb3df7a000 	C:\Windows\SYSTEM32\VERSION.dll
0x00007ffb1cdf0000 - 0x00007ffb1ce17000 	C:\Windows\SYSTEM32\WINMM.dll
0x00007ffb450d0000 - 0x00007ffb4513b000 	C:\Windows\System32\WS2_32.dll
0x00007ffb415b0000 - 0x00007ffb415c2000 	C:\Windows\SYSTEM32\kernel.appcore.dll
0x00007ffb3cff0000 - 0x00007ffb3d001000 	C:\Program Files\Android\Android Studio\jre\bin\verify.dll
0x00007ffb1c2b0000 - 0x00007ffb1c494000 	C:\Windows\SYSTEM32\DBGHELP.DLL
0x00007ffb1c280000 - 0x00007ffb1c2ac000 	C:\Windows\SYSTEM32\dbgcore.DLL
0x00007ffb43cc0000 - 0x00007ffb43d42000 	C:\Windows\System32\bcryptPrimitives.dll
0x00007ffb3cfc0000 - 0x00007ffb3cfe9000 	C:\Program Files\Android\Android Studio\jre\bin\java.dll
0x00007ffb3d430000 - 0x00007ffb3d43b000 	C:\Program Files\Android\Android Studio\jre\bin\jimage.dll
0x00007ffb3c660000 - 0x00007ffb3c678000 	C:\Program Files\Android\Android Studio\jre\bin\zip.dll
0x00007ffb455a0000 - 0x00007ffb45ce4000 	C:\Windows\System32\SHELL32.dll
0x00007ffb417b0000 - 0x00007ffb41f44000 	C:\Windows\SYSTEM32\windows.storage.dll
0x00007ffb447a0000 - 0x00007ffb44af5000 	C:\Windows\System32\combase.dll
0x00007ffb430a0000 - 0x00007ffb430ce000 	C:\Windows\SYSTEM32\Wldp.dll
0x00007ffb45340000 - 0x00007ffb453ed000 	C:\Windows\System32\SHCORE.dll
0x00007ffb45cf0000 - 0x00007ffb45d45000 	C:\Windows\System32\shlwapi.dll
0x00007ffb43600000 - 0x00007ffb4361f000 	C:\Windows\SYSTEM32\profapi.dll
0x00007ffb39550000 - 0x00007ffb3956a000 	C:\Program Files\Android\Android Studio\jre\bin\net.dll
0x00007ffb3af20000 - 0x00007ffb3b02c000 	C:\Windows\SYSTEM32\WINHTTP.dll
0x00007ffb42da0000 - 0x00007ffb42e0a000 	C:\Windows\system32\mswsock.dll
0x00007ffb26590000 - 0x00007ffb265a4000 	C:\Program Files\Android\Android Studio\jre\bin\nio.dll
0x00007ffb228f0000 - 0x00007ffb22917000 	C:\Users\SK\.gradle\native\8bec1ad78214c89d9ad589b4d07fe93259594b29d510b10fafb7a158f7737e5d\windows-amd64\native-platform.dll
0x00007ffb1f0b0000 - 0x00007ffb1f1ed000 	C:\Users\SK\.gradle\native\53dbd7edfb1c66fb8903c78663c9afc45aea4f116125fa6feffd364cf09443e8\windows-amd64\native-platform-file-events.dll
0x00007ffb3c870000 - 0x00007ffb3c87a000 	C:\Program Files\Android\Android Studio\jre\bin\management.dll
0x00007ffb2f520000 - 0x00007ffb2f52c000 	C:\Program Files\Android\Android Studio\jre\bin\management_ext.dll
0x00007ffb42ff0000 - 0x00007ffb43008000 	C:\Windows\SYSTEM32\CRYPTSP.dll
0x00007ffb42720000 - 0x00007ffb42754000 	C:\Windows\system32\rsaenh.dll
0x00007ffb43f70000 - 0x00007ffb43f97000 	C:\Windows\System32\bcrypt.dll
0x00007ffb435c0000 - 0x00007ffb435ee000 	C:\Windows\SYSTEM32\USERENV.dll
0x00007ffb43010000 - 0x00007ffb4301c000 	C:\Windows\SYSTEM32\CRYPTBASE.dll
0x00007ffb42a90000 - 0x00007ffb42acb000 	C:\Windows\SYSTEM32\IPHLPAPI.DLL
0x00007ffb45e90000 - 0x00007ffb45e98000 	C:\Windows\System32\NSI.dll
0x00007ffb3d410000 - 0x00007ffb3d427000 	C:\Windows\SYSTEM32\dhcpcsvc6.DLL
0x00007ffb3d1c0000 - 0x00007ffb3d1dd000 	C:\Windows\SYSTEM32\dhcpcsvc.DLL
0x00007ffb42ad0000 - 0x00007ffb42b9b000 	C:\Windows\SYSTEM32\DNSAPI.dll
0x00007ffb227f0000 - 0x00007ffb22817000 	C:\Program Files\Android\Android Studio\jre\bin\sunec.dll
0x00007ffb3c600000 - 0x00007ffb3c60a000 	C:\Windows\System32\rasadhlp.dll
0x00007ffb39fd0000 - 0x00007ffb3a04f000 	C:\Windows\System32\fwpuclnt.dll
0x00007ffb1b090000 - 0x00007ffb1b234000 	C:\Program Files\Android\Android Studio\jre\bin\awt.dll
0x00007ffb45ea0000 - 0x00007ffb45f6d000 	C:\Windows\System32\OLEAUT32.dll
0x00007ffb413d0000 - 0x00007ffb413ff000 	C:\Windows\SYSTEM32\dwmapi.dll
0x00007ffb41000000 - 0x00007ffb41090000 	C:\Windows\SYSTEM32\apphelp.dll
0x00007ffb410d0000 - 0x00007ffb4116e000 	C:\Windows\system32\uxtheme.dll

dbghelp: loaded successfully - version: 4.0.5 - missing functions: none
symbol engine: initialized successfully - sym options: 0x614 - pdb path: .;C:\Program Files\Android\Android Studio\jre\bin;C:\Windows\SYSTEM32;C:\Windows\WinSxS\amd64_microsoft.windows.common-controls_6595b64144ccf1df_6.0.19041.1110_none_60b5254171f9507e;C:\Program Files\Android\Android Studio\jre\bin\server;C:\Users\SK\.gradle\native\8bec1ad78214c89d9ad589b4d07fe93259594b29d510b10fafb7a158f7737e5d\windows-amd64;C:\Users\SK\.gradle\native\53dbd7edfb1c66fb8903c78663c9afc45aea4f116125fa6feffd364cf09443e8\windows-amd64

VM Arguments:
jvm_args: --add-opens=java.base/java.util=ALL-UNNAMED --add-opens=java.base/java.lang=ALL-UNNAMED --add-opens=java.base/java.lang.invoke=ALL-UNNAMED --add-opens=java.base/java.util=ALL-UNNAMED --add-opens=java.prefs/java.util.prefs=ALL-UNNAMED --add-opens=java.prefs/java.util.prefs=ALL-UNNAMED --add-opens=java.base/java.nio.charset=ALL-UNNAMED --add-opens=java.base/java.net=ALL-UNNAMED --add-opens=java.base/java.util.concurrent.atomic=ALL-UNNAMED -Xmx2048m -Dfile.encoding=UTF-8 -Duser.country=IN -Duser.language=en -Duser.variant 
java_command: org.gradle.launcher.daemon.bootstrap.GradleDaemon 7.0.2
java_class_path (initial): C:\Users\SK\.gradle\wrapper\dists\gradle-7.0.2-bin\857tjihv64xamwrf0h14cai3r\gradle-7.0.2\lib\gradle-launcher-7.0.2.jar
Launcher Type: SUN_STANDARD

[Global flags]
     intx CICompilerCount                          = 4                                         {product} {ergonomic}
     uint ConcGCThreads                            = 2                                         {product} {ergonomic}
     uint G1ConcRefinementThreads                  = 8                                         {product} {ergonomic}
   size_t G1HeapRegionSize                         = 1048576                                   {product} {ergonomic}
    uintx GCDrainStackTargetSize                   = 64                                        {product} {ergonomic}
   size_t InitialHeapSize                          = 268435456                                 {product} {ergonomic}
   size_t MarkStackSize                            = 4194304                                   {product} {ergonomic}
   size_t MaxHeapSize                              = 2147483648                                {product} {command line}
   size_t MaxNewSize                               = 1287651328                                {product} {ergonomic}
   size_t MinHeapDeltaBytes                        = 1048576                                   {product} {ergonomic}
    uintx NonNMethodCodeHeapSize                   = 5836300                                {pd product} {ergonomic}
    uintx NonProfiledCodeHeapSize                  = 122910970                              {pd product} {ergonomic}
    uintx ProfiledCodeHeapSize                     = 122910970                              {pd product} {ergonomic}
    uintx ReservedCodeCacheSize                    = 251658240                              {pd product} {ergonomic}
     bool SegmentedCodeCache                       = true                                      {product} {ergonomic}
     bool UseCompressedClassPointers               = true                                 {lp64_product} {ergonomic}
     bool UseCompressedOops                        = true                                 {lp64_product} {ergonomic}
     bool UseG1GC                                  = true                                      {product} {ergonomic}
     bool UseLargePagesIndividualAllocation        = false                                  {pd product} {ergonomic}

Logging:
Log output configuration:
 #0: stdout all=warning uptime,level,tags
 #1: stderr all=off uptime,level,tags

Environment Variables:
PATH=C:\Program Files\Eclipse Adoptium\jdk-17.0.1.12-hotspot\bin;C:\Program Files (x86)\VMware\VMware Workstation\bin\;C:\Program Files (x86)\NVIDIA Corporation\PhysX\Common;C:\Windows\system32;C:\Windows;C:\Windows\System32\Wbem;C:\Windows\System32\WindowsPowerShell\v1.0\;C:\Windows\System32\OpenSSH\;C:\Program Files\PuTTY\;C:\Program Files\Microsoft VS Code\bin;C:\Program Files\Git\cmd;C:\Users\SK\AppData\Local\Programs\Python\Python310\Scripts\;C:\Users\SK\AppData\Local\Programs\Python\Python310\;C:\Users\SK\AppData\Local\Microsoft\WindowsApps;;C:\Program Files\JetBrains\IntelliJ IDEA Community Edition 2021.2.2\bin;
USERNAME=SK
OS=Windows_NT
PROCESSOR_IDENTIFIER=Intel64 Family 6 Model 142 Stepping 10, GenuineIntel



---------------  S Y S T E M  ---------------

OS: Windows 10 , 64 bit Build 19041 (10.0.19041.1348)
OS uptime: 1 days 8:39 hours

CPU:total 8 (initial active 8) (4 cores per cpu, 2 threads per core) family 6 model 142 stepping 10 microcode 0xb4, cmov, cx8, fxsr, mmx, sse, sse2, sse3, ssse3, sse4.1, sse4.2, popcnt, avx, avx2, aes, clmul, erms, 3dnowpref, lzcnt, ht, tsc, tscinvbit, bmi1, bmi2, adx, fma

Memory: 4k page, system-wide physical 16270M (1760M free)
TotalPageFile size 65422M (AvailPageFile size 45M)
current process WorkingSet (physical memory assigned to process): 601M, peak: 605M
current process commit charge ("private bytes"): 637M, peak: 701M

vm_info: OpenJDK 64-Bit Server VM (11.0.10+0-b96-7249189) for windows-amd64 JRE (11.0.10+0-b96-7249189), built on Mar 31 2021 21:44:00 by "builder" with MS VC++ 14.0 (VS2015)

END.
