#
# There is insufficient memory for the Java Runtime Environment to continue.
# Native memory allocation (mmap) failed to map 136314880 bytes for Failed to commit area from 0x0000000091f00000 to 0x000000009a100000 of length 136314880.
# Possible reasons:
#   The system is out of physical RAM or swap space
#   The process is running with CompressedOops enabled, and the Java Heap may be blocking the growth of the native heap
# Possible solutions:
#   Reduce memory load on the system
#   Increase physical memory or swap space
#   Check if swap backing store is full
#   Decrease Java heap size (-Xmx/-Xms)
#   Decrease number of Java threads
#   Decrease Java thread stack sizes (-Xss)
#   Set larger code cache with -XX:ReservedCodeCacheSize=
#   JVM is running with Unscaled Compressed Oops mode in which the Java heap is
#     placed in the first 4GB address space. The Java Heap base address is the
#     maximum limit for the native heap growth. Please use -XX:HeapBaseMinAddress
#     to set the Java Heap base and to place the Java Heap above 4GB virtual address.
# This output file may be truncated or incomplete.
#
#  Out of Memory Error (./src/hotspot/os/windows/os_windows.cpp:3301), pid=12216, tid=10272
#
# JRE version: OpenJDK Runtime Environment (11.0.10) (build 11.0.10+0-b96-7249189)
# Java VM: OpenJDK 64-Bit Server VM (11.0.10+0-b96-7249189, mixed mode, tiered, compressed oops, g1 gc, windows-amd64)
# No core dump will be written. Minidumps are not enabled by default on client versions of Windows
#

---------------  S U M M A R Y ------------

Command Line: --add-opens=java.base/java.util=ALL-UNNAMED --add-opens=java.base/java.lang=ALL-UNNAMED --add-opens=java.base/java.lang.invoke=ALL-UNNAMED --add-opens=java.base/java.util=ALL-UNNAMED --add-opens=java.prefs/java.util.prefs=ALL-UNNAMED --add-opens=java.prefs/java.util.prefs=ALL-UNNAMED --add-opens=java.base/java.nio.charset=ALL-UNNAMED --add-opens=java.base/java.net=ALL-UNNAMED --add-opens=java.base/java.util.concurrent.atomic=ALL-UNNAMED -Xmx2048m -Dfile.encoding=UTF-8 -Duser.country=IN -Duser.language=en -Duser.variant org.gradle.launcher.daemon.bootstrap.GradleDaemon 7.0.2

Host: Intel(R) Core(TM) i5-8250U CPU @ 1.60GHz, 8 cores, 15G,  Windows 10 , 64 bit Build 19041 (10.0.19041.1348)
Time: Fri Jan 14 06:59:12 2022 India Standard Time elapsed time: 42.575493 seconds (0d 0h 0m 42s)

---------------  T H R E A D  ---------------

Current thread (0x00000172e484c800):  VMThread "VM Thread" [stack: 0x0000004177200000,0x0000004177300000] [id=10272]

Stack: [0x0000004177200000,0x0000004177300000]
[error occurred during error reporting (printing stack bounds), id 0xc0000005, EXCEPTION_ACCESS_VIOLATION (0xc0000005) at pc=0x00000172cd740f2d]

Native frames: (J=compiled Java code, j=interpreted, Vv=VM code, C=native code)
V  [jvm.dll+0x5ecfaa]
V  [jvm.dll+0x722bd5]
V  [jvm.dll+0x72412d]
V  [jvm.dll+0x724745]
V  [jvm.dll+0x7246fb]
V  [jvm.dll+0x5ec348]
V  [jvm.dll+0x5ecad8]
C  [ntdll.dll+0xa20cf]
C  [ntdll.dll+0x51454]
C  [ntdll.dll+0xa0bfe]
C  0x00000172cd740f2d

VM_Operation (0x000000417bffd670): G1CollectForAllocation, mode: safepoint, requested by thread 0x00000172e7da9000


---------------  P R O C E S S  ---------------

Threads class SMR info:
_java_thread_list=0x00000172f0217700, length=69, elements={
0x00000172c9c4c800, 0x00000172e507e000, 0x00000172e5081800, 0x00000172e50e3000,
0x00000172e50e5000, 0x00000172e50e7800, 0x00000172e50e8800, 0x00000172e50e9800,
0x00000172e5158800, 0x00000172e5254000, 0x00000172e6a2d800, 0x00000172e76af000,
0x00000172e58a7000, 0x00000172e72c9000, 0x00000172e8557000, 0x00000172e84f7800,
0x00000172e84fe000, 0x00000172e84fd800, 0x00000172e84f8800, 0x00000172e84fa000,
0x00000172e84fb000, 0x00000172e84fb800, 0x00000172e8c2e000, 0x00000172e8c32000,
0x00000172e8c33000, 0x00000172e8c30800, 0x00000172e8c31800, 0x00000172e8c2f800,
0x00000172e8c36000, 0x00000172e8c3a800, 0x00000172e55c5000, 0x00000172e55c9000,
0x00000172e55ca000, 0x00000172e55cb000, 0x00000172e55c7800, 0x00000172e55c8800,
0x00000172e55cc800, 0x00000172e8557800, 0x00000172e55c7000, 0x00000172f1833000,
0x00000172e55d0800, 0x00000172e55cf800, 0x00000172e55ce000, 0x00000172e55d3000,
0x00000172e55d2000, 0x00000172e55cd800, 0x00000172e55d1800, 0x00000172e55d4000,
0x00000172e55cf000, 0x00000172e8c2d000, 0x00000172e8c34000, 0x00000172e8c2f000,
0x00000172e8c38000, 0x00000172e8c35800, 0x00000172e8c37000, 0x00000172e8c3c000,
0x00000172e84f9000, 0x00000172e84fc800, 0x00000172e7da4000, 0x00000172e7da2800,
0x00000172e7da5000, 0x00000172e7da3800, 0x00000172e7da1000, 0x00000172e7da7800,
0x00000172e7da6800, 0x00000172e7da2000, 0x00000172e7da8800, 0x00000172e7da9000,
0x00000172e7da6000
}

Java Threads: ( => current thread )
  0x00000172c9c4c800 JavaThread "main" [_thread_blocked, id=9136, stack(0x0000004176c00000,0x0000004176d00000)]
  0x00000172e507e000 JavaThread "Reference Handler" daemon [_thread_blocked, id=8240, stack(0x0000004177300000,0x0000004177400000)]
  0x00000172e5081800 JavaThread "Finalizer" daemon [_thread_blocked, id=3224, stack(0x0000004177400000,0x0000004177500000)]
  0x00000172e50e3000 JavaThread "Signal Dispatcher" daemon [_thread_blocked, id=2892, stack(0x0000004177500000,0x0000004177600000)]
  0x00000172e50e5000 JavaThread "Attach Listener" daemon [_thread_blocked, id=2272, stack(0x0000004177600000,0x0000004177700000)]
  0x00000172e50e7800 JavaThread "Service Thread" daemon [_thread_blocked, id=6236, stack(0x0000004177700000,0x0000004177800000)]
  0x00000172e50e8800 JavaThread "C2 CompilerThread0" daemon [_thread_in_native, id=6764, stack(0x0000004177800000,0x0000004177900000)]
  0x00000172e50e9800 JavaThread "C1 CompilerThread0" daemon [_thread_blocked, id=9724, stack(0x0000004177900000,0x0000004177a00000)]
  0x00000172e5158800 JavaThread "Sweeper thread" daemon [_thread_blocked, id=14784, stack(0x0000004177a00000,0x0000004177b00000)]
  0x00000172e5254000 JavaThread "Common-Cleaner" daemon [_thread_blocked, id=3320, stack(0x0000004177b00000,0x0000004177c00000)]
  0x00000172e6a2d800 JavaThread "Daemon health stats" [_thread_blocked, id=10120, stack(0x0000004178400000,0x0000004178500000)]
  0x00000172e76af000 JavaThread "Incoming local TCP Connector on port 54616" [_thread_in_native, id=4840, stack(0x0000004177d00000,0x0000004177e00000)]
  0x00000172e58a7000 JavaThread "Daemon periodic checks" [_thread_blocked, id=12672, stack(0x0000004178300000,0x0000004178400000)]
  0x00000172e72c9000 JavaThread "Daemon" [_thread_blocked, id=11604, stack(0x0000004178500000,0x0000004178600000)]
  0x00000172e8557000 JavaThread "Daemon worker" [_thread_blocked, id=13176, stack(0x0000004178800000,0x0000004178900000)]
  0x00000172e84f7800 JavaThread "Cache worker for file hash cache (C:\Users\SK\.gradle\caches\7.0.2\fileHashes)" [_thread_blocked, id=8120, stack(0x0000004178f00000,0x0000004179000000)]
  0x00000172e84fe000 JavaThread "File lock request listener" [_thread_in_native, id=1792, stack(0x0000004179000000,0x0000004179100000)]
  0x00000172e84fd800 JavaThread "Cache worker for journal cache (C:\Users\SK\.gradle\caches\journal-1)" [_thread_blocked, id=10624, stack(0x0000004179200000,0x0000004179300000)]
  0x00000172e84f8800 JavaThread "File watcher server" daemon [_thread_blocked, id=12628, stack(0x0000004179500000,0x0000004179600000)]
  0x00000172e84fa000 JavaThread "File watcher consumer" daemon [_thread_blocked, id=9780, stack(0x0000004179600000,0x0000004179700000)]
  0x00000172e84fb000 JavaThread "jar transforms" [_thread_blocked, id=8916, stack(0x0000004179700000,0x0000004179800000)]
  0x00000172e84fb800 JavaThread "jar transforms Thread 2" [_thread_blocked, id=13116, stack(0x0000004179800000,0x0000004179900000)]
  0x00000172e8c2e000 JavaThread "jar transforms Thread 3" [_thread_blocked, id=5932, stack(0x0000004179900000,0x0000004179a00000)]
  0x00000172e8c32000 JavaThread "jar transforms Thread 4" [_thread_blocked, id=12212, stack(0x0000004179a00000,0x0000004179b00000)]
  0x00000172e8c33000 JavaThread "jar transforms Thread 5" [_thread_blocked, id=2088, stack(0x0000004179b00000,0x0000004179c00000)]
  0x00000172e8c30800 JavaThread "jar transforms Thread 6" [_thread_blocked, id=1556, stack(0x0000004179c00000,0x0000004179d00000)]
  0x00000172e8c31800 JavaThread "jar transforms Thread 7" [_thread_blocked, id=9516, stack(0x0000004179d00000,0x0000004179e00000)]
  0x00000172e8c2f800 JavaThread "jar transforms Thread 8" [_thread_blocked, id=13880, stack(0x0000004179e00000,0x0000004179f00000)]
  0x00000172e8c36000 JavaThread "Cache worker for execution history cache (C:\Users\SK\.gradle\caches\7.0.2\executionHistory)" [_thread_blocked, id=15192, stack(0x000000417a100000,0x000000417a200000)]
  0x00000172e8c3a800 JavaThread "Cache worker for file content cache (C:\Users\SK\.gradle\caches\7.0.2\fileContent)" [_thread_blocked, id=11660, stack(0x000000417a300000,0x000000417a400000)]
  0x00000172e55c5000 JavaThread "Memory manager" [_thread_blocked, id=5060, stack(0x000000417ae00000,0x000000417af00000)]
  0x00000172e55c9000 JavaThread "Handler for socket connection from /127.0.0.1:54616 to /127.0.0.1:54623" [_thread_in_native, id=10088, stack(0x0000004178700000,0x0000004178800000)]
  0x00000172e55ca000 JavaThread "Cancel handler" [_thread_blocked, id=13896, stack(0x0000004178900000,0x0000004178a00000)]
  0x00000172e55cb000 JavaThread "Asynchronous log dispatcher for DefaultDaemonConnection: socket connection from /127.0.0.1:54616 to /127.0.0.1:54623" [_thread_blocked, id=13728, stack(0x0000004178a00000,0x0000004178b00000)]
  0x00000172e55c7800 JavaThread "Stdin handler" [_thread_blocked, id=14224, stack(0x0000004178b00000,0x0000004178c00000)]
  0x00000172e55c8800 JavaThread "Daemon client event forwarder" [_thread_blocked, id=12232, stack(0x0000004178c00000,0x0000004178d00000)]
  0x00000172e55cc800 JavaThread "Cache worker for file hash cache (C:\Users\SK\AndroidStudioProjects\ERP\.gradle\7.0.2\fileHashes)" [_thread_blocked, id=11964, stack(0x0000004179300000,0x0000004179400000)]
  0x00000172e8557800 JavaThread "C2 CompilerThread1" daemon [_thread_blocked, id=3892, stack(0x0000004179400000,0x0000004179500000)]
  0x00000172e55c7000 JavaThread "Cache worker for checksums cache (C:\Users\SK\AndroidStudioProjects\ERP\.gradle\checksums)" [_thread_blocked, id=11348, stack(0x0000004179f00000,0x000000417a000000)]
  0x00000172f1833000 JavaThread "C2 CompilerThread2" daemon [_thread_in_native, id=13988, stack(0x000000417a000000,0x000000417a100000)]
  0x00000172e55d0800 JavaThread "Cache worker for cache directory md-supplier (C:\Users\SK\.gradle\caches\7.0.2\md-supplier)" [_thread_blocked, id=10200, stack(0x000000417a200000,0x000000417a300000)]
  0x00000172e55cf800 JavaThread "Cache worker for cache directory md-rule (C:\Users\SK\.gradle\caches\7.0.2\md-rule)" [_thread_blocked, id=12176, stack(0x000000417a400000,0x000000417a500000)]
  0x00000172e55ce000 JavaThread "Cache worker for dependencies-accessors (C:\Users\SK\AndroidStudioProjects\ERP\.gradle\7.0.2\dependencies-accessors)" [_thread_blocked, id=15308, stack(0x000000417a500000,0x000000417a600000)]
  0x00000172e55d3000 JavaThread "Cache worker for Build Output Cleanup Cache (C:\Users\SK\AndroidStudioProjects\ERP\.gradle\buildOutputCleanup)" [_thread_blocked, id=10424, stack(0x000000417a600000,0x000000417a700000)]
  0x00000172e55d2000 JavaThread "Build operations" [_thread_blocked, id=11496, stack(0x000000417a700000,0x000000417a800000)]
  0x00000172e55cd800 JavaThread "Build operations Thread 2" [_thread_blocked, id=1200, stack(0x000000417a800000,0x000000417a900000)]
  0x00000172e55d1800 JavaThread "Build operations Thread 3" [_thread_blocked, id=8356, stack(0x000000417a900000,0x000000417aa00000)]
  0x00000172e55d4000 JavaThread "Build operations Thread 4" [_thread_blocked, id=14692, stack(0x000000417aa00000,0x000000417ab00000)]
  0x00000172e55cf000 JavaThread "Build operations Thread 5" [_thread_blocked, id=14420, stack(0x000000417ab00000,0x000000417ac00000)]
  0x00000172e8c2d000 JavaThread "Build operations Thread 6" [_thread_blocked, id=2568, stack(0x000000417ac00000,0x000000417ad00000)]
  0x00000172e8c34000 JavaThread "Build operations Thread 7" [_thread_blocked, id=216, stack(0x000000417ad00000,0x000000417ae00000)]
  0x00000172e8c2f000 JavaThread "Build operations Thread 8" [_thread_blocked, id=13656, stack(0x000000417af00000,0x000000417b000000)]
  0x00000172e8c38000 JavaThread "build event listener" [_thread_blocked, id=3868, stack(0x000000417b000000,0x000000417b100000)]
  0x00000172e8c35800 JavaThread "build event listener" [_thread_blocked, id=7912, stack(0x000000417b100000,0x000000417b200000)]
  0x00000172e8c37000 JavaThread "Execution worker for ':'" [_thread_blocked, id=9852, stack(0x000000417b200000,0x000000417b300000)]
  0x00000172e8c3c000 JavaThread "Execution worker for ':' Thread 2" [_thread_blocked, id=10304, stack(0x000000417b300000,0x000000417b400000)]
  0x00000172e84f9000 JavaThread "Execution worker for ':' Thread 3" [_thread_blocked, id=5100, stack(0x000000417b400000,0x000000417b500000)]
  0x00000172e84fc800 JavaThread "Execution worker for ':' Thread 4" [_thread_blocked, id=12780, stack(0x000000417b500000,0x000000417b600000)]
  0x00000172e7da4000 JavaThread "Execution worker for ':' Thread 5" [_thread_blocked, id=13000, stack(0x000000417b600000,0x000000417b700000)]
  0x00000172e7da2800 JavaThread "Execution worker for ':' Thread 6" [_thread_blocked, id=2504, stack(0x000000417b700000,0x000000417b800000)]
  0x00000172e7da5000 JavaThread "Execution worker for ':' Thread 7" [_thread_blocked, id=10784, stack(0x000000417b800000,0x000000417b900000)]
  0x00000172e7da3800 JavaThread "Cache worker for execution history cache (C:\Users\SK\AndroidStudioProjects\ERP\.gradle\7.0.2\executionHistory)" [_thread_blocked, id=5844, stack(0x000000417b900000,0x000000417ba00000)]
  0x00000172e7da1000 JavaThread "WorkerExecutor Queue" [_thread_blocked, id=14656, stack(0x000000417ba00000,0x000000417bb00000)]
  0x00000172e7da7800 JavaThread "pool-4-thread-1" [_thread_blocked, id=6876, stack(0x000000417bb00000,0x000000417bc00000)]
  0x00000172e7da6800 JavaThread "stderr" [_thread_in_native, id=1476, stack(0x000000417bc00000,0x000000417bd00000)]
  0x00000172e7da2000 JavaThread "stdout" [_thread_in_native, id=12516, stack(0x000000417bd00000,0x000000417be00000)]
  0x00000172e7da8800 JavaThread "WorkerExecutor Queue Thread 2" [_thread_blocked, id=5140, stack(0x000000417be00000,0x000000417bf00000)]
  0x00000172e7da9000 JavaThread "WorkerExecutor Queue Thread 3" [_thread_blocked, id=10276, stack(0x000000417bf00000,0x000000417c000000)]
  0x00000172e7da6000 JavaThread "WorkerExecutor Queue Thread 4" [_thread_blocked, id=10604, stack(0x000000417c000000,0x000000417c100000)]

Other Threads:
=>0x00000172e484c800 VMThread "VM Thread" [stack: 0x0000004177200000,0x0000004177300000] [id=10272]
  0x00000172e52cb000 WatcherThread [stack: 0x0000004177c00000,0x0000004177d00000] [id=4356]
  0x00000172c9c65000 GCTaskThread "GC Thread#0" [stack: 0x0000004176d00000,0x0000004176e00000] [id=10392]
  0x00000172e6229800 GCTaskThread "GC Thread#1" [stack: 0x0000004177e00000,0x0000004177f00000] [id=10724]
  0x00000172e599d800 GCTaskThread "GC Thread#2" [stack: 0x0000004177f00000,0x0000004178000000] [id=1240]
  0x00000172e60e1800 GCTaskThread "GC Thread#3" [stack: 0x0000004178000000,0x0000004178100000] [id=3444]
  0x00000172e5dad800 GCTaskThread "GC Thread#4" [stack: 0x0000004178100000,0x0000004178200000] [id=4368]
  0x00000172e611d800 GCTaskThread "GC Thread#5" [stack: 0x0000004178200000,0x0000004178300000] [id=1432]
  0x00000172e611e800 GCTaskThread "GC Thread#6" [stack: 0x0000004178d00000,0x0000004178e00000] [id=724]
  0x00000172e611f000 GCTaskThread "GC Thread#7" [stack: 0x0000004178e00000,0x0000004178f00000] [id=13524]
  0x00000172c9c97800 ConcurrentGCThread "G1 Main Marker" [stack: 0x0000004176e00000,0x0000004176f00000] [id=13380]
  0x00000172c9c98800 ConcurrentGCThread "G1 Conc#0" [stack: 0x0000004176f00000,0x0000004177000000] [id=1248]
  0x00000172e611b800 ConcurrentGCThread "G1 Conc#1" [stack: 0x0000004179100000,0x0000004179200000] [id=12268]
  0x00000172e46c6800 ConcurrentGCThread "G1 Refine#0" [stack: 0x0000004177000000,0x0000004177100000] [id=1244]
  0x00000172e46c7000 ConcurrentGCThread "G1 Young RemSet Sampling" [stack: 0x0000004177100000,0x0000004177200000] [id=10588]

Threads with active compile tasks:
C2 CompilerThread0  42606 15502   !   4       java.io.ObjectOutputStream::writeObject0 (619 bytes)
C2 CompilerThread1  42606 15715       4       com.android.tools.r8.dex.j::m (2086 bytes)
C2 CompilerThread2  42606 15740       4       com.android.tools.r8.internal.fu::a (185 bytes)

VM state:at safepoint (normal execution)

VM Mutex/Monitor currently owned by a thread:  ([mutex/lock_event])
[0x00000172c9c49540] Threads_lock - owner thread: 0x00000172e484c800
[0x00000172c9c48220] Heap_lock - owner thread: 0x00000172e7da9000

Heap address: 0x0000000080000000, size: 2048 MB, Compressed Oops mode: 32-bit
Narrow klass base: 0x0000000000000000, Narrow klass shift: 3
Compressed class space size: 1073741824 Address: 0x0000000100000000

Heap:
 garbage-first heap   total 427008K, used 258802K [0x0000000080000000, 0x0000000100000000)
  region size 1024K, 2 young (2048K), 2 survivors (2048K)
 Metaspace       used 115347K, capacity 118553K, committed 118656K, reserved 1153024K
  class space    used 14731K, capacity 15901K, committed 16000K, reserved 1048576K
Heap Regions: E=young(eden), S=young(survivor), O=old, HS=humongous(starts), HC=humongous(continues), CS=collection set, F=free, A=archive, TAMS=top-at-mark-start (previous, next)
|   0|0x0000000080000000, 0x0000000080100000, 0x0000000080100000|100%| O|  |TAMS 0x0000000080100000, 0x0000000080000000| Updating 
|   1|0x0000000080100000, 0x0000000080200000, 0x0000000080200000|100%| O|  |TAMS 0x0000000080200000, 0x0000000080100000| Updating 
|   2|0x0000000080200000, 0x0000000080300000, 0x0000000080300000|100%| O|  |TAMS 0x0000000080300000, 0x0000000080200000| Updating 
|   3|0x0000000080300000, 0x0000000080400000, 0x0000000080400000|100%|HS|  |TAMS 0x0000000080400000, 0x0000000080300000| Complete 
|   4|0x0000000080400000, 0x0000000080500000, 0x0000000080500000|100%|HC|  |TAMS 0x0000000080500000, 0x0000000080400000| Complete 
|   5|0x0000000080500000, 0x0000000080600000, 0x0000000080600000|100%|HC|  |TAMS 0x0000000080600000, 0x0000000080500000| Complete 
|   6|0x0000000080600000, 0x0000000080700000, 0x0000000080700000|100%| O|  |TAMS 0x0000000080700000, 0x0000000080600000| Updating 
|   7|0x0000000080700000, 0x0000000080800000, 0x0000000080800000|100%| O|  |TAMS 0x0000000080800000, 0x0000000080700000| Updating 
|   8|0x0000000080800000, 0x0000000080900000, 0x0000000080900000|100%| O|  |TAMS 0x0000000080900000, 0x0000000080800000| Updating 
|   9|0x0000000080900000, 0x0000000080a00000, 0x0000000080a00000|100%| O|  |TAMS 0x0000000080a00000, 0x0000000080900000| Updating 
|  10|0x0000000080a00000, 0x0000000080b00000, 0x0000000080b00000|100%| O|  |TAMS 0x0000000080b00000, 0x0000000080a00000| Updating 
|  11|0x0000000080b00000, 0x0000000080c00000, 0x0000000080c00000|100%| O|  |TAMS 0x0000000080c00000, 0x0000000080b00000| Updating 
|  12|0x0000000080c00000, 0x0000000080d00000, 0x0000000080d00000|100%| O|  |TAMS 0x0000000080d00000, 0x0000000080c00000| Updating 
|  13|0x0000000080d00000, 0x0000000080e00000, 0x0000000080e00000|100%| O|  |TAMS 0x0000000080e00000, 0x0000000080d00000| Updating 
|  14|0x0000000080e00000, 0x0000000080f00000, 0x0000000080f00000|100%| O|  |TAMS 0x0000000080f00000, 0x0000000080e00000| Updating 
|  15|0x0000000080f00000, 0x0000000081000000, 0x0000000081000000|100%| O|  |TAMS 0x0000000081000000, 0x0000000080f00000| Updating 
|  16|0x0000000081000000, 0x0000000081100000, 0x0000000081100000|100%|HS|  |TAMS 0x0000000081100000, 0x0000000081000000| Complete 
|  17|0x0000000081100000, 0x0000000081200000, 0x0000000081200000|100%|HC|  |TAMS 0x0000000081200000, 0x0000000081100000| Complete 
|  18|0x0000000081200000, 0x0000000081300000, 0x0000000081300000|100%|HS|  |TAMS 0x0000000081300000, 0x0000000081200000| Complete 
|  19|0x0000000081300000, 0x0000000081400000, 0x0000000081400000|100%|HC|  |TAMS 0x0000000081400000, 0x0000000081300000| Complete 
|  20|0x0000000081400000, 0x0000000081500000, 0x0000000081500000|100%|HC|  |TAMS 0x0000000081500000, 0x0000000081400000| Complete 
|  21|0x0000000081500000, 0x0000000081600000, 0x0000000081600000|100%|HS|  |TAMS 0x0000000081600000, 0x0000000081500000| Complete 
|  22|0x0000000081600000, 0x0000000081700000, 0x0000000081700000|100%|HC|  |TAMS 0x0000000081700000, 0x0000000081600000| Complete 
|  23|0x0000000081700000, 0x0000000081800000, 0x0000000081800000|100%|HC|  |TAMS 0x0000000081800000, 0x0000000081700000| Complete 
|  24|0x0000000081800000, 0x0000000081900000, 0x0000000081900000|100%|HC|  |TAMS 0x0000000081900000, 0x0000000081800000| Complete 
|  25|0x0000000081900000, 0x0000000081a00000, 0x0000000081a00000|100%|HC|  |TAMS 0x0000000081a00000, 0x0000000081900000| Complete 
|  26|0x0000000081a00000, 0x0000000081b00000, 0x0000000081b00000|100%|HS|  |TAMS 0x0000000081b00000, 0x0000000081a00000| Complete 
|  27|0x0000000081b00000, 0x0000000081c00000, 0x0000000081c00000|100%| O|  |TAMS 0x0000000081c00000, 0x0000000081b00000| Updating 
|  28|0x0000000081c00000, 0x0000000081d00000, 0x0000000081d00000|100%| O|  |TAMS 0x0000000081d00000, 0x0000000081c00000| Updating 
|  29|0x0000000081d00000, 0x0000000081e00000, 0x0000000081e00000|100%|HS|  |TAMS 0x0000000081e00000, 0x0000000081d00000| Complete 
|  30|0x0000000081e00000, 0x0000000081f00000, 0x0000000081f00000|100%|HC|  |TAMS 0x0000000081f00000, 0x0000000081e00000| Complete 
|  31|0x0000000081f00000, 0x0000000082000000, 0x0000000082000000|100%|HC|  |TAMS 0x0000000082000000, 0x0000000081f00000| Complete 
|  32|0x0000000082000000, 0x0000000082100000, 0x0000000082100000|100%|HC|  |TAMS 0x0000000082100000, 0x0000000082000000| Complete 
|  33|0x0000000082100000, 0x0000000082200000, 0x0000000082200000|100%|HC|  |TAMS 0x0000000082200000, 0x0000000082100000| Complete 
|  34|0x0000000082200000, 0x0000000082300000, 0x0000000082300000|100%|HS|  |TAMS 0x0000000082300000, 0x0000000082200000| Complete 
|  35|0x0000000082300000, 0x0000000082400000, 0x0000000082400000|100%|HC|  |TAMS 0x0000000082400000, 0x0000000082300000| Complete 
|  36|0x0000000082400000, 0x0000000082500000, 0x0000000082500000|100%|HC|  |TAMS 0x0000000082500000, 0x0000000082400000| Complete 
|  37|0x0000000082500000, 0x0000000082600000, 0x0000000082600000|100%| O|  |TAMS 0x0000000082600000, 0x0000000082500000| Updating 
|  38|0x0000000082600000, 0x0000000082700000, 0x0000000082700000|100%| O|  |TAMS 0x0000000082700000, 0x0000000082600000| Updating 
|  39|0x0000000082700000, 0x0000000082800000, 0x0000000082800000|100%| O|  |TAMS 0x0000000082800000, 0x0000000082700000| Updating 
|  40|0x0000000082800000, 0x0000000082900000, 0x0000000082900000|100%| O|  |TAMS 0x0000000082900000, 0x0000000082800000| Updating 
|  41|0x0000000082900000, 0x0000000082a00000, 0x0000000082a00000|100%| O|  |TAMS 0x0000000082a00000, 0x0000000082900000| Updating 
|  42|0x0000000082a00000, 0x0000000082b00000, 0x0000000082b00000|100%| O|  |TAMS 0x0000000082b00000, 0x0000000082a00000| Updating 
|  43|0x0000000082b00000, 0x0000000082c00000, 0x0000000082c00000|100%| O|  |TAMS 0x0000000082c00000, 0x0000000082b00000| Updating 
|  44|0x0000000082c00000, 0x0000000082d00000, 0x0000000082d00000|100%| O|  |TAMS 0x0000000082d00000, 0x0000000082c00000| Updating 
|  45|0x0000000082d00000, 0x0000000082e00000, 0x0000000082e00000|100%| O|  |TAMS 0x0000000082e00000, 0x0000000082d00000| Updating 
|  46|0x0000000082e00000, 0x0000000082f00000, 0x0000000082f00000|100%| O|  |TAMS 0x0000000082f00000, 0x0000000082e00000| Updating 
|  47|0x0000000082f00000, 0x0000000083000000, 0x0000000083000000|100%| O|  |TAMS 0x0000000083000000, 0x0000000082f00000| Updating 
|  48|0x0000000083000000, 0x0000000083100000, 0x0000000083100000|100%| O|  |TAMS 0x0000000083100000, 0x0000000083000000| Updating 
|  49|0x0000000083100000, 0x0000000083200000, 0x0000000083200000|100%| O|  |TAMS 0x0000000083200000, 0x0000000083100000| Updating 
|  50|0x0000000083200000, 0x0000000083300000, 0x0000000083300000|100%| O|  |TAMS 0x0000000083300000, 0x0000000083200000| Updating 
|  51|0x0000000083300000, 0x0000000083400000, 0x0000000083400000|100%| O|  |TAMS 0x0000000083400000, 0x0000000083300000| Updating 
|  52|0x0000000083400000, 0x0000000083500000, 0x0000000083500000|100%|HS|  |TAMS 0x0000000083500000, 0x0000000083400000| Complete 
|  53|0x0000000083500000, 0x0000000083600000, 0x0000000083600000|100%|HS|  |TAMS 0x0000000083600000, 0x0000000083500000| Complete 
|  54|0x0000000083600000, 0x0000000083700000, 0x0000000083700000|100%|HS|  |TAMS 0x0000000083700000, 0x0000000083600000| Complete 
|  55|0x0000000083700000, 0x0000000083800000, 0x0000000083800000|100%|HC|  |TAMS 0x0000000083800000, 0x0000000083700000| Complete 
|  56|0x0000000083800000, 0x0000000083900000, 0x0000000083900000|100%|HC|  |TAMS 0x0000000083900000, 0x0000000083800000| Complete 
|  57|0x0000000083900000, 0x0000000083a00000, 0x0000000083a00000|100%|HS|  |TAMS 0x0000000083a00000, 0x0000000083900000| Complete 
|  58|0x0000000083a00000, 0x0000000083b00000, 0x0000000083b00000|100%|HC|  |TAMS 0x0000000083b00000, 0x0000000083a00000| Complete 
|  59|0x0000000083b00000, 0x0000000083c00000, 0x0000000083c00000|100%| O|  |TAMS 0x0000000083c00000, 0x0000000083b00000| Updating 
|  60|0x0000000083c00000, 0x0000000083d00000, 0x0000000083d00000|100%| O|  |TAMS 0x0000000083d00000, 0x0000000083c00000| Updating 
|  61|0x0000000083d00000, 0x0000000083e00000, 0x0000000083e00000|100%| O|  |TAMS 0x0000000083e00000, 0x0000000083d00000| Updating 
|  62|0x0000000083e00000, 0x0000000083f00000, 0x0000000083f00000|100%| O|  |TAMS 0x0000000083f00000, 0x0000000083e00000| Updating 
|  63|0x0000000083f00000, 0x0000000084000000, 0x0000000084000000|100%| O|  |TAMS 0x0000000084000000, 0x0000000083f00000| Updating 
|  64|0x0000000084000000, 0x0000000084100000, 0x0000000084100000|100%| O|  |TAMS 0x0000000084100000, 0x0000000084000000| Updating 
|  65|0x0000000084100000, 0x0000000084200000, 0x0000000084200000|100%| O|  |TAMS 0x0000000084200000, 0x0000000084100000| Updating 
|  66|0x0000000084200000, 0x0000000084300000, 0x0000000084300000|100%| O|  |TAMS 0x0000000084300000, 0x0000000084200000| Updating 
|  67|0x0000000084300000, 0x0000000084400000, 0x0000000084400000|100%| O|  |TAMS 0x0000000084400000, 0x0000000084300000| Updating 
|  68|0x0000000084400000, 0x0000000084500000, 0x0000000084500000|100%| O|  |TAMS 0x0000000084500000, 0x0000000084400000| Updating 
|  69|0x0000000084500000, 0x0000000084600000, 0x0000000084600000|100%| O|  |TAMS 0x0000000084600000, 0x0000000084500000| Updating 
|  70|0x0000000084600000, 0x0000000084700000, 0x0000000084700000|100%| O|  |TAMS 0x0000000084700000, 0x0000000084600000| Updating 
|  71|0x0000000084700000, 0x0000000084800000, 0x0000000084800000|100%| O|  |TAMS 0x0000000084800000, 0x0000000084700000| Updating 
|  72|0x0000000084800000, 0x0000000084900000, 0x0000000084900000|100%| O|  |TAMS 0x0000000084900000, 0x0000000084800000| Updating 
|  73|0x0000000084900000, 0x0000000084a00000, 0x0000000084a00000|100%| O|  |TAMS 0x0000000084a00000, 0x0000000084900000| Updating 
|  74|0x0000000084a00000, 0x0000000084b00000, 0x0000000084b00000|100%| O|  |TAMS 0x0000000084b00000, 0x0000000084a00000| Updating 
|  75|0x0000000084b00000, 0x0000000084c00000, 0x0000000084c00000|100%| O|  |TAMS 0x0000000084c00000, 0x0000000084b00000| Updating 
|  76|0x0000000084c00000, 0x0000000084d00000, 0x0000000084d00000|100%| O|  |TAMS 0x0000000084d00000, 0x0000000084c00000| Updating 
|  77|0x0000000084d00000, 0x0000000084e00000, 0x0000000084e00000|100%| O|  |TAMS 0x0000000084e00000, 0x0000000084d00000| Updating 
|  78|0x0000000084e00000, 0x0000000084f00000, 0x0000000084f00000|100%| O|  |TAMS 0x0000000084f00000, 0x0000000084e00000| Updating 
|  79|0x0000000084f00000, 0x0000000085000000, 0x0000000085000000|100%| O|  |TAMS 0x0000000085000000, 0x0000000084f00000| Updating 
|  80|0x0000000085000000, 0x0000000085100000, 0x0000000085100000|100%| O|  |TAMS 0x0000000085100000, 0x0000000085000000| Updating 
|  81|0x0000000085100000, 0x0000000085200000, 0x0000000085200000|100%| O|  |TAMS 0x0000000085200000, 0x0000000085100000| Updating 
|  82|0x0000000085200000, 0x0000000085300000, 0x0000000085300000|100%| O|  |TAMS 0x0000000085300000, 0x0000000085200000| Updating 
|  83|0x0000000085300000, 0x0000000085400000, 0x0000000085400000|100%| O|  |TAMS 0x0000000085400000, 0x0000000085300000| Updating 
|  84|0x0000000085400000, 0x0000000085500000, 0x0000000085500000|100%| O|  |TAMS 0x0000000085500000, 0x0000000085400000| Updating 
|  85|0x0000000085500000, 0x0000000085600000, 0x0000000085600000|100%| O|  |TAMS 0x0000000085600000, 0x0000000085500000| Updating 
|  86|0x0000000085600000, 0x0000000085700000, 0x0000000085700000|100%| O|  |TAMS 0x0000000085700000, 0x0000000085600000| Updating 
|  87|0x0000000085700000, 0x0000000085800000, 0x0000000085800000|100%| O|  |TAMS 0x0000000085800000, 0x0000000085700000| Updating 
|  88|0x0000000085800000, 0x0000000085900000, 0x0000000085900000|100%| O|  |TAMS 0x0000000085900000, 0x0000000085800000| Updating 
|  89|0x0000000085900000, 0x0000000085a00000, 0x0000000085a00000|100%| O|  |TAMS 0x0000000085a00000, 0x0000000085900000| Updating 
|  90|0x0000000085a00000, 0x0000000085b00000, 0x0000000085b00000|100%|HS|  |TAMS 0x0000000085b00000, 0x0000000085a00000| Complete 
|  91|0x0000000085b00000, 0x0000000085c00000, 0x0000000085c00000|100%| O|  |TAMS 0x0000000085c00000, 0x0000000085b00000| Updating 
|  92|0x0000000085c00000, 0x0000000085d00000, 0x0000000085d00000|100%| O|  |TAMS 0x0000000085d00000, 0x0000000085c00000| Updating 
|  93|0x0000000085d00000, 0x0000000085e00000, 0x0000000085e00000|100%| O|  |TAMS 0x0000000085e00000, 0x0000000085d00000| Updating 
|  94|0x0000000085e00000, 0x0000000085f00000, 0x0000000085f00000|100%| O|  |TAMS 0x0000000085f00000, 0x0000000085e00000| Updating 
|  95|0x0000000085f00000, 0x0000000086000000, 0x0000000086000000|100%| O|  |TAMS 0x0000000086000000, 0x0000000085f00000| Updating 
|  96|0x0000000086000000, 0x0000000086100000, 0x0000000086100000|100%| O|  |TAMS 0x0000000086100000, 0x0000000086000000| Updating 
|  97|0x0000000086100000, 0x0000000086200000, 0x0000000086200000|100%| O|  |TAMS 0x0000000086200000, 0x0000000086100000| Updating 
|  98|0x0000000086200000, 0x0000000086300000, 0x0000000086300000|100%| O|  |TAMS 0x0000000086300000, 0x0000000086200000| Updating 
|  99|0x0000000086300000, 0x0000000086400000, 0x0000000086400000|100%| O|  |TAMS 0x0000000086400000, 0x0000000086300000| Updating 
| 100|0x0000000086400000, 0x0000000086500000, 0x0000000086500000|100%| O|  |TAMS 0x0000000086500000, 0x0000000086400000| Updating 
| 101|0x0000000086500000, 0x0000000086600000, 0x0000000086600000|100%| O|  |TAMS 0x0000000086600000, 0x0000000086500000| Updating 
| 102|0x0000000086600000, 0x0000000086700000, 0x0000000086700000|100%| O|  |TAMS 0x0000000086700000, 0x0000000086600000| Updating 
| 103|0x0000000086700000, 0x0000000086800000, 0x0000000086800000|100%| O|  |TAMS 0x0000000086800000, 0x0000000086700000| Updating 
| 104|0x0000000086800000, 0x0000000086900000, 0x0000000086900000|100%| O|  |TAMS 0x0000000086900000, 0x0000000086800000| Updating 
| 105|0x0000000086900000, 0x0000000086a00000, 0x0000000086a00000|100%| O|  |TAMS 0x0000000086a00000, 0x0000000086900000| Updating 
| 106|0x0000000086a00000, 0x0000000086b00000, 0x0000000086b00000|100%| O|  |TAMS 0x0000000086b00000, 0x0000000086a00000| Updating 
| 107|0x0000000086b00000, 0x0000000086c00000, 0x0000000086c00000|100%| O|  |TAMS 0x0000000086c00000, 0x0000000086b00000| Updating 
| 108|0x0000000086c00000, 0x0000000086d00000, 0x0000000086d00000|100%| O|  |TAMS 0x0000000086d00000, 0x0000000086c00000| Updating 
| 109|0x0000000086d00000, 0x0000000086e00000, 0x0000000086e00000|100%| O|  |TAMS 0x0000000086e00000, 0x0000000086d00000| Updating 
| 110|0x0000000086e00000, 0x0000000086f00000, 0x0000000086f00000|100%| O|  |TAMS 0x0000000086f00000, 0x0000000086e00000| Updating 
| 111|0x0000000086f00000, 0x0000000087000000, 0x0000000087000000|100%| O|  |TAMS 0x0000000087000000, 0x0000000086f00000| Updating 
| 112|0x0000000087000000, 0x0000000087100000, 0x0000000087100000|100%| O|  |TAMS 0x0000000087100000, 0x0000000087000000| Updating 
| 113|0x0000000087100000, 0x0000000087200000, 0x0000000087200000|100%|HS|  |TAMS 0x0000000087200000, 0x0000000087100000| Complete 
| 114|0x0000000087200000, 0x0000000087300000, 0x0000000087300000|100%| O|  |TAMS 0x0000000087300000, 0x0000000087200000| Updating 
| 115|0x0000000087300000, 0x0000000087400000, 0x0000000087400000|100%| O|  |TAMS 0x0000000087400000, 0x0000000087300000| Updating 
| 116|0x0000000087400000, 0x0000000087500000, 0x0000000087500000|100%| O|  |TAMS 0x0000000087500000, 0x0000000087400000| Updating 
| 117|0x0000000087500000, 0x0000000087600000, 0x0000000087600000|100%| O|  |TAMS 0x0000000087600000, 0x0000000087500000| Updating 
| 118|0x0000000087600000, 0x0000000087700000, 0x0000000087700000|100%| O|  |TAMS 0x0000000087700000, 0x0000000087600000| Updating 
| 119|0x0000000087700000, 0x0000000087800000, 0x0000000087800000|100%| O|  |TAMS 0x0000000087800000, 0x0000000087700000| Updating 
| 120|0x0000000087800000, 0x0000000087900000, 0x0000000087900000|100%|HS|  |TAMS 0x0000000087900000, 0x0000000087800000| Complete 
| 121|0x0000000087900000, 0x0000000087a00000, 0x0000000087a00000|100%| O|  |TAMS 0x0000000087a00000, 0x0000000087900000| Updating 
| 122|0x0000000087a00000, 0x0000000087b00000, 0x0000000087b00000|100%| O|  |TAMS 0x0000000087b00000, 0x0000000087a00000| Updating 
| 123|0x0000000087b00000, 0x0000000087c00000, 0x0000000087c00000|100%| O|  |TAMS 0x0000000087c00000, 0x0000000087b00000| Updating 
| 124|0x0000000087c00000, 0x0000000087d00000, 0x0000000087d00000|100%| O|  |TAMS 0x0000000087d00000, 0x0000000087c00000| Updating 
| 125|0x0000000087d00000, 0x0000000087e00000, 0x0000000087e00000|100%| O|  |TAMS 0x0000000087e00000, 0x0000000087d00000| Updating 
| 126|0x0000000087e00000, 0x0000000087f00000, 0x0000000087f00000|100%| O|  |TAMS 0x0000000087f00000, 0x0000000087e00000| Updating 
| 127|0x0000000087f00000, 0x0000000088000000, 0x0000000088000000|100%| O|  |TAMS 0x0000000088000000, 0x0000000087f00000| Updating 
| 128|0x0000000088000000, 0x0000000088100000, 0x0000000088100000|100%|HS|  |TAMS 0x0000000088100000, 0x0000000088000000| Complete 
| 129|0x0000000088100000, 0x0000000088200000, 0x0000000088200000|100%|HC|  |TAMS 0x0000000088200000, 0x0000000088100000| Complete 
| 130|0x0000000088200000, 0x0000000088300000, 0x0000000088300000|100%| O|  |TAMS 0x0000000088300000, 0x0000000088200000| Updating 
| 131|0x0000000088300000, 0x0000000088400000, 0x0000000088400000|100%|HS|  |TAMS 0x0000000088400000, 0x0000000088300000| Complete 
| 132|0x0000000088400000, 0x0000000088500000, 0x0000000088500000|100%| O|  |TAMS 0x0000000088500000, 0x0000000088400000| Updating 
| 133|0x0000000088500000, 0x0000000088600000, 0x0000000088600000|100%| O|  |TAMS 0x0000000088600000, 0x0000000088500000| Updating 
| 134|0x0000000088600000, 0x0000000088700000, 0x0000000088700000|100%| O|  |TAMS 0x0000000088700000, 0x0000000088600000| Updating 
| 135|0x0000000088700000, 0x0000000088800000, 0x0000000088800000|100%|HS|  |TAMS 0x0000000088800000, 0x0000000088700000| Complete 
| 136|0x0000000088800000, 0x0000000088900000, 0x0000000088900000|100%| O|  |TAMS 0x0000000088900000, 0x0000000088800000| Updating 
| 137|0x0000000088900000, 0x0000000088a00000, 0x0000000088a00000|100%| O|  |TAMS 0x0000000088a00000, 0x0000000088900000| Updating 
| 138|0x0000000088a00000, 0x0000000088b00000, 0x0000000088b00000|100%| O|  |TAMS 0x0000000088b00000, 0x0000000088a00000| Updating 
| 139|0x0000000088b00000, 0x0000000088c00000, 0x0000000088c00000|100%|HS|  |TAMS 0x0000000088c00000, 0x0000000088b00000| Complete 
| 140|0x0000000088c00000, 0x0000000088d00000, 0x0000000088d00000|100%| O|  |TAMS 0x0000000088d00000, 0x0000000088c00000| Updating 
| 141|0x0000000088d00000, 0x0000000088e00000, 0x0000000088e00000|100%| O|  |TAMS 0x0000000088e00000, 0x0000000088d00000| Updating 
| 142|0x0000000088e00000, 0x0000000088f00000, 0x0000000088f00000|100%| O|  |TAMS 0x0000000088f00000, 0x0000000088e00000| Updating 
| 143|0x0000000088f00000, 0x0000000089000000, 0x0000000089000000|100%| O|  |TAMS 0x0000000089000000, 0x0000000088f00000| Updating 
| 144|0x0000000089000000, 0x0000000089100000, 0x0000000089100000|100%|HS|  |TAMS 0x0000000089100000, 0x0000000089000000| Complete 
| 145|0x0000000089100000, 0x0000000089200000, 0x0000000089200000|100%|HC|  |TAMS 0x0000000089200000, 0x0000000089100000| Complete 
| 146|0x0000000089200000, 0x0000000089300000, 0x0000000089300000|100%| O|  |TAMS 0x0000000089300000, 0x0000000089200000| Updating 
| 147|0x0000000089300000, 0x0000000089400000, 0x0000000089400000|100%| O|  |TAMS 0x0000000089400000, 0x0000000089300000| Updating 
| 148|0x0000000089400000, 0x0000000089500000, 0x0000000089500000|100%| O|  |TAMS 0x0000000089500000, 0x0000000089400000| Updating 
| 149|0x0000000089500000, 0x0000000089600000, 0x0000000089600000|100%| O|  |TAMS 0x0000000089600000, 0x0000000089500000| Updating 
| 150|0x0000000089600000, 0x0000000089700000, 0x0000000089700000|100%| O|  |TAMS 0x0000000089700000, 0x0000000089600000| Updating 
| 151|0x0000000089700000, 0x0000000089800000, 0x0000000089800000|100%| O|  |TAMS 0x0000000089800000, 0x0000000089700000| Updating 
| 152|0x0000000089800000, 0x0000000089900000, 0x0000000089900000|100%| O|  |TAMS 0x0000000089900000, 0x0000000089800000| Updating 
| 153|0x0000000089900000, 0x0000000089a00000, 0x0000000089a00000|100%| O|  |TAMS 0x0000000089a00000, 0x0000000089900000| Updating 
| 154|0x0000000089a00000, 0x0000000089b00000, 0x0000000089b00000|100%|HS|  |TAMS 0x0000000089b00000, 0x0000000089a00000| Complete 
| 155|0x0000000089b00000, 0x0000000089c00000, 0x0000000089c00000|100%|HC|  |TAMS 0x0000000089c00000, 0x0000000089b00000| Complete 
| 156|0x0000000089c00000, 0x0000000089d00000, 0x0000000089d00000|100%|HS|  |TAMS 0x0000000089d00000, 0x0000000089c00000| Complete 
| 157|0x0000000089d00000, 0x0000000089e00000, 0x0000000089e00000|100%|HC|  |TAMS 0x0000000089e00000, 0x0000000089d00000| Complete 
| 158|0x0000000089e00000, 0x0000000089f00000, 0x0000000089f00000|100%|HC|  |TAMS 0x0000000089f00000, 0x0000000089e00000| Complete 
| 159|0x0000000089f00000, 0x000000008a000000, 0x000000008a000000|100%|HS|  |TAMS 0x000000008a000000, 0x0000000089f00000| Complete 
| 160|0x000000008a000000, 0x000000008a100000, 0x000000008a100000|100%|HS|  |TAMS 0x000000008a100000, 0x000000008a000000| Complete 
| 161|0x000000008a100000, 0x000000008a200000, 0x000000008a200000|100%|HS|  |TAMS 0x000000008a200000, 0x000000008a100000| Complete 
| 162|0x000000008a200000, 0x000000008a300000, 0x000000008a300000|100%|HC|  |TAMS 0x000000008a300000, 0x000000008a200000| Complete 
| 163|0x000000008a300000, 0x000000008a400000, 0x000000008a400000|100%|HC|  |TAMS 0x000000008a400000, 0x000000008a300000| Complete 
| 164|0x000000008a400000, 0x000000008a500000, 0x000000008a500000|100%|HS|  |TAMS 0x000000008a500000, 0x000000008a400000| Complete 
| 165|0x000000008a500000, 0x000000008a600000, 0x000000008a600000|100%| O|  |TAMS 0x000000008a600000, 0x000000008a500000| Updating 
| 166|0x000000008a600000, 0x000000008a700000, 0x000000008a700000|100%|HS|  |TAMS 0x000000008a700000, 0x000000008a600000| Complete 
| 167|0x000000008a700000, 0x000000008a800000, 0x000000008a800000|100%| O|  |TAMS 0x000000008a800000, 0x000000008a700000| Updating 
| 168|0x000000008a800000, 0x000000008a900000, 0x000000008a900000|100%| O|  |TAMS 0x000000008a900000, 0x000000008a800000| Updating 
| 169|0x000000008a900000, 0x000000008aa00000, 0x000000008aa00000|100%|HS|  |TAMS 0x000000008aa00000, 0x000000008a900000| Complete 
| 170|0x000000008aa00000, 0x000000008ab00000, 0x000000008ab00000|100%|HC|  |TAMS 0x000000008ab00000, 0x000000008aa00000| Complete 
| 171|0x000000008ab00000, 0x000000008ac00000, 0x000000008ac00000|100%| O|  |TAMS 0x000000008ac00000, 0x000000008ab00000| Updating 
| 172|0x000000008ac00000, 0x000000008ad00000, 0x000000008ad00000|100%| O|  |TAMS 0x000000008ad00000, 0x000000008ac00000| Updating 
| 173|0x000000008ad00000, 0x000000008ae00000, 0x000000008ae00000|100%|HS|  |TAMS 0x000000008ae00000, 0x000000008ad00000| Complete 
| 174|0x000000008ae00000, 0x000000008af00000, 0x000000008af00000|100%|HC|  |TAMS 0x000000008af00000, 0x000000008ae00000| Complete 
| 175|0x000000008af00000, 0x000000008b000000, 0x000000008b000000|100%| O|  |TAMS 0x000000008b000000, 0x000000008af00000| Updating 
| 176|0x000000008b000000, 0x000000008b100000, 0x000000008b100000|100%|HS|  |TAMS 0x000000008b100000, 0x000000008b000000| Complete 
| 177|0x000000008b100000, 0x000000008b200000, 0x000000008b200000|100%| O|  |TAMS 0x000000008b200000, 0x000000008b100000| Updating 
| 178|0x000000008b200000, 0x000000008b300000, 0x000000008b300000|100%|HS|  |TAMS 0x000000008b300000, 0x000000008b200000| Complete 
| 179|0x000000008b300000, 0x000000008b400000, 0x000000008b400000|100%| O|  |TAMS 0x000000008b400000, 0x000000008b300000| Updating 
| 180|0x000000008b400000, 0x000000008b500000, 0x000000008b500000|100%|HS|  |TAMS 0x000000008b500000, 0x000000008b400000| Complete 
| 181|0x000000008b500000, 0x000000008b600000, 0x000000008b600000|100%| O|  |TAMS 0x000000008b600000, 0x000000008b500000| Updating 
| 182|0x000000008b600000, 0x000000008b700000, 0x000000008b700000|100%|HS|  |TAMS 0x000000008b700000, 0x000000008b600000| Complete 
| 183|0x000000008b700000, 0x000000008b800000, 0x000000008b800000|100%| O|  |TAMS 0x000000008b800000, 0x000000008b700000| Updating 
| 184|0x000000008b800000, 0x000000008b900000, 0x000000008b900000|100%| O|  |TAMS 0x000000008b900000, 0x000000008b800000| Updating 
| 185|0x000000008b900000, 0x000000008ba00000, 0x000000008ba00000|100%| O|  |TAMS 0x000000008ba00000, 0x000000008b900000| Updating 
| 186|0x000000008ba00000, 0x000000008bb00000, 0x000000008bb00000|100%| O|  |TAMS 0x000000008bb00000, 0x000000008ba00000| Updating 
| 187|0x000000008bb00000, 0x000000008bc00000, 0x000000008bc00000|100%| O|  |TAMS 0x000000008bc00000, 0x000000008bb00000| Updating 
| 188|0x000000008bc00000, 0x000000008bd00000, 0x000000008bd00000|100%| O|  |TAMS 0x000000008bd00000, 0x000000008bc00000| Updating 
| 189|0x000000008bd00000, 0x000000008be00000, 0x000000008be00000|100%| O|  |TAMS 0x000000008be00000, 0x000000008bd00000| Updating 
| 190|0x000000008be00000, 0x000000008bf00000, 0x000000008bf00000|100%| O|  |TAMS 0x000000008be4dc00, 0x000000008be00000| Updating 
| 191|0x000000008bf00000, 0x000000008c000000, 0x000000008c000000|100%|HS|  |TAMS 0x000000008c000000, 0x000000008bf00000| Complete 
| 192|0x000000008c000000, 0x000000008c100000, 0x000000008c100000|100%|HC|  |TAMS 0x000000008c100000, 0x000000008c000000| Complete 
| 193|0x000000008c100000, 0x000000008c200000, 0x000000008c200000|100%|HS|  |TAMS 0x000000008c100000, 0x000000008c100000| Complete 
| 194|0x000000008c200000, 0x000000008c300000, 0x000000008c300000|100%|HS|  |TAMS 0x000000008c300000, 0x000000008c200000| Complete 
| 195|0x000000008c300000, 0x000000008c400000, 0x000000008c400000|100%|HS|  |TAMS 0x000000008c300000, 0x000000008c300000| Complete 
| 196|0x000000008c400000, 0x000000008c500000, 0x000000008c500000|100%| O|  |TAMS 0x000000008c400000, 0x000000008c400000| Untracked 
| 197|0x000000008c500000, 0x000000008c600000, 0x000000008c600000|100%| O|  |TAMS 0x000000008c500000, 0x000000008c500000| Untracked 
| 198|0x000000008c600000, 0x000000008c700000, 0x000000008c700000|100%|HS|  |TAMS 0x000000008c700000, 0x000000008c600000| Complete 
| 199|0x000000008c700000, 0x000000008c800000, 0x000000008c800000|100%|HC|  |TAMS 0x000000008c800000, 0x000000008c700000| Complete 
| 200|0x000000008c800000, 0x000000008c900000, 0x000000008c900000|100%|HC|  |TAMS 0x000000008c900000, 0x000000008c800000| Complete 
| 201|0x000000008c900000, 0x000000008ca00000, 0x000000008ca00000|100%| O|  |TAMS 0x000000008c900000, 0x000000008c900000| Untracked 
| 202|0x000000008ca00000, 0x000000008cb00000, 0x000000008cb00000|100%|HS|  |TAMS 0x000000008cb00000, 0x000000008ca00000| Complete 
| 203|0x000000008cb00000, 0x000000008cc00000, 0x000000008cc00000|100%| O|  |TAMS 0x000000008cb00000, 0x000000008cb00000| Untracked 
| 204|0x000000008cc00000, 0x000000008cd00000, 0x000000008cd00000|100%|HS|  |TAMS 0x000000008cd00000, 0x000000008cc00000| Complete 
| 205|0x000000008cd00000, 0x000000008ce00000, 0x000000008ce00000|100%| O|  |TAMS 0x000000008cd00000, 0x000000008cd00000| Untracked 
| 206|0x000000008ce00000, 0x000000008cf00000, 0x000000008cf00000|100%| O|  |TAMS 0x000000008ce00000, 0x000000008ce00000| Untracked 
| 207|0x000000008cf00000, 0x000000008d000000, 0x000000008d000000|100%| O|  |TAMS 0x000000008cf00000, 0x000000008cf00000| Untracked 
| 208|0x000000008d000000, 0x000000008d100000, 0x000000008d100000|100%| O|  |TAMS 0x000000008d000000, 0x000000008d000000| Untracked 
| 209|0x000000008d100000, 0x000000008d200000, 0x000000008d200000|100%| O|  |TAMS 0x000000008d100000, 0x000000008d100000| Untracked 
| 210|0x000000008d200000, 0x000000008d300000, 0x000000008d300000|100%| O|  |TAMS 0x000000008d200000, 0x000000008d200000| Untracked 
| 211|0x000000008d300000, 0x000000008d400000, 0x000000008d400000|100%| O|  |TAMS 0x000000008d300000, 0x000000008d300000| Untracked 
| 212|0x000000008d400000, 0x000000008d500000, 0x000000008d500000|100%| O|  |TAMS 0x000000008d400000, 0x000000008d400000| Untracked 
| 213|0x000000008d500000, 0x000000008d600000, 0x000000008d600000|100%| O|  |TAMS 0x000000008d500000, 0x000000008d500000| Untracked 
| 214|0x000000008d600000, 0x000000008d700000, 0x000000008d700000|100%| O|  |TAMS 0x000000008d600000, 0x000000008d600000| Untracked 
| 215|0x000000008d700000, 0x000000008d800000, 0x000000008d800000|100%| O|  |TAMS 0x000000008d700000, 0x000000008d700000| Updating 
| 216|0x000000008d800000, 0x000000008d900000, 0x000000008d900000|100%|HS|  |TAMS 0x000000008d800000, 0x000000008d800000| Complete 
| 217|0x000000008d900000, 0x000000008da00000, 0x000000008da00000|100%|HC|  |TAMS 0x000000008d900000, 0x000000008d900000| Complete 
| 218|0x000000008da00000, 0x000000008db00000, 0x000000008db00000|100%|HS|  |TAMS 0x000000008da00000, 0x000000008da00000| Complete 
| 219|0x000000008db00000, 0x000000008dc00000, 0x000000008dc00000|100%|HC|  |TAMS 0x000000008db00000, 0x000000008db00000| Complete 
| 220|0x000000008dc00000, 0x000000008dd00000, 0x000000008dd00000|100%| O|  |TAMS 0x000000008dc00000, 0x000000008dc00000| Untracked 
| 221|0x000000008dd00000, 0x000000008de00000, 0x000000008de00000|100%| O|  |TAMS 0x000000008dd00000, 0x000000008dd00000| Untracked 
| 222|0x000000008de00000, 0x000000008df00000, 0x000000008df00000|100%| O|  |TAMS 0x000000008de00000, 0x000000008de00000| Untracked 
| 223|0x000000008df00000, 0x000000008e000000, 0x000000008e000000|100%| O|  |TAMS 0x000000008df00000, 0x000000008df00000| Untracked 
| 224|0x000000008e000000, 0x000000008e100000, 0x000000008e100000|100%| O|  |TAMS 0x000000008e000000, 0x000000008e000000| Untracked 
| 225|0x000000008e100000, 0x000000008e200000, 0x000000008e200000|100%| O|  |TAMS 0x000000008e100000, 0x000000008e100000| Untracked 
| 226|0x000000008e200000, 0x000000008e300000, 0x000000008e300000|100%| O|  |TAMS 0x000000008e200000, 0x000000008e200000| Untracked 
| 227|0x000000008e300000, 0x000000008e400000, 0x000000008e400000|100%| O|  |TAMS 0x000000008e300000, 0x000000008e300000| Untracked 
| 228|0x000000008e400000, 0x000000008e500000, 0x000000008e500000|100%| O|  |TAMS 0x000000008e400000, 0x000000008e400000| Untracked 
| 229|0x000000008e500000, 0x000000008e5bca00, 0x000000008e600000| 73%| O|  |TAMS 0x000000008e500000, 0x000000008e500000| Untracked 
| 230|0x000000008e600000, 0x000000008e600000, 0x000000008e700000|  0%| F|  |TAMS 0x000000008e600000, 0x000000008e600000| Untracked 
| 231|0x000000008e700000, 0x000000008e700000, 0x000000008e800000|  0%| F|  |TAMS 0x000000008e700000, 0x000000008e700000| Untracked 
| 232|0x000000008e800000, 0x000000008e800000, 0x000000008e900000|  0%| F|  |TAMS 0x000000008e800000, 0x000000008e800000| Untracked 
| 233|0x000000008e900000, 0x000000008e900000, 0x000000008ea00000|  0%| F|  |TAMS 0x000000008e900000, 0x000000008e900000| Untracked 
| 234|0x000000008ea00000, 0x000000008ea00000, 0x000000008eb00000|  0%| F|  |TAMS 0x000000008ea00000, 0x000000008ea00000| Untracked 
| 235|0x000000008eb00000, 0x000000008eb00000, 0x000000008ec00000|  0%| F|  |TAMS 0x000000008eb00000, 0x000000008eb00000| Untracked 
| 236|0x000000008ec00000, 0x000000008ec00000, 0x000000008ed00000|  0%| F|  |TAMS 0x000000008ec00000, 0x000000008ec00000| Untracked 
| 237|0x000000008ed00000, 0x000000008ed00000, 0x000000008ee00000|  0%| F|  |TAMS 0x000000008ed00000, 0x000000008ed00000| Untracked 
| 238|0x000000008ee00000, 0x000000008ee00000, 0x000000008ef00000|  0%| F|  |TAMS 0x000000008ee00000, 0x000000008ee00000| Untracked 
| 239|0x000000008ef00000, 0x000000008ef00000, 0x000000008f000000|  0%| F|  |TAMS 0x000000008ef00000, 0x000000008ef00000| Untracked 
| 240|0x000000008f000000, 0x000000008f000000, 0x000000008f100000|  0%| F|  |TAMS 0x000000008f000000, 0x000000008f000000| Untracked 
| 241|0x000000008f100000, 0x000000008f100000, 0x000000008f200000|  0%| F|  |TAMS 0x000000008f100000, 0x000000008f100000| Untracked 
| 242|0x000000008f200000, 0x000000008f200000, 0x000000008f300000|  0%| F|  |TAMS 0x000000008f200000, 0x000000008f200000| Untracked 
| 243|0x000000008f300000, 0x000000008f300000, 0x000000008f400000|  0%| F|  |TAMS 0x000000008f300000, 0x000000008f300000| Untracked 
| 244|0x000000008f400000, 0x000000008f400000, 0x000000008f500000|  0%| F|  |TAMS 0x000000008f400000, 0x000000008f400000| Untracked 
| 245|0x000000008f500000, 0x000000008f500000, 0x000000008f600000|  0%| F|  |TAMS 0x000000008f500000, 0x000000008f500000| Untracked 
| 246|0x000000008f600000, 0x000000008f600000, 0x000000008f700000|  0%| F|  |TAMS 0x000000008f600000, 0x000000008f600000| Untracked 
| 247|0x000000008f700000, 0x000000008f700000, 0x000000008f800000|  0%| F|  |TAMS 0x000000008f700000, 0x000000008f700000| Untracked 
| 248|0x000000008f800000, 0x000000008f800000, 0x000000008f900000|  0%| F|  |TAMS 0x000000008f800000, 0x000000008f800000| Untracked 
| 249|0x000000008f900000, 0x000000008f900000, 0x000000008fa00000|  0%| F|  |TAMS 0x000000008f900000, 0x000000008f900000| Untracked 
| 250|0x000000008fa00000, 0x000000008fa00000, 0x000000008fb00000|  0%| F|  |TAMS 0x000000008fa00000, 0x000000008fa00000| Untracked 
| 251|0x000000008fb00000, 0x000000008fc00000, 0x000000008fc00000|100%| S|CS|TAMS 0x000000008fb00000, 0x000000008fb00000| Complete 
| 252|0x000000008fc00000, 0x000000008fd00000, 0x000000008fd00000|100%| S|CS|TAMS 0x000000008fc00000, 0x000000008fc00000| Complete 
| 253|0x000000008fd00000, 0x000000008fd00000, 0x000000008fe00000|  0%| F|  |TAMS 0x000000008fd00000, 0x000000008fd00000| Untracked 
| 254|0x000000008fe00000, 0x000000008fe00000, 0x000000008ff00000|  0%| F|  |TAMS 0x000000008fe00000, 0x000000008fe00000| Untracked 
| 255|0x000000008ff00000, 0x000000008ff00000, 0x0000000090000000|  0%| F|  |TAMS 0x000000008ff00000, 0x000000008ff00000| Untracked 
| 256|0x0000000090000000, 0x0000000090100000, 0x0000000090100000|100%|HS|  |TAMS 0x0000000090100000, 0x0000000090000000| Complete 
| 257|0x0000000090100000, 0x0000000090200000, 0x0000000090200000|100%|HC|  |TAMS 0x0000000090200000, 0x0000000090100000| Complete 
| 258|0x0000000090200000, 0x0000000090300000, 0x0000000090300000|100%|HC|  |TAMS 0x0000000090300000, 0x0000000090200000| Complete 
| 259|0x0000000090300000, 0x0000000090300000, 0x0000000090400000|  0%| F|  |TAMS 0x0000000090300000, 0x0000000090300000| Untracked 
| 260|0x0000000090400000, 0x0000000090500000, 0x0000000090500000|100%|HS|  |TAMS 0x0000000090500000, 0x0000000090400000| Complete 
| 261|0x0000000090500000, 0x0000000090500000, 0x0000000090600000|  0%| F|  |TAMS 0x0000000090500000, 0x0000000090500000| Untracked 
| 262|0x0000000090600000, 0x0000000090700000, 0x0000000090700000|100%| O|  |TAMS 0x0000000090700000, 0x0000000090600000| Updating 
| 263|0x0000000090700000, 0x0000000090800000, 0x0000000090800000|100%| O|  |TAMS 0x0000000090800000, 0x0000000090700000| Updating 
| 264|0x0000000090800000, 0x0000000090800000, 0x0000000090900000|  0%| F|  |TAMS 0x0000000090800000, 0x0000000090800000| Untracked 
| 265|0x0000000090900000, 0x0000000090a00000, 0x0000000090a00000|100%| O|  |TAMS 0x0000000090a00000, 0x0000000090900000| Updating 
| 266|0x0000000090a00000, 0x0000000090b00000, 0x0000000090b00000|100%| O|  |TAMS 0x0000000090b00000, 0x0000000090a00000| Updating 
| 267|0x0000000090b00000, 0x0000000090b00000, 0x0000000090c00000|  0%| F|  |TAMS 0x0000000090b00000, 0x0000000090b00000| Untracked 
| 268|0x0000000090c00000, 0x0000000090c00000, 0x0000000090d00000|  0%| F|  |TAMS 0x0000000090c00000, 0x0000000090c00000| Untracked 
| 269|0x0000000090d00000, 0x0000000090d00000, 0x0000000090e00000|  0%| F|  |TAMS 0x0000000090d00000, 0x0000000090d00000| Untracked 
| 270|0x0000000090e00000, 0x0000000090e00000, 0x0000000090f00000|  0%| F|  |TAMS 0x0000000090e00000, 0x0000000090e00000| Untracked 
| 271|0x0000000090f00000, 0x0000000090f00000, 0x0000000091000000|  0%| F|  |TAMS 0x0000000090f00000, 0x0000000090f00000| Untracked 
| 272|0x0000000091000000, 0x0000000091000000, 0x0000000091100000|  0%| F|  |TAMS 0x0000000091000000, 0x0000000091000000| Untracked 
| 273|0x0000000091100000, 0x0000000091100000, 0x0000000091200000|  0%| F|  |TAMS 0x0000000091100000, 0x0000000091100000| Untracked 
| 274|0x0000000091200000, 0x0000000091300000, 0x0000000091300000|100%| O|  |TAMS 0x0000000091300000, 0x0000000091200000| Updating 
| 275|0x0000000091300000, 0x0000000091400000, 0x0000000091400000|100%| O|  |TAMS 0x0000000091400000, 0x0000000091300000| Updating 
| 276|0x0000000091400000, 0x0000000091500000, 0x0000000091500000|100%| O|  |TAMS 0x0000000091500000, 0x0000000091400000| Updating 
| 277|0x0000000091500000, 0x0000000091600000, 0x0000000091600000|100%| O|  |TAMS 0x0000000091600000, 0x0000000091500000| Updating 
| 278|0x0000000091600000, 0x0000000091700000, 0x0000000091700000|100%| O|  |TAMS 0x0000000091700000, 0x0000000091600000| Updating 
| 279|0x0000000091700000, 0x0000000091800000, 0x0000000091800000|100%| O|  |TAMS 0x0000000091800000, 0x0000000091700000| Updating 
| 280|0x0000000091800000, 0x0000000091900000, 0x0000000091900000|100%| O|  |TAMS 0x0000000091900000, 0x0000000091800000| Updating 
| 281|0x0000000091900000, 0x0000000091a00000, 0x0000000091a00000|100%| O|  |TAMS 0x0000000091a00000, 0x0000000091900000| Updating 
| 282|0x0000000091a00000, 0x0000000091b00000, 0x0000000091b00000|100%| O|  |TAMS 0x0000000091b00000, 0x0000000091a00000| Updating 
| 283|0x0000000091b00000, 0x0000000091c00000, 0x0000000091c00000|100%| O|  |TAMS 0x0000000091c00000, 0x0000000091b00000| Updating 
| 284|0x0000000091c00000, 0x0000000091d00000, 0x0000000091d00000|100%| O|  |TAMS 0x0000000091d00000, 0x0000000091c00000| Updating 
| 285|0x0000000091d00000, 0x0000000091e00000, 0x0000000091e00000|100%| O|  |TAMS 0x0000000091e00000, 0x0000000091d00000| Updating 
| 286|0x0000000091e00000, 0x0000000091f00000, 0x0000000091f00000|100%| O|  |TAMS 0x0000000091f00000, 0x0000000091e00000| Updating 

Card table byte_map: [0x00000172dd5d0000,0x00000172dd9d0000] _byte_map_base: 0x00000172dd1d0000

Marking Bits (Prev, Next): (CMBitMap*) 0x00000172c9c8eba8, (CMBitMap*) 0x00000172c9c8ebe0
 Prev Bits: [0x00000172dddd0000, 0x00000172dfdd0000)
 Next Bits: [0x00000172dfdd0000, 0x00000172e1dd0000)

Polling page: 0x00000172c83a0000

Metaspace:

Usage:
  Non-class:    100.25 MB capacity,    98.26 MB ( 98%) used,     1.65 MB (  2%) free+waste,   341.50 KB ( <1%) overhead. 
      Class:     15.53 MB capacity,    14.39 MB ( 93%) used,  1014.27 KB (  6%) free+waste,   155.31 KB ( <1%) overhead. 
       Both:    115.77 MB capacity,   112.64 MB ( 97%) used,     2.65 MB (  2%) free+waste,   496.81 KB ( <1%) overhead. 

Virtual space:
  Non-class space:      102.00 MB reserved,     100.25 MB ( 98%) committed 
      Class space:        1.00 GB reserved,      15.63 MB (  2%) committed 
             Both:        1.10 GB reserved,     115.88 MB ( 10%) committed 

Chunk freelists:
   Non-Class:  4.00 KB
       Class:  67.00 KB
        Both:  71.00 KB

MaxMetaspaceSize: 17179869184.00 GB
CompressedClassSpaceSize: 1.00 GB

CodeHeap 'non-profiled nmethods': size=120000Kb used=10446Kb max_used=10446Kb free=109554Kb
 bounds [0x00000172d5210000, 0x00000172d5c50000, 0x00000172dc740000]
CodeHeap 'profiled nmethods': size=120000Kb used=33653Kb max_used=33653Kb free=86346Kb
 bounds [0x00000172cdce0000, 0x00000172cfdc0000, 0x00000172d5210000]
CodeHeap 'non-nmethods': size=5760Kb used=2355Kb max_used=2413Kb free=3404Kb
 bounds [0x00000172cd740000, 0x00000172cd9b0000, 0x00000172cdce0000]
 total_blobs=16390 nmethods=15424 adapters=876
 compilation: enabled
              stopped_count=0, restarted_count=0
 full_count=0

Compilation events (20 events):
Event: 42.352 Thread 0x00000172f1833000 nmethod 15716% 0x00000172d5c3f810 code [0x00000172d5c3f9e0, 0x00000172d5c3fc58]
Event: 42.352 Thread 0x00000172f1833000 15720       4       com.android.tools.r8.internal.ak::o (144 bytes)
Event: 42.354 Thread 0x00000172f1833000 nmethod 15720 0x00000172d5c3ff10 code [0x00000172d5c400c0, 0x00000172d5c40188]
Event: 42.394 Thread 0x00000172f1833000 15721       4       com.android.tools.r8.internal.UF::b (195 bytes)
Event: 42.398 Thread 0x00000172e50e9800 15733       3       com.android.tools.r8.graph.e0::equals (37 bytes)
Event: 42.398 Thread 0x00000172e50e9800 nmethod 15733 0x00000172cfdbad10 code [0x00000172cfdbaee0, 0x00000172cfdbb2c8]
Event: 42.398 Thread 0x00000172e50e9800 15734       3       com.android.tools.r8.graph.a0::g (62 bytes)
Event: 42.400 Thread 0x00000172e50e9800 nmethod 15734 0x00000172cfdbb390 code [0x00000172cfdbb5e0, 0x00000172cfdbbf68]
Event: 42.433 Thread 0x00000172e50e9800 15735       3       com.android.tools.r8.internal.vf::b (9 bytes)
Event: 42.434 Thread 0x00000172e50e9800 nmethod 15735 0x00000172cfdbc210 code [0x00000172cfdbc3e0, 0x00000172cfdbc6d8]
Event: 42.434 Thread 0x00000172e50e9800 15736       3       com.android.tools.r8.internal.vf$a::<init> (23 bytes)
Event: 42.434 Thread 0x00000172e50e9800 nmethod 15736 0x00000172cfdbc810 code [0x00000172cfdbc9c0, 0x00000172cfdbcc18]
Event: 42.486 Thread 0x00000172e50e9800 15738       1       com.android.tools.r8.internal.ak::h (5 bytes)
Event: 42.486 Thread 0x00000172e50e9800 nmethod 15738 0x00000172d5c40290 code [0x00000172d5c40440, 0x00000172d5c404f8]
Event: 42.487 Thread 0x00000172e50e9800 15739       1       com.android.tools.r8.internal.Ni::B (5 bytes)
Event: 42.487 Thread 0x00000172e50e9800 nmethod 15739 0x00000172d5c40590 code [0x00000172d5c40740, 0x00000172d5c407f8]
Event: 42.510 Thread 0x00000172f1833000 nmethod 15721 0x00000172d5c40890 code [0x00000172d5c40bc0, 0x00000172d5c42798]
Event: 42.510 Thread 0x00000172f1833000 15740       4       com.android.tools.r8.internal.fu::a (185 bytes)
Event: 42.537 Thread 0x00000172e50e9800 15741   !   3       com.android.tools.r8.internal.r7::a (104 bytes)
Event: 42.538 Thread 0x00000172e50e9800 nmethod 15741 0x00000172cfdbcd10 code [0x00000172cfdbcf00, 0x00000172cfdbd458]

GC Heap History (20 events):
Event: 39.457 GC heap after
{Heap after GC invocations=30 (full 0):
 garbage-first heap   total 262144K, used 146214K [0x0000000080000000, 0x0000000100000000)
  region size 1024K, 6 young (6144K), 6 survivors (6144K)
 Metaspace       used 113280K, capacity 116378K, committed 116608K, reserved 1150976K
  class space    used 14472K, capacity 15609K, committed 15744K, reserved 1048576K
}
Event: 40.288 GC heap before
{Heap before GC invocations=31 (full 0):
 garbage-first heap   total 262144K, used 212774K [0x0000000080000000, 0x0000000100000000)
  region size 1024K, 72 young (73728K), 6 survivors (6144K)
 Metaspace       used 113825K, capacity 116959K, committed 117120K, reserved 1150976K
  class space    used 14530K, capacity 15654K, committed 15744K, reserved 1048576K
}
Event: 40.302 GC heap after
{Heap after GC invocations=32 (full 0):
 garbage-first heap   total 262144K, used 150239K [0x0000000080000000, 0x0000000100000000)
  region size 1024K, 7 young (7168K), 7 survivors (7168K)
 Metaspace       used 113825K, capacity 116959K, committed 117120K, reserved 1150976K
  class space    used 14530K, capacity 15654K, committed 15744K, reserved 1048576K
}
Event: 40.324 GC heap before
{Heap before GC invocations=32 (full 0):
 garbage-first heap   total 262144K, used 154335K [0x0000000080000000, 0x0000000100000000)
  region size 1024K, 12 young (12288K), 7 survivors (7168K)
 Metaspace       used 113826K, capacity 116959K, committed 117120K, reserved 1150976K
  class space    used 14530K, capacity 15654K, committed 15744K, reserved 1048576K
}
Event: 40.347 GC heap after
{Heap after GC invocations=33 (full 0):
 garbage-first heap   total 262144K, used 148125K [0x0000000080000000, 0x0000000100000000)
  region size 1024K, 2 young (2048K), 2 survivors (2048K)
 Metaspace       used 113826K, capacity 116959K, committed 117120K, reserved 1150976K
  class space    used 14530K, capacity 15654K, committed 15744K, reserved 1048576K
}
Event: 40.985 GC heap before
{Heap before GC invocations=33 (full 0):
 garbage-first heap   total 262144K, used 213661K [0x0000000080000000, 0x0000000100000000)
  region size 1024K, 67 young (68608K), 2 survivors (2048K)
 Metaspace       used 114108K, capacity 117219K, committed 117504K, reserved 1150976K
  class space    used 14561K, capacity 15695K, committed 15872K, reserved 1048576K
}
Event: 40.997 GC heap after
{Heap after GC invocations=34 (full 0):
 garbage-first heap   total 262144K, used 152166K [0x0000000080000000, 0x0000000100000000)
  region size 1024K, 6 young (6144K), 6 survivors (6144K)
 Metaspace       used 114108K, capacity 117219K, committed 117504K, reserved 1150976K
  class space    used 14561K, capacity 15695K, committed 15872K, reserved 1048576K
}
Event: 41.578 GC heap before
{Heap before GC invocations=35 (full 0):
 garbage-first heap   total 267264K, used 264806K [0x0000000080000000, 0x0000000100000000)
  region size 1024K, 54 young (55296K), 6 survivors (6144K)
 Metaspace       used 115111K, capacity 118318K, committed 118656K, reserved 1153024K
  class space    used 14706K, capacity 15866K, committed 16000K, reserved 1048576K
}
Event: 41.600 GC heap after
{Heap after GC invocations=36 (full 0):
 garbage-first heap   total 293888K, used 216249K [0x0000000080000000, 0x0000000100000000)
  region size 1024K, 9 young (9216K), 9 survivors (9216K)
 Metaspace       used 115111K, capacity 118318K, committed 118656K, reserved 1153024K
  class space    used 14706K, capacity 15866K, committed 16000K, reserved 1048576K
}
Event: 41.688 GC heap before
{Heap before GC invocations=36 (full 0):
 garbage-first heap   total 293888K, used 221369K [0x0000000080000000, 0x0000000100000000)
  region size 1024K, 14 young (14336K), 9 survivors (9216K)
 Metaspace       used 115338K, capacity 118553K, committed 118656K, reserved 1153024K
  class space    used 14731K, capacity 15901K, committed 16000K, reserved 1048576K
}
Event: 41.696 GC heap after
{Heap after GC invocations=37 (full 0):
 garbage-first heap   total 293888K, used 217869K [0x0000000080000000, 0x0000000100000000)
  region size 1024K, 2 young (2048K), 2 survivors (2048K)
 Metaspace       used 115338K, capacity 118553K, committed 118656K, reserved 1153024K
  class space    used 14731K, capacity 15901K, committed 16000K, reserved 1048576K
}
Event: 41.914 GC heap before
{Heap before GC invocations=37 (full 0):
 garbage-first heap   total 293888K, used 244493K [0x0000000080000000, 0x0000000100000000)
  region size 1024K, 28 young (28672K), 2 survivors (2048K)
 Metaspace       used 115347K, capacity 118553K, committed 118656K, reserved 1153024K
  class space    used 14731K, capacity 15901K, committed 16000K, reserved 1048576K
}
Event: 41.936 GC heap after
{Heap after GC invocations=38 (full 0):
 garbage-first heap   total 293888K, used 228663K [0x0000000080000000, 0x0000000100000000)
  region size 1024K, 4 young (4096K), 4 survivors (4096K)
 Metaspace       used 115347K, capacity 118553K, committed 118656K, reserved 1153024K
  class space    used 14731K, capacity 15901K, committed 16000K, reserved 1048576K
}
Event: 42.149 GC heap before
{Heap before GC invocations=38 (full 0):
 garbage-first heap   total 293888K, used 248119K [0x0000000080000000, 0x0000000100000000)
  region size 1024K, 22 young (22528K), 4 survivors (4096K)
 Metaspace       used 115347K, capacity 118553K, committed 118656K, reserved 1153024K
  class space    used 14731K, capacity 15901K, committed 16000K, reserved 1048576K
}
Event: 42.173 GC heap after
{Heap after GC invocations=39 (full 0):
 garbage-first heap   total 293888K, used 238301K [0x0000000080000000, 0x0000000100000000)
  region size 1024K, 3 young (3072K), 3 survivors (3072K)
 Metaspace       used 115347K, capacity 118553K, committed 118656K, reserved 1153024K
  class space    used 14731K, capacity 15901K, committed 16000K, reserved 1048576K
}
Event: 42.297 GC heap before
{Heap before GC invocations=39 (full 0):
 garbage-first heap   total 293888K, used 250589K [0x0000000080000000, 0x0000000100000000)
  region size 1024K, 16 young (16384K), 3 survivors (3072K)
 Metaspace       used 115347K, capacity 118553K, committed 118656K, reserved 1153024K
  class space    used 14731K, capacity 15901K, committed 16000K, reserved 1048576K
}
Event: 42.319 GC heap after
{Heap after GC invocations=40 (full 0):
 garbage-first heap   total 293888K, used 243893K [0x0000000080000000, 0x0000000100000000)
  region size 1024K, 2 young (2048K), 2 survivors (2048K)
 Metaspace       used 115347K, capacity 118553K, committed 118656K, reserved 1153024K
  class space    used 14731K, capacity 15901K, committed 16000K, reserved 1048576K
}
Event: 42.436 GC heap before
{Heap before GC invocations=40 (full 0):
 garbage-first heap   total 293888K, used 260277K [0x0000000080000000, 0x0000000100000000)
  region size 1024K, 14 young (14336K), 2 survivors (2048K)
 Metaspace       used 115347K, capacity 118553K, committed 118656K, reserved 1153024K
  class space    used 14731K, capacity 15901K, committed 16000K, reserved 1048576K
}
Event: 42.460 GC heap after
{Heap after GC invocations=41 (full 0):
 garbage-first heap   total 293888K, used 253220K [0x0000000080000000, 0x0000000100000000)
  region size 1024K, 2 young (2048K), 2 survivors (2048K)
 Metaspace       used 115347K, capacity 118553K, committed 118656K, reserved 1153024K
  class space    used 14731K, capacity 15901K, committed 16000K, reserved 1048576K
}
Event: 42.546 GC heap before
{Heap before GC invocations=41 (full 0):
 garbage-first heap   total 293888K, used 264484K [0x0000000080000000, 0x0000000100000000)
  region size 1024K, 14 young (14336K), 2 survivors (2048K)
 Metaspace       used 115347K, capacity 118553K, committed 118656K, reserved 1153024K
  class space    used 14731K, capacity 15901K, committed 16000K, reserved 1048576K
}

Deoptimization events (20 events):
Event: 42.398 Thread 0x00000172e7da9000 DEOPT PACKING pc=0x00000172d5c3e2f0 sp=0x000000417bffd820
Event: 42.398 Thread 0x00000172e7da9000 DEOPT UNPACKING pc=0x00000172cd7678af sp=0x000000417bffd748 mode 2
Event: 42.398 Thread 0x00000172e7da9000 Uncommon trap: trap_request=0xffffff4d fr.pc=0x00000172d5c3dbbc relative=0x00000000000001fc
Event: 42.398 Thread 0x00000172e7da9000 Uncommon trap: reason=unstable_if action=reinterpret pc=0x00000172d5c3dbbc method=com.android.tools.r8.graph.e0.equals(Ljava/lang/Object;)Z @ 28 c2
Event: 42.398 Thread 0x00000172e7da9000 DEOPT PACKING pc=0x00000172d5c3dbbc sp=0x000000417bffd790
Event: 42.398 Thread 0x00000172e7da9000 DEOPT UNPACKING pc=0x00000172cd7678af sp=0x000000417bffd730 mode 2
Event: 42.434 Thread 0x00000172e7da9000 DEOPT PACKING pc=0x00000172cfd97178 sp=0x000000417bffd830
Event: 42.434 Thread 0x00000172e7da9000 DEOPT UNPACKING pc=0x00000172cd7676ce sp=0x000000417bffcd88 mode 0
Event: 42.436 Thread 0x00000172e7da9000 DEOPT PACKING pc=0x00000172cfd97178 sp=0x000000417bffd830
Event: 42.436 Thread 0x00000172e7da9000 DEOPT UNPACKING pc=0x00000172cd7676ce sp=0x000000417bffcd88 mode 0
Event: 42.471 Thread 0x00000172e7da9000 DEOPT PACKING pc=0x00000172cfd97178 sp=0x000000417bffd830
Event: 42.471 Thread 0x00000172e7da9000 DEOPT UNPACKING pc=0x00000172cd7676ce sp=0x000000417bffcd88 mode 0
Event: 42.487 Thread 0x00000172e7da9000 DEOPT PACKING pc=0x00000172cfd97178 sp=0x000000417bffd830
Event: 42.487 Thread 0x00000172e7da9000 DEOPT UNPACKING pc=0x00000172cd7676ce sp=0x000000417bffcd88 mode 0
Event: 42.508 Thread 0x00000172e7da9000 DEOPT PACKING pc=0x00000172cfd97178 sp=0x000000417bffd830
Event: 42.508 Thread 0x00000172e7da9000 DEOPT UNPACKING pc=0x00000172cd7676ce sp=0x000000417bffcd88 mode 0
Event: 42.509 Thread 0x00000172e7da9000 DEOPT PACKING pc=0x00000172cfd97178 sp=0x000000417bffd830
Event: 42.509 Thread 0x00000172e7da9000 DEOPT UNPACKING pc=0x00000172cd7676ce sp=0x000000417bffcd88 mode 0
Event: 42.541 Thread 0x00000172e7da9000 DEOPT PACKING pc=0x00000172cfd97178 sp=0x000000417bffd830
Event: 42.541 Thread 0x00000172e7da9000 DEOPT UNPACKING pc=0x00000172cd7676ce sp=0x000000417bffcd88 mode 0

Classes redefined (0 events):
No events

Internal exceptions (20 events):
Event: 36.973 Thread 0x00000172e55c8800 Exception <a 'java/lang/NoSuchMethodError'{0x000000008db85370}: <clinit>> (0x000000008db85370) thrown at [./src/hotspot/share/prims/jni.cpp, line 1362]
Event: 38.964 Thread 0x00000172e7da2800 Exception <a 'java/lang/NoSuchMethodError'{0x000000008c736fa0}: <clinit>> (0x000000008c736fa0) thrown at [./src/hotspot/share/prims/jni.cpp, line 1362]
Event: 38.964 Thread 0x00000172e7da2800 Exception <a 'java/lang/NoSuchMethodError'{0x000000008c7382d8}: <clinit>> (0x000000008c7382d8) thrown at [./src/hotspot/share/prims/jni.cpp, line 1362]
Event: 38.964 Thread 0x00000172e7da2800 Exception <a 'java/lang/NoSuchMethodError'{0x000000008c73ac78}: <clinit>> (0x000000008c73ac78) thrown at [./src/hotspot/share/prims/jni.cpp, line 1362]
Event: 38.965 Thread 0x00000172e7da2800 Exception <a 'java/lang/NoSuchMethodError'{0x000000008c753798}: <clinit>> (0x000000008c753798) thrown at [./src/hotspot/share/prims/jni.cpp, line 1362]
Event: 38.965 Thread 0x00000172e7da2800 Exception <a 'java/lang/NoSuchMethodError'{0x000000008c754c78}: <clinit>> (0x000000008c754c78) thrown at [./src/hotspot/share/prims/jni.cpp, line 1362]
Event: 39.051 Thread 0x00000172e7da2800 Exception <a 'sun/nio/fs/WindowsException'{0x000000008c4f12d8}> (0x000000008c4f12d8) thrown at [./src/hotspot/share/prims/jni.cpp, line 615]
Event: 39.051 Thread 0x00000172e7da2800 Exception <a 'sun/nio/fs/WindowsException'{0x000000008c4f2180}> (0x000000008c4f2180) thrown at [./src/hotspot/share/prims/jni.cpp, line 615]
Event: 39.056 Thread 0x00000172e7da2800 Exception <a 'sun/nio/fs/WindowsException'{0x000000008c4f30e0}> (0x000000008c4f30e0) thrown at [./src/hotspot/share/prims/jni.cpp, line 615]
Event: 39.056 Thread 0x00000172e7da2800 Exception <a 'sun/nio/fs/WindowsException'{0x000000008c4f3f88}> (0x000000008c4f3f88) thrown at [./src/hotspot/share/prims/jni.cpp, line 615]
Event: 39.091 Thread 0x00000172e7da2800 Exception <a 'java/lang/NoSuchMethodError'{0x000000008c2bd3e8}: <clinit>> (0x000000008c2bd3e8) thrown at [./src/hotspot/share/prims/jni.cpp, line 1362]
Event: 39.097 Thread 0x00000172e7da2800 Exception <a 'java/lang/NoSuchMethodError'{0x000000008c2f4190}: <clinit>> (0x000000008c2f4190) thrown at [./src/hotspot/share/prims/jni.cpp, line 1362]
Event: 39.107 Thread 0x00000172e7da2800 Exception <a 'java/lang/NoSuchMethodError'{0x000000008c1378b8}: <clinit>> (0x000000008c1378b8) thrown at [./src/hotspot/share/prims/jni.cpp, line 1362]
Event: 39.110 Thread 0x00000172e7da2800 Exception <a 'java/lang/NoSuchMethodError'{0x000000008c14a8a8}: <clinit>> (0x000000008c14a8a8) thrown at [./src/hotspot/share/prims/jni.cpp, line 1362]
Event: 39.926 Thread 0x00000172e7da1000 Exception <a 'java/lang/NoSuchMethodError'{0x000000008f11dc50}: 'void java.lang.invoke.DirectMethodHandle$Holder.invokeStatic(java.lang.Object, long)'> (0x000000008f11dc50) thrown at [./src/hotspot/share/interpreter/linkResolver.cpp, line 773]
Event: 39.927 Thread 0x00000172e7da1000 Exception <a 'java/lang/NoSuchMethodError'{0x000000008f13ce28}: 'java.lang.Object java.lang.invoke.DirectMethodHandle$Holder.invokeStatic(java.lang.Object, long)'> (0x000000008f13ce28) thrown at [./src/hotspot/share/interpreter/linkResolver.cpp, line 773]
Event: 39.933 Thread 0x00000172e7da1000 Exception <a 'java/lang/NoSuchMethodError'{0x000000008f156e00}: 'java.lang.Object java.lang.invoke.DirectMethodHandle$Holder.invokeStaticInit(java.lang.Object, java.lang.Object, long, java.lang.Object)'> (0x000000008f156e00) thrown at [./src/hotspot/share/interpreter/linkResolver.cpp, line 773]
Event: 39.934 Thread 0x00000172e7da1000 Exception <a 'java/lang/NoSuchMethodError'{0x000000008f15cf98}: 'java.lang.Object java.lang.invoke.DirectMethodHandle$Holder.invokeStatic(java.lang.Object, java.lang.Object, long)'> (0x000000008f15cf98) thrown at [./src/hotspot/share/interpreter/linkResolver.cpp, line 773]
Event: 39.935 Thread 0x00000172e7da1000 Exception <a 'java/lang/NoSuchMethodError'{0x000000008f163510}: 'java.lang.Object java.lang.invoke.Invokers$Holder.linkToTargetMethod(java.lang.Object, long, java.lang.Object)'> (0x000000008f163510) thrown at [./src/hotspot/share/interpreter/linkResolver.cpp, line 773]
Event: 41.454 Thread 0x00000172e7da9000 Exception <a 'sun/nio/fs/WindowsException'{0x000000008e5e0380}> (0x000000008e5e0380) thrown at [./src/hotspot/share/prims/jni.cpp, line 615]

Events (20 events):
Event: 41.619 loading class com/android/tools/r8/graph/e0 done
Event: 41.619 loading class com/android/tools/r8/graph/e0
Event: 41.619 loading class com/android/tools/r8/graph/e0 done
Event: 41.619 loading class com/android/tools/r8/dex/j
Event: 41.619 loading class com/android/tools/r8/dex/j done
Event: 41.619 loading class com/android/tools/r8/graph/y
Event: 41.619 loading class com/android/tools/r8/graph/y done
Event: 41.688 Executing VM operation: G1CollectForAllocation
Event: 41.696 Executing VM operation: G1CollectForAllocation done
Event: 41.914 Executing VM operation: G1CollectForAllocation
Event: 41.936 Executing VM operation: G1CollectForAllocation done
Event: 42.149 Executing VM operation: G1CollectForAllocation
Event: 42.173 Executing VM operation: G1CollectForAllocation done
Event: 42.296 Executing VM operation: G1CollectForAllocation
Event: 42.319 Executing VM operation: G1CollectForAllocation done
Event: 42.323 Executing VM operation: CGC_Operation
Event: 42.336 Executing VM operation: CGC_Operation done
Event: 42.436 Executing VM operation: G1CollectForAllocation
Event: 42.460 Executing VM operation: G1CollectForAllocation done
Event: 42.545 Executing VM operation: G1CollectForAllocation


Dynamic libraries:
0x00007ff6b31c0000 - 0x00007ff6b31ca000 	C:\Program Files\Android\Android Studio\jre\bin\java.exe
0x00007ffb45fb0000 - 0x00007ffb461a5000 	C:\Windows\SYSTEM32\ntdll.dll
0x00007ffb44e90000 - 0x00007ffb44f4e000 	C:\Windows\System32\KERNEL32.DLL
0x00007ffb43820000 - 0x00007ffb43ae8000 	C:\Windows\System32\KERNELBASE.dll
0x00007ffb43b20000 - 0x00007ffb43c20000 	C:\Windows\System32\ucrtbase.dll
0x00007ffb1f3b0000 - 0x00007ffb1f3c7000 	C:\Program Files\Android\Android Studio\jre\bin\VCRUNTIME140.dll
0x00007ffb1f260000 - 0x00007ffb1f279000 	C:\Program Files\Android\Android Studio\jre\bin\jli.dll
0x00007ffb2d960000 - 0x00007ffb2dbfa000 	C:\Windows\WinSxS\amd64_microsoft.windows.common-controls_6595b64144ccf1df_6.0.19041.1110_none_60b5254171f9507e\COMCTL32.dll
0x00007ffb45dc0000 - 0x00007ffb45e5e000 	C:\Windows\System32\msvcrt.dll
0x00007ffb44470000 - 0x00007ffb44611000 	C:\Windows\System32\USER32.dll
0x00007ffb45e60000 - 0x00007ffb45e8b000 	C:\Windows\System32\GDI32.dll
0x00007ffb43d50000 - 0x00007ffb43e5d000 	C:\Windows\System32\gdi32full.dll
0x00007ffb43c20000 - 0x00007ffb43cbd000 	C:\Windows\System32\msvcp_win.dll
0x00007ffb43af0000 - 0x00007ffb43b12000 	C:\Windows\System32\win32u.dll
0x00007ffb45310000 - 0x00007ffb45340000 	C:\Windows\System32\IMM32.DLL
0x00007ffaf3d40000 - 0x00007ffaf3ddd000 	C:\Program Files\Android\Android Studio\jre\bin\msvcp140.dll
0x00007ffafc740000 - 0x00007ffafd20f000 	C:\Program Files\Android\Android Studio\jre\bin\server\jvm.dll
0x00007ffb44f70000 - 0x00007ffb4501c000 	C:\Windows\System32\ADVAPI32.dll
0x00007ffb44cb0000 - 0x00007ffb44d4b000 	C:\Windows\System32\sechost.dll
0x00007ffb44b00000 - 0x00007ffb44c2a000 	C:\Windows\System32\RPCRT4.dll
0x00007ffb45d50000 - 0x00007ffb45d58000 	C:\Windows\System32\PSAPI.DLL
0x00007ffb3e050000 - 0x00007ffb3e059000 	C:\Windows\SYSTEM32\WSOCK32.dll
0x00007ffb1cdf0000 - 0x00007ffb1ce17000 	C:\Windows\SYSTEM32\WINMM.dll
0x00007ffb450d0000 - 0x00007ffb4513b000 	C:\Windows\System32\WS2_32.dll
0x00007ffb3df70000 - 0x00007ffb3df7a000 	C:\Windows\SYSTEM32\VERSION.dll
0x00007ffb415b0000 - 0x00007ffb415c2000 	C:\Windows\SYSTEM32\kernel.appcore.dll
0x00007ffb3cff0000 - 0x00007ffb3d001000 	C:\Program Files\Android\Android Studio\jre\bin\verify.dll
0x00007ffb1c2b0000 - 0x00007ffb1c494000 	C:\Windows\SYSTEM32\DBGHELP.DLL
0x00007ffb1c280000 - 0x00007ffb1c2ac000 	C:\Windows\SYSTEM32\dbgcore.DLL
0x00007ffb43cc0000 - 0x00007ffb43d42000 	C:\Windows\System32\bcryptPrimitives.dll
0x00007ffb3cfc0000 - 0x00007ffb3cfe9000 	C:\Program Files\Android\Android Studio\jre\bin\java.dll
0x00007ffb3d430000 - 0x00007ffb3d43b000 	C:\Program Files\Android\Android Studio\jre\bin\jimage.dll
0x00007ffb3c660000 - 0x00007ffb3c678000 	C:\Program Files\Android\Android Studio\jre\bin\zip.dll
0x00007ffb455a0000 - 0x00007ffb45ce4000 	C:\Windows\System32\SHELL32.dll
0x00007ffb417b0000 - 0x00007ffb41f44000 	C:\Windows\SYSTEM32\windows.storage.dll
0x00007ffb447a0000 - 0x00007ffb44af5000 	C:\Windows\System32\combase.dll
0x00007ffb430a0000 - 0x00007ffb430ce000 	C:\Windows\SYSTEM32\Wldp.dll
0x00007ffb45340000 - 0x00007ffb453ed000 	C:\Windows\System32\SHCORE.dll
0x00007ffb45cf0000 - 0x00007ffb45d45000 	C:\Windows\System32\shlwapi.dll
0x00007ffb43600000 - 0x00007ffb4361f000 	C:\Windows\SYSTEM32\profapi.dll
0x00007ffb39550000 - 0x00007ffb3956a000 	C:\Program Files\Android\Android Studio\jre\bin\net.dll
0x00007ffb3af20000 - 0x00007ffb3b02c000 	C:\Windows\SYSTEM32\WINHTTP.dll
0x00007ffb42da0000 - 0x00007ffb42e0a000 	C:\Windows\system32\mswsock.dll
0x00007ffb26590000 - 0x00007ffb265a4000 	C:\Program Files\Android\Android Studio\jre\bin\nio.dll
0x00007ffb228f0000 - 0x00007ffb22917000 	C:\Users\SK\.gradle\native\8bec1ad78214c89d9ad589b4d07fe93259594b29d510b10fafb7a158f7737e5d\windows-amd64\native-platform.dll
0x00007ffb1f0b0000 - 0x00007ffb1f1ed000 	C:\Users\SK\.gradle\native\53dbd7edfb1c66fb8903c78663c9afc45aea4f116125fa6feffd364cf09443e8\windows-amd64\native-platform-file-events.dll
0x00007ffb3c870000 - 0x00007ffb3c87a000 	C:\Program Files\Android\Android Studio\jre\bin\management.dll
0x00007ffb2f520000 - 0x00007ffb2f52c000 	C:\Program Files\Android\Android Studio\jre\bin\management_ext.dll
0x00007ffb42ff0000 - 0x00007ffb43008000 	C:\Windows\SYSTEM32\CRYPTSP.dll
0x00007ffb42720000 - 0x00007ffb42754000 	C:\Windows\system32\rsaenh.dll
0x00007ffb43f70000 - 0x00007ffb43f97000 	C:\Windows\System32\bcrypt.dll
0x00007ffb435c0000 - 0x00007ffb435ee000 	C:\Windows\SYSTEM32\USERENV.dll
0x00007ffb43010000 - 0x00007ffb4301c000 	C:\Windows\SYSTEM32\CRYPTBASE.dll
0x00007ffb42a90000 - 0x00007ffb42acb000 	C:\Windows\SYSTEM32\IPHLPAPI.DLL
0x00007ffb45e90000 - 0x00007ffb45e98000 	C:\Windows\System32\NSI.dll
0x00007ffb3d410000 - 0x00007ffb3d427000 	C:\Windows\SYSTEM32\dhcpcsvc6.DLL
0x00007ffb3d1c0000 - 0x00007ffb3d1dd000 	C:\Windows\SYSTEM32\dhcpcsvc.DLL
0x00007ffb42ad0000 - 0x00007ffb42b9b000 	C:\Windows\SYSTEM32\DNSAPI.dll

dbghelp: loaded successfully - version: 4.0.5 - missing functions: none
symbol engine: initialized successfully - sym options: 0x614 - pdb path: .;C:\Program Files\Android\Android Studio\jre\bin;C:\Windows\SYSTEM32;C:\Windows\WinSxS\amd64_microsoft.windows.common-controls_6595b64144ccf1df_6.0.19041.1110_none_60b5254171f9507e;C:\Program Files\Android\Android Studio\jre\bin\server;C:\Users\SK\.gradle\native\8bec1ad78214c89d9ad589b4d07fe93259594b29d510b10fafb7a158f7737e5d\windows-amd64;C:\Users\SK\.gradle\native\53dbd7edfb1c66fb8903c78663c9afc45aea4f116125fa6feffd364cf09443e8\windows-amd64

VM Arguments:
jvm_args: --add-opens=java.base/java.util=ALL-UNNAMED --add-opens=java.base/java.lang=ALL-UNNAMED --add-opens=java.base/java.lang.invoke=ALL-UNNAMED --add-opens=java.base/java.util=ALL-UNNAMED --add-opens=java.prefs/java.util.prefs=ALL-UNNAMED --add-opens=java.prefs/java.util.prefs=ALL-UNNAMED --add-opens=java.base/java.nio.charset=ALL-UNNAMED --add-opens=java.base/java.net=ALL-UNNAMED --add-opens=java.base/java.util.concurrent.atomic=ALL-UNNAMED -Xmx2048m -Dfile.encoding=UTF-8 -Duser.country=IN -Duser.language=en -Duser.variant 
java_command: org.gradle.launcher.daemon.bootstrap.GradleDaemon 7.0.2
java_class_path (initial): C:\Users\SK\.gradle\wrapper\dists\gradle-7.0.2-bin\857tjihv64xamwrf0h14cai3r\gradle-7.0.2\lib\gradle-launcher-7.0.2.jar
Launcher Type: SUN_STANDARD

[Global flags]
     intx CICompilerCount                          = 4                                         {product} {ergonomic}
     uint ConcGCThreads                            = 2                                         {product} {ergonomic}
     uint G1ConcRefinementThreads                  = 8                                         {product} {ergonomic}
   size_t G1HeapRegionSize                         = 1048576                                   {product} {ergonomic}
    uintx GCDrainStackTargetSize                   = 64                                        {product} {ergonomic}
   size_t InitialHeapSize                          = 268435456                                 {product} {ergonomic}
   size_t MarkStackSize                            = 4194304                                   {product} {ergonomic}
   size_t MaxHeapSize                              = 2147483648                                {product} {command line}
   size_t MaxNewSize                               = 1287651328                                {product} {ergonomic}
   size_t MinHeapDeltaBytes                        = 1048576                                   {product} {ergonomic}
    uintx NonNMethodCodeHeapSize                   = 5836300                                {pd product} {ergonomic}
    uintx NonProfiledCodeHeapSize                  = 122910970                              {pd product} {ergonomic}
    uintx ProfiledCodeHeapSize                     = 122910970                              {pd product} {ergonomic}
    uintx ReservedCodeCacheSize                    = 251658240                              {pd product} {ergonomic}
     bool SegmentedCodeCache                       = true                                      {product} {ergonomic}
     bool UseCompressedClassPointers               = true                                 {lp64_product} {ergonomic}
     bool UseCompressedOops                        = true                                 {lp64_product} {ergonomic}
     bool UseG1GC                                  = true                                      {product} {ergonomic}
     bool UseLargePagesIndividualAllocation        = false                                  {pd product} {ergonomic}

Logging:
Log output configuration:
 #0: stdout all=warning uptime,level,tags
 #1: stderr all=off uptime,level,tags

Environment Variables:
PATH=C:\Program Files\Eclipse Adoptium\jdk-17.0.1.12-hotspot\bin;C:\Program Files (x86)\VMware\VMware Workstation\bin\;C:\Program Files (x86)\NVIDIA Corporation\PhysX\Common;C:\Windows\system32;C:\Windows;C:\Windows\System32\Wbem;C:\Windows\System32\WindowsPowerShell\v1.0\;C:\Windows\System32\OpenSSH\;C:\Program Files\PuTTY\;C:\Program Files\Microsoft VS Code\bin;C:\Program Files\Git\cmd;C:\Users\SK\AppData\Local\Programs\Python\Python310\Scripts\;C:\Users\SK\AppData\Local\Programs\Python\Python310\;C:\Users\SK\AppData\Local\Microsoft\WindowsApps;;C:\Program Files\JetBrains\IntelliJ IDEA Community Edition 2021.2.2\bin;
USERNAME=SK
OS=Windows_NT
PROCESSOR_IDENTIFIER=Intel64 Family 6 Model 142 Stepping 10, GenuineIntel



---------------  S Y S T E M  ---------------

OS: Windows 10 , 64 bit Build 19041 (10.0.19041.1348)
OS uptime: 1 days 8:38 hours

CPU:total 8 (initial active 8) (4 cores per cpu, 2 threads per core) family 6 model 142 stepping 10 microcode 0xb4, cmov, cx8, fxsr, mmx, sse, sse2, sse3, ssse3, sse4.1, sse4.2, popcnt, avx, avx2, aes, clmul, erms, 3dnowpref, lzcnt, ht, tsc, tscinvbit, bmi1, bmi2, adx, fma

Memory: 4k page, system-wide physical 16270M (1754M free)
TotalPageFile size 65422M (AvailPageFile size 59M)
current process WorkingSet (physical memory assigned to process): 619M, peak: 619M
current process commit charge ("private bytes"): 666M, peak: 795M

vm_info: OpenJDK 64-Bit Server VM (11.0.10+0-b96-7249189) for windows-amd64 JRE (11.0.10+0-b96-7249189), built on Mar 31 2021 21:44:00 by "builder" with MS VC++ 14.0 (VS2015)

END.
