#
# There is insufficient memory for the Java Runtime Environment to continue.
# Native memory allocation (mmap) failed to map 274726912 bytes for Failed to commit area from 0x0000000096300000 to 0x00000000a6900000 of length 274726912.
# Possible reasons:
#   The system is out of physical RAM or swap space
#   The process is running with CompressedOops enabled, and the Java Heap may be blocking the growth of the native heap
# Possible solutions:
#   Reduce memory load on the system
#   Increase physical memory or swap space
#   Check if swap backing store is full
#   Decrease Java heap size (-Xmx/-Xms)
#   Decrease number of Java threads
#   Decrease Java thread stack sizes (-Xss)
#   Set larger code cache with -XX:ReservedCodeCacheSize=
#   JVM is running with Unscaled Compressed Oops mode in which the Java heap is
#     placed in the first 4GB address space. The Java Heap base address is the
#     maximum limit for the native heap growth. Please use -XX:HeapBaseMinAddress
#     to set the Java Heap base and to place the Java Heap above 4GB virtual address.
# This output file may be truncated or incomplete.
#
#  Out of Memory Error (./src/hotspot/os/windows/os_windows.cpp:3301), pid=12100, tid=13704
#
# JRE version: OpenJDK Runtime Environment (11.0.10) (build 11.0.10+0-b96-7249189)
# Java VM: OpenJDK 64-Bit Server VM (11.0.10+0-b96-7249189, mixed mode, tiered, compressed oops, g1 gc, windows-amd64)
# No core dump will be written. Minidumps are not enabled by default on client versions of Windows
#

---------------  S U M M A R Y ------------

Command Line: --add-opens=java.base/java.util=ALL-UNNAMED --add-opens=java.base/java.lang=ALL-UNNAMED --add-opens=java.base/java.lang.invoke=ALL-UNNAMED --add-opens=java.base/java.util=ALL-UNNAMED --add-opens=java.prefs/java.util.prefs=ALL-UNNAMED --add-opens=java.prefs/java.util.prefs=ALL-UNNAMED --add-opens=java.base/java.nio.charset=ALL-UNNAMED --add-opens=java.base/java.net=ALL-UNNAMED --add-opens=java.base/java.util.concurrent.atomic=ALL-UNNAMED -Xmx2048m -Dfile.encoding=UTF-8 -Duser.country=IN -Duser.language=en -Duser.variant org.gradle.launcher.daemon.bootstrap.GradleDaemon 7.0.2

Host: Intel(R) Core(TM) i5-8250U CPU @ 1.60GHz, 8 cores, 15G,  Windows 10 , 64 bit Build 19041 (10.0.19041.1348)
Time: Tue Jan 11 11:33:21 2022 India Standard Time elapsed time: 2297.268545 seconds (0d 0h 38m 17s)

---------------  T H R E A D  ---------------

Current thread (0x000001ce942f9000):  VMThread "VM Thread" [stack: 0x0000007920d00000,0x0000007920e00000] [id=13704]

Stack: [0x0000007920d00000,0x0000007920e00000]
[error occurred during error reporting (printing stack bounds), id 0xc0000005, EXCEPTION_ACCESS_VIOLATION (0xc0000005) at pc=0x000001ce80000f2d]

Native frames: (J=compiled Java code, j=interpreted, Vv=VM code, C=native code)
V  [jvm.dll+0x5ecfaa]
V  [jvm.dll+0x722bd5]
V  [jvm.dll+0x72412d]
V  [jvm.dll+0x724745]
V  [jvm.dll+0x7246fb]
V  [jvm.dll+0x5ec348]
V  [jvm.dll+0x5ecad8]
C  [ntdll.dll+0xa20cf]
C  [ntdll.dll+0x51454]
C  [ntdll.dll+0xa0bfe]
C  0x000001ce80000f2d

VM_Operation (0x00000079243fdc20): G1CollectForAllocation, mode: safepoint, requested by thread 0x000001ce9ba61000


---------------  P R O C E S S  ---------------

Threads class SMR info:
_java_thread_list=0x000001ce9d5e9670, length=90, elements={
0x000001cef8d2d000, 0x000001ce942fa800, 0x000001ce94305800, 0x000001ce94360800,
0x000001ce94362800, 0x000001ce94365000, 0x000001ce94366000, 0x000001ce94367000,
0x000001ce94379800, 0x000001ce944e2000, 0x000001ce95c63800, 0x000001ce945a7800,
0x000001ce963b1000, 0x000001ce95d46800, 0x000001ce95d44000, 0x000001ce95d46000,
0x000001ce95d48800, 0x000001ce95d43800, 0x000001ce97d0b000, 0x000001ce97d05800,
0x000001ce97d0c000, 0x000001ce97d06000, 0x000001ce97d07000, 0x000001ce97d0e800,
0x000001ce95a88000, 0x000001ce95a85800, 0x000001ce95a82800, 0x000001ce95a86800,
0x000001ce95a83000, 0x000001ce95a91000, 0x000001ce9ba58000, 0x000001ce9ba58800,
0x000001ce9ba59800, 0x000001ce9ba60000, 0x000001ce94846000, 0x000001ce9484b000,
0x000001ce948ba000, 0x000001ce948bf000, 0x000001ce948ba800, 0x000001ce948bc800,
0x000001ce948bb800, 0x000001ce948bd000, 0x000001ce948be000, 0x000001ce948b9000,
0x000001ce948c0800, 0x000001ce948bf800, 0x000001ce948c7000, 0x000001ce948c2000,
0x000001ce948c6000, 0x000001ce948c3000, 0x000001ce948c4800, 0x000001ce948c5800,
0x000001ce948c1800, 0x000001ce948c8000, 0x000001ce94847000, 0x000001ce9484c000,
0x000001ce94848000, 0x000001ce9484c800, 0x000001ce94848800, 0x000001ce9484e800,
0x000001ce9484f000, 0x000001ce94849800, 0x000001ce94850000, 0x000001ce9484a000,
0x000001ce94853000, 0x000001ce94851800, 0x000001ce94850800, 0x000001ce94852800,
0x000001ce94854000, 0x000001ce94855000, 0x000001ce9ba5a800, 0x000001ce9ba5c000,
0x000001ce9ba56000, 0x000001ce9ba5d000, 0x000001ce9ba57000, 0x000001ce9ba63800,
0x000001ce9ba5d800, 0x000001ce9ba5f000, 0x000001ce9ba64000, 0x000001ce9ba5e800,
0x000001ce9ba61000, 0x000001ce9ba61800, 0x000001ce9ba62800, 0x000001ce95a89000,
0x000001ce95a89800, 0x000001ce95a8a800, 0x000001ce95a84800, 0x000001ce95a8b800,
0x000001ce95a8d000, 0x000001ce95a8e800
}

Java Threads: ( => current thread )
  0x000001cef8d2d000 JavaThread "main" [_thread_blocked, id=8312, stack(0x0000007920700000,0x0000007920800000)]
  0x000001ce942fa800 JavaThread "Reference Handler" daemon [_thread_blocked, id=6024, stack(0x0000007920e00000,0x0000007920f00000)]
  0x000001ce94305800 JavaThread "Finalizer" daemon [_thread_blocked, id=14132, stack(0x0000007920f00000,0x0000007921000000)]
  0x000001ce94360800 JavaThread "Signal Dispatcher" daemon [_thread_blocked, id=8372, stack(0x0000007921000000,0x0000007921100000)]
  0x000001ce94362800 JavaThread "Attach Listener" daemon [_thread_blocked, id=2192, stack(0x0000007921100000,0x0000007921200000)]
  0x000001ce94365000 JavaThread "Service Thread" daemon [_thread_blocked, id=6372, stack(0x0000007921200000,0x0000007921300000)]
  0x000001ce94366000 JavaThread "C2 CompilerThread0" daemon [_thread_blocked, id=1112, stack(0x0000007921300000,0x0000007921400000)]
  0x000001ce94367000 JavaThread "C1 CompilerThread0" daemon [_thread_blocked, id=8488, stack(0x0000007921400000,0x0000007921500000)]
  0x000001ce94379800 JavaThread "Sweeper thread" daemon [_thread_blocked, id=8952, stack(0x0000007921500000,0x0000007921600000)]
  0x000001ce944e2000 JavaThread "Common-Cleaner" daemon [_thread_blocked, id=1640, stack(0x0000007921600000,0x0000007921700000)]
  0x000001ce95c63800 JavaThread "Daemon health stats" [_thread_blocked, id=11196, stack(0x0000007921f00000,0x0000007922000000)]
  0x000001ce945a7800 JavaThread "Incoming local TCP Connector on port 55262" [_thread_in_native, id=9860, stack(0x0000007921800000,0x0000007921900000)]
  0x000001ce963b1000 JavaThread "Daemon periodic checks" [_thread_blocked, id=15128, stack(0x0000007921e00000,0x0000007921f00000)]
  0x000001ce95d46800 JavaThread "Cache worker for file hash cache (C:\Users\SK\.gradle\caches\7.0.2\fileHashes)" [_thread_blocked, id=9004, stack(0x0000007922a00000,0x0000007922b00000)]
  0x000001ce95d44000 JavaThread "File lock request listener" [_thread_in_native, id=4004, stack(0x0000007922b00000,0x0000007922c00000)]
  0x000001ce95d46000 JavaThread "Cache worker for journal cache (C:\Users\SK\.gradle\caches\journal-1)" [_thread_blocked, id=4524, stack(0x0000007922d00000,0x0000007922e00000)]
  0x000001ce95d48800 JavaThread "File watcher server" daemon [_thread_blocked, id=10336, stack(0x0000007922f00000,0x0000007923000000)]
  0x000001ce95d43800 JavaThread "File watcher consumer" daemon [_thread_blocked, id=14032, stack(0x0000007923000000,0x0000007923100000)]
  0x000001ce97d0b000 JavaThread "Cache worker for execution history cache (C:\Users\SK\.gradle\caches\7.0.2\executionHistory)" [_thread_blocked, id=14640, stack(0x0000007923400000,0x0000007923500000)]
  0x000001ce97d05800 JavaThread "jar transforms" [_thread_blocked, id=2432, stack(0x0000007923600000,0x0000007923700000)]
  0x000001ce97d0c000 JavaThread "jar transforms Thread 2" [_thread_blocked, id=15172, stack(0x0000007923700000,0x0000007923800000)]
  0x000001ce97d06000 JavaThread "Cache worker for file content cache (C:\Users\SK\.gradle\caches\7.0.2\fileContent)" [_thread_blocked, id=2196, stack(0x0000007923800000,0x0000007923900000)]
  0x000001ce97d07000 JavaThread "jar transforms Thread 3" [_thread_blocked, id=8432, stack(0x0000007923a00000,0x0000007923b00000)]
  0x000001ce97d0e800 JavaThread "jar transforms Thread 4" [_thread_blocked, id=5976, stack(0x0000007924400000,0x0000007924500000)]
  0x000001ce95a88000 JavaThread "jar transforms Thread 5" [_thread_blocked, id=2616, stack(0x0000007924500000,0x0000007924600000)]
  0x000001ce95a85800 JavaThread "jar transforms Thread 6" [_thread_blocked, id=4596, stack(0x0000007924600000,0x0000007924700000)]
  0x000001ce95a82800 JavaThread "jar transforms Thread 7" [_thread_blocked, id=5720, stack(0x0000007924700000,0x0000007924800000)]
  0x000001ce95a86800 JavaThread "jar transforms Thread 8" [_thread_blocked, id=12912, stack(0x0000007924800000,0x0000007924900000)]
  0x000001ce95a83000 JavaThread "Memory manager" [_thread_blocked, id=12860, stack(0x0000007924900000,0x0000007924a00000)]
  0x000001ce95a91000 JavaThread "RMI Scheduler(0)" daemon [_thread_blocked, id=4708, stack(0x0000007923500000,0x0000007923600000)]
  0x000001ce9ba58000 JavaThread "RMI GC Daemon" daemon [_thread_blocked, id=7644, stack(0x0000007925700000,0x0000007925800000)]
  0x000001ce9ba58800 JavaThread "RMI TCP Accept-0" daemon [_thread_in_native, id=7076, stack(0x0000007925800000,0x0000007925900000)]
  0x000001ce9ba59800 JavaThread "RMI Reaper" [_thread_blocked, id=12736, stack(0x0000007925900000,0x0000007925a00000)]
  0x000001ce9ba60000 JavaThread "Cache worker for Java compile cache (C:\Users\SK\.gradle\caches\7.0.2\javaCompile)" [_thread_blocked, id=14816, stack(0x0000007926100000,0x0000007926200000)]
  0x000001ce94846000 JavaThread "ForkJoinPool.commonPool-worker-15" daemon [_thread_blocked, id=12620, stack(0x0000007925c00000,0x0000007925d00000)]
  0x000001ce9484b000 JavaThread "ForkJoinPool.commonPool-worker-1" daemon [_thread_blocked, id=10384, stack(0x0000007926200000,0x0000007926300000)]
  0x000001ce948ba000 JavaThread "RMI TCP Connection(idle)" daemon [_thread_blocked, id=6340, stack(0x0000007920400000,0x0000007920500000)]
  0x000001ce948bf000 JavaThread "RMI TCP Connection(idle)" daemon [_thread_blocked, id=11284, stack(0x0000007920500000,0x0000007920600000)]
  0x000001ce948ba800 JavaThread "Daemon Thread 9" [_thread_blocked, id=8460, stack(0x0000007920600000,0x0000007920700000)]
  0x000001ce948bc800 JavaThread "Handler for socket connection from /127.0.0.1:55262 to /127.0.0.1:55908" [_thread_in_native, id=1768, stack(0x0000007922000000,0x0000007922100000)]
  0x000001ce948bb800 JavaThread "Cancel handler" [_thread_blocked, id=7340, stack(0x0000007922100000,0x0000007922200000)]
  0x000001ce948bd000 JavaThread "Daemon worker Thread 9" [_thread_blocked, id=10800, stack(0x0000007922200000,0x0000007922300000)]
  0x000001ce948be000 JavaThread "Asynchronous log dispatcher for DefaultDaemonConnection: socket connection from /127.0.0.1:55262 to /127.0.0.1:55908" [_thread_blocked, id=10432, stack(0x0000007922300000,0x0000007922400000)]
  0x000001ce948b9000 JavaThread "Stdin handler" [_thread_blocked, id=14920, stack(0x0000007922400000,0x0000007922500000)]
  0x000001ce948c0800 JavaThread "Daemon client event forwarder" [_thread_blocked, id=3944, stack(0x0000007922500000,0x0000007922600000)]
  0x000001ce948bf800 JavaThread "Cache worker for file hash cache (C:\Users\SK\AndroidStudioProjects\ERP\.gradle\7.0.2\fileHashes)" [_thread_blocked, id=13032, stack(0x0000007922600000,0x0000007922700000)]
  0x000001ce948c7000 JavaThread "Cache worker for checksums cache (C:\Users\SK\AndroidStudioProjects\ERP\.gradle\checksums)" [_thread_blocked, id=9740, stack(0x0000007922700000,0x0000007922800000)]
  0x000001ce948c2000 JavaThread "Cache worker for cache directory md-supplier (C:\Users\SK\.gradle\caches\7.0.2\md-supplier)" [_thread_blocked, id=7580, stack(0x0000007922e00000,0x0000007922f00000)]
  0x000001ce948c6000 JavaThread "Cache worker for cache directory md-rule (C:\Users\SK\.gradle\caches\7.0.2\md-rule)" [_thread_blocked, id=11908, stack(0x0000007923100000,0x0000007923200000)]
  0x000001ce948c3000 JavaThread "Cache worker for dependencies-accessors (C:\Users\SK\AndroidStudioProjects\ERP\.gradle\7.0.2\dependencies-accessors)" [_thread_blocked, id=13676, stack(0x0000007923200000,0x0000007923300000)]
  0x000001ce948c4800 JavaThread "Cache worker for Build Output Cleanup Cache (C:\Users\SK\AndroidStudioProjects\ERP\.gradle\buildOutputCleanup)" [_thread_blocked, id=620, stack(0x0000007923300000,0x0000007923400000)]
  0x000001ce948c5800 JavaThread "Build operations" [_thread_blocked, id=13404, stack(0x0000007923b00000,0x0000007923c00000)]
  0x000001ce948c1800 JavaThread "Build operations Thread 2" [_thread_blocked, id=4588, stack(0x0000007923c00000,0x0000007923d00000)]
  0x000001ce948c8000 JavaThread "Build operations Thread 3" [_thread_blocked, id=14284, stack(0x0000007923d00000,0x0000007923e00000)]
  0x000001ce94847000 JavaThread "Build operations Thread 4" [_thread_blocked, id=12400, stack(0x0000007923e00000,0x0000007923f00000)]
  0x000001ce9484c000 JavaThread "Build operations Thread 5" [_thread_blocked, id=2132, stack(0x0000007923f00000,0x0000007924000000)]
  0x000001ce94848000 JavaThread "Build operations Thread 6" [_thread_blocked, id=3324, stack(0x0000007924000000,0x0000007924100000)]
  0x000001ce9484c800 JavaThread "Build operations Thread 7" [_thread_blocked, id=12636, stack(0x0000007924100000,0x0000007924200000)]
  0x000001ce94848800 JavaThread "Build operations Thread 8" [_thread_blocked, id=6148, stack(0x0000007924200000,0x0000007924300000)]
  0x000001ce9484e800 JavaThread "build event listener" [_thread_blocked, id=9376, stack(0x0000007924e00000,0x0000007924f00000)]
  0x000001ce9484f000 JavaThread "build event listener" [_thread_blocked, id=14944, stack(0x0000007924f00000,0x0000007925000000)]
  0x000001ce94849800 JavaThread "Execution worker for ':'" [_thread_blocked, id=8976, stack(0x0000007925000000,0x0000007925100000)]
  0x000001ce94850000 JavaThread "Execution worker for ':' Thread 2" [_thread_blocked, id=6832, stack(0x0000007925100000,0x0000007925200000)]
  0x000001ce9484a000 JavaThread "Execution worker for ':' Thread 3" [_thread_blocked, id=6672, stack(0x0000007925200000,0x0000007925300000)]
  0x000001ce94853000 JavaThread "Execution worker for ':' Thread 4" [_thread_blocked, id=1568, stack(0x0000007925300000,0x0000007925400000)]
  0x000001ce94851800 JavaThread "Execution worker for ':' Thread 5" [_thread_blocked, id=9384, stack(0x0000007925400000,0x0000007925500000)]
  0x000001ce94850800 JavaThread "Execution worker for ':' Thread 6" [_thread_blocked, id=12220, stack(0x0000007925500000,0x0000007925600000)]
  0x000001ce94852800 JavaThread "Execution worker for ':' Thread 7" [_thread_blocked, id=14172, stack(0x0000007925600000,0x0000007925700000)]
  0x000001ce94854000 JavaThread "Cache worker for execution history cache (C:\Users\SK\AndroidStudioProjects\ERP\.gradle\7.0.2\executionHistory)" [_thread_blocked, id=8568, stack(0x0000007925a00000,0x0000007925b00000)]
  0x000001ce94855000 JavaThread "WorkerExecutor Queue" [_thread_blocked, id=15124, stack(0x0000007925b00000,0x0000007925c00000)]
  0x000001ce9ba5a800 JavaThread "WorkerExecutor Queue Thread 2" [_thread_blocked, id=5664, stack(0x0000007925d00000,0x0000007925e00000)]
  0x000001ce9ba5c000 JavaThread "WorkerExecutor Queue Thread 3" [_thread_blocked, id=14128, stack(0x0000007925e00000,0x0000007925f00000)]
  0x000001ce9ba56000 JavaThread "WorkerExecutor Queue Thread 4" [_thread_blocked, id=13336, stack(0x0000007925f00000,0x0000007926000000)]
  0x000001ce9ba5d000 JavaThread "WorkerExecutor Queue Thread 5" [_thread_blocked, id=3452, stack(0x0000007926000000,0x0000007926100000)]
  0x000001ce9ba57000 JavaThread "WorkerExecutor Queue Thread 6" [_thread_blocked, id=4168, stack(0x0000007926300000,0x0000007926400000)]
  0x000001ce9ba63800 JavaThread "pool-38-thread-1" [_thread_blocked, id=11436, stack(0x0000007926400000,0x0000007926500000)]
  0x000001ce9ba5d800 JavaThread "stderr" [_thread_in_native, id=4792, stack(0x0000007926500000,0x0000007926600000)]
  0x000001ce9ba5f000 JavaThread "stdout" [_thread_in_native, id=14572, stack(0x0000007926600000,0x0000007926700000)]
  0x000001ce9ba64000 JavaThread "WorkerExecutor Queue Thread 7" [_thread_blocked, id=13212, stack(0x0000007926700000,0x0000007926800000)]
  0x000001ce9ba5e800 JavaThread "WorkerExecutor Queue Thread 8" [_thread_blocked, id=8008, stack(0x0000007926800000,0x0000007926900000)]
  0x000001ce9ba61000 JavaThread "ForkJoinPool-2-worker-3" daemon [_thread_blocked, id=12728, stack(0x0000007924300000,0x0000007924400000)]
  0x000001ce9ba61800 JavaThread "ForkJoinPool-2-worker-5" daemon [_thread_blocked, id=6688, stack(0x0000007923900000,0x0000007923a00000)]
  0x000001ce9ba62800 JavaThread "ForkJoinPool-2-worker-7" daemon [_thread_blocked, id=9824, stack(0x0000007926900000,0x0000007926a00000)]
  0x000001ce95a89000 JavaThread "ForkJoinPool-2-worker-11" daemon [_thread_blocked, id=14976, stack(0x0000007926a00000,0x0000007926b00000)]
  0x000001ce95a89800 JavaThread "ForkJoinPool-2-worker-9" daemon [_thread_blocked, id=3380, stack(0x0000007926b00000,0x0000007926c00000)]
  0x000001ce95a8a800 JavaThread "ForkJoinPool-2-worker-13" daemon [_thread_blocked, id=15092, stack(0x0000007926c00000,0x0000007926d00000)]
  0x000001ce95a84800 JavaThread "ForkJoinPool-2-worker-15" daemon [_thread_blocked, id=11128, stack(0x0000007926d00000,0x0000007926e00000)]
  0x000001ce95a8b800 JavaThread "ForkJoinPool-2-worker-1" daemon [_thread_blocked, id=11068, stack(0x0000007926e00000,0x0000007926f00000)]
  0x000001ce95a8d000 JavaThread "C2 CompilerThread1" daemon [_thread_in_native, id=15132, stack(0x0000007926f00000,0x0000007927000000)]
  0x000001ce95a8e800 JavaThread "C2 CompilerThread2" daemon [_thread_in_native, id=252, stack(0x0000007927000000,0x0000007927100000)]

Other Threads:
=>0x000001ce942f9000 VMThread "VM Thread" [stack: 0x0000007920d00000,0x0000007920e00000] [id=13704]
  0x000001ce944fd000 WatcherThread [stack: 0x0000007921700000,0x0000007921800000] [id=6872]
  0x000001cef8d43000 GCTaskThread "GC Thread#0" [stack: 0x0000007920800000,0x0000007920900000] [id=4912]
  0x000001ce9517d800 GCTaskThread "GC Thread#1" [stack: 0x0000007921900000,0x0000007921a00000] [id=1712]
  0x000001ce94f9e800 GCTaskThread "GC Thread#2" [stack: 0x0000007921a00000,0x0000007921b00000] [id=1732]
  0x000001ce94e69000 GCTaskThread "GC Thread#3" [stack: 0x0000007921b00000,0x0000007921c00000] [id=14592]
  0x000001ce951ae800 GCTaskThread "GC Thread#4" [stack: 0x0000007921c00000,0x0000007921d00000] [id=9120]
  0x000001ce9505f000 GCTaskThread "GC Thread#5" [stack: 0x0000007921d00000,0x0000007921e00000] [id=3392]
  0x000001ce95c37000 GCTaskThread "GC Thread#6" [stack: 0x0000007922800000,0x0000007922900000] [id=3968]
  0x000001ce96c62800 GCTaskThread "GC Thread#7" [stack: 0x0000007922900000,0x0000007922a00000] [id=11156]
  0x000001cef8d78800 ConcurrentGCThread "G1 Main Marker" [stack: 0x0000007920900000,0x0000007920a00000] [id=11084]
  0x000001cef8d7a800 ConcurrentGCThread "G1 Conc#0" [stack: 0x0000007920a00000,0x0000007920b00000] [id=13092]
  0x000001ce953d3800 ConcurrentGCThread "G1 Conc#1" [stack: 0x0000007922c00000,0x0000007922d00000] [id=10248]
  0x000001ce93945000 ConcurrentGCThread "G1 Refine#0" [stack: 0x0000007920b00000,0x0000007920c00000] [id=13248]
  0x000001ce9766f800 ConcurrentGCThread "G1 Refine#1" [stack: 0x0000007924a00000,0x0000007924b00000] [id=6392]
  0x000001ce94e00800 ConcurrentGCThread "G1 Refine#2" [stack: 0x0000007924b00000,0x0000007924c00000] [id=12644]
  0x000001ce96555800 ConcurrentGCThread "G1 Refine#3" [stack: 0x0000007924c00000,0x0000007924d00000] [id=11828]
  0x000001ce93946000 ConcurrentGCThread "G1 Young RemSet Sampling" [stack: 0x0000007920c00000,0x0000007920d00000] [id=11960]

Threads with active compile tasks:
C2 CompilerThread02297325 31391       4       com.android.tools.r8.dex.j::d (507 bytes)
C2 CompilerThread12297325 31443 %     4       com.android.tools.r8.dex.j::a @ 315 (1038 bytes)
C2 CompilerThread22297326 31411       4       com.android.tools.r8.dex.j::e (654 bytes)

VM state:at safepoint (normal execution)

VM Mutex/Monitor currently owned by a thread:  ([mutex/lock_event])
[0x000001cef8d293c0] Threads_lock - owner thread: 0x000001ce942f9000
[0x000001cef8d29570] Heap_lock - owner thread: 0x000001ce9ba61000

Heap address: 0x0000000080000000, size: 2048 MB, Compressed Oops mode: 32-bit
Narrow klass base: 0x0000000000000000, Narrow klass shift: 3
Compressed class space size: 1073741824 Address: 0x0000000100000000

Heap:
 garbage-first heap   total 631808K, used 344787K [0x0000000080000000, 0x0000000100000000)
  region size 1024K, 3 young (3072K), 3 survivors (3072K)
 Metaspace       used 150975K, capacity 156098K, committed 156364K, reserved 1185792K
  class space    used 18958K, capacity 20838K, committed 20940K, reserved 1048576K
Heap Regions: E=young(eden), S=young(survivor), O=old, HS=humongous(starts), HC=humongous(continues), CS=collection set, F=free, A=archive, TAMS=top-at-mark-start (previous, next)
|   0|0x0000000080000000, 0x0000000080100000, 0x0000000080100000|100%| O|  |TAMS 0x0000000080000000, 0x0000000080100000| Untracked 
|   1|0x0000000080100000, 0x0000000080200000, 0x0000000080200000|100%| O|  |TAMS 0x0000000080200000, 0x0000000080200000| Untracked 
|   2|0x0000000080200000, 0x0000000080300000, 0x0000000080300000|100%| O|  |TAMS 0x0000000080300000, 0x0000000080300000| Untracked 
|   3|0x0000000080300000, 0x0000000080400000, 0x0000000080400000|100%|HS|  |TAMS 0x0000000080400000, 0x0000000080400000| Complete 
|   4|0x0000000080400000, 0x0000000080500000, 0x0000000080500000|100%|HC|  |TAMS 0x0000000080500000, 0x0000000080500000| Complete 
|   5|0x0000000080500000, 0x0000000080600000, 0x0000000080600000|100%|HC|  |TAMS 0x0000000080600000, 0x0000000080600000| Complete 
|   6|0x0000000080600000, 0x0000000080700000, 0x0000000080700000|100%| O|  |TAMS 0x0000000080700000, 0x0000000080700000| Untracked 
|   7|0x0000000080700000, 0x0000000080800000, 0x0000000080800000|100%| O|  |TAMS 0x0000000080800000, 0x0000000080800000| Untracked 
|   8|0x0000000080800000, 0x0000000080900000, 0x0000000080900000|100%| O|  |TAMS 0x0000000080900000, 0x0000000080900000| Untracked 
|   9|0x0000000080900000, 0x0000000080a00000, 0x0000000080a00000|100%| O|  |TAMS 0x0000000080a00000, 0x0000000080a00000| Untracked 
|  10|0x0000000080a00000, 0x0000000080b00000, 0x0000000080b00000|100%| O|  |TAMS 0x0000000080b00000, 0x0000000080b00000| Untracked 
|  11|0x0000000080b00000, 0x0000000080c00000, 0x0000000080c00000|100%| O|  |TAMS 0x0000000080c00000, 0x0000000080c00000| Untracked 
|  12|0x0000000080c00000, 0x0000000080d00000, 0x0000000080d00000|100%| O|  |TAMS 0x0000000080d00000, 0x0000000080d00000| Untracked 
|  13|0x0000000080d00000, 0x0000000080e00000, 0x0000000080e00000|100%|HS|  |TAMS 0x0000000080e00000, 0x0000000080e00000| Complete 
|  14|0x0000000080e00000, 0x0000000080f00000, 0x0000000080f00000|100%|HS|  |TAMS 0x0000000080f00000, 0x0000000080f00000| Complete 
|  15|0x0000000080f00000, 0x0000000081000000, 0x0000000081000000|100%|HS|  |TAMS 0x0000000081000000, 0x0000000081000000| Complete 
|  16|0x0000000081000000, 0x0000000081100000, 0x0000000081100000|100%| O|  |TAMS 0x0000000081100000, 0x0000000081100000| Untracked 
|  17|0x0000000081100000, 0x0000000081200000, 0x0000000081200000|100%| O|  |TAMS 0x0000000081200000, 0x0000000081200000| Untracked 
|  18|0x0000000081200000, 0x0000000081300000, 0x0000000081300000|100%| O|  |TAMS 0x0000000081300000, 0x0000000081300000| Untracked 
|  19|0x0000000081300000, 0x0000000081400000, 0x0000000081400000|100%| O|  |TAMS 0x0000000081400000, 0x0000000081400000| Untracked 
|  20|0x0000000081400000, 0x0000000081500000, 0x0000000081500000|100%|HS|  |TAMS 0x0000000081500000, 0x0000000081500000| Complete 
|  21|0x0000000081500000, 0x0000000081600000, 0x0000000081600000|100%|HC|  |TAMS 0x0000000081600000, 0x0000000081600000| Complete 
|  22|0x0000000081600000, 0x0000000081700000, 0x0000000081700000|100%|HC|  |TAMS 0x0000000081700000, 0x0000000081700000| Complete 
|  23|0x0000000081700000, 0x0000000081800000, 0x0000000081800000|100%|HS|  |TAMS 0x0000000081800000, 0x0000000081800000| Complete 
|  24|0x0000000081800000, 0x0000000081900000, 0x0000000081900000|100%|HC|  |TAMS 0x0000000081900000, 0x0000000081900000| Complete 
|  25|0x0000000081900000, 0x0000000081a00000, 0x0000000081a00000|100%| O|  |TAMS 0x0000000081a00000, 0x0000000081a00000| Untracked 
|  26|0x0000000081a00000, 0x0000000081b00000, 0x0000000081b00000|100%| O|  |TAMS 0x0000000081b00000, 0x0000000081b00000| Untracked 
|  27|0x0000000081b00000, 0x0000000081c00000, 0x0000000081c00000|100%| O|  |TAMS 0x0000000081b00000, 0x0000000081c00000| Untracked 
|  28|0x0000000081c00000, 0x0000000081d00000, 0x0000000081d00000|100%| O|  |TAMS 0x0000000081d00000, 0x0000000081d00000| Untracked 
|  29|0x0000000081d00000, 0x0000000081e00000, 0x0000000081e00000|100%| O|  |TAMS 0x0000000081d00000, 0x0000000081e00000| Untracked 
|  30|0x0000000081e00000, 0x0000000081f00000, 0x0000000081f00000|100%| O|  |TAMS 0x0000000081f00000, 0x0000000081f00000| Untracked 
|  31|0x0000000081f00000, 0x0000000082000000, 0x0000000082000000|100%| O|  |TAMS 0x0000000082000000, 0x0000000082000000| Untracked 
|  32|0x0000000082000000, 0x0000000082100000, 0x0000000082100000|100%| O|  |TAMS 0x0000000082100000, 0x0000000082100000| Untracked 
|  33|0x0000000082100000, 0x0000000082200000, 0x0000000082200000|100%| O|  |TAMS 0x0000000082200000, 0x0000000082200000| Untracked 
|  34|0x0000000082200000, 0x0000000082300000, 0x0000000082300000|100%| O|  |TAMS 0x0000000082300000, 0x0000000082300000| Untracked 
|  35|0x0000000082300000, 0x0000000082400000, 0x0000000082400000|100%| O|  |TAMS 0x0000000082400000, 0x0000000082400000| Untracked 
|  36|0x0000000082400000, 0x0000000082500000, 0x0000000082500000|100%| O|  |TAMS 0x0000000082500000, 0x0000000082500000| Untracked 
|  37|0x0000000082500000, 0x0000000082600000, 0x0000000082600000|100%| O|  |TAMS 0x0000000082600000, 0x0000000082600000| Untracked 
|  38|0x0000000082600000, 0x0000000082700000, 0x0000000082700000|100%| O|  |TAMS 0x0000000082700000, 0x0000000082700000| Untracked 
|  39|0x0000000082700000, 0x0000000082800000, 0x0000000082800000|100%| O|  |TAMS 0x0000000082800000, 0x0000000082800000| Untracked 
|  40|0x0000000082800000, 0x0000000082900000, 0x0000000082900000|100%| O|  |TAMS 0x0000000082900000, 0x0000000082900000| Untracked 
|  41|0x0000000082900000, 0x0000000082a00000, 0x0000000082a00000|100%| O|  |TAMS 0x0000000082a00000, 0x0000000082a00000| Untracked 
|  42|0x0000000082a00000, 0x0000000082b00000, 0x0000000082b00000|100%| O|  |TAMS 0x0000000082b00000, 0x0000000082b00000| Untracked 
|  43|0x0000000082b00000, 0x0000000082c00000, 0x0000000082c00000|100%| O|  |TAMS 0x0000000082c00000, 0x0000000082c00000| Untracked 
|  44|0x0000000082c00000, 0x0000000082d00000, 0x0000000082d00000|100%| O|  |TAMS 0x0000000082d00000, 0x0000000082d00000| Untracked 
|  45|0x0000000082d00000, 0x0000000082e00000, 0x0000000082e00000|100%| O|  |TAMS 0x0000000082d00000, 0x0000000082e00000| Untracked 
|  46|0x0000000082e00000, 0x0000000082f00000, 0x0000000082f00000|100%| O|  |TAMS 0x0000000082f00000, 0x0000000082f00000| Untracked 
|  47|0x0000000082f00000, 0x0000000083000000, 0x0000000083000000|100%| O|  |TAMS 0x0000000083000000, 0x0000000083000000| Untracked 
|  48|0x0000000083000000, 0x0000000083100000, 0x0000000083100000|100%| O|  |TAMS 0x0000000083100000, 0x0000000083100000| Untracked 
|  49|0x0000000083100000, 0x0000000083200000, 0x0000000083200000|100%| O|  |TAMS 0x0000000083100000, 0x0000000083200000| Untracked 
|  50|0x0000000083200000, 0x0000000083300000, 0x0000000083300000|100%| O|  |TAMS 0x0000000083300000, 0x0000000083300000| Untracked 
|  51|0x0000000083300000, 0x0000000083400000, 0x0000000083400000|100%| O|  |TAMS 0x0000000083400000, 0x0000000083400000| Untracked 
|  52|0x0000000083400000, 0x0000000083500000, 0x0000000083500000|100%|HS|  |TAMS 0x0000000083400000, 0x0000000083500000| Complete 
|  53|0x0000000083500000, 0x0000000083600000, 0x0000000083600000|100%|HC|  |TAMS 0x0000000083500000, 0x0000000083600000| Complete 
|  54|0x0000000083600000, 0x0000000083700000, 0x0000000083700000|100%| O|  |TAMS 0x0000000083700000, 0x0000000083700000| Untracked 
|  55|0x0000000083700000, 0x0000000083800000, 0x0000000083800000|100%| O|  |TAMS 0x0000000083800000, 0x0000000083800000| Untracked 
|  56|0x0000000083800000, 0x0000000083900000, 0x0000000083900000|100%| O|  |TAMS 0x0000000083900000, 0x0000000083900000| Untracked 
|  57|0x0000000083900000, 0x0000000083a00000, 0x0000000083a00000|100%| O|  |TAMS 0x0000000083900000, 0x0000000083a00000| Untracked 
|  58|0x0000000083a00000, 0x0000000083b00000, 0x0000000083b00000|100%| O|  |TAMS 0x0000000083b00000, 0x0000000083b00000| Untracked 
|  59|0x0000000083b00000, 0x0000000083c00000, 0x0000000083c00000|100%| O|  |TAMS 0x0000000083c00000, 0x0000000083c00000| Untracked 
|  60|0x0000000083c00000, 0x0000000083d00000, 0x0000000083d00000|100%| O|  |TAMS 0x0000000083d00000, 0x0000000083d00000| Untracked 
|  61|0x0000000083d00000, 0x0000000083e00000, 0x0000000083e00000|100%| O|  |TAMS 0x0000000083e00000, 0x0000000083e00000| Untracked 
|  62|0x0000000083e00000, 0x0000000083f00000, 0x0000000083f00000|100%| O|  |TAMS 0x0000000083f00000, 0x0000000083f00000| Untracked 
|  63|0x0000000083f00000, 0x0000000084000000, 0x0000000084000000|100%| O|  |TAMS 0x0000000084000000, 0x0000000084000000| Untracked 
|  64|0x0000000084000000, 0x0000000084100000, 0x0000000084100000|100%| O|  |TAMS 0x0000000084100000, 0x0000000084100000| Untracked 
|  65|0x0000000084100000, 0x0000000084200000, 0x0000000084200000|100%| O|  |TAMS 0x0000000084100000, 0x0000000084200000| Untracked 
|  66|0x0000000084200000, 0x0000000084300000, 0x0000000084300000|100%| O|  |TAMS 0x0000000084300000, 0x0000000084300000| Untracked 
|  67|0x0000000084300000, 0x0000000084400000, 0x0000000084400000|100%| O|  |TAMS 0x0000000084400000, 0x0000000084400000| Untracked 
|  68|0x0000000084400000, 0x0000000084500000, 0x0000000084500000|100%| O|  |TAMS 0x0000000084500000, 0x0000000084500000| Untracked 
|  69|0x0000000084500000, 0x0000000084600000, 0x0000000084600000|100%| O|  |TAMS 0x0000000084500000, 0x0000000084600000| Untracked 
|  70|0x0000000084600000, 0x0000000084700000, 0x0000000084700000|100%| O|  |TAMS 0x0000000084700000, 0x0000000084700000| Untracked 
|  71|0x0000000084700000, 0x0000000084800000, 0x0000000084800000|100%| O|  |TAMS 0x0000000084700000, 0x0000000084800000| Untracked 
|  72|0x0000000084800000, 0x0000000084900000, 0x0000000084900000|100%| O|  |TAMS 0x0000000084900000, 0x0000000084900000| Untracked 
|  73|0x0000000084900000, 0x0000000084a00000, 0x0000000084a00000|100%| O|  |TAMS 0x0000000084a00000, 0x0000000084a00000| Untracked 
|  74|0x0000000084a00000, 0x0000000084b00000, 0x0000000084b00000|100%| O|  |TAMS 0x0000000084b00000, 0x0000000084b00000| Untracked 
|  75|0x0000000084b00000, 0x0000000084c00000, 0x0000000084c00000|100%|HS|  |TAMS 0x0000000084b00000, 0x0000000084c00000| Complete 
|  76|0x0000000084c00000, 0x0000000084d00000, 0x0000000084d00000|100%|HC|  |TAMS 0x0000000084c00000, 0x0000000084d00000| Complete 
|  77|0x0000000084d00000, 0x0000000084e00000, 0x0000000084e00000|100%| O|  |TAMS 0x0000000084e00000, 0x0000000084e00000| Untracked 
|  78|0x0000000084e00000, 0x0000000084f00000, 0x0000000084f00000|100%| O|  |TAMS 0x0000000084f00000, 0x0000000084f00000| Untracked 
|  79|0x0000000084f00000, 0x0000000085000000, 0x0000000085000000|100%| O|  |TAMS 0x0000000085000000, 0x0000000085000000| Untracked 
|  80|0x0000000085000000, 0x0000000085100000, 0x0000000085100000|100%| O|  |TAMS 0x0000000085000000, 0x0000000085100000| Untracked 
|  81|0x0000000085100000, 0x0000000085200000, 0x0000000085200000|100%| O|  |TAMS 0x0000000085100000, 0x0000000085200000| Untracked 
|  82|0x0000000085200000, 0x0000000085300000, 0x0000000085300000|100%| O|  |TAMS 0x0000000085200000, 0x0000000085300000| Untracked 
|  83|0x0000000085300000, 0x0000000085400000, 0x0000000085400000|100%| O|  |TAMS 0x0000000085400000, 0x0000000085400000| Untracked 
|  84|0x0000000085400000, 0x0000000085500000, 0x0000000085500000|100%| O|  |TAMS 0x0000000085500000, 0x0000000085500000| Untracked 
|  85|0x0000000085500000, 0x0000000085600000, 0x0000000085600000|100%| O|  |TAMS 0x0000000085600000, 0x0000000085600000| Untracked 
|  86|0x0000000085600000, 0x0000000085700000, 0x0000000085700000|100%| O|  |TAMS 0x0000000085700000, 0x0000000085700000| Untracked 
|  87|0x0000000085700000, 0x0000000085800000, 0x0000000085800000|100%| O|  |TAMS 0x0000000085800000, 0x0000000085800000| Untracked 
|  88|0x0000000085800000, 0x0000000085900000, 0x0000000085900000|100%| O|  |TAMS 0x0000000085900000, 0x0000000085900000| Untracked 
|  89|0x0000000085900000, 0x0000000085a00000, 0x0000000085a00000|100%| O|  |TAMS 0x0000000085a00000, 0x0000000085a00000| Untracked 
|  90|0x0000000085a00000, 0x0000000085b00000, 0x0000000085b00000|100%| O|  |TAMS 0x0000000085b00000, 0x0000000085b00000| Untracked 
|  91|0x0000000085b00000, 0x0000000085c00000, 0x0000000085c00000|100%| O|  |TAMS 0x0000000085c00000, 0x0000000085c00000| Untracked 
|  92|0x0000000085c00000, 0x0000000085d00000, 0x0000000085d00000|100%| O|  |TAMS 0x0000000085d00000, 0x0000000085d00000| Untracked 
|  93|0x0000000085d00000, 0x0000000085e00000, 0x0000000085e00000|100%| O|  |TAMS 0x0000000085e00000, 0x0000000085e00000| Untracked 
|  94|0x0000000085e00000, 0x0000000085f00000, 0x0000000085f00000|100%| O|  |TAMS 0x0000000085f00000, 0x0000000085f00000| Untracked 
|  95|0x0000000085f00000, 0x0000000086000000, 0x0000000086000000|100%| O|  |TAMS 0x0000000086000000, 0x0000000086000000| Untracked 
|  96|0x0000000086000000, 0x0000000086100000, 0x0000000086100000|100%| O|  |TAMS 0x0000000086100000, 0x0000000086100000| Untracked 
|  97|0x0000000086100000, 0x0000000086200000, 0x0000000086200000|100%| O|  |TAMS 0x0000000086100000, 0x0000000086200000| Untracked 
|  98|0x0000000086200000, 0x0000000086300000, 0x0000000086300000|100%| O|  |TAMS 0x0000000086300000, 0x0000000086300000| Untracked 
|  99|0x0000000086300000, 0x0000000086400000, 0x0000000086400000|100%| O|  |TAMS 0x0000000086400000, 0x0000000086400000| Untracked 
| 100|0x0000000086400000, 0x0000000086500000, 0x0000000086500000|100%|HS|  |TAMS 0x0000000086500000, 0x0000000086500000| Complete 
| 101|0x0000000086500000, 0x0000000086600000, 0x0000000086600000|100%| O|  |TAMS 0x0000000086600000, 0x0000000086600000| Untracked 
| 102|0x0000000086600000, 0x0000000086700000, 0x0000000086700000|100%| O|  |TAMS 0x0000000086700000, 0x0000000086700000| Untracked 
| 103|0x0000000086700000, 0x0000000086800000, 0x0000000086800000|100%| O|  |TAMS 0x0000000086800000, 0x0000000086800000| Untracked 
| 104|0x0000000086800000, 0x0000000086900000, 0x0000000086900000|100%|HS|  |TAMS 0x0000000086900000, 0x0000000086900000| Complete 
| 105|0x0000000086900000, 0x0000000086a00000, 0x0000000086a00000|100%| O|  |TAMS 0x0000000086a00000, 0x0000000086a00000| Untracked 
| 106|0x0000000086a00000, 0x0000000086b00000, 0x0000000086b00000|100%| O|  |TAMS 0x0000000086b00000, 0x0000000086b00000| Untracked 
| 107|0x0000000086b00000, 0x0000000086c00000, 0x0000000086c00000|100%| O|  |TAMS 0x0000000086c00000, 0x0000000086c00000| Untracked 
| 108|0x0000000086c00000, 0x0000000086d00000, 0x0000000086d00000|100%| O|  |TAMS 0x0000000086d00000, 0x0000000086d00000| Untracked 
| 109|0x0000000086d00000, 0x0000000086e00000, 0x0000000086e00000|100%| O|  |TAMS 0x0000000086e00000, 0x0000000086e00000| Untracked 
| 110|0x0000000086e00000, 0x0000000086f00000, 0x0000000086f00000|100%| O|  |TAMS 0x0000000086f00000, 0x0000000086f00000| Untracked 
| 111|0x0000000086f00000, 0x0000000087000000, 0x0000000087000000|100%| O|  |TAMS 0x0000000087000000, 0x0000000087000000| Untracked 
| 112|0x0000000087000000, 0x0000000087100000, 0x0000000087100000|100%| O|  |TAMS 0x0000000087100000, 0x0000000087100000| Untracked 
| 113|0x0000000087100000, 0x0000000087200000, 0x0000000087200000|100%| O|  |TAMS 0x0000000087200000, 0x0000000087200000| Untracked 
| 114|0x0000000087200000, 0x0000000087300000, 0x0000000087300000|100%| O|  |TAMS 0x0000000087300000, 0x0000000087300000| Untracked 
| 115|0x0000000087300000, 0x0000000087400000, 0x0000000087400000|100%|HS|  |TAMS 0x0000000087400000, 0x0000000087400000| Complete 
| 116|0x0000000087400000, 0x0000000087500000, 0x0000000087500000|100%| O|  |TAMS 0x0000000087500000, 0x0000000087500000| Untracked 
| 117|0x0000000087500000, 0x0000000087600000, 0x0000000087600000|100%| O|  |TAMS 0x0000000087500000, 0x0000000087600000| Untracked 
| 118|0x0000000087600000, 0x0000000087700000, 0x0000000087700000|100%| O|  |TAMS 0x0000000087700000, 0x0000000087700000| Untracked 
| 119|0x0000000087700000, 0x0000000087800000, 0x0000000087800000|100%| O|  |TAMS 0x0000000087800000, 0x0000000087800000| Untracked 
| 120|0x0000000087800000, 0x0000000087900000, 0x0000000087900000|100%| O|  |TAMS 0x0000000087900000, 0x0000000087900000| Untracked 
| 121|0x0000000087900000, 0x0000000087a00000, 0x0000000087a00000|100%| O|  |TAMS 0x0000000087a00000, 0x0000000087a00000| Untracked 
| 122|0x0000000087a00000, 0x0000000087b00000, 0x0000000087b00000|100%| O|  |TAMS 0x0000000087b00000, 0x0000000087b00000| Untracked 
| 123|0x0000000087b00000, 0x0000000087c00000, 0x0000000087c00000|100%| O|  |TAMS 0x0000000087c00000, 0x0000000087c00000| Untracked 
| 124|0x0000000087c00000, 0x0000000087d00000, 0x0000000087d00000|100%|HS|  |TAMS 0x0000000087d00000, 0x0000000087d00000| Complete 
| 125|0x0000000087d00000, 0x0000000087e00000, 0x0000000087e00000|100%| O|  |TAMS 0x0000000087d00000, 0x0000000087e00000| Untracked 
| 126|0x0000000087e00000, 0x0000000087f00000, 0x0000000087f00000|100%| O|  |TAMS 0x0000000087f00000, 0x0000000087f00000| Untracked 
| 127|0x0000000087f00000, 0x0000000088000000, 0x0000000088000000|100%| O|  |TAMS 0x0000000088000000, 0x0000000088000000| Untracked 
| 128|0x0000000088000000, 0x0000000088100000, 0x0000000088100000|100%| O|  |TAMS 0x0000000088100000, 0x0000000088100000| Untracked 
| 129|0x0000000088100000, 0x0000000088200000, 0x0000000088200000|100%| O|  |TAMS 0x0000000088100000, 0x0000000088200000| Untracked 
| 130|0x0000000088200000, 0x0000000088300000, 0x0000000088300000|100%| O|  |TAMS 0x0000000088200000, 0x0000000088300000| Untracked 
| 131|0x0000000088300000, 0x0000000088400000, 0x0000000088400000|100%| O|  |TAMS 0x0000000088400000, 0x0000000088400000| Untracked 
| 132|0x0000000088400000, 0x0000000088500000, 0x0000000088500000|100%| O|  |TAMS 0x0000000088500000, 0x0000000088500000| Untracked 
| 133|0x0000000088500000, 0x0000000088600000, 0x0000000088600000|100%| O|  |TAMS 0x0000000088600000, 0x0000000088600000| Untracked 
| 134|0x0000000088600000, 0x0000000088700000, 0x0000000088700000|100%| O|  |TAMS 0x0000000088700000, 0x0000000088700000| Untracked 
| 135|0x0000000088700000, 0x0000000088800000, 0x0000000088800000|100%| O|  |TAMS 0x0000000088800000, 0x0000000088800000| Untracked 
| 136|0x0000000088800000, 0x0000000088900000, 0x0000000088900000|100%| O|  |TAMS 0x0000000088900000, 0x0000000088900000| Untracked 
| 137|0x0000000088900000, 0x0000000088a00000, 0x0000000088a00000|100%| O|  |TAMS 0x0000000088900000, 0x0000000088a00000| Untracked 
| 138|0x0000000088a00000, 0x0000000088b00000, 0x0000000088b00000|100%| O|  |TAMS 0x0000000088a00000, 0x0000000088b00000| Untracked 
| 139|0x0000000088b00000, 0x0000000088c00000, 0x0000000088c00000|100%| O|  |TAMS 0x0000000088c00000, 0x0000000088c00000| Untracked 
| 140|0x0000000088c00000, 0x0000000088d00000, 0x0000000088d00000|100%|HS|  |TAMS 0x0000000088d00000, 0x0000000088d00000| Complete 
| 141|0x0000000088d00000, 0x0000000088e00000, 0x0000000088e00000|100%|HC|  |TAMS 0x0000000088e00000, 0x0000000088e00000| Complete 
| 142|0x0000000088e00000, 0x0000000088f00000, 0x0000000088f00000|100%|HS|  |TAMS 0x0000000088f00000, 0x0000000088f00000| Complete 
| 143|0x0000000088f00000, 0x0000000089000000, 0x0000000089000000|100%| O|  |TAMS 0x0000000089000000, 0x0000000089000000| Untracked 
| 144|0x0000000089000000, 0x0000000089100000, 0x0000000089100000|100%| O|  |TAMS 0x0000000089100000, 0x0000000089100000| Untracked 
| 145|0x0000000089100000, 0x0000000089200000, 0x0000000089200000|100%| O|  |TAMS 0x0000000089100000, 0x0000000089200000| Untracked 
| 146|0x0000000089200000, 0x0000000089300000, 0x0000000089300000|100%| O|  |TAMS 0x0000000089300000, 0x0000000089300000| Untracked 
| 147|0x0000000089300000, 0x0000000089400000, 0x0000000089400000|100%| O|  |TAMS 0x0000000089400000, 0x0000000089400000| Untracked 
| 148|0x0000000089400000, 0x0000000089500000, 0x0000000089500000|100%| O|  |TAMS 0x0000000089500000, 0x0000000089500000| Untracked 
| 149|0x0000000089500000, 0x0000000089600000, 0x0000000089600000|100%| O|  |TAMS 0x0000000089500000, 0x0000000089600000| Untracked 
| 150|0x0000000089600000, 0x0000000089700000, 0x0000000089700000|100%| O|  |TAMS 0x0000000089700000, 0x0000000089700000| Untracked 
| 151|0x0000000089700000, 0x0000000089800000, 0x0000000089800000|100%| O|  |TAMS 0x0000000089800000, 0x0000000089800000| Untracked 
| 152|0x0000000089800000, 0x0000000089900000, 0x0000000089900000|100%| O|  |TAMS 0x0000000089900000, 0x0000000089900000| Untracked 
| 153|0x0000000089900000, 0x0000000089a00000, 0x0000000089a00000|100%| O|  |TAMS 0x0000000089a00000, 0x0000000089a00000| Untracked 
| 154|0x0000000089a00000, 0x0000000089b00000, 0x0000000089b00000|100%| O|  |TAMS 0x0000000089b00000, 0x0000000089b00000| Untracked 
| 155|0x0000000089b00000, 0x0000000089c00000, 0x0000000089c00000|100%| O|  |TAMS 0x0000000089c00000, 0x0000000089c00000| Untracked 
| 156|0x0000000089c00000, 0x0000000089d00000, 0x0000000089d00000|100%|HS|  |TAMS 0x0000000089d00000, 0x0000000089d00000| Complete 
| 157|0x0000000089d00000, 0x0000000089e00000, 0x0000000089e00000|100%|HC|  |TAMS 0x0000000089e00000, 0x0000000089e00000| Complete 
| 158|0x0000000089e00000, 0x0000000089f00000, 0x0000000089f00000|100%|HS|  |TAMS 0x0000000089f00000, 0x0000000089f00000| Complete 
| 159|0x0000000089f00000, 0x000000008a000000, 0x000000008a000000|100%|HC|  |TAMS 0x000000008a000000, 0x000000008a000000| Complete 
| 160|0x000000008a000000, 0x000000008a100000, 0x000000008a100000|100%| O|  |TAMS 0x000000008a100000, 0x000000008a100000| Untracked 
| 161|0x000000008a100000, 0x000000008a200000, 0x000000008a200000|100%| O|  |TAMS 0x000000008a200000, 0x000000008a200000| Untracked 
| 162|0x000000008a200000, 0x000000008a300000, 0x000000008a300000|100%| O|  |TAMS 0x000000008a300000, 0x000000008a300000| Untracked 
| 163|0x000000008a300000, 0x000000008a400000, 0x000000008a400000|100%|HS|  |TAMS 0x000000008a400000, 0x000000008a400000| Complete 
| 164|0x000000008a400000, 0x000000008a500000, 0x000000008a500000|100%|HC|  |TAMS 0x000000008a500000, 0x000000008a500000| Complete 
| 165|0x000000008a500000, 0x000000008a600000, 0x000000008a600000|100%|HC|  |TAMS 0x000000008a600000, 0x000000008a600000| Complete 
| 166|0x000000008a600000, 0x000000008a700000, 0x000000008a700000|100%| O|  |TAMS 0x000000008a700000, 0x000000008a700000| Untracked 
| 167|0x000000008a700000, 0x000000008a800000, 0x000000008a800000|100%|HS|  |TAMS 0x000000008a800000, 0x000000008a800000| Complete 
| 168|0x000000008a800000, 0x000000008a900000, 0x000000008a900000|100%|HS|  |TAMS 0x000000008a900000, 0x000000008a900000| Complete 
| 169|0x000000008a900000, 0x000000008aa00000, 0x000000008aa00000|100%|HS|  |TAMS 0x000000008aa00000, 0x000000008aa00000| Complete 
| 170|0x000000008aa00000, 0x000000008ab00000, 0x000000008ab00000|100%|HC|  |TAMS 0x000000008ab00000, 0x000000008ab00000| Complete 
| 171|0x000000008ab00000, 0x000000008ac00000, 0x000000008ac00000|100%|HS|  |TAMS 0x000000008ac00000, 0x000000008ac00000| Complete 
| 172|0x000000008ac00000, 0x000000008ad00000, 0x000000008ad00000|100%|HC|  |TAMS 0x000000008ad00000, 0x000000008ad00000| Complete 
| 173|0x000000008ad00000, 0x000000008ae00000, 0x000000008ae00000|100%|HC|  |TAMS 0x000000008ae00000, 0x000000008ae00000| Complete 
| 174|0x000000008ae00000, 0x000000008af00000, 0x000000008af00000|100%|HS|  |TAMS 0x000000008af00000, 0x000000008af00000| Complete 
| 175|0x000000008af00000, 0x000000008b000000, 0x000000008b000000|100%|HC|  |TAMS 0x000000008b000000, 0x000000008b000000| Complete 
| 176|0x000000008b000000, 0x000000008b100000, 0x000000008b100000|100%|HC|  |TAMS 0x000000008b100000, 0x000000008b100000| Complete 
| 177|0x000000008b100000, 0x000000008b200000, 0x000000008b200000|100%|HC|  |TAMS 0x000000008b200000, 0x000000008b200000| Complete 
| 178|0x000000008b200000, 0x000000008b300000, 0x000000008b300000|100%|HC|  |TAMS 0x000000008b300000, 0x000000008b300000| Complete 
| 179|0x000000008b300000, 0x000000008b400000, 0x000000008b400000|100%|HS|  |TAMS 0x000000008b400000, 0x000000008b400000| Complete 
| 180|0x000000008b400000, 0x000000008b500000, 0x000000008b500000|100%|HC|  |TAMS 0x000000008b500000, 0x000000008b500000| Complete 
| 181|0x000000008b500000, 0x000000008b600000, 0x000000008b600000|100%|HC|  |TAMS 0x000000008b600000, 0x000000008b600000| Complete 
| 182|0x000000008b600000, 0x000000008b700000, 0x000000008b700000|100%|HC|  |TAMS 0x000000008b700000, 0x000000008b700000| Complete 
| 183|0x000000008b700000, 0x000000008b800000, 0x000000008b800000|100%|HC|  |TAMS 0x000000008b800000, 0x000000008b800000| Complete 
| 184|0x000000008b800000, 0x000000008b900000, 0x000000008b900000|100%|HS|  |TAMS 0x000000008b900000, 0x000000008b900000| Complete 
| 185|0x000000008b900000, 0x000000008ba00000, 0x000000008ba00000|100%|HC|  |TAMS 0x000000008ba00000, 0x000000008ba00000| Complete 
| 186|0x000000008ba00000, 0x000000008bb00000, 0x000000008bb00000|100%|HC|  |TAMS 0x000000008bb00000, 0x000000008bb00000| Complete 
| 187|0x000000008bb00000, 0x000000008bc00000, 0x000000008bc00000|100%|HS|  |TAMS 0x000000008bc00000, 0x000000008bc00000| Complete 
| 188|0x000000008bc00000, 0x000000008bd00000, 0x000000008bd00000|100%|HC|  |TAMS 0x000000008bd00000, 0x000000008bd00000| Complete 
| 189|0x000000008bd00000, 0x000000008be00000, 0x000000008be00000|100%|HC|  |TAMS 0x000000008be00000, 0x000000008be00000| Complete 
| 190|0x000000008be00000, 0x000000008bf00000, 0x000000008bf00000|100%|HS|  |TAMS 0x000000008bf00000, 0x000000008bf00000| Complete 
| 191|0x000000008bf00000, 0x000000008c000000, 0x000000008c000000|100%| O|  |TAMS 0x000000008c000000, 0x000000008c000000| Untracked 
| 192|0x000000008c000000, 0x000000008c100000, 0x000000008c100000|100%| O|  |TAMS 0x000000008c100000, 0x000000008c100000| Untracked 
| 193|0x000000008c100000, 0x000000008c200000, 0x000000008c200000|100%|HS|  |TAMS 0x000000008c200000, 0x000000008c200000| Complete 
| 194|0x000000008c200000, 0x000000008c300000, 0x000000008c300000|100%|HC|  |TAMS 0x000000008c300000, 0x000000008c300000| Complete 
| 195|0x000000008c300000, 0x000000008c400000, 0x000000008c400000|100%| O|  |TAMS 0x000000008c400000, 0x000000008c400000| Untracked 
| 196|0x000000008c400000, 0x000000008c500000, 0x000000008c500000|100%| O|  |TAMS 0x000000008c500000, 0x000000008c500000| Untracked 
| 197|0x000000008c500000, 0x000000008c600000, 0x000000008c600000|100%|HS|  |TAMS 0x000000008c600000, 0x000000008c600000| Complete 
| 198|0x000000008c600000, 0x000000008c700000, 0x000000008c700000|100%|HC|  |TAMS 0x000000008c700000, 0x000000008c700000| Complete 
| 199|0x000000008c700000, 0x000000008c800000, 0x000000008c800000|100%| O|  |TAMS 0x000000008c800000, 0x000000008c800000| Untracked 
| 200|0x000000008c800000, 0x000000008c900000, 0x000000008c900000|100%|HS|  |TAMS 0x000000008c900000, 0x000000008c900000| Complete 
| 201|0x000000008c900000, 0x000000008ca00000, 0x000000008ca00000|100%| O|  |TAMS 0x000000008ca00000, 0x000000008ca00000| Untracked 
| 202|0x000000008ca00000, 0x000000008cb00000, 0x000000008cb00000|100%|HS|  |TAMS 0x000000008cb00000, 0x000000008cb00000| Complete 
| 203|0x000000008cb00000, 0x000000008cc00000, 0x000000008cc00000|100%| O|  |TAMS 0x000000008cc00000, 0x000000008cc00000| Untracked 
| 204|0x000000008cc00000, 0x000000008cd00000, 0x000000008cd00000|100%|HS|  |TAMS 0x000000008cd00000, 0x000000008cd00000| Complete 
| 205|0x000000008cd00000, 0x000000008ce00000, 0x000000008ce00000|100%| O|  |TAMS 0x000000008ce00000, 0x000000008ce00000| Untracked 
| 206|0x000000008ce00000, 0x000000008cf00000, 0x000000008cf00000|100%|HS|  |TAMS 0x000000008cf00000, 0x000000008cf00000| Complete 
| 207|0x000000008cf00000, 0x000000008d000000, 0x000000008d000000|100%| O|  |TAMS 0x000000008d000000, 0x000000008d000000| Untracked 
| 208|0x000000008d000000, 0x000000008d100000, 0x000000008d100000|100%| O|  |TAMS 0x000000008d100000, 0x000000008d100000| Untracked 
| 209|0x000000008d100000, 0x000000008d200000, 0x000000008d200000|100%|HS|  |TAMS 0x000000008d200000, 0x000000008d200000| Complete 
| 210|0x000000008d200000, 0x000000008d300000, 0x000000008d300000|100%|HC|  |TAMS 0x000000008d300000, 0x000000008d300000| Complete 
| 211|0x000000008d300000, 0x000000008d400000, 0x000000008d400000|100%| O|  |TAMS 0x000000008d400000, 0x000000008d400000| Untracked 
| 212|0x000000008d400000, 0x000000008d500000, 0x000000008d500000|100%|HS|  |TAMS 0x000000008d500000, 0x000000008d500000| Complete 
| 213|0x000000008d500000, 0x000000008d600000, 0x000000008d600000|100%| O|  |TAMS 0x000000008d600000, 0x000000008d600000| Untracked 
| 214|0x000000008d600000, 0x000000008d700000, 0x000000008d700000|100%| O|  |TAMS 0x000000008d700000, 0x000000008d700000| Untracked 
| 215|0x000000008d700000, 0x000000008d800000, 0x000000008d800000|100%| O|  |TAMS 0x000000008d800000, 0x000000008d800000| Untracked 
| 216|0x000000008d800000, 0x000000008d900000, 0x000000008d900000|100%|HS|  |TAMS 0x000000008d900000, 0x000000008d900000| Complete 
| 217|0x000000008d900000, 0x000000008da00000, 0x000000008da00000|100%|HC|  |TAMS 0x000000008da00000, 0x000000008da00000| Complete 
| 218|0x000000008da00000, 0x000000008db00000, 0x000000008db00000|100%|HC|  |TAMS 0x000000008db00000, 0x000000008db00000| Complete 
| 219|0x000000008db00000, 0x000000008dc00000, 0x000000008dc00000|100%| O|  |TAMS 0x000000008dc00000, 0x000000008dc00000| Untracked 
| 220|0x000000008dc00000, 0x000000008dd00000, 0x000000008dd00000|100%|HS|  |TAMS 0x000000008dd00000, 0x000000008dd00000| Complete 
| 221|0x000000008dd00000, 0x000000008de00000, 0x000000008de00000|100%| O|  |TAMS 0x000000008de00000, 0x000000008de00000| Untracked 
| 222|0x000000008de00000, 0x000000008df00000, 0x000000008df00000|100%|HS|  |TAMS 0x000000008df00000, 0x000000008df00000| Complete 
| 223|0x000000008df00000, 0x000000008e000000, 0x000000008e000000|100%| O|  |TAMS 0x000000008e000000, 0x000000008e000000| Untracked 
| 224|0x000000008e000000, 0x000000008e100000, 0x000000008e100000|100%| O|  |TAMS 0x000000008e100000, 0x000000008e100000| Untracked 
| 225|0x000000008e100000, 0x000000008e200000, 0x000000008e200000|100%| O|  |TAMS 0x000000008e200000, 0x000000008e200000| Untracked 
| 226|0x000000008e200000, 0x000000008e300000, 0x000000008e300000|100%|HS|  |TAMS 0x000000008e300000, 0x000000008e300000| Complete 
| 227|0x000000008e300000, 0x000000008e400000, 0x000000008e400000|100%|HC|  |TAMS 0x000000008e400000, 0x000000008e400000| Complete 
| 228|0x000000008e400000, 0x000000008e500000, 0x000000008e500000|100%|HC|  |TAMS 0x000000008e500000, 0x000000008e500000| Complete 
| 229|0x000000008e500000, 0x000000008e600000, 0x000000008e600000|100%| O|  |TAMS 0x000000008e600000, 0x000000008e600000| Untracked 
| 230|0x000000008e600000, 0x000000008e700000, 0x000000008e700000|100%|HS|  |TAMS 0x000000008e700000, 0x000000008e700000| Complete 
| 231|0x000000008e700000, 0x000000008e800000, 0x000000008e800000|100%|HS|  |TAMS 0x000000008e800000, 0x000000008e800000| Complete 
| 232|0x000000008e800000, 0x000000008e900000, 0x000000008e900000|100%|HS|  |TAMS 0x000000008e900000, 0x000000008e900000| Complete 
| 233|0x000000008e900000, 0x000000008ea00000, 0x000000008ea00000|100%| O|  |TAMS 0x000000008ea00000, 0x000000008ea00000| Untracked 
| 234|0x000000008ea00000, 0x000000008eb00000, 0x000000008eb00000|100%| O|  |TAMS 0x000000008eb00000, 0x000000008eb00000| Untracked 
| 235|0x000000008eb00000, 0x000000008ec00000, 0x000000008ec00000|100%| O|  |TAMS 0x000000008ec00000, 0x000000008ec00000| Untracked 
| 236|0x000000008ec00000, 0x000000008ed00000, 0x000000008ed00000|100%| O|  |TAMS 0x000000008ed00000, 0x000000008ed00000| Untracked 
| 237|0x000000008ed00000, 0x000000008ee00000, 0x000000008ee00000|100%| O|  |TAMS 0x000000008ed00000, 0x000000008ee00000| Untracked 
| 238|0x000000008ee00000, 0x000000008ef00000, 0x000000008ef00000|100%| O|  |TAMS 0x000000008ee00000, 0x000000008ef00000| Untracked 
| 239|0x000000008ef00000, 0x000000008f000000, 0x000000008f000000|100%| O|  |TAMS 0x000000008ef00000, 0x000000008f000000| Untracked 
| 240|0x000000008f000000, 0x000000008f100000, 0x000000008f100000|100%| O|  |TAMS 0x000000008f000000, 0x000000008f100000| Untracked 
| 241|0x000000008f100000, 0x000000008f200000, 0x000000008f200000|100%| O|  |TAMS 0x000000008f100000, 0x000000008f200000| Untracked 
| 242|0x000000008f200000, 0x000000008f300000, 0x000000008f300000|100%| O|  |TAMS 0x000000008f200000, 0x000000008f300000| Untracked 
| 243|0x000000008f300000, 0x000000008f400000, 0x000000008f400000|100%| O|  |TAMS 0x000000008f300000, 0x000000008f400000| Untracked 
| 244|0x000000008f400000, 0x000000008f500000, 0x000000008f500000|100%| O|  |TAMS 0x000000008f400000, 0x000000008f500000| Untracked 
| 245|0x000000008f500000, 0x000000008f600000, 0x000000008f600000|100%| O|  |TAMS 0x000000008f500000, 0x000000008f600000| Untracked 
| 246|0x000000008f600000, 0x000000008f700000, 0x000000008f700000|100%| O|  |TAMS 0x000000008f600000, 0x000000008f700000| Untracked 
| 247|0x000000008f700000, 0x000000008f800000, 0x000000008f800000|100%| O|  |TAMS 0x000000008f700000, 0x000000008f800000| Untracked 
| 248|0x000000008f800000, 0x000000008f900000, 0x000000008f900000|100%| O|  |TAMS 0x000000008f800000, 0x000000008f900000| Untracked 
| 249|0x000000008f900000, 0x000000008fa00000, 0x000000008fa00000|100%| O|  |TAMS 0x000000008f900000, 0x000000008fa00000| Untracked 
| 250|0x000000008fa00000, 0x000000008fb00000, 0x000000008fb00000|100%| O|  |TAMS 0x000000008fa00000, 0x000000008fb00000| Untracked 
| 251|0x000000008fb00000, 0x000000008fc00000, 0x000000008fc00000|100%| O|  |TAMS 0x000000008fb00000, 0x000000008fc00000| Untracked 
| 252|0x000000008fc00000, 0x000000008fd00000, 0x000000008fd00000|100%| O|  |TAMS 0x000000008fc00000, 0x000000008fd00000| Untracked 
| 253|0x000000008fd00000, 0x000000008fe00000, 0x000000008fe00000|100%| O|  |TAMS 0x000000008fd00000, 0x000000008fe00000| Untracked 
| 254|0x000000008fe00000, 0x000000008ff00000, 0x000000008ff00000|100%| O|  |TAMS 0x000000008fe00000, 0x000000008ff00000| Untracked 
| 255|0x000000008ff00000, 0x0000000090000000, 0x0000000090000000|100%| O|  |TAMS 0x000000008ff00000, 0x0000000090000000| Untracked 
| 256|0x0000000090000000, 0x0000000090100000, 0x0000000090100000|100%| O|  |TAMS 0x0000000090000000, 0x0000000090100000| Untracked 
| 257|0x0000000090100000, 0x0000000090200000, 0x0000000090200000|100%| O|  |TAMS 0x0000000090100000, 0x0000000090200000| Untracked 
| 258|0x0000000090200000, 0x0000000090300000, 0x0000000090300000|100%| O|  |TAMS 0x0000000090200000, 0x0000000090300000| Untracked 
| 259|0x0000000090300000, 0x0000000090400000, 0x0000000090400000|100%| O|  |TAMS 0x0000000090300000, 0x0000000090400000| Untracked 
| 260|0x0000000090400000, 0x0000000090500000, 0x0000000090500000|100%| O|  |TAMS 0x0000000090400000, 0x0000000090500000| Untracked 
| 261|0x0000000090500000, 0x0000000090600000, 0x0000000090600000|100%| O|  |TAMS 0x0000000090500000, 0x0000000090600000| Untracked 
| 262|0x0000000090600000, 0x0000000090700000, 0x0000000090700000|100%| O|  |TAMS 0x0000000090600000, 0x0000000090700000| Untracked 
| 263|0x0000000090700000, 0x0000000090800000, 0x0000000090800000|100%| O|  |TAMS 0x0000000090700000, 0x0000000090800000| Untracked 
| 264|0x0000000090800000, 0x0000000090900000, 0x0000000090900000|100%| O|  |TAMS 0x0000000090800000, 0x0000000090900000| Untracked 
| 265|0x0000000090900000, 0x0000000090a00000, 0x0000000090a00000|100%| O|  |TAMS 0x0000000090900000, 0x0000000090a00000| Untracked 
| 266|0x0000000090a00000, 0x0000000090b00000, 0x0000000090b00000|100%| O|  |TAMS 0x0000000090a00000, 0x0000000090b00000| Untracked 
| 267|0x0000000090b00000, 0x0000000090c00000, 0x0000000090c00000|100%| O|  |TAMS 0x0000000090b00000, 0x0000000090c00000| Untracked 
| 268|0x0000000090c00000, 0x0000000090d00000, 0x0000000090d00000|100%| O|  |TAMS 0x0000000090c00000, 0x0000000090d00000| Untracked 
| 269|0x0000000090d00000, 0x0000000090e00000, 0x0000000090e00000|100%| O|  |TAMS 0x0000000090d00000, 0x0000000090e00000| Untracked 
| 270|0x0000000090e00000, 0x0000000090f00000, 0x0000000090f00000|100%| O|  |TAMS 0x0000000090e00000, 0x0000000090f00000| Untracked 
| 271|0x0000000090f00000, 0x0000000091000000, 0x0000000091000000|100%| O|  |TAMS 0x0000000090f00000, 0x0000000091000000| Untracked 
| 272|0x0000000091000000, 0x0000000091100000, 0x0000000091100000|100%| O|  |TAMS 0x0000000091000000, 0x0000000091100000| Untracked 
| 273|0x0000000091100000, 0x0000000091200000, 0x0000000091200000|100%| O|  |TAMS 0x0000000091100000, 0x0000000091200000| Untracked 
| 274|0x0000000091200000, 0x0000000091300000, 0x0000000091300000|100%| O|  |TAMS 0x0000000091200000, 0x0000000091300000| Untracked 
| 275|0x0000000091300000, 0x0000000091400000, 0x0000000091400000|100%| O|  |TAMS 0x0000000091300000, 0x0000000091400000| Untracked 
| 276|0x0000000091400000, 0x0000000091500000, 0x0000000091500000|100%| O|  |TAMS 0x0000000091400000, 0x0000000091500000| Untracked 
| 277|0x0000000091500000, 0x0000000091600000, 0x0000000091600000|100%| O|  |TAMS 0x0000000091500000, 0x0000000091600000| Untracked 
| 278|0x0000000091600000, 0x0000000091700000, 0x0000000091700000|100%| O|  |TAMS 0x0000000091600000, 0x0000000091700000| Untracked 
| 279|0x0000000091700000, 0x0000000091800000, 0x0000000091800000|100%| O|  |TAMS 0x0000000091700000, 0x0000000091800000| Untracked 
| 280|0x0000000091800000, 0x0000000091900000, 0x0000000091900000|100%| O|  |TAMS 0x0000000091800000, 0x0000000091900000| Untracked 
| 281|0x0000000091900000, 0x0000000091a00000, 0x0000000091a00000|100%| O|  |TAMS 0x0000000091900000, 0x0000000091a00000| Untracked 
| 282|0x0000000091a00000, 0x0000000091b00000, 0x0000000091b00000|100%| O|  |TAMS 0x0000000091a00000, 0x0000000091b00000| Untracked 
| 283|0x0000000091b00000, 0x0000000091c00000, 0x0000000091c00000|100%| O|  |TAMS 0x0000000091b00000, 0x0000000091c00000| Untracked 
| 284|0x0000000091c00000, 0x0000000091d00000, 0x0000000091d00000|100%| O|  |TAMS 0x0000000091c00000, 0x0000000091d00000| Untracked 
| 285|0x0000000091d00000, 0x0000000091e00000, 0x0000000091e00000|100%| O|  |TAMS 0x0000000091d00000, 0x0000000091e00000| Untracked 
| 286|0x0000000091e00000, 0x0000000091f00000, 0x0000000091f00000|100%| O|  |TAMS 0x0000000091e00000, 0x0000000091f00000| Untracked 
| 287|0x0000000091f00000, 0x0000000092000000, 0x0000000092000000|100%| O|  |TAMS 0x0000000091f00000, 0x0000000092000000| Untracked 
| 288|0x0000000092000000, 0x0000000092100000, 0x0000000092100000|100%| O|  |TAMS 0x0000000092000000, 0x00000000920a0600| Untracked 
| 289|0x0000000092100000, 0x0000000092200000, 0x0000000092200000|100%| O|  |TAMS 0x0000000092100000, 0x0000000092100000| Untracked 
| 290|0x0000000092200000, 0x0000000092300000, 0x0000000092300000|100%| O|  |TAMS 0x0000000092200000, 0x0000000092200000| Untracked 
| 291|0x0000000092300000, 0x0000000092400000, 0x0000000092400000|100%| O|  |TAMS 0x0000000092300000, 0x0000000092300000| Untracked 
| 292|0x0000000092400000, 0x0000000092500000, 0x0000000092500000|100%| O|  |TAMS 0x0000000092400000, 0x0000000092400000| Untracked 
| 293|0x0000000092500000, 0x0000000092600000, 0x0000000092600000|100%| O|  |TAMS 0x0000000092500000, 0x0000000092500000| Untracked 
| 294|0x0000000092600000, 0x0000000092700000, 0x0000000092700000|100%| O|  |TAMS 0x0000000092600000, 0x0000000092600000| Untracked 
| 295|0x0000000092700000, 0x0000000092800000, 0x0000000092800000|100%| O|  |TAMS 0x0000000092700000, 0x0000000092700000| Untracked 
| 296|0x0000000092800000, 0x0000000092900000, 0x0000000092900000|100%| O|  |TAMS 0x0000000092800000, 0x0000000092800000| Untracked 
| 297|0x0000000092900000, 0x0000000092a00000, 0x0000000092a00000|100%| O|  |TAMS 0x0000000092900000, 0x0000000092900000| Untracked 
| 298|0x0000000092a00000, 0x0000000092b00000, 0x0000000092b00000|100%| O|  |TAMS 0x0000000092a00000, 0x0000000092a00000| Untracked 
| 299|0x0000000092b00000, 0x0000000092c00000, 0x0000000092c00000|100%| O|  |TAMS 0x0000000092b00000, 0x0000000092b00000| Untracked 
| 300|0x0000000092c00000, 0x0000000092d00000, 0x0000000092d00000|100%| O|  |TAMS 0x0000000092c00000, 0x0000000092c00000| Untracked 
| 301|0x0000000092d00000, 0x0000000092e00000, 0x0000000092e00000|100%| O|  |TAMS 0x0000000092d00000, 0x0000000092d00000| Untracked 
| 302|0x0000000092e00000, 0x0000000092f00000, 0x0000000092f00000|100%| O|  |TAMS 0x0000000092e00000, 0x0000000092e00000| Untracked 
| 303|0x0000000092f00000, 0x0000000093000000, 0x0000000093000000|100%| O|  |TAMS 0x0000000092f00000, 0x0000000092f00000| Untracked 
| 304|0x0000000093000000, 0x00000000930b4e00, 0x0000000093100000| 70%| O|  |TAMS 0x0000000093000000, 0x0000000093000000| Untracked 
| 305|0x0000000093100000, 0x0000000093100000, 0x0000000093200000|  0%| F|  |TAMS 0x0000000093100000, 0x0000000093100000| Untracked 
| 306|0x0000000093200000, 0x0000000093300000, 0x0000000093300000|100%| S|CS|TAMS 0x0000000093200000, 0x0000000093200000| Complete 
| 307|0x0000000093300000, 0x0000000093400000, 0x0000000093400000|100%| S|CS|TAMS 0x0000000093300000, 0x0000000093300000| Complete 
| 308|0x0000000093400000, 0x0000000093500000, 0x0000000093500000|100%| S|CS|TAMS 0x0000000093400000, 0x0000000093400000| Complete 
| 309|0x0000000093500000, 0x0000000093500000, 0x0000000093600000|  0%| F|  |TAMS 0x0000000093500000, 0x0000000093500000| Untracked 
| 310|0x0000000093600000, 0x0000000093600000, 0x0000000093700000|  0%| F|  |TAMS 0x0000000093600000, 0x0000000093600000| Untracked 
| 311|0x0000000093700000, 0x0000000093700000, 0x0000000093800000|  0%| F|  |TAMS 0x0000000093700000, 0x0000000093700000| Untracked 
| 312|0x0000000093800000, 0x0000000093800000, 0x0000000093900000|  0%| F|  |TAMS 0x0000000093800000, 0x0000000093800000| Untracked 
| 313|0x0000000093900000, 0x0000000093900000, 0x0000000093a00000|  0%| F|  |TAMS 0x0000000093900000, 0x0000000093900000| Untracked 
| 314|0x0000000093a00000, 0x0000000093a00000, 0x0000000093b00000|  0%| F|  |TAMS 0x0000000093a00000, 0x0000000093a00000| Untracked 
| 315|0x0000000093b00000, 0x0000000093b00000, 0x0000000093c00000|  0%| F|  |TAMS 0x0000000093b00000, 0x0000000093b00000| Untracked 
| 316|0x0000000093c00000, 0x0000000093c00000, 0x0000000093d00000|  0%| F|  |TAMS 0x0000000093c00000, 0x0000000093c00000| Untracked 
| 317|0x0000000093d00000, 0x0000000093d00000, 0x0000000093e00000|  0%| F|  |TAMS 0x0000000093d00000, 0x0000000093d00000| Untracked 
| 318|0x0000000093e00000, 0x0000000093e00000, 0x0000000093f00000|  0%| F|  |TAMS 0x0000000093e00000, 0x0000000093e00000| Untracked 
| 319|0x0000000093f00000, 0x0000000093f00000, 0x0000000094000000|  0%| F|  |TAMS 0x0000000093f00000, 0x0000000093f00000| Untracked 
| 320|0x0000000094000000, 0x0000000094000000, 0x0000000094100000|  0%| F|  |TAMS 0x0000000094000000, 0x0000000094000000| Untracked 
| 321|0x0000000094100000, 0x0000000094100000, 0x0000000094200000|  0%| F|  |TAMS 0x0000000094100000, 0x0000000094100000| Untracked 
| 322|0x0000000094200000, 0x0000000094200000, 0x0000000094300000|  0%| F|  |TAMS 0x0000000094200000, 0x0000000094200000| Untracked 
| 323|0x0000000094300000, 0x0000000094300000, 0x0000000094400000|  0%| F|  |TAMS 0x0000000094300000, 0x0000000094300000| Untracked 
| 324|0x0000000094400000, 0x0000000094400000, 0x0000000094500000|  0%| F|  |TAMS 0x0000000094400000, 0x0000000094400000| Untracked 
| 325|0x0000000094500000, 0x0000000094500000, 0x0000000094600000|  0%| F|  |TAMS 0x0000000094500000, 0x0000000094500000| Untracked 
| 326|0x0000000094600000, 0x0000000094700000, 0x0000000094700000|100%| O|  |TAMS 0x0000000094700000, 0x0000000094700000| Untracked 
| 327|0x0000000094700000, 0x0000000094800000, 0x0000000094800000|100%| O|  |TAMS 0x0000000094800000, 0x0000000094800000| Untracked 
| 328|0x0000000094800000, 0x0000000094900000, 0x0000000094900000|100%| O|  |TAMS 0x0000000094900000, 0x0000000094900000| Untracked 
| 329|0x0000000094900000, 0x0000000094a00000, 0x0000000094a00000|100%| O|  |TAMS 0x0000000094a00000, 0x0000000094a00000| Untracked 
| 330|0x0000000094a00000, 0x0000000094b00000, 0x0000000094b00000|100%| O|  |TAMS 0x0000000094b00000, 0x0000000094b00000| Untracked 
| 331|0x0000000094b00000, 0x0000000094c00000, 0x0000000094c00000|100%| O|  |TAMS 0x0000000094c00000, 0x0000000094c00000| Untracked 
| 332|0x0000000094c00000, 0x0000000094d00000, 0x0000000094d00000|100%| O|  |TAMS 0x0000000094d00000, 0x0000000094d00000| Untracked 
| 333|0x0000000094d00000, 0x0000000094e00000, 0x0000000094e00000|100%| O|  |TAMS 0x0000000094e00000, 0x0000000094e00000| Untracked 
| 334|0x0000000094e00000, 0x0000000094f00000, 0x0000000094f00000|100%| O|  |TAMS 0x0000000094f00000, 0x0000000094f00000| Untracked 
| 335|0x0000000094f00000, 0x0000000095000000, 0x0000000095000000|100%| O|  |TAMS 0x0000000095000000, 0x0000000095000000| Untracked 
| 336|0x0000000095000000, 0x0000000095100000, 0x0000000095100000|100%| O|  |TAMS 0x0000000095100000, 0x0000000095100000| Untracked 
| 337|0x0000000095100000, 0x0000000095200000, 0x0000000095200000|100%| O|  |TAMS 0x0000000095200000, 0x0000000095200000| Untracked 
| 338|0x0000000095200000, 0x0000000095300000, 0x0000000095300000|100%| O|  |TAMS 0x0000000095300000, 0x0000000095300000| Untracked 
| 339|0x0000000095300000, 0x0000000095400000, 0x0000000095400000|100%| O|  |TAMS 0x0000000095400000, 0x0000000095400000| Untracked 
| 340|0x0000000095400000, 0x0000000095500000, 0x0000000095500000|100%| O|  |TAMS 0x0000000095500000, 0x0000000095500000| Untracked 
| 341|0x0000000095500000, 0x0000000095600000, 0x0000000095600000|100%| O|  |TAMS 0x0000000095600000, 0x0000000095600000| Untracked 
| 342|0x0000000095600000, 0x0000000095700000, 0x0000000095700000|100%| O|  |TAMS 0x0000000095700000, 0x0000000095700000| Untracked 
| 343|0x0000000095700000, 0x0000000095800000, 0x0000000095800000|100%| O|  |TAMS 0x0000000095800000, 0x0000000095800000| Untracked 
| 344|0x0000000095800000, 0x0000000095900000, 0x0000000095900000|100%| O|  |TAMS 0x0000000095900000, 0x0000000095900000| Untracked 
| 345|0x0000000095900000, 0x0000000095a00000, 0x0000000095a00000|100%| O|  |TAMS 0x0000000095a00000, 0x0000000095a00000| Untracked 
| 346|0x0000000095a00000, 0x0000000095b00000, 0x0000000095b00000|100%| O|  |TAMS 0x0000000095b00000, 0x0000000095b00000| Untracked 
| 347|0x0000000095b00000, 0x0000000095c00000, 0x0000000095c00000|100%| O|  |TAMS 0x0000000095c00000, 0x0000000095c00000| Untracked 
| 348|0x0000000095c00000, 0x0000000095d00000, 0x0000000095d00000|100%| O|  |TAMS 0x0000000095d00000, 0x0000000095d00000| Untracked 
| 349|0x0000000095d00000, 0x0000000095e00000, 0x0000000095e00000|100%| O|  |TAMS 0x0000000095e00000, 0x0000000095e00000| Untracked 
| 350|0x0000000095e00000, 0x0000000095f00000, 0x0000000095f00000|100%| O|  |TAMS 0x0000000095f00000, 0x0000000095f00000| Untracked 
| 351|0x0000000095f00000, 0x0000000096000000, 0x0000000096000000|100%| O|  |TAMS 0x0000000096000000, 0x0000000096000000| Untracked 
| 352|0x0000000096000000, 0x0000000096100000, 0x0000000096100000|100%| O|  |TAMS 0x0000000096100000, 0x0000000096100000| Untracked 
| 353|0x0000000096100000, 0x0000000096200000, 0x0000000096200000|100%| O|  |TAMS 0x0000000096200000, 0x0000000096200000| Untracked 
| 354|0x0000000096200000, 0x0000000096300000, 0x0000000096300000|100%| O|  |TAMS 0x0000000096300000, 0x0000000096300000| Untracked 

Card table byte_map: [0x000001cefd6d0000,0x000001cefdad0000] _byte_map_base: 0x000001cefd2d0000

Marking Bits (Prev, Next): (CMBitMap*) 0x000001cef8d6f968, (CMBitMap*) 0x000001cef8d6f9a0
 Prev Bits: [0x000001cefded0000, 0x000001ceffed0000)
 Next Bits: [0x000001ce8f000000, 0x000001ce91000000)

Polling page: 0x000001cefc820000

Metaspace:

Usage:
  Non-class:    132.09 MB capacity,   128.92 MB ( 98%) used,     2.60 MB (  2%) free+waste,   582.88 KB ( <1%) overhead. 
      Class:     20.35 MB capacity,    18.51 MB ( 91%) used,     1.58 MB (  8%) free+waste,   257.94 KB (  1%) overhead. 
       Both:    152.44 MB capacity,   147.44 MB ( 97%) used,     4.18 MB (  3%) free+waste,   840.81 KB ( <1%) overhead. 

Virtual space:
  Non-class space:      134.00 MB reserved,     132.25 MB ( 99%) committed 
      Class space:        1.00 GB reserved,      20.45 MB (  2%) committed 
             Both:        1.13 GB reserved,     152.70 MB ( 13%) committed 

Chunk freelists:
   Non-Class:  164.00 KB
       Class:  90.00 KB
        Both:  254.00 KB

MaxMetaspaceSize: 17179869184.00 GB
CompressedClassSpaceSize: 1.00 GB

CodeHeap 'non-profiled nmethods': size=120000Kb used=23066Kb max_used=23203Kb free=96933Kb
 bounds [0x000001ce87ad0000, 0x000001ce89190000, 0x000001ce8f000000]
CodeHeap 'profiled nmethods': size=120000Kb used=53953Kb max_used=56258Kb free=66046Kb
 bounds [0x000001ce805a0000, 0x000001ce83d10000, 0x000001ce87ad0000]
CodeHeap 'non-nmethods': size=5760Kb used=2434Kb max_used=2527Kb free=3325Kb
 bounds [0x000001ce80000000, 0x000001ce80280000, 0x000001ce805a0000]
 total_blobs=26705 nmethods=25624 adapters=989
 compilation: enabled
              stopped_count=0, restarted_count=0
 full_count=0

Compilation events (20 events):
Event: 2296.997 Thread 0x000001ce94367000 31512       2       com.android.tools.r8.code.t3::<init> (7 bytes)
Event: 2296.998 Thread 0x000001ce94367000 nmethod 31512 0x000001ce808e7e10 code [0x000001ce808e7fe0, 0x000001ce808e8218]
Event: 2296.998 Thread 0x000001ce94367000 31511       2       com.android.tools.r8.code.t::<init> (7 bytes)
Event: 2296.999 Thread 0x000001ce94367000 nmethod 31511 0x000001ce808e9b90 code [0x000001ce808e9d60, 0x000001ce808e9f28]
Event: 2297.039 Thread 0x000001ce94367000 31515       2       com.android.tools.r8.code.p0::<init> (7 bytes)
Event: 2297.040 Thread 0x000001ce94367000 nmethod 31515 0x000001ce808e9590 code [0x000001ce808e9760, 0x000001ce808e9998]
Event: 2297.087 Thread 0x000001ce94367000 31516       2       com.android.tools.r8.code.d::<init> (7 bytes)
Event: 2297.088 Thread 0x000001ce94367000 nmethod 31516 0x000001ce808f0210 code [0x000001ce808f03e0, 0x000001ce808f0618]
Event: 2297.098 Thread 0x000001ce94367000 31517       1       java.util.concurrent.ForkJoinTask$AdaptedRunnableAction::getRawResult (2 bytes)
Event: 2297.098 Thread 0x000001ce94367000 nmethod 31517 0x000001ce87e0a990 code [0x000001ce87e0ab40, 0x000001ce87e0abf8]
Event: 2297.167 Thread 0x000001ce94367000 31518       2       com.android.tools.r8.code.d0::hashCode (22 bytes)
Event: 2297.168 Thread 0x000001ce94367000 nmethod 31518 0x000001ce808b5a90 code [0x000001ce808b5c40, 0x000001ce808b5d88]
Event: 2297.171 Thread 0x000001ce94367000 31519       2       com.android.tools.r8.code.Z3::<init> (7 bytes)
Event: 2297.171 Thread 0x000001ce94367000 nmethod 31519 0x000001ce808db810 code [0x000001ce808db9c0, 0x000001ce808dbb18]
Event: 2297.181 Thread 0x000001ce94367000 31520       3       com.android.tools.r8.internal.qr::f (65 bytes)
Event: 2297.182 Thread 0x000001ce94367000 nmethod 31520 0x000001ce8094b990 code [0x000001ce8094bc20, 0x000001ce8094cac8]
Event: 2297.184 Thread 0x000001ce94367000 31521       2       com.android.tools.r8.code.i::<init> (7 bytes)
Event: 2297.184 Thread 0x000001ce94367000 nmethod 31521 0x000001ce808e9190 code [0x000001ce808e9340, 0x000001ce808e9498]
Event: 2297.198 Thread 0x000001ce94367000 31522       2       com.android.tools.r8.code.C3::hashCode (31 bytes)
Event: 2297.199 Thread 0x000001ce94367000 nmethod 31522 0x000001ce808efe10 code [0x000001ce808effe0, 0x000001ce808f0138]

GC Heap History (20 events):
Event: 2295.716 GC heap after
{Heap after GC invocations=95 (full 0):
 garbage-first heap   total 363520K, used 259879K [0x0000000080000000, 0x0000000100000000)
  region size 1024K, 12 young (12288K), 12 survivors (12288K)
 Metaspace       used 150835K, capacity 155968K, committed 156364K, reserved 1185792K
  class space    used 18958K, capacity 20838K, committed 20940K, reserved 1048576K
}
Event: 2295.742 GC heap before
{Heap before GC invocations=95 (full 0):
 garbage-first heap   total 363520K, used 263975K [0x0000000080000000, 0x0000000100000000)
  region size 1024K, 17 young (17408K), 12 survivors (12288K)
 Metaspace       used 150835K, capacity 155968K, committed 156364K, reserved 1185792K
  class space    used 18958K, capacity 20838K, committed 20940K, reserved 1048576K
}
Event: 2295.785 GC heap after
{Heap after GC invocations=96 (full 0):
 garbage-first heap   total 363520K, used 252133K [0x0000000080000000, 0x0000000100000000)
  region size 1024K, 3 young (3072K), 3 survivors (3072K)
 Metaspace       used 150835K, capacity 155968K, committed 156364K, reserved 1185792K
  class space    used 18958K, capacity 20838K, committed 20940K, reserved 1048576K
}
Event: 2295.830 GC heap before
{Heap before GC invocations=96 (full 0):
 garbage-first heap   total 363520K, used 262373K [0x0000000080000000, 0x0000000100000000)
  region size 1024K, 14 young (14336K), 3 survivors (3072K)
 Metaspace       used 150835K, capacity 155968K, committed 156364K, reserved 1185792K
  class space    used 18958K, capacity 20838K, committed 20940K, reserved 1048576K
}
Event: 2295.850 GC heap after
{Heap after GC invocations=97 (full 0):
 garbage-first heap   total 363520K, used 256236K [0x0000000080000000, 0x0000000100000000)
  region size 1024K, 7 young (7168K), 7 survivors (7168K)
 Metaspace       used 150835K, capacity 155968K, committed 156364K, reserved 1185792K
  class space    used 18958K, capacity 20838K, committed 20940K, reserved 1048576K
}
Event: 2296.186 GC heap before
{Heap before GC invocations=97 (full 0):
 garbage-first heap   total 363520K, used 306412K [0x0000000080000000, 0x0000000100000000)
  region size 1024K, 52 young (53248K), 7 survivors (7168K)
 Metaspace       used 150936K, capacity 156098K, committed 156364K, reserved 1185792K
  class space    used 18958K, capacity 20838K, committed 20940K, reserved 1048576K
}
Event: 2296.243 GC heap after
{Heap after GC invocations=98 (full 0):
 garbage-first heap   total 363520K, used 282257K [0x0000000080000000, 0x0000000100000000)
  region size 1024K, 7 young (7168K), 7 survivors (7168K)
 Metaspace       used 150936K, capacity 156098K, committed 156364K, reserved 1185792K
  class space    used 18958K, capacity 20838K, committed 20940K, reserved 1048576K
}
Event: 2296.503 GC heap before
{Heap before GC invocations=98 (full 0):
 garbage-first heap   total 363520K, used 304785K [0x0000000080000000, 0x0000000100000000)
  region size 1024K, 30 young (30720K), 7 survivors (7168K)
 Metaspace       used 150941K, capacity 156098K, committed 156364K, reserved 1185792K
  class space    used 18958K, capacity 20838K, committed 20940K, reserved 1048576K
}
Event: 2296.558 GC heap after
{Heap after GC invocations=99 (full 0):
 garbage-first heap   total 363520K, used 295936K [0x0000000080000000, 0x0000000100000000)
  region size 1024K, 4 young (4096K), 4 survivors (4096K)
 Metaspace       used 150941K, capacity 156098K, committed 156364K, reserved 1185792K
  class space    used 18958K, capacity 20838K, committed 20940K, reserved 1048576K
}
Event: 2296.634 GC heap before
{Heap before GC invocations=99 (full 0):
 garbage-first heap   total 363520K, used 310272K [0x0000000080000000, 0x0000000100000000)
  region size 1024K, 18 young (18432K), 4 survivors (4096K)
 Metaspace       used 150943K, capacity 156098K, committed 156364K, reserved 1185792K
  class space    used 18958K, capacity 20838K, committed 20940K, reserved 1048576K
}
Event: 2296.667 GC heap after
{Heap after GC invocations=100 (full 0):
 garbage-first heap   total 363520K, used 304893K [0x0000000080000000, 0x0000000100000000)
  region size 1024K, 3 young (3072K), 3 survivors (3072K)
 Metaspace       used 150943K, capacity 156098K, committed 156364K, reserved 1185792K
  class space    used 18958K, capacity 20838K, committed 20940K, reserved 1048576K
}
Event: 2296.807 GC heap before
{Heap before GC invocations=101 (full 0):
 garbage-first heap   total 363520K, used 319229K [0x0000000080000000, 0x0000000100000000)
  region size 1024K, 17 young (17408K), 3 survivors (3072K)
 Metaspace       used 150945K, capacity 156098K, committed 156364K, reserved 1185792K
  class space    used 18958K, capacity 20838K, committed 20940K, reserved 1048576K
}
Event: 2296.828 GC heap after
{Heap after GC invocations=102 (full 0):
 garbage-first heap   total 363520K, used 313311K [0x0000000080000000, 0x0000000100000000)
  region size 1024K, 3 young (3072K), 3 survivors (3072K)
 Metaspace       used 150945K, capacity 156098K, committed 156364K, reserved 1185792K
  class space    used 18958K, capacity 20838K, committed 20940K, reserved 1048576K
}
Event: 2296.898 GC heap before
{Heap before GC invocations=102 (full 0):
 garbage-first heap   total 363520K, used 327647K [0x0000000080000000, 0x0000000100000000)
  region size 1024K, 17 young (17408K), 3 survivors (3072K)
 Metaspace       used 150945K, capacity 156098K, committed 156364K, reserved 1185792K
  class space    used 18958K, capacity 20838K, committed 20940K, reserved 1048576K
}
Event: 2296.923 GC heap after
{Heap after GC invocations=103 (full 0):
 garbage-first heap   total 363520K, used 320072K [0x0000000080000000, 0x0000000100000000)
  region size 1024K, 3 young (3072K), 3 survivors (3072K)
 Metaspace       used 150945K, capacity 156098K, committed 156364K, reserved 1185792K
  class space    used 18958K, capacity 20838K, committed 20940K, reserved 1048576K
}
Event: 2297.004 GC heap before
{Heap before GC invocations=103 (full 0):
 garbage-first heap   total 363520K, used 334408K [0x0000000080000000, 0x0000000100000000)
  region size 1024K, 17 young (17408K), 3 survivors (3072K)
 Metaspace       used 150971K, capacity 156098K, committed 156364K, reserved 1185792K
  class space    used 18958K, capacity 20838K, committed 20940K, reserved 1048576K
}
Event: 2297.024 GC heap after
{Heap after GC invocations=104 (full 0):
 garbage-first heap   total 363520K, used 328321K [0x0000000080000000, 0x0000000100000000)
  region size 1024K, 3 young (3072K), 3 survivors (3072K)
 Metaspace       used 150971K, capacity 156098K, committed 156364K, reserved 1185792K
  class space    used 18958K, capacity 20838K, committed 20940K, reserved 1048576K
}
Event: 2297.140 GC heap before
{Heap before GC invocations=104 (full 0):
 garbage-first heap   total 363520K, used 342657K [0x0000000080000000, 0x0000000100000000)
  region size 1024K, 17 young (17408K), 3 survivors (3072K)
 Metaspace       used 150973K, capacity 156098K, committed 156364K, reserved 1185792K
  class space    used 18958K, capacity 20838K, committed 20940K, reserved 1048576K
}
Event: 2297.163 GC heap after
{Heap after GC invocations=105 (full 0):
 garbage-first heap   total 363520K, used 336647K [0x0000000080000000, 0x0000000100000000)
  region size 1024K, 3 young (3072K), 3 survivors (3072K)
 Metaspace       used 150973K, capacity 156098K, committed 156364K, reserved 1185792K
  class space    used 18958K, capacity 20838K, committed 20940K, reserved 1048576K
}
Event: 2297.247 GC heap before
{Heap before GC invocations=105 (full 0):
 garbage-first heap   total 363520K, used 350983K [0x0000000080000000, 0x0000000100000000)
  region size 1024K, 17 young (17408K), 3 survivors (3072K)
 Metaspace       used 150975K, capacity 156098K, committed 156364K, reserved 1185792K
  class space    used 18958K, capacity 20838K, committed 20940K, reserved 1048576K
}

Deoptimization events (20 events):
Event: 2296.093 Thread 0x000001ce9ba61000 DEOPT PACKING pc=0x000001ce88c41c90 sp=0x00000079243feba0
Event: 2296.093 Thread 0x000001ce9ba61000 DEOPT UNPACKING pc=0x000001ce800278af sp=0x00000079243feb30 mode 2
Event: 2296.147 Thread 0x000001ce95a84800 Uncommon trap: trap_request=0xffffff4d fr.pc=0x000001ce88038cbc relative=0x000000000000037c
Event: 2296.147 Thread 0x000001ce95a84800 Uncommon trap: reason=unstable_if action=reinterpret pc=0x000001ce88038cbc method=java.util.concurrent.ConcurrentLinkedQueue.offer(Ljava/lang/Object;)Z @ 96 c2
Event: 2296.150 Thread 0x000001ce95a84800 DEOPT PACKING pc=0x000001ce88038cbc sp=0x0000007926dfee20
Event: 2296.150 Thread 0x000001ce95a84800 DEOPT UNPACKING pc=0x000001ce800278af sp=0x0000007926dfedb8 mode 2
Event: 2296.588 Thread 0x000001ce95a8b800 Uncommon trap: trap_request=0xffffff4d fr.pc=0x000001ce88715314 relative=0x0000000000001914
Event: 2296.588 Thread 0x000001ce95a8b800 Uncommon trap: reason=unstable_if action=reinterpret pc=0x000001ce88715314 method=com.android.tools.r8.dex.j.i()Lcom/android/tools/r8/graph/f0; @ 27 c2
Event: 2296.588 Thread 0x000001ce95a8b800 DEOPT PACKING pc=0x000001ce88715314 sp=0x0000007926efe5a0
Event: 2296.588 Thread 0x000001ce95a8b800 DEOPT UNPACKING pc=0x000001ce800278af sp=0x0000007926efe598 mode 2
Event: 2296.927 Thread 0x000001ce9ba61000 Uncommon trap: trap_request=0xffffff4d fr.pc=0x000001ce891859e0 relative=0x0000000000008ca0
Event: 2296.927 Thread 0x000001ce9ba61000 Uncommon trap: reason=unstable_if action=reinterpret pc=0x000001ce891859e0 method=com.android.tools.r8.code.w1.a(Ljava/nio/ShortBuffer;IILcom/android/tools/r8/internal/av;)[Lcom/android/tools/r8/code/v1; @ 541 c2
Event: 2296.927 Thread 0x000001ce9ba61000 DEOPT PACKING pc=0x000001ce891859e0 sp=0x00000079243fe970
Event: 2296.928 Thread 0x000001ce9ba61000 DEOPT UNPACKING pc=0x000001ce800278af sp=0x00000079243fe958 mode 2
Event: 2297.182 Thread 0x000001ce9ba61000 DEOPT PACKING pc=0x000001ce82b90c90 sp=0x00000079243fe4b0
Event: 2297.182 Thread 0x000001ce9ba61000 DEOPT UNPACKING pc=0x000001ce800276ce sp=0x00000079243fd9e8 mode 0
Event: 2297.199 Thread 0x000001ce9ba61000 Uncommon trap: trap_request=0xffffff4d fr.pc=0x000001ce880b6170 relative=0x0000000000000050
Event: 2297.200 Thread 0x000001ce9ba61000 Uncommon trap: reason=unstable_if action=reinterpret pc=0x000001ce880b6170 method=java.lang.Float.isNaN(F)Z @ 3 c2
Event: 2297.200 Thread 0x000001ce9ba61000 DEOPT PACKING pc=0x000001ce880b6170 sp=0x00000079243fe890
Event: 2297.200 Thread 0x000001ce9ba61000 DEOPT UNPACKING pc=0x000001ce800278af sp=0x00000079243fe820 mode 2

Classes redefined (0 events):
No events

Internal exceptions (20 events):
Event: 2003.430 Thread 0x000001ce9ba61000 Exception <a 'java/lang/NoSuchMethodError'{0x0000000091b69338}: <clinit>> (0x0000000091b69338) thrown at [./src/hotspot/share/prims/jni.cpp, line 1362]
Event: 2003.431 Thread 0x000001ce9ba61000 Exception <a 'java/lang/NoSuchMethodError'{0x0000000091b9fcd8}: <clinit>> (0x0000000091b9fcd8) thrown at [./src/hotspot/share/prims/jni.cpp, line 1362]
Event: 2003.432 Thread 0x000001ce9ba61000 Exception <a 'java/lang/NoSuchMethodError'{0x0000000091bd2a00}: <clinit>> (0x0000000091bd2a00) thrown at [./src/hotspot/share/prims/jni.cpp, line 1362]
Event: 2003.472 Thread 0x000001ce94849800 Exception <a 'java/lang/NoSuchMethodError'{0x000000009160bb28}: <clinit>> (0x000000009160bb28) thrown at [./src/hotspot/share/prims/jni.cpp, line 1362]
Event: 2003.473 Thread 0x000001ce94849800 Exception <a 'java/lang/NoSuchMethodError'{0x0000000091627588}: <clinit>> (0x0000000091627588) thrown at [./src/hotspot/share/prims/jni.cpp, line 1362]
Event: 2003.474 Thread 0x000001ce94849800 Exception <a 'java/lang/NoSuchMethodError'{0x0000000091635fb8}: <clinit>> (0x0000000091635fb8) thrown at [./src/hotspot/share/prims/jni.cpp, line 1362]
Event: 2292.408 Thread 0x000001ce948bd000 Exception <a 'sun/nio/fs/WindowsException'{0x000000008f812228}> (0x000000008f812228) thrown at [./src/hotspot/share/prims/jni.cpp, line 615]
Event: 2292.478 Thread 0x000001ce948bd000 Exception <a 'sun/nio/fs/WindowsException'{0x000000008eea8be0}> (0x000000008eea8be0) thrown at [./src/hotspot/share/prims/jni.cpp, line 615]
Event: 2292.482 Thread 0x000001ce948bd000 Exception <a 'sun/nio/fs/WindowsException'{0x000000008ed4a2a0}> (0x000000008ed4a2a0) thrown at [./src/hotspot/share/prims/jni.cpp, line 615]
Event: 2292.482 Thread 0x000001ce948bd000 Exception <a 'sun/nio/fs/WindowsException'{0x000000008ed4b250}> (0x000000008ed4b250) thrown at [./src/hotspot/share/prims/jni.cpp, line 615]
Event: 2292.482 Thread 0x000001ce948bd000 Exception <a 'sun/nio/fs/WindowsException'{0x000000008ed4c250}> (0x000000008ed4c250) thrown at [./src/hotspot/share/prims/jni.cpp, line 615]
Event: 2292.483 Thread 0x000001ce948bd000 Exception <a 'sun/nio/fs/WindowsException'{0x000000008ed4d250}> (0x000000008ed4d250) thrown at [./src/hotspot/share/prims/jni.cpp, line 615]
Event: 2294.065 Thread 0x000001ce94851800 Exception <a 'java/lang/NoSuchMethodError'{0x000000008e46ec28}: <clinit>> (0x000000008e46ec28) thrown at [./src/hotspot/share/prims/jni.cpp, line 1362]
Event: 2294.827 Thread 0x000001ce94848000 Exception <a 'sun/nio/fs/WindowsException'{0x00000000911aacb8}> (0x00000000911aacb8) thrown at [./src/hotspot/share/prims/jni.cpp, line 615]
Event: 2294.839 Thread 0x000001ce94848000 Exception <a 'sun/nio/fs/WindowsException'{0x0000000091035720}> (0x0000000091035720) thrown at [./src/hotspot/share/prims/jni.cpp, line 615]
Event: 2294.955 Thread 0x000001ce94853000 Exception <a 'java/lang/NoSuchMethodError'{0x00000000904de900}: <clinit>> (0x00000000904de900) thrown at [./src/hotspot/share/prims/jni.cpp, line 1362]
Event: 2295.048 Thread 0x000001ce948c8000 Exception <a 'sun/nio/fs/WindowsException'{0x000000008fa9ae80}> (0x000000008fa9ae80) thrown at [./src/hotspot/share/prims/jni.cpp, line 615]
Event: 2295.088 Thread 0x000001ce948c8000 Exception <a 'sun/nio/fs/WindowsException'{0x000000008f889198}> (0x000000008f889198) thrown at [./src/hotspot/share/prims/jni.cpp, line 615]
Event: 2295.090 Thread 0x000001ce948c8000 Implicit null exception at 0x000001ce8834441b to 0x000001ce88344bd0
Event: 2295.431 Thread 0x000001ce9ba5d000 Exception <a 'sun/nio/fs/WindowsException'{0x0000000093173f98}> (0x0000000093173f98) thrown at [./src/hotspot/share/prims/jni.cpp, line 615]

Events (20 events):
Event: 2296.344 Thread 0x000001ce94379800 flushing nmethod 0x000001ce833fac90
Event: 2296.344 Thread 0x000001ce94379800 flushing nmethod 0x000001ce83413410
Event: 2296.344 Thread 0x000001ce94379800 flushing nmethod 0x000001ce83436110
Event: 2296.344 Thread 0x000001ce94379800 flushing nmethod 0x000001ce8343d890
Event: 2296.345 Thread 0x000001ce94379800 flushing nmethod 0x000001ce8354c510
Event: 2296.502 Executing VM operation: G1CollectForAllocation
Event: 2296.559 Executing VM operation: G1CollectForAllocation done
Event: 2296.633 Executing VM operation: G1CollectForAllocation
Event: 2296.667 Executing VM operation: G1CollectForAllocation done
Event: 2296.757 Executing VM operation: CGC_Operation
Event: 2296.761 Executing VM operation: CGC_Operation done
Event: 2296.807 Executing VM operation: G1CollectForAllocation
Event: 2296.828 Executing VM operation: G1CollectForAllocation done
Event: 2296.897 Executing VM operation: G1CollectForAllocation
Event: 2296.923 Executing VM operation: G1CollectForAllocation done
Event: 2297.004 Executing VM operation: G1CollectForAllocation
Event: 2297.025 Executing VM operation: G1CollectForAllocation done
Event: 2297.139 Executing VM operation: G1CollectForAllocation
Event: 2297.163 Executing VM operation: G1CollectForAllocation done
Event: 2297.247 Executing VM operation: G1CollectForAllocation


Dynamic libraries:
0x00007ff7190f0000 - 0x00007ff7190fa000 	C:\Program Files\Android\Android Studio\jre\bin\java.exe
0x00007ff907ed0000 - 0x00007ff9080c5000 	C:\Windows\SYSTEM32\ntdll.dll
0x00007ff907a20000 - 0x00007ff907ade000 	C:\Windows\System32\KERNEL32.DLL
0x00007ff905870000 - 0x00007ff905b38000 	C:\Windows\System32\KERNELBASE.dll
0x00007ff905c20000 - 0x00007ff905d20000 	C:\Windows\System32\ucrtbase.dll
0x00007ff8fdeb0000 - 0x00007ff8fdec9000 	C:\Program Files\Android\Android Studio\jre\bin\jli.dll
0x00007ff8fdd70000 - 0x00007ff8fdd87000 	C:\Program Files\Android\Android Studio\jre\bin\VCRUNTIME140.dll
0x00007ff9071e0000 - 0x00007ff907381000 	C:\Windows\System32\USER32.dll
0x00007ff905bf0000 - 0x00007ff905c12000 	C:\Windows\System32\win32u.dll
0x00007ff8ea7f0000 - 0x00007ff8eaa8a000 	C:\Windows\WinSxS\amd64_microsoft.windows.common-controls_6595b64144ccf1df_6.0.19041.1110_none_60b5254171f9507e\COMCTL32.dll
0x00007ff905f10000 - 0x00007ff905f3b000 	C:\Windows\System32\GDI32.dll
0x00007ff907910000 - 0x00007ff9079ae000 	C:\Windows\System32\msvcrt.dll
0x00007ff9056c0000 - 0x00007ff9057cd000 	C:\Windows\System32\gdi32full.dll
0x00007ff9057d0000 - 0x00007ff90586d000 	C:\Windows\System32\msvcp_win.dll
0x00007ff907ae0000 - 0x00007ff907b10000 	C:\Windows\System32\IMM32.DLL
0x00007ff8cce10000 - 0x00007ff8ccead000 	C:\Program Files\Android\Android Studio\jre\bin\msvcp140.dll
0x00007ff8a5660000 - 0x00007ff8a612f000 	C:\Program Files\Android\Android Studio\jre\bin\server\jvm.dll
0x00007ff907b70000 - 0x00007ff907c1c000 	C:\Windows\System32\ADVAPI32.dll
0x00007ff907060000 - 0x00007ff9070fb000 	C:\Windows\System32\sechost.dll
0x00007ff907c80000 - 0x00007ff907daa000 	C:\Windows\System32\RPCRT4.dll
0x00007ff907390000 - 0x00007ff907398000 	C:\Windows\System32\PSAPI.DLL
0x00007ff8ddc30000 - 0x00007ff8ddc57000 	C:\Windows\SYSTEM32\WINMM.dll
0x00007ff8e4650000 - 0x00007ff8e4659000 	C:\Windows\SYSTEM32\WSOCK32.dll
0x00007ff8ff4d0000 - 0x00007ff8ff4da000 	C:\Windows\SYSTEM32\VERSION.dll
0x00007ff9079b0000 - 0x00007ff907a1b000 	C:\Windows\System32\WS2_32.dll
0x00007ff9034d0000 - 0x00007ff9034e2000 	C:\Windows\SYSTEM32\kernel.appcore.dll
0x00007ff901190000 - 0x00007ff9011a1000 	C:\Program Files\Android\Android Studio\jre\bin\verify.dll
0x00007ff8dd490000 - 0x00007ff8dd674000 	C:\Windows\SYSTEM32\DBGHELP.DLL
0x00007ff8dd410000 - 0x00007ff8dd43c000 	C:\Windows\SYSTEM32\dbgcore.DLL
0x00007ff905d20000 - 0x00007ff905da2000 	C:\Windows\System32\bcryptPrimitives.dll
0x00007ff9004a0000 - 0x00007ff9004c9000 	C:\Program Files\Android\Android Studio\jre\bin\java.dll
0x00007ff900740000 - 0x00007ff90074b000 	C:\Program Files\Android\Android Studio\jre\bin\jimage.dll
0x00007ff900480000 - 0x00007ff900498000 	C:\Program Files\Android\Android Studio\jre\bin\zip.dll
0x00007ff906180000 - 0x00007ff9068c4000 	C:\Windows\System32\SHELL32.dll
0x00007ff9036d0000 - 0x00007ff903e64000 	C:\Windows\SYSTEM32\windows.storage.dll
0x00007ff9073a0000 - 0x00007ff9076f5000 	C:\Windows\System32\combase.dll
0x00007ff904fc0000 - 0x00007ff904fee000 	C:\Windows\SYSTEM32\Wldp.dll
0x00007ff906fb0000 - 0x00007ff90705d000 	C:\Windows\System32\SHCORE.dll
0x00007ff907820000 - 0x00007ff907875000 	C:\Windows\System32\shlwapi.dll
0x00007ff905520000 - 0x00007ff90553f000 	C:\Windows\SYSTEM32\profapi.dll
0x00007ff8fe980000 - 0x00007ff8fe99a000 	C:\Program Files\Android\Android Studio\jre\bin\net.dll
0x00007ff8fc3c0000 - 0x00007ff8fc4cc000 	C:\Windows\SYSTEM32\WINHTTP.dll
0x00007ff904cc0000 - 0x00007ff904d2a000 	C:\Windows\system32\mswsock.dll
0x00007ff8fe960000 - 0x00007ff8fe974000 	C:\Program Files\Android\Android Studio\jre\bin\nio.dll
0x00007ff8f12a0000 - 0x00007ff8f12c7000 	C:\Users\SK\.gradle\native\8bec1ad78214c89d9ad589b4d07fe93259594b29d510b10fafb7a158f7737e5d\windows-amd64\native-platform.dll
0x00007ff8c2d40000 - 0x00007ff8c2e7d000 	C:\Users\SK\.gradle\native\53dbd7edfb1c66fb8903c78663c9afc45aea4f116125fa6feffd364cf09443e8\windows-amd64\native-platform-file-events.dll
0x00007ff900470000 - 0x00007ff90047a000 	C:\Program Files\Android\Android Studio\jre\bin\management.dll
0x00007ff8ff920000 - 0x00007ff8ff92c000 	C:\Program Files\Android\Android Studio\jre\bin\management_ext.dll
0x00007ff904eb0000 - 0x00007ff904ec8000 	C:\Windows\SYSTEM32\CRYPTSP.dll
0x00007ff904640000 - 0x00007ff904674000 	C:\Windows\system32\rsaenh.dll
0x00007ff905640000 - 0x00007ff905667000 	C:\Windows\System32\bcrypt.dll
0x00007ff9054e0000 - 0x00007ff90550e000 	C:\Windows\SYSTEM32\USERENV.dll
0x00007ff904ed0000 - 0x00007ff904edc000 	C:\Windows\SYSTEM32\CRYPTBASE.dll
0x00007ff9049b0000 - 0x00007ff9049eb000 	C:\Windows\SYSTEM32\IPHLPAPI.DLL
0x00007ff907900000 - 0x00007ff907908000 	C:\Windows\System32\NSI.dll
0x00007ff8feb50000 - 0x00007ff8feb67000 	C:\Windows\SYSTEM32\dhcpcsvc6.DLL
0x00007ff8fe780000 - 0x00007ff8fe79d000 	C:\Windows\SYSTEM32\dhcpcsvc.DLL
0x00007ff9049f0000 - 0x00007ff904abb000 	C:\Windows\SYSTEM32\DNSAPI.dll
0x00007ff8fe9b0000 - 0x00007ff8fe9ce000 	C:\Users\SK\AppData\Local\Temp\native-platform15416152374663747129dir\native-platform.dll
0x00007ff8fffb0000 - 0x00007ff8fffb8000 	C:\Program Files\Android\Android Studio\jre\bin\rmi.dll
0x00007ff8c2a00000 - 0x00007ff8c2a17000 	C:\Windows\system32\napinsp.dll
0x00007ff8c29e0000 - 0x00007ff8c29fb000 	C:\Windows\system32\pnrpnsp.dll
0x00007ff8ffc70000 - 0x00007ff8ffc85000 	C:\Windows\system32\wshbth.dll
0x00007ff901150000 - 0x00007ff90116d000 	C:\Windows\system32\NLAapi.dll
0x00007ff8c29c0000 - 0x00007ff8c29d2000 	C:\Windows\System32\winrnr.dll
0x00007ff8fd6f0000 - 0x00007ff8fd6fa000 	C:\Windows\System32\rasadhlp.dll
0x00007ff8fb7e0000 - 0x00007ff8fb85f000 	C:\Windows\System32\fwpuclnt.dll
0x00007ff8fdf60000 - 0x00007ff8fdf87000 	C:\Program Files\Android\Android Studio\jre\bin\sunec.dll
0x00007ff9042d0000 - 0x00007ff904303000 	C:\Windows\SYSTEM32\ntmarta.dll

dbghelp: loaded successfully - version: 4.0.5 - missing functions: none
symbol engine: initialized successfully - sym options: 0x614 - pdb path: .;C:\Program Files\Android\Android Studio\jre\bin;C:\Windows\SYSTEM32;C:\Windows\WinSxS\amd64_microsoft.windows.common-controls_6595b64144ccf1df_6.0.19041.1110_none_60b5254171f9507e;C:\Program Files\Android\Android Studio\jre\bin\server;C:\Users\SK\.gradle\native\8bec1ad78214c89d9ad589b4d07fe93259594b29d510b10fafb7a158f7737e5d\windows-amd64;C:\Users\SK\.gradle\native\53dbd7edfb1c66fb8903c78663c9afc45aea4f116125fa6feffd364cf09443e8\windows-amd64;C:\Users\SK\AppData\Local\Temp\native-platform15416152374663747129dir

VM Arguments:
jvm_args: --add-opens=java.base/java.util=ALL-UNNAMED --add-opens=java.base/java.lang=ALL-UNNAMED --add-opens=java.base/java.lang.invoke=ALL-UNNAMED --add-opens=java.base/java.util=ALL-UNNAMED --add-opens=java.prefs/java.util.prefs=ALL-UNNAMED --add-opens=java.prefs/java.util.prefs=ALL-UNNAMED --add-opens=java.base/java.nio.charset=ALL-UNNAMED --add-opens=java.base/java.net=ALL-UNNAMED --add-opens=java.base/java.util.concurrent.atomic=ALL-UNNAMED -Xmx2048m -Dfile.encoding=UTF-8 -Duser.country=IN -Duser.language=en -Duser.variant 
java_command: org.gradle.launcher.daemon.bootstrap.GradleDaemon 7.0.2
java_class_path (initial): C:\Users\SK\.gradle\wrapper\dists\gradle-7.0.2-bin\857tjihv64xamwrf0h14cai3r\gradle-7.0.2\lib\gradle-launcher-7.0.2.jar
Launcher Type: SUN_STANDARD

[Global flags]
     intx CICompilerCount                          = 4                                         {product} {ergonomic}
     uint ConcGCThreads                            = 2                                         {product} {ergonomic}
     uint G1ConcRefinementThreads                  = 8                                         {product} {ergonomic}
   size_t G1HeapRegionSize                         = 1048576                                   {product} {ergonomic}
    uintx GCDrainStackTargetSize                   = 64                                        {product} {ergonomic}
   size_t InitialHeapSize                          = 268435456                                 {product} {ergonomic}
   size_t MarkStackSize                            = 4194304                                   {product} {ergonomic}
   size_t MaxHeapSize                              = 2147483648                                {product} {command line}
   size_t MaxNewSize                               = 1287651328                                {product} {ergonomic}
   size_t MinHeapDeltaBytes                        = 1048576                                   {product} {ergonomic}
    uintx NonNMethodCodeHeapSize                   = 5836300                                {pd product} {ergonomic}
    uintx NonProfiledCodeHeapSize                  = 122910970                              {pd product} {ergonomic}
    uintx ProfiledCodeHeapSize                     = 122910970                              {pd product} {ergonomic}
    uintx ReservedCodeCacheSize                    = 251658240                              {pd product} {ergonomic}
     bool SegmentedCodeCache                       = true                                      {product} {ergonomic}
     bool UseCompressedClassPointers               = true                                 {lp64_product} {ergonomic}
     bool UseCompressedOops                        = true                                 {lp64_product} {ergonomic}
     bool UseG1GC                                  = true                                      {product} {ergonomic}
     bool UseLargePagesIndividualAllocation        = false                                  {pd product} {ergonomic}

Logging:
Log output configuration:
 #0: stdout all=warning uptime,level,tags
 #1: stderr all=off uptime,level,tags

Environment Variables:
PATH=C:\Program Files\Eclipse Adoptium\jdk-17.0.1.12-hotspot\bin;C:\Program Files (x86)\VMware\VMware Workstation\bin\;C:\Program Files (x86)\NVIDIA Corporation\PhysX\Common;C:\Windows\system32;C:\Windows;C:\Windows\System32\Wbem;C:\Windows\System32\WindowsPowerShell\v1.0\;C:\Windows\System32\OpenSSH\;C:\Program Files\PuTTY\;C:\Program Files\Microsoft VS Code\bin;C:\Program Files\Git\cmd;C:\Users\SK\AppData\Local\Programs\Python\Python310\Scripts\;C:\Users\SK\AppData\Local\Programs\Python\Python310\;C:\Users\SK\AppData\Local\Microsoft\WindowsApps;;C:\Program Files\JetBrains\IntelliJ IDEA Community Edition 2021.2.2\bin;
USERNAME=SK
OS=Windows_NT
PROCESSOR_IDENTIFIER=Intel64 Family 6 Model 142 Stepping 10, GenuineIntel



---------------  S Y S T E M  ---------------

OS: Windows 10 , 64 bit Build 19041 (10.0.19041.1348)
OS uptime: 2 days 13:44 hours

CPU:total 8 (initial active 8) (4 cores per cpu, 2 threads per core) family 6 model 142 stepping 10 microcode 0xb4, cmov, cx8, fxsr, mmx, sse, sse2, sse3, ssse3, sse4.1, sse4.2, popcnt, avx, avx2, aes, clmul, erms, 3dnowpref, lzcnt, ht, tsc, tscinvbit, bmi1, bmi2, adx, fma

Memory: 4k page, system-wide physical 16270M (3120M free)
TotalPageFile size 65422M (AvailPageFile size 123M)
current process WorkingSet (physical memory assigned to process): 801M, peak: 801M
current process commit charge ("private bytes"): 834M, peak: 1094M

vm_info: OpenJDK 64-Bit Server VM (11.0.10+0-b96-7249189) for windows-amd64 JRE (11.0.10+0-b96-7249189), built on Mar 31 2021 21:44:00 by "builder" with MS VC++ 14.0 (VS2015)

END.
